#
# A fatal error has been detected by the Java Runtime Environment:
#
#  SIGSEGV (0xb) at pc=0x00007f799d45c414, pid=12937, tid=140160248325888
#
# JRE version: Java(TM) SE Runtime Environment (8.0_91-b14) (build 1.8.0_91-b14)
# Java VM: Java HotSpot(TM) 64-Bit Server VM (25.91-b14 mixed mode linux-amd64 compressed oops)
# Problematic frame:
# J 1475 C1 com.android.dx.dex.code.OutputFinisher.getAllConstants()Ljava/util/HashSet; (47 bytes) @ 0x00007f799d45c414 [0x00007f799d45be40+0x5d4]
#
# Failed to write core dump. Core dumps have been disabled. To enable core dumping, try "ulimit -c unlimited" before starting Java again
#
# If you would like to submit a bug report, please visit:
#   http://bugreport.java.com/bugreport/crash.jsp
#

---------------  T H R E A D  ---------------

Current thread (0x00007f79ac14d800):  JavaThread "pool-1-thread-1" [_thread_in_Java, id=13020, stack(0x00007f7999c02000,0x00007f7999d03000)]

siginfo: si_signo: 11 (SIGSEGV), si_code: 2 (SEGV_ACCERR), si_addr: 0x000000010208aae8

Registers:
RAX=0x00000000ee187a08, RBX=0x000000010008a608, RCX=0x000000010008ad10, RDX=0x0000000000004630
RSP=0x00007f7999d01230, RBP=0x00007f7999d01400, RSI=0x00000000eb395428, RDI=0x000000010208aab8
R8 =0x000000000000000d, R9 =0x00000000ee187888, R10=0x00000000ee187a08, R11=0x000000000000000e
R12=0x0000000000000000, R13=0x00000000eb395448, R14=0x00000000eb3954c0, R15=0x00007f79ac14d800
RIP=0x00007f799d45c414, EFLAGS=0x0000000000010206, CSGSFS=0x0000000000000033, ERR=0x0000000000000004
  TRAPNO=0x000000000000000e

Top of Stack: (sp=0x00007f7999d01230)
0x00007f7999d01230:   000000000000002a 00007f79b119e398
0x00007f7999d01240:   00007f7999d01260 00007f7999d01400
0x00007f7999d01250:   00007f7999d01400 00007f799d463f9c
0x00007f7999d01260:   00000000ffffffff 0000000000000001
0x00007f7999d01270:   00000000eb394278 00007f7999d01278
0x00007f7999d01280:   00007f7999d01400 00007f799d462bf4
0x00007f7999d01290:   00007f79b1244bf0 00007f79b1249788
0x00007f7999d012a0:   00007f7999d01400 00007f799d462774
0x00007f7999d012b0:   00000000eb3953f8 00000000eb3953e8
0x00007f7999d012c0:   00000000ee187848 00000000eb395428
0x00007f7999d012d0:   00007f7900000000 00000000ee186968
0x00007f7999d012e0:   00007f7999d01400 00007f799d46b364
0x00007f7999d012f0:   00007f79b11af9d4 00007f7999d01338
0x00007f7999d01300:   00007f79b11afd00 00007f79b124a510
0x00007f7999d01310:   00007f7999d01380 00007f799d0082bd
0x00007f7999d01320:   00007f7999d01380 00007f799d007ad5
0x00007f7999d01330:   00007f799d007ad5 00000000eb389e58
0x00007f7999d01340:   00007f7999d01340 00007f79b11b2730
0x00007f7999d01350:   00000000eb394278 00000000ee1877e8
0x00007f7999d01360:   00000000c0471c68 00000000c0470cc8
0x00007f7999d01370:   00000000c098e5b0 00007f7999d013b0
0x00007f7999d01380:   00000000eb395340 00007f799d0082bd
0x00007f7999d01390:   00007f7999d01400 00007f799d0082bd
0x00007f7999d013a0:   00000000c0470cc8 00007f799d0082bd
0x00007f7999d013b0:   00000000c098e5b0 00000000ee1877e8
0x00007f7999d013c0:   00007f7999d013c0 00007f79b1042884
0x00007f7999d013d0:   00007f7999d01430 00007f79b104a910
0x00007f7999d013e0:   0000000000000000 00007f79b10428e0
0x00007f7999d013f0:   00007f7999d013b0 00007f7999d01430
0x00007f7999d01400:   00007f7999d01478 00007f799d0082bd
0x00007f7999d01410:   00000000ee1877e8 0000000000000400
0x00007f7999d01420:   00000000000001b9 00000000c098e5b0 

Instructions: (pc=0x00007f799d45c414)
0x00007f799d45c3f4:   81 8f c0 01 00 00 00 01 00 00 e9 c1 00 00 00 48
0x00007f799d45c404:   bb 08 a6 08 00 01 00 00 00 8b 78 08 48 c1 e7 03
0x00007f799d45c414:   48 3b 5f 30 0f 85 8a 00 00 00 48 bf 30 66 24 b1
0x00007f799d45c424:   79 7f 00 00 8b 58 08 48 c1 e3 03 48 3b 9f d0 01 

Register to memory mapping:

RAX=0x00000000ee187a08 is an oop

[error occurred during error reporting (printing register info), id 0xb]

Stack: [0x00007f7999c02000,0x00007f7999d03000],  sp=0x00007f7999d01230,  free space=1020k
Native frames: (J=compiled Java code, j=interpreted, Vv=VM code, C=native code)
J 1475 C1 com.android.dx.dex.code.OutputFinisher.getAllConstants()Ljava/util/HashSet; (47 bytes) @ 0x00007f799d45c414 [0x00007f799d45be40+0x5d4]
J 1487 C1 com.android.dx.dex.file.CodeItem.addContents(Lcom/android/dx/dex/file/DexFile;)V (174 bytes) @ 0x00007f799d46b364 [0x00007f799d46a260+0x1104]
j  com.android.dx.dex.file.MixedItemSection.prepare0()V+44
j  com.android.dx.dex.file.Section.prepare()V+5
j  com.android.dx.dex.file.DexFile.toDex0(ZZ)Lcom/android/dx/util/ByteArrayAnnotatedOutput;+18
j  com.android.dx.dex.file.DexFile.toDex(Ljava/io/Writer;Z)[B+13
j  com.android.dx.command.dexer.Main.writeDex(Lcom/android/dx/dex/file/DexFile;)[B+44
j  com.android.dx.command.dexer.Main.access$3000(Lcom/android/dx/dex/file/DexFile;)[B+1
j  com.android.dx.command.dexer.Main$DexWriter.call()[B+4
j  com.android.dx.command.dexer.Main$DexWriter.call()Ljava/lang/Object;+1
j  java.util.concurrent.FutureTask.run()V+42
j  java.util.concurrent.ThreadPoolExecutor.runWorker(Ljava/util/concurrent/ThreadPoolExecutor$Worker;)V+95
j  java.util.concurrent.ThreadPoolExecutor$Worker.run()V+5
j  java.lang.Thread.run()V+11
v  ~StubRoutines::call_stub
V  [libjvm.so+0x68dbc6]  JavaCalls::call_helper(JavaValue*, methodHandle*, JavaCallArguments*, Thread*)+0x1056
V  [libjvm.so+0x68e0d1]  JavaCalls::call_virtual(JavaValue*, KlassHandle, Symbol*, Symbol*, JavaCallArguments*, Thread*)+0x321
V  [libjvm.so+0x68e567]  JavaCalls::call_virtual(JavaValue*, Handle, KlassHandle, Symbol*, Symbol*, Thread*)+0x47
V  [libjvm.so+0x7254b0]  thread_entry(JavaThread*, Thread*)+0xa0
V  [libjvm.so+0xa6b77f]  JavaThread::thread_main_inner()+0xdf
V  [libjvm.so+0xa6b8ac]  JavaThread::run()+0x11c
V  [libjvm.so+0x91ef78]  java_start(Thread*)+0x108
C  [libpthread.so.0+0x76fa]  start_thread+0xca


---------------  P R O C E S S  ---------------

Java Threads: ( => current thread )
=>0x00007f79ac14d800 JavaThread "pool-1-thread-1" [_thread_in_Java, id=13020, stack(0x00007f7999c02000,0x00007f7999d03000)]
  0x00007f79ac0d3800 JavaThread "Service Thread" daemon [_thread_blocked, id=12953, stack(0x00007f7999f05000,0x00007f799a006000)]
  0x00007f79ac0be000 JavaThread "C1 CompilerThread2" daemon [_thread_blocked, id=12952, stack(0x00007f799a006000,0x00007f799a107000)]
  0x00007f79ac0bc800 JavaThread "C2 CompilerThread1" daemon [_thread_in_native, id=12951, stack(0x00007f799a107000,0x00007f799a208000)]
  0x00007f79ac0b9800 JavaThread "C2 CompilerThread0" daemon [_thread_in_native, id=12950, stack(0x00007f799a208000,0x00007f799a309000)]
  0x00007f79ac0b8000 JavaThread "Signal Dispatcher" daemon [_thread_blocked, id=12949, stack(0x00007f799a309000,0x00007f799a40a000)]
  0x00007f79ac084000 JavaThread "Finalizer" daemon [_thread_blocked, id=12948, stack(0x00007f799a6f7000,0x00007f799a7f8000)]
  0x00007f79ac07f800 JavaThread "Reference Handler" daemon [_thread_blocked, id=12947, stack(0x00007f799a7f8000,0x00007f799a8f9000)]
  0x00007f79ac00a000 JavaThread "main" [_thread_blocked, id=12939, stack(0x00007f79b4fc0000,0x00007f79b50c1000)]

Other Threads:
  0x00007f79ac078000 VMThread [stack: 0x00007f799a8f9000,0x00007f799a9fa000] [id=12946]
  0x00007f79ac0d6800 WatcherThread [stack: 0x00007f7999e04000,0x00007f7999f05000] [id=12954]

VM state:not at safepoint (normal execution)

VM Mutex/Monitor currently owned by a thread: None

Heap:
 PSYoungGen      total 52736K, used 12480K [0x00000000eab00000, 0x00000000ee200000, 0x0000000100000000)
  eden space 49152K, 18% used [0x00000000eab00000,0x00000000eb3b3970,0x00000000edb00000)
  from space 3584K, 99% used [0x00000000ede80000,0x00000000ee1fc998,0x00000000ee200000)
  to   space 3584K, 0% used [0x00000000edb00000,0x00000000edb00000,0x00000000ede80000)
 ParOldGen       total 64512K, used 12745K [0x00000000c0000000, 0x00000000c3f00000, 0x00000000eab00000)
  object space 64512K, 19% used [0x00000000c0000000,0x00000000c0c72538,0x00000000c3f00000)
 Metaspace       used 5992K, capacity 6960K, committed 7040K, reserved 1056768K
  class space    used 593K, capacity 616K, committed 640K, reserved 1048576K

Card table byte_map: [0x00007f79b1b82000,0x00007f79b1d83000] byte_map_base: 0x00007f79b1582000

Marking Bits: (ParMarkBitMap*) 0x00007f79b44a0d60
 Begin Bits: [0x00007f799b000000, 0x00007f799c000000)
 End Bits:   [0x00007f799c000000, 0x00007f799d000000)

Polling page: 0x00007f79b50ef000

CodeCache: size=245760Kb used=4504Kb max_used=4516Kb free=241255Kb
 bounds [0x00007f799d000000, 0x00007f799d470000, 0x00007f79ac000000]
 total_blobs=1537 nmethods=1269 adapters=182
 compilation: enabled

Compilation events (10 events):
Event: 6.210 Thread 0x00007f79ac0b9800 nmethod 1478 0x00007f799d468f90 code [0x00007f799d469160, 0x00007f799d469998]
Event: 6.210 Thread 0x00007f79ac0b9800 1482       4       java.util.HashMap::newNode (13 bytes)
Event: 6.215 Thread 0x00007f79ac0be000 1484       3       java.util.HashSet::iterator (13 bytes)
Event: 6.215 Thread 0x00007f79ac0be000 nmethod 1484 0x00007f799d462e50 code [0x00007f799d462fe0, 0x00007f799d4632b8]
Event: 6.215 Thread 0x00007f79ac0be000 1485       3       java.util.HashMap::keySet (27 bytes)
Event: 6.216 Thread 0x00007f79ac0be000 nmethod 1485 0x00007f799d468890 code [0x00007f799d468a20, 0x00007f799d468dd0]
Event: 6.216 Thread 0x00007f79ac0be000 1486       3       java.util.HashMap$KeySet::iterator (12 bytes)
Event: 6.216 Thread 0x00007f79ac0be000 nmethod 1486 0x00007f799d462950 code [0x00007f799d462ac0, 0x00007f799d462d28]
Event: 6.216 Thread 0x00007f79ac0be000 1487       3       com.android.dx.dex.file.CodeItem::addContents (174 bytes)
Event: 6.219 Thread 0x00007f79ac0be000 nmethod 1487 0x00007f799d469f50 code [0x00007f799d46a260, 0x00007f799d46bc08]

GC Heap History (8 events):
Event: 3.588 GC heap before
{Heap before GC invocations=1 (full 0):
 PSYoungGen      total 28160K, used 24576K [0x00000000eab00000, 0x00000000eca00000, 0x0000000100000000)
  eden space 24576K, 100% used [0x00000000eab00000,0x00000000ec300000,0x00000000ec300000)
  from space 3584K, 0% used [0x00000000ec680000,0x00000000ec680000,0x00000000eca00000)
  to   space 3584K, 0% used [0x00000000ec300000,0x00000000ec300000,0x00000000ec680000)
 ParOldGen       total 64512K, used 0K [0x00000000c0000000, 0x00000000c3f00000, 0x00000000eab00000)
  object space 64512K, 0% used [0x00000000c0000000,0x00000000c0000000,0x00000000c3f00000)
 Metaspace       used 5710K, capacity 6704K, committed 6784K, reserved 1056768K
  class space    used 586K, capacity 616K, committed 640K, reserved 1048576K
Event: 3.621 GC heap after
Heap after GC invocations=1 (full 0):
 PSYoungGen      total 28160K, used 3568K [0x00000000eab00000, 0x00000000eca00000, 0x0000000100000000)
  eden space 24576K, 0% used [0x00000000eab00000,0x00000000eab00000,0x00000000ec300000)
  from space 3584K, 99% used [0x00000000ec300000,0x00000000ec67c028,0x00000000ec680000)
  to   space 3584K, 0% used [0x00000000ec680000,0x00000000ec680000,0x00000000eca00000)
 ParOldGen       total 64512K, used 2316K [0x00000000c0000000, 0x00000000c3f00000, 0x00000000eab00000)
  object space 64512K, 3% used [0x00000000c0000000,0x00000000c0243378,0x00000000c3f00000)
 Metaspace       used 5710K, capacity 6704K, committed 6784K, reserved 1056768K
  class space    used 586K, capacity 616K, committed 640K, reserved 1048576K
}
Event: 4.533 GC heap before
{Heap before GC invocations=2 (full 0):
 PSYoungGen      total 28160K, used 28144K [0x00000000eab00000, 0x00000000eca00000, 0x0000000100000000)
  eden space 24576K, 100% used [0x00000000eab00000,0x00000000ec300000,0x00000000ec300000)
  from space 3584K, 99% used [0x00000000ec300000,0x00000000ec67c028,0x00000000ec680000)
  to   space 3584K, 0% used [0x00000000ec680000,0x00000000ec680000,0x00000000eca00000)
 ParOldGen       total 64512K, used 2316K [0x00000000c0000000, 0x00000000c3f00000, 0x00000000eab00000)
  object space 64512K, 3% used [0x00000000c0000000,0x00000000c0243378,0x00000000c3f00000)
 Metaspace       used 5774K, capacity 6768K, committed 7040K, reserved 1056768K
  class space    used 586K, capacity 616K, committed 640K, reserved 1048576K
Event: 4.580 GC heap after
Heap after GC invocations=2 (full 0):
 PSYoungGen      total 28160K, used 3563K [0x00000000eab00000, 0x00000000ee200000, 0x0000000100000000)
  eden space 24576K, 0% used [0x00000000eab00000,0x00000000eab00000,0x00000000ec300000)
  from space 3584K, 99% used [0x00000000ec680000,0x00000000ec9fae40,0x00000000eca00000)
  to   space 3584K, 0% used [0x00000000ec300000,0x00000000ec300000,0x00000000ec680000)
 ParOldGen       total 64512K, used 5942K [0x00000000c0000000, 0x00000000c3f00000, 0x00000000eab00000)
  object space 64512K, 9% used [0x00000000c0000000,0x00000000c05cda98,0x00000000c3f00000)
 Metaspace       used 5774K, capacity 6768K, committed 7040K, reserved 1056768K
  class space    used 586K, capacity 616K, committed 640K, reserved 1048576K
}
Event: 5.064 GC heap before
{Heap before GC invocations=3 (full 0):
 PSYoungGen      total 28160K, used 28139K [0x00000000eab00000, 0x00000000ee200000, 0x0000000100000000)
  eden space 24576K, 100% used [0x00000000eab00000,0x00000000ec300000,0x00000000ec300000)
  from space 3584K, 99% used [0x00000000ec680000,0x00000000ec9fae40,0x00000000eca00000)
  to   space 3584K, 0% used [0x00000000ec300000,0x00000000ec300000,0x00000000ec680000)
 ParOldGen       total 64512K, used 5942K [0x00000000c0000000, 0x00000000c3f00000, 0x00000000eab00000)
  object space 64512K, 9% used [0x00000000c0000000,0x00000000c05cda98,0x00000000c3f00000)
 Metaspace       used 5805K, capacity 6768K, committed 7040K, reserved 1056768K
  class space    used 586K, capacity 616K, committed 640K, reserved 1048576K
Event: 5.118 GC heap after
Heap after GC invocations=3 (full 0):
 PSYoungGen      total 28160K, used 3554K [0x00000000eab00000, 0x00000000ee200000, 0x0000000100000000)
  eden space 24576K, 0% used [0x00000000eab00000,0x00000000eab00000,0x00000000ec300000)
  from space 3584K, 99% used [0x00000000ec300000,0x00000000ec6789a8,0x00000000ec680000)
  to   space 3584K, 0% used [0x00000000ede80000,0x00000000ede80000,0x00000000ee200000)
 ParOldGen       total 64512K, used 9162K [0x00000000c0000000, 0x00000000c3f00000, 0x00000000eab00000)
  object space 64512K, 14% used [0x00000000c0000000,0x00000000c08f2890,0x00000000c3f00000)
 Metaspace       used 5805K, capacity 6768K, committed 7040K, reserved 1056768K
  class space    used 586K, capacity 616K, committed 640K, reserved 1048576K
}
Event: 5.671 GC heap before
{Heap before GC invocations=4 (full 0):
 PSYoungGen      total 28160K, used 28130K [0x00000000eab00000, 0x00000000ee200000, 0x0000000100000000)
  eden space 24576K, 100% used [0x00000000eab00000,0x00000000ec300000,0x00000000ec300000)
  from space 3584K, 99% used [0x00000000ec300000,0x00000000ec6789a8,0x00000000ec680000)
  to   space 3584K, 0% used [0x00000000ede80000,0x00000000ede80000,0x00000000ee200000)
 ParOldGen       total 64512K, used 9162K [0x00000000c0000000, 0x00000000c3f00000, 0x00000000eab00000)
  object space 64512K, 14% used [0x00000000c0000000,0x00000000c08f2890,0x00000000c3f00000)
 Metaspace       used 5837K, capacity 6832K, committed 7040K, reserved 1056768K
  class space    used 587K, capacity 616K, committed 640K, reserved 1048576K
Event: 5.720 GC heap after
Heap after GC invocations=4 (full 0):
 PSYoungGen      total 52736K, used 3570K [0x00000000eab00000, 0x00000000ee200000, 0x0000000100000000)
  eden space 49152K, 0% used [0x00000000eab00000,0x00000000eab00000,0x00000000edb00000)
  from space 3584K, 99% used [0x00000000ede80000,0x00000000ee1fc998,0x00000000ee200000)
  to   space 3584K, 0% used [0x00000000edb00000,0x00000000edb00000,0x00000000ede80000)
 ParOldGen       total 64512K, used 12745K [0x00000000c0000000, 0x00000000c3f00000, 0x00000000eab00000)
  object space 64512K, 19% used [0x00000000c0000000,0x00000000c0c72538,0x00000000c3f00000)
 Metaspace       used 5837K, capacity 6832K, committed 7040K, reserved 1056768K
  class space    used 587K, capacity 616K, committed 640K, reserved 1048576K
}

Deoptimization events (10 events):
Event: 4.265 Thread 0x00007f79ac152800 Uncommon trap: reason=bimorphic action=maybe_recompile pc=0x00007f799d2866a4 method=java.util.HashMap.getNode(ILjava/lang/Object;)Ljava/util/HashMap$Node; @ 126
Event: 5.367 Thread 0x00007f79ac154800 Uncommon trap: reason=unstable_if action=reinterpret pc=0x00007f799d3b71fc method=com.android.dx.ssa.SsaMethod.updateOneDefinition(Lcom/android/dx/ssa/SsaInsn;Lcom/android/dx/rop/code/RegisterSpec;)V @ 4
Event: 5.656 Thread 0x00007f79ac154800 Uncommon trap: reason=unstable_if action=reinterpret pc=0x00007f799d376d44 method=com.android.dx.util.IntList.binarysearch(I)I @ 105
Event: 5.656 Thread 0x00007f79ac154800 Uncommon trap: reason=null_check action=make_not_entrant pc=0x00007f799d30d520 method=com.android.dx.rop.type.Type.equals(Ljava/lang/Object;)Z @ 8
Event: 6.052 Thread 0x00007f79ac14d800 Uncommon trap: reason=class_check action=maybe_recompile pc=0x00007f799d430ab4 method=java.util.Arrays.hashCode([Ljava/lang/Object;)I @ 43
Event: 6.052 Thread 0x00007f79ac14d800 Uncommon trap: reason=class_check action=maybe_recompile pc=0x00007f799d430ab4 method=java.util.Arrays.hashCode([Ljava/lang/Object;)I @ 43
Event: 6.053 Thread 0x00007f79ac14d800 Uncommon trap: reason=class_check action=maybe_recompile pc=0x00007f799d430ab4 method=java.util.Arrays.hashCode([Ljava/lang/Object;)I @ 43
Event: 6.053 Thread 0x00007f79ac14d800 Uncommon trap: reason=class_check action=maybe_recompile pc=0x00007f799d430ab4 method=java.util.Arrays.hashCode([Ljava/lang/Object;)I @ 43
Event: 6.110 Thread 0x00007f79ac14d800 Uncommon trap: reason=bimorphic action=maybe_recompile pc=0x00007f799d2866a4 method=java.util.HashMap.getNode(ILjava/lang/Object;)Ljava/util/HashMap$Node; @ 126
Event: 6.110 Thread 0x00007f79ac14d800 Uncommon trap: reason=bimorphic action=maybe_recompile pc=0x00007f799d2866a4 method=java.util.HashMap.getNode(ILjava/lang/Object;)Ljava/util/HashMap$Node; @ 126

Internal exceptions (3 events):
Event: 0.207 Thread 0x00007f79ac00a000 Exception <a 'java/lang/NoSuchMethodError': Method sun.misc.Unsafe.defineClass(Ljava/lang/String;[BII)Ljava/lang/Class; name or signature does not match> (0x00000000eab07cc0) thrown at [/HUDSON/workspace/8-2-build-linux-amd64/jdk8u91/6644/hotspot/src/shar
Event: 0.207 Thread 0x00007f79ac00a000 Exception <a 'java/lang/NoSuchMethodError': Method sun.misc.Unsafe.prefetchRead(Ljava/lang/Object;J)V name or signature does not match> (0x00000000eab07fa8) thrown at [/HUDSON/workspace/8-2-build-linux-amd64/jdk8u91/6644/hotspot/src/share/vm/prims/jni.cpp
Event: 5.656 Thread 0x00007f79ac154800 Implicit null exception at 0x00007f799d30d422 to 0x00007f799d30d513

Events (10 events):
Event: 6.053 Thread 0x00007f79ac14d800 DEOPT PACKING pc=0x00007f799d430ab4 sp=0x00007f7999d00d90
Event: 6.053 Thread 0x00007f79ac14d800 DEOPT UNPACKING pc=0x00007f799d005229 sp=0x00007f7999d00d30 mode 2
Event: 6.110 Thread 0x00007f79ac14d800 Uncommon trap: trap_request=0xffffffc6 fr.pc=0x00007f799d2866a4
Event: 6.110 Thread 0x00007f79ac14d800 DEOPT PACKING pc=0x00007f799d2866a4 sp=0x00007f7999d011b0
Event: 6.110 Thread 0x00007f79ac14d800 DEOPT UNPACKING pc=0x00007f799d005229 sp=0x00007f7999d01150 mode 2
Event: 6.110 Thread 0x00007f79ac14d800 Uncommon trap: trap_request=0xffffffc6 fr.pc=0x00007f799d2866a4
Event: 6.110 Thread 0x00007f79ac14d800 DEOPT PACKING pc=0x00007f799d2866a4 sp=0x00007f7999d011b0
Event: 6.110 Thread 0x00007f79ac14d800 DEOPT UNPACKING pc=0x00007f799d005229 sp=0x00007f7999d01150 mode 2
Event: 6.155 loading class com/android/dx/dex/file/CatchStructs
Event: 6.155 loading class com/android/dx/dex/file/CatchStructs done


Dynamic libraries:
00400000-00401000 r-xp 00000000 08:01 3016174                            /usr/lib/jvm/java-8-oracle/bin/java
00600000-00601000 rw-p 00000000 08:01 3016174                            /usr/lib/jvm/java-8-oracle/bin/java
012a0000-012c1000 rw-p 00000000 00:00 0                                  [heap]
c0000000-c3f00000 rw-p 00000000 00:00 0 
c3f00000-eab00000 ---p 00000000 00:00 0 
eab00000-ee200000 rw-p 00000000 00:00 0 
ee200000-100000000 ---p 00000000 00:00 0 
100000000-1000a0000 rw-p 00000000 00:00 0 
1000a0000-140000000 ---p 00000000 00:00 0 
7f794c000000-7f794c03d000 rw-p 00000000 00:00 0 
7f794c03d000-7f7950000000 ---p 00000000 00:00 0 
7f7954000000-7f795402b000 rw-p 00000000 00:00 0 
7f795402b000-7f7958000000 ---p 00000000 00:00 0 
7f7958000000-7f79582b0000 rw-p 00000000 00:00 0 
7f79582b0000-7f795c000000 ---p 00000000 00:00 0 
7f795c000000-7f795c024000 rw-p 00000000 00:00 0 
7f795c024000-7f7960000000 ---p 00000000 00:00 0 
7f7960000000-7f7960021000 rw-p 00000000 00:00 0 
7f7960021000-7f7964000000 ---p 00000000 00:00 0 
7f7964000000-7f7964021000 rw-p 00000000 00:00 0 
7f7964021000-7f7968000000 ---p 00000000 00:00 0 
7f7968000000-7f7968021000 rw-p 00000000 00:00 0 
7f7968021000-7f796c000000 ---p 00000000 00:00 0 
7f796c000000-7f796c419000 rw-p 00000000 00:00 0 
7f796c419000-7f7970000000 ---p 00000000 00:00 0 
7f7970000000-7f79704b3000 rw-p 00000000 00:00 0 
7f79704b3000-7f7974000000 ---p 00000000 00:00 0 
7f7974000000-7f7974021000 rw-p 00000000 00:00 0 
7f7974021000-7f7978000000 ---p 00000000 00:00 0 
7f7978000000-7f7978496000 rw-p 00000000 00:00 0 
7f7978496000-7f797c000000 ---p 00000000 00:00 0 
7f797c000000-7f797c021000 rw-p 00000000 00:00 0 
7f797c021000-7f7980000000 ---p 00000000 00:00 0 
7f7980000000-7f7980021000 rw-p 00000000 00:00 0 
7f7980021000-7f7984000000 ---p 00000000 00:00 0 
7f7984000000-7f7984021000 rw-p 00000000 00:00 0 
7f7984021000-7f7988000000 ---p 00000000 00:00 0 
7f7988000000-7f7988021000 rw-p 00000000 00:00 0 
7f7988021000-7f798c000000 ---p 00000000 00:00 0 
7f798c000000-7f798c021000 rw-p 00000000 00:00 0 
7f798c021000-7f7990000000 ---p 00000000 00:00 0 
7f7990000000-7f7990021000 rw-p 00000000 00:00 0 
7f7990021000-7f7994000000 ---p 00000000 00:00 0 
7f7994000000-7f7994021000 rw-p 00000000 00:00 0 
7f7994021000-7f7998000000 ---p 00000000 00:00 0 
7f79998ff000-7f7999902000 ---p 00000000 00:00 0 
7f7999902000-7f7999a00000 rw-p 00000000 00:00 0 
7f7999a00000-7f7999a03000 ---p 00000000 00:00 0 
7f7999a03000-7f7999b01000 rw-p 00000000 00:00 0 
7f7999b01000-7f7999b04000 ---p 00000000 00:00 0 
7f7999b04000-7f7999c02000 rw-p 00000000 00:00 0 
7f7999c02000-7f7999c05000 ---p 00000000 00:00 0 
7f7999c05000-7f7999d03000 rw-p 00000000 00:00 0 
7f7999d03000-7f7999d06000 ---p 00000000 00:00 0 
7f7999d06000-7f7999e04000 rw-p 00000000 00:00 0 
7f7999e04000-7f7999e05000 ---p 00000000 00:00 0 
7f7999e05000-7f7999f05000 rw-p 00000000 00:00 0 
7f7999f05000-7f7999f08000 ---p 00000000 00:00 0 
7f7999f08000-7f799a006000 rw-p 00000000 00:00 0 
7f799a006000-7f799a009000 ---p 00000000 00:00 0 
7f799a009000-7f799a107000 rw-p 00000000 00:00 0 
7f799a107000-7f799a10a000 ---p 00000000 00:00 0 
7f799a10a000-7f799a208000 rw-p 00000000 00:00 0 
7f799a208000-7f799a20b000 ---p 00000000 00:00 0 
7f799a20b000-7f799a309000 rw-p 00000000 00:00 0 
7f799a309000-7f799a30c000 ---p 00000000 00:00 0 
7f799a30c000-7f799a40a000 rw-p 00000000 00:00 0 
7f799a40a000-7f799a6f7000 r--p 00000000 08:01 2884254                    /usr/lib/locale/locale-archive
7f799a6f7000-7f799a6fa000 ---p 00000000 00:00 0 
7f799a6fa000-7f799a7f8000 rw-p 00000000 00:00 0 
7f799a7f8000-7f799a7fb000 ---p 00000000 00:00 0 
7f799a7fb000-7f799a8f9000 rw-p 00000000 00:00 0 
7f799a8f9000-7f799a8fa000 ---p 00000000 00:00 0 
7f799a8fa000-7f799d000000 rw-p 00000000 00:00 0 
7f799d000000-7f799d470000 rwxp 00000000 00:00 0 
7f799d470000-7f79ac000000 ---p 00000000 00:00 0 
7f79ac000000-7f79ac3a2000 rw-p 00000000 00:00 0 
7f79ac3a2000-7f79b0000000 ---p 00000000 00:00 0 
7f79b000f000-7f79b001e000 r--s 000df000 08:01 3938513                    /home/ahmed/Android/Sdk/build-tools/23.0.3/lib/dx.jar
7f79b001e000-7f79b09d9000 rw-p 00000000 00:00 0 
7f79b09d9000-7f79b0bb2000 r--s 03d1f000 08:01 3149907                    /usr/lib/jvm/java-8-oracle/jre/lib/rt.jar
7f79b0bb2000-7f79b1268000 rw-p 00000000 00:00 0 
7f79b1268000-7f79b1428000 ---p 00000000 00:00 0 
7f79b1428000-7f79b1628000 rw-p 00000000 00:00 0 
7f79b1628000-7f79b1629000 ---p 00000000 00:00 0 
7f79b1629000-7f79b1729000 rw-p 00000000 00:00 0 
7f79b1729000-7f79b172a000 ---p 00000000 00:00 0 
7f79b172a000-7f79b182a000 rw-p 00000000 00:00 0 
7f79b182a000-7f79b182b000 ---p 00000000 00:00 0 
7f79b182b000-7f79b192b000 rw-p 00000000 00:00 0 
7f79b192b000-7f79b192c000 ---p 00000000 00:00 0 
7f79b192c000-7f79b1a4c000 rw-p 00000000 00:00 0 
7f79b1a4c000-7f79b1b82000 ---p 00000000 00:00 0 
7f79b1b82000-7f79b1ba2000 rw-p 00000000 00:00 0 
7f79b1ba2000-7f79b1cd7000 ---p 00000000 00:00 0 
7f79b1cd7000-7f79b1cf3000 rw-p 00000000 00:00 0 
7f79b1cf3000-7f79b1d82000 ---p 00000000 00:00 0 
7f79b1d82000-7f79b1d95000 rw-p 00000000 00:00 0 
7f79b1d95000-7f79b2143000 ---p 00000000 00:00 0 
7f79b2143000-7f79b215d000 r-xp 00000000 08:01 3284666                    /usr/lib/jvm/java-8-oracle/jre/lib/amd64/libzip.so
7f79b215d000-7f79b235d000 ---p 0001a000 08:01 3284666                    /usr/lib/jvm/java-8-oracle/jre/lib/amd64/libzip.so
7f79b235d000-7f79b235e000 rw-p 0001a000 08:01 3284666                    /usr/lib/jvm/java-8-oracle/jre/lib/amd64/libzip.so
7f79b235e000-7f79b2369000 r-xp 00000000 08:01 7999875                    /lib/x86_64-linux-gnu/libnss_files-2.23.so
7f79b2369000-7f79b2568000 ---p 0000b000 08:01 7999875                    /lib/x86_64-linux-gnu/libnss_files-2.23.so
7f79b2568000-7f79b2569000 r--p 0000a000 08:01 7999875                    /lib/x86_64-linux-gnu/libnss_files-2.23.so
7f79b2569000-7f79b256a000 rw-p 0000b000 08:01 7999875                    /lib/x86_64-linux-gnu/libnss_files-2.23.so
7f79b256a000-7f79b2570000 rw-p 00000000 00:00 0 
7f79b2570000-7f79b257b000 r-xp 00000000 08:01 7999868                    /lib/x86_64-linux-gnu/libnss_nis-2.23.so
7f79b257b000-7f79b277a000 ---p 0000b000 08:01 7999868                    /lib/x86_64-linux-gnu/libnss_nis-2.23.so
7f79b277a000-7f79b277b000 r--p 0000a000 08:01 7999868                    /lib/x86_64-linux-gnu/libnss_nis-2.23.so
7f79b277b000-7f79b277c000 rw-p 0000b000 08:01 7999868                    /lib/x86_64-linux-gnu/libnss_nis-2.23.so
7f79b277c000-7f79b2792000 r-xp 00000000 08:01 7999864                    /lib/x86_64-linux-gnu/libnsl-2.23.so
7f79b2792000-7f79b2991000 ---p 00016000 08:01 7999864                    /lib/x86_64-linux-gnu/libnsl-2.23.so
7f79b2991000-7f79b2992000 r--p 00015000 08:01 7999864                    /lib/x86_64-linux-gnu/libnsl-2.23.so
7f79b2992000-7f79b2993000 rw-p 00016000 08:01 7999864                    /lib/x86_64-linux-gnu/libnsl-2.23.so
7f79b2993000-7f79b2995000 rw-p 00000000 00:00 0 
7f79b2995000-7f79b299d000 r-xp 00000000 08:01 7999507                    /lib/x86_64-linux-gnu/libnss_compat-2.23.so
7f79b299d000-7f79b2b9c000 ---p 00008000 08:01 7999507                    /lib/x86_64-linux-gnu/libnss_compat-2.23.so
7f79b2b9c000-7f79b2b9d000 r--p 00007000 08:01 7999507                    /lib/x86_64-linux-gnu/libnss_compat-2.23.so
7f79b2b9d000-7f79b2b9e000 rw-p 00008000 08:01 7999507                    /lib/x86_64-linux-gnu/libnss_compat-2.23.so
7f79b2b9e000-7f79b2bc8000 r-xp 00000000 08:01 3284615                    /usr/lib/jvm/java-8-oracle/jre/lib/amd64/libjava.so
7f79b2bc8000-7f79b2dc8000 ---p 0002a000 08:01 3284615                    /usr/lib/jvm/java-8-oracle/jre/lib/amd64/libjava.so
7f79b2dc8000-7f79b2dca000 rw-p 0002a000 08:01 3284615                    /usr/lib/jvm/java-8-oracle/jre/lib/amd64/libjava.so
7f79b2dca000-7f79b2dd7000 r-xp 00000000 08:01 3284672                    /usr/lib/jvm/java-8-oracle/jre/lib/amd64/libverify.so
7f79b2dd7000-7f79b2fd7000 ---p 0000d000 08:01 3284672                    /usr/lib/jvm/java-8-oracle/jre/lib/amd64/libverify.so
7f79b2fd7000-7f79b2fd9000 rw-p 0000d000 08:01 3284672                    /usr/lib/jvm/java-8-oracle/jre/lib/amd64/libverify.so
7f79b2fd9000-7f79b2fe0000 r-xp 00000000 08:01 7999892                    /lib/x86_64-linux-gnu/librt-2.23.so
7f79b2fe0000-7f79b31df000 ---p 00007000 08:01 7999892                    /lib/x86_64-linux-gnu/librt-2.23.so
7f79b31df000-7f79b31e0000 r--p 00006000 08:01 7999892                    /lib/x86_64-linux-gnu/librt-2.23.so
7f79b31e0000-7f79b31e1000 rw-p 00007000 08:01 7999892                    /lib/x86_64-linux-gnu/librt-2.23.so
7f79b31e1000-7f79b32e9000 r-xp 00000000 08:01 7999886                    /lib/x86_64-linux-gnu/libm-2.23.so
7f79b32e9000-7f79b34e8000 ---p 00108000 08:01 7999886                    /lib/x86_64-linux-gnu/libm-2.23.so
7f79b34e8000-7f79b34e9000 r--p 00107000 08:01 7999886                    /lib/x86_64-linux-gnu/libm-2.23.so
7f79b34e9000-7f79b34ea000 rw-p 00108000 08:01 7999886                    /lib/x86_64-linux-gnu/libm-2.23.so
7f79b34ea000-7f79b41aa000 r-xp 00000000 08:01 3284648                    /usr/lib/jvm/java-8-oracle/jre/lib/amd64/server/libjvm.so
7f79b41aa000-7f79b43aa000 ---p 00cc0000 08:01 3284648                    /usr/lib/jvm/java-8-oracle/jre/lib/amd64/server/libjvm.so
7f79b43aa000-7f79b4482000 rw-p 00cc0000 08:01 3284648                    /usr/lib/jvm/java-8-oracle/jre/lib/amd64/server/libjvm.so
7f79b4482000-7f79b44cd000 rw-p 00000000 00:00 0 
7f79b44cd000-7f79b468d000 r-xp 00000000 08:01 7999902                    /lib/x86_64-linux-gnu/libc-2.23.so
7f79b468d000-7f79b488c000 ---p 001c0000 08:01 7999902                    /lib/x86_64-linux-gnu/libc-2.23.so
7f79b488c000-7f79b4890000 r--p 001bf000 08:01 7999902                    /lib/x86_64-linux-gnu/libc-2.23.so
7f79b4890000-7f79b4892000 rw-p 001c3000 08:01 7999902                    /lib/x86_64-linux-gnu/libc-2.23.so
7f79b4892000-7f79b4896000 rw-p 00000000 00:00 0 
7f79b4896000-7f79b4899000 r-xp 00000000 08:01 7999904                    /lib/x86_64-linux-gnu/libdl-2.23.so
7f79b4899000-7f79b4a98000 ---p 00003000 08:01 7999904                    /lib/x86_64-linux-gnu/libdl-2.23.so
7f79b4a98000-7f79b4a99000 r--p 00002000 08:01 7999904                    /lib/x86_64-linux-gnu/libdl-2.23.so
7f79b4a99000-7f79b4a9a000 rw-p 00003000 08:01 7999904                    /lib/x86_64-linux-gnu/libdl-2.23.so
7f79b4a9a000-7f79b4aaf000 r-xp 00000000 08:01 4079274                    /usr/lib/jvm/java-8-oracle/lib/amd64/jli/libjli.so
7f79b4aaf000-7f79b4caf000 ---p 00015000 08:01 4079274                    /usr/lib/jvm/java-8-oracle/lib/amd64/jli/libjli.so
7f79b4caf000-7f79b4cb0000 rw-p 00015000 08:01 4079274                    /usr/lib/jvm/java-8-oracle/lib/amd64/jli/libjli.so
7f79b4cb0000-7f79b4cc8000 r-xp 00000000 08:01 7999900                    /lib/x86_64-linux-gnu/libpthread-2.23.so
7f79b4cc8000-7f79b4ec7000 ---p 00018000 08:01 7999900                    /lib/x86_64-linux-gnu/libpthread-2.23.so
7f79b4ec7000-7f79b4ec8000 r--p 00017000 08:01 7999900                    /lib/x86_64-linux-gnu/libpthread-2.23.so
7f79b4ec8000-7f79b4ec9000 rw-p 00018000 08:01 7999900                    /lib/x86_64-linux-gnu/libpthread-2.23.so
7f79b4ec9000-7f79b4ecd000 rw-p 00000000 00:00 0 
7f79b4ecd000-7f79b4ef3000 r-xp 00000000 08:01 7999894                    /lib/x86_64-linux-gnu/ld-2.23.so
7f79b4efb000-7f79b4fc0000 rw-p 00000000 00:00 0 
7f79b4fc0000-7f79b4fc3000 ---p 00000000 00:00 0 
7f79b4fc3000-7f79b50c5000 rw-p 00000000 00:00 0 
7f79b50d2000-7f79b50e6000 rw-p 00000000 00:00 0 
7f79b50e6000-7f79b50ee000 rw-s 00000000 08:01 12860043                   /tmp/hsperfdata_ahmed/12937
7f79b50ee000-7f79b50ef000 rw-p 00000000 00:00 0 
7f79b50ef000-7f79b50f0000 r--p 00000000 00:00 0 
7f79b50f0000-7f79b50f2000 rw-p 00000000 00:00 0 
7f79b50f2000-7f79b50f3000 r--p 00025000 08:01 7999894                    /lib/x86_64-linux-gnu/ld-2.23.so
7f79b50f3000-7f79b50f4000 rw-p 00026000 08:01 7999894                    /lib/x86_64-linux-gnu/ld-2.23.so
7f79b50f4000-7f79b50f5000 rw-p 00000000 00:00 0 
7ffd0eb99000-7ffd0ebba000 rw-p 00000000 00:00 0                          [stack]
7ffd0ebe9000-7ffd0ebeb000 r--p 00000000 00:00 0                          [vvar]
7ffd0ebeb000-7ffd0ebed000 r-xp 00000000 00:00 0                          [vdso]
ffffffffff600000-ffffffffff601000 r-xp 00000000 00:00 0                  [vsyscall]

VM Arguments:
jvm_args: -Djava.awt.headless=true -Xmx1024M -Dfile.encoding=UTF-8 -Duser.country=US -Duser.language=en -Duser.variant 
java_command: com.android.dx.command.Main --dex --force-jumbo --num-threads=4 --multi-dex --output /home/ahmed/AndroidStudioProjects/MyApplication/app/build/intermediates/transforms/dex/debug/folders/1000/10/com.google.android.gms-play-services-plus-8.3.0_e41ef55f2211da8618d8a76997f804328b3a426f /home/ahmed/AndroidStudioProjects/MyApplication/app/build/intermediates/exploded-aar/com.google.android.gms/play-services-plus/8.3.0/jars/classes.jar
java_class_path (initial): /home/ahmed/Android/Sdk/build-tools/23.0.3/lib/dx.jar
Launcher Type: SUN_STANDARD

Environment Variables:
JAVA_HOME=/usr/lib/jvm/java-8-oracle
PATH=/usr/local/sbin:/usr/local/bin:/usr/sbin:/usr/bin:/sbin:/bin:/usr/games:/usr/local/games:/snap/bin
LD_LIBRARY_PATH=/home/ahmed/myData/android-studio/bin:
SHELL=/bin/bash
DISPLAY=:0

Signal Handlers:
SIGSEGV: [libjvm.so+0xabca10], sa_mask[0]=11111111011111111101111111111110, sa_flags=SA_RESTART|SA_SIGINFO
SIGBUS: [libjvm.so+0xabca10], sa_mask[0]=11111111011111111101111111111110, sa_flags=SA_RESTART|SA_SIGINFO
SIGFPE: [libjvm.so+0x919a20], sa_mask[0]=11111111011111111101111111111110, sa_flags=SA_RESTART|SA_SIGINFO
SIGPIPE: [libjvm.so+0x919a20], sa_mask[0]=11111111011111111101111111111110, sa_flags=SA_RESTART|SA_SIGINFO
SIGXFSZ: [libjvm.so+0x919a20], sa_mask[0]=11111111011111111101111111111110, sa_flags=SA_RESTART|SA_SIGINFO
SIGILL: [libjvm.so+0x919a20], sa_mask[0]=11111111011111111101111111111110, sa_flags=SA_RESTART|SA_SIGINFO
SIGUSR1: SIG_DFL, sa_mask[0]=00000000000000000000000000000000, sa_flags=none
SIGUSR2: [libjvm.so+0x91b050], sa_mask[0]=00100000000000000000000000000000, sa_flags=SA_RESTART|SA_SIGINFO
SIGHUP: [libjvm.so+0x91c450], sa_mask[0]=11111111011111111101111111111110, sa_flags=SA_RESTART|SA_SIGINFO
SIGINT: [libjvm.so+0x91c450], sa_mask[0]=11111111011111111101111111111110, sa_flags=SA_RESTART|SA_SIGINFO
SIGTERM: [libjvm.so+0x91c450], sa_mask[0]=11111111011111111101111111111110, sa_flags=SA_RESTART|SA_SIGINFO
SIGQUIT: [libjvm.so+0x91c450], sa_mask[0]=11111111011111111101111111111110, sa_flags=SA_RESTART|SA_SIGINFO


---------------  S Y S T E M  ---------------

OS:DISTRIB_ID=Ubuntu
DISTRIB_RELEASE=16.04
DISTRIB_CODENAME=xenial
DISTRIB_DESCRIPTION="Ubuntu 16.04.1 LTS"

uname:Linux 4.4.0-38-generic #57-Ubuntu SMP Tue Sep 6 15:42:33 UTC 2016 x86_64
libc:glibc 2.23 NPTL 2.23 
rlimit: STACK 8192k, CORE 0k, NPROC 23444, NOFILE 65536, AS infinity
load average:17.08 13.56 10.46

/proc/meminfo:
MemTotal:        6039136 kB
MemFree:         1069336 kB
MemAvailable:    1273504 kB
Buffers:           34620 kB
Cached:           571380 kB
SwapCached:        93968 kB
Active:          3519448 kB
Inactive:        1220624 kB
Active(anon):    3290712 kB
Inactive(anon):  1058156 kB
Active(file):     228736 kB
Inactive(file):   162468 kB
Unevictable:          48 kB
Mlocked:              48 kB
SwapTotal:       6213628 kB
SwapFree:        4971436 kB
Dirty:              4208 kB
Writeback:             0 kB
AnonPages:       4114620 kB
Mapped:           253948 kB
Shmem:            214796 kB
Slab:              99840 kB
SReclaimable:      51508 kB
SUnreclaim:        48332 kB
KernelStack:       14784 kB
PageTables:        61476 kB
NFS_Unstable:          0 kB
Bounce:                0 kB
WritebackTmp:          0 kB
CommitLimit:     9233196 kB
Committed_AS:   12058520 kB
VmallocTotal:   34359738367 kB
VmallocUsed:           0 kB
VmallocChunk:          0 kB
HardwareCorrupted:     0 kB
AnonHugePages:   2578432 kB
CmaTotal:              0 kB
CmaFree:               0 kB
HugePages_Total:       0
HugePages_Free:        0
HugePages_Rsvd:        0
HugePages_Surp:        0
Hugepagesize:       2048 kB
DirectMap4k:      197680 kB
DirectMap2M:     6023168 kB


CPU:total 4 (2 cores per cpu, 2 threads per core) family 6 model 42 stepping 7, cmov, cx8, fxsr, mmx, sse, sse2, sse3, ssse3, sse4.1, sse4.2, popcnt, avx, clmul, ht, tsc, tscinvbit

/proc/cpuinfo:
processor	: 0
vendor_id	: GenuineIntel
cpu family	: 6
model		: 42
model name	: Intel(R) Core(TM) i3-2310M CPU @ 2.10GHz
stepping	: 7
microcode	: 0x14
cpu MHz		: 1799.929
cache size	: 3072 KB
physical id	: 0
siblings	: 4
core id		: 0
cpu cores	: 2
apicid		: 0
initial apicid	: 0
fpu		: yes
fpu_exception	: yes
cpuid level	: 13
wp		: yes
flags		: fpu vme de pse tsc msr pae mce cx8 apic sep mtrr pge mca cmov pat pse36 clflush dts acpi mmx fxsr sse sse2 ss ht tm pbe syscall nx rdtscp lm constant_tsc arch_perfmon pebs bts rep_good nopl xtopology nonstop_tsc aperfmperf eagerfpu pni pclmulqdq dtes64 monitor ds_cpl vmx est tm2 ssse3 cx16 xtpr pdcm pcid sse4_1 sse4_2 x2apic popcnt tsc_deadline_timer xsave avx lahf_lm epb tpr_shadow vnmi flexpriority ept vpid xsaveopt dtherm arat pln pts
bugs		:
bogomips	: 4190.58
clflush size	: 64
cache_alignment	: 64
address sizes	: 36 bits physical, 48 bits virtual
power management:

processor	: 1
vendor_id	: GenuineIntel
cpu family	: 6
model		: 42
model name	: Intel(R) Core(TM) i3-2310M CPU @ 2.10GHz
stepping	: 7
microcode	: 0x14
cpu MHz		: 1800.011
cache size	: 3072 KB
physical id	: 0
siblings	: 4
core id		: 0
cpu cores	: 2
apicid		: 1
initial apicid	: 1
fpu		: yes
fpu_exception	: yes
cpuid level	: 13
wp		: yes
flags		: fpu vme de pse tsc msr pae mce cx8 apic sep mtrr pge mca cmov pat pse36 clflush dts acpi mmx fxsr sse sse2 ss ht tm pbe syscall nx rdtscp lm constant_tsc arch_perfmon pebs bts rep_good nopl xtopology nonstop_tsc aperfmperf eagerfpu pni pclmulqdq dtes64 monitor ds_cpl vmx est tm2 ssse3 cx16 xtpr pdcm pcid sse4_1 sse4_2 x2apic popcnt tsc_deadline_timer xsave avx lahf_lm epb tpr_shadow vnmi flexpriority ept vpid xsaveopt dtherm arat pln pts
bugs		:
bogomips	: 4190.58
clflush size	: 64
cache_alignment	: 64
address sizes	: 36 bits physical, 48 bits virtual
power management:

processor	: 2
vendor_id	: GenuineIntel
cpu family	: 6
model		: 42
model name	: Intel(R) Core(TM) i3-2310M CPU @ 2.10GHz
stepping	: 7
microcode	: 0x14
cpu MHz		: 1799.929
cache size	: 3072 KB
physical id	: 0
siblings	: 4
core id		: 1
cpu cores	: 2
apicid		: 2
initial apicid	: 2
fpu		: yes
fpu_exception	: yes
cpuid level	: 13
wp		: yes
flags		: fpu vme de pse tsc msr pae mce cx8 apic sep mtrr pge mca cmov pat pse36 clflush dts acpi mmx fxsr sse sse2 ss ht tm pbe syscall nx rdtscp lm constant_tsc arch_perfmon pebs bts rep_good nopl xtopology nonstop_tsc aperfmperf eagerfpu pni pclmulqdq dtes64 monitor ds_cpl vmx est tm2 ssse3 cx16 xtpr pdcm pcid sse4_1 sse4_2 x2apic popcnt tsc_deadline_timer xsave avx lahf_lm epb tpr_shadow vnmi flexpriority ept vpid xsaveopt dtherm arat pln pts
bugs		:
bogomips	: 4190.58
clflush size	: 64
cache_alignment	: 64
address sizes	: 36 bits physical, 48 bits virtual
power management:

processor	: 3
vendor_id	: GenuineIntel
cpu family	: 6
model		: 42
model name	: Intel(R) Core(TM) i3-2310M CPU @ 2.10GHz
stepping	: 7
microcode	: 0x14
cpu MHz		: 1799.929
cache size	: 3072 KB
physical id	: 0
siblings	: 4
core id		: 1
cpu cores	: 2
apicid		: 3
initial apicid	: 3
fpu		: yes
fpu_exception	: yes
cpuid level	: 13
wp		: yes
flags		: fpu vme de pse tsc msr pae mce cx8 apic sep mtrr pge mca cmov pat pse36 clflush dts acpi mmx fxsr sse sse2 ss ht tm pbe syscall nx rdtscp lm constant_tsc arch_perfmon pebs bts rep_good nopl xtopology nonstop_tsc aperfmperf eagerfpu pni pclmulqdq dtes64 monitor ds_cpl vmx est tm2 ssse3 cx16 xtpr pdcm pcid sse4_1 sse4_2 x2apic popcnt tsc_deadline_timer xsave avx lahf_lm epb tpr_shadow vnmi flexpriority ept vpid xsaveopt dtherm arat pln pts
bugs		:
bogomips	: 4190.58
clflush size	: 64
cache_alignment	: 64
address sizes	: 36 bits physical, 48 bits virtual
power management:



Memory: 4k page, physical 6039136k(1069336k free), swap 6213628k(4971436k free)

vm_info: Java HotSpot(TM) 64-Bit Server VM (25.91-b14) for linux-amd64 JRE (1.8.0_91-b14), built on Apr  1 2016 00:57:21 by "java_re" with gcc 4.3.0 20080428 (Red Hat 4.3.0-8)

time: Thu Oct 13 13:57:05 2016
elapsed time: 6 seconds (0d 0h 0m 6s)

