#
# A fatal error has been detected by the Java Runtime Environment:
#
#  SIGSEGV (0xb) at pc=0x00007f190c766323, pid=28351, tid=139745206503168
#
# JRE version: Java(TM) SE Runtime Environment (8.0_91-b14) (build 1.8.0_91-b14)
# Java VM: Java HotSpot(TM) 64-Bit Server VM (25.91-b14 mixed mode linux-amd64 compressed oops)
# Problematic frame:
# V  [libjvm.so+0x3fe323]  CardTableExtension::scavenge_contents_parallel(ObjectStartArray*, MutableSpace*, HeapWord*, PSPromotionManager*, unsigned int, unsigned int)+0x573
#
# Failed to write core dump. Core dumps have been disabled. To enable core dumping, try "ulimit -c unlimited" before starting Java again
#
# If you would like to submit a bug report, please visit:
#   http://bugreport.java.com/bugreport/crash.jsp
#

---------------  T H R E A D  ---------------

Current thread (0x00007f1908022800):  GCTaskThread [stack: 0x00007f18f7548000,0x00007f18f7649000] [id=28370]

siginfo: si_signo: 11 (SIGSEGV), si_code: 2 (SEGV_ACCERR), si_addr: 0x000000010208da18

Registers:
RAX=0x00007f190d2eb490, RBX=0x00000000c0987a08, RCX=0x0000000000000003, RDX=0x00007f190d30f879
RSP=0x00007f18f7647a90, RBP=0x00007f18f7647b40, RSI=0x0000000000000020, RDI=0x000000010208da10
R8 =0x00007f190d2eb480, R9 =0x00007f190d31eed0, R10=0x00000000edb01a50, R11=0x00007f18f7647a40
R12=0x00000000c098ce00, R13=0x00007f18f79a5c67, R14=0x00007f1908017ce0, R15=0x00007f18f79a5c81
RIP=0x00007f190c766323, EFLAGS=0x0000000000010202, CSGSFS=0x0000000000000033, ERR=0x0000000000000004
  TRAPNO=0x000000000000000e

Top of Stack: (sp=0x00007f18f7647a90)
0x00007f18f7647a90:   00007f190801ed00 00007f18f79a5c80
0x00007f18f7647aa0:   00007f18f79a5c01 00007f190d30f879
0x00007f18f7647ab0:   00007f1908075340 00000000c0cc77c8
0x00007f18f7647ac0:   00007f1908017a20 00007f18f79a763c
0x00007f18f7647ad0:   00000000c0983e00 0000000000000200
0x00007f18f7647ae0:   00000000c0990008 00007f18f79a5c21
0x00007f18f7647af0:   0000000000000240 00007f18f79a5e00
0x00007f18f7647b00:   00007f18f79a5e00 00007f18f79a5c67
0x00007f18f7647b10:   00007f18f79a5c21 00007f1908026e90
0x00007f18f7647b20:   00007f1908075340 0000000000000001
0x00007f18f7647b30:   00007f19080231f0 00007f190ceae16c
0x00007f18f7647b40:   00007f18f7647b70 00007f190ccf16cb
0x00007f18f7647b50:   00007f1900000004 0000000000000003
0x00007f18f7647b60:   00007f1908026e90 00007f1908022800
0x00007f18f7647b70:   00007f18f7647c80 00007f190c93d84f
0x00007f18f7647b80:   0000000000000000 00007f18f7647bc0
0x00007f18f7647b90:   00007f18f7647c40 0000000000000000
0x00007f18f7647ba0:   00007f1908023230 00007f1908023240
0x00007f18f7647bb0:   00007f1908023618 00000000000003d8
0x00007f18f7647bc0:   00007f1908022800 00007f1908023620
0x00007f18f7647bd0:   00007f1908023660 00007f1908023670
0x00007f18f7647be0:   00007f1908023748 00000000000000d8
0x00007f18f7647bf0:   00007f18f7647c00 00007f190cc41247
0x00007f18f7647c00:   00007f1908022800 00007f1908023620
0x00007f18f7647c10:   00007f1908023660 00007f1908023670
0x00007f18f7647c20:   00007f1908023748 00000000000000d8
0x00007f18f7647c30:   00007f1908023880 00007f190cc41b06
0x00007f18f7647c40:   0000000000000000 00007f1908022800
0x00007f18f7647c50:   00007f18f7647c80 0000000000000000
0x00007f18f7647c60:   00007f19080241f0 00007f1908024100
0x00007f18f7647c70:   00007f1908022800 0000000000000000
0x00007f18f7647c80:   00007f18f7647f50 00007f190cc86f78 

Instructions: (pc=0x00007f190c766323)
0x00007f190c766303:   04 00 00 48 98 48 89 45 b0 eb 6d 66 90 48 8b 05
0x00007f190c766313:   91 61 b6 00 8b 7b 08 8b 48 08 48 d3 e7 48 03 38
0x00007f190c766323:   81 7f 08 ff ff ff bf 76 70 48 8b 8d 68 ff ff ff
0x00007f190c766333:   0f b6 11 84 d2 0f 84 22 04 00 00 48 8b 05 63 61 

Register to memory mapping:

RAX=0x00007f190d2eb490: <offset 0xf83490> in /usr/lib/jvm/java-8-oracle/jre/lib/amd64/server/libjvm.so at 0x00007f190c368000
RBX=
[error occurred during error reporting (printing register info), id 0xb]

Stack: [0x00007f18f7548000,0x00007f18f7649000],  sp=0x00007f18f7647a90,  free space=1022k
Native frames: (J=compiled Java code, j=interpreted, Vv=VM code, C=native code)
V  [libjvm.so+0x3fe323]  CardTableExtension::scavenge_contents_parallel(ObjectStartArray*, MutableSpace*, HeapWord*, PSPromotionManager*, unsigned int, unsigned int)+0x573
V  [libjvm.so+0x9896cb]  OldToYoungRootsTask::do_it(GCTaskManager*, unsigned int)+0x4b
V  [libjvm.so+0x5d584f]  GCTaskThread::run()+0x12f
V  [libjvm.so+0x91ef78]  java_start(Thread*)+0x108


---------------  P R O C E S S  ---------------

Java Threads: ( => current thread )
  0x00007f190814f800 JavaThread "pool-2-thread-4" [_thread_blocked, id=28397, stack(0x00007f18ee6fd000,0x00007f18ee7fe000)]
  0x00007f190814c800 JavaThread "pool-2-thread-3" [_thread_blocked, id=28396, stack(0x00007f18ee7fe000,0x00007f18ee8ff000)]
  0x00007f190814a800 JavaThread "pool-2-thread-2" [_thread_blocked, id=28395, stack(0x00007f18ee8ff000,0x00007f18eea00000)]
  0x00007f1908149800 JavaThread "pool-3-thread-1" [_thread_blocked, id=28394, stack(0x00007f18eea00000,0x00007f18eeb01000)]
  0x00007f1908147000 JavaThread "pool-2-thread-1" [_thread_blocked, id=28393, stack(0x00007f18eeb01000,0x00007f18eec02000)]
  0x00007f19080d3000 JavaThread "Service Thread" daemon [_thread_blocked, id=28381, stack(0x00007f18eed03000,0x00007f18eee04000)]
  0x00007f19080be000 JavaThread "C1 CompilerThread2" daemon [_thread_blocked, id=28379, stack(0x00007f18eee04000,0x00007f18eef05000)]
  0x00007f19080bc800 JavaThread "C2 CompilerThread1" daemon [_thread_blocked, id=28377, stack(0x00007f18eef05000,0x00007f18ef006000)]
  0x00007f19080b9800 JavaThread "C2 CompilerThread0" daemon [_thread_in_native, id=28376, stack(0x00007f18ef006000,0x00007f18ef107000)]
  0x00007f19080b8000 JavaThread "Signal Dispatcher" daemon [_thread_blocked, id=28375, stack(0x00007f18ef107000,0x00007f18ef208000)]
  0x00007f1908084000 JavaThread "Finalizer" daemon [_thread_blocked, id=28374, stack(0x00007f18ef4f5000,0x00007f18ef5f6000)]
  0x00007f190807f800 JavaThread "Reference Handler" daemon [_thread_blocked, id=28373, stack(0x00007f18ef5f6000,0x00007f18ef6f7000)]
  0x00007f190800a000 JavaThread "main" [_thread_blocked, id=28361, stack(0x00007f190de3e000,0x00007f190df3f000)]

Other Threads:
  0x00007f1908078000 VMThread [stack: 0x00007f18ef6f7000,0x00007f18ef7f8000] [id=28372]
  0x00007f19080d6000 WatcherThread [stack: 0x00007f18eec02000,0x00007f18eed03000] [id=28384]

=>0x00007f1908022800 (exited) GCTaskThread [stack: 0x00007f18f7548000,0x00007f18f7649000] [id=28370]

VM state:at safepoint (normal execution)

VM Mutex/Monitor currently owned by a thread:  ([mutex/lock_event])
[0x00007f1908006570] Threads_lock - owner thread: 0x00007f1908078000
[0x00007f1908006a70] Heap_lock - owner thread: 0x00007f190814f800

Heap:
 PSYoungGen      total 52736K, used 52724K [0x00000000eab00000, 0x00000000ee200000, 0x0000000100000000)
  eden space 49152K, 100% used [0x00000000eab00000,0x00000000edb00000,0x00000000edb00000)
  from space 3584K, 99% used [0x00000000ede80000,0x00000000ee1fd238,0x00000000ee200000)
  to   space 3584K, 99% used [0x00000000edb00000,0x00000000ede7d238,0x00000000ede80000)
 ParOldGen       total 64512K, used 18611K [0x00000000c0000000, 0x00000000c3f00000, 0x00000000eab00000)
  object space 64512K, 28% used [0x00000000c0000000,0x00000000c122cf60,0x00000000c3f00000)
 Metaspace       used 6041K, capacity 7024K, committed 7296K, reserved 1056768K
  class space    used 587K, capacity 616K, committed 640K, reserved 1048576K

Card table byte_map: [0x00007f18f79a1000,0x00007f18f7ba2000] byte_map_base: 0x00007f18f73a1000

Marking Bits: (ParMarkBitMap*) 0x00007f190d31ed60
 Begin Bits: [0x00007f18f5447000, 0x00007f18f6447000)
 End Bits:   [0x00007f18f6447000, 0x00007f18f7447000)

Polling page: 0x00007f190df6d000

CodeCache: size=245760Kb used=4959Kb max_used=4959Kb free=240800Kb
 bounds [0x00007f18f7f62000, 0x00007f18f8442000, 0x00007f1906f62000]
 total_blobs=1536 nmethods=1268 adapters=182
 compilation: enabled

Compilation events (10 events):
Event: 7.038 Thread 0x00007f19080be000 nmethod 1474 0x00007f18f8438f10 code [0x00007f18f84390a0, 0x00007f18f8439358]
Event: 7.038 Thread 0x00007f19080be000 1472       2       com.android.dx.ssa.back.InterferenceGraph::<init> (42 bytes)
Event: 7.040 Thread 0x00007f19080be000 nmethod 1472 0x00007f18f84395d0 code [0x00007f18f8439780, 0x00007f18f8439cc8]
Event: 7.040 Thread 0x00007f19080be000 1473       2       com.android.dx.ssa.back.LivenessAnalyzer::constructInterferenceGraph (47 bytes)
Event: 7.040 Thread 0x00007f19080be000 nmethod 1473 0x00007f18f843a0d0 code [0x00007f18f843a260, 0x00007f18f843a558]
Event: 7.040 Thread 0x00007f19080be000 1485       2       com.android.dx.ssa.SCCP::<init> (142 bytes)
Event: 7.042 Thread 0x00007f19080be000 nmethod 1485 0x00007f18f843a710 code [0x00007f18f843a8c0, 0x00007f18f843af68]
Event: 7.042 Thread 0x00007f19080be000 1466       2       com.android.dx.util.FixedSizeList::shrinkToFit (103 bytes)
Event: 7.042 Thread 0x00007f19080be000 nmethod 1466 0x00007f18f843b290 code [0x00007f18f843b420, 0x00007f18f843b8a8]
Event: 7.043 Thread 0x00007f19080be000 1476       2       com.android.dx.util.LabeledList::<init> (57 bytes)

GC Heap History (9 events):
Event: 3.028 GC heap before
{Heap before GC invocations=1 (full 0):
 PSYoungGen      total 28160K, used 24576K [0x00000000eab00000, 0x00000000eca00000, 0x0000000100000000)
  eden space 24576K, 100% used [0x00000000eab00000,0x00000000ec300000,0x00000000ec300000)
  from space 3584K, 0% used [0x00000000ec680000,0x00000000ec680000,0x00000000eca00000)
  to   space 3584K, 0% used [0x00000000ec300000,0x00000000ec300000,0x00000000ec680000)
 ParOldGen       total 64512K, used 0K [0x00000000c0000000, 0x00000000c3f00000, 0x00000000eab00000)
  object space 64512K, 0% used [0x00000000c0000000,0x00000000c0000000,0x00000000c3f00000)
 Metaspace       used 5699K, capacity 6704K, committed 6784K, reserved 1056768K
  class space    used 585K, capacity 616K, committed 640K, reserved 1048576K
Event: 3.047 GC heap after
Heap after GC invocations=1 (full 0):
 PSYoungGen      total 28160K, used 3572K [0x00000000eab00000, 0x00000000eca00000, 0x0000000100000000)
  eden space 24576K, 0% used [0x00000000eab00000,0x00000000eab00000,0x00000000ec300000)
  from space 3584K, 99% used [0x00000000ec300000,0x00000000ec67d188,0x00000000ec680000)
  to   space 3584K, 0% used [0x00000000ec680000,0x00000000ec680000,0x00000000eca00000)
 ParOldGen       total 64512K, used 1051K [0x00000000c0000000, 0x00000000c3f00000, 0x00000000eab00000)
  object space 64512K, 1% used [0x00000000c0000000,0x00000000c0106d50,0x00000000c3f00000)
 Metaspace       used 5699K, capacity 6704K, committed 6784K, reserved 1056768K
  class space    used 585K, capacity 616K, committed 640K, reserved 1048576K
}
Event: 4.301 GC heap before
{Heap before GC invocations=2 (full 0):
 PSYoungGen      total 28160K, used 28148K [0x00000000eab00000, 0x00000000eca00000, 0x0000000100000000)
  eden space 24576K, 100% used [0x00000000eab00000,0x00000000ec300000,0x00000000ec300000)
  from space 3584K, 99% used [0x00000000ec300000,0x00000000ec67d188,0x00000000ec680000)
  to   space 3584K, 0% used [0x00000000ec680000,0x00000000ec680000,0x00000000eca00000)
 ParOldGen       total 64512K, used 1051K [0x00000000c0000000, 0x00000000c3f00000, 0x00000000eab00000)
  object space 64512K, 1% used [0x00000000c0000000,0x00000000c0106d50,0x00000000c3f00000)
 Metaspace       used 5925K, capacity 6896K, committed 7040K, reserved 1056768K
  class space    used 586K, capacity 616K, committed 640K, reserved 1048576K
Event: 4.358 GC heap after
Heap after GC invocations=2 (full 0):
 PSYoungGen      total 28160K, used 3559K [0x00000000eab00000, 0x00000000ee200000, 0x0000000100000000)
  eden space 24576K, 0% used [0x00000000eab00000,0x00000000eab00000,0x00000000ec300000)
  from space 3584K, 99% used [0x00000000ec680000,0x00000000ec9f9c78,0x00000000eca00000)
  to   space 3584K, 0% used [0x00000000ec300000,0x00000000ec300000,0x00000000ec680000)
 ParOldGen       total 64512K, used 4228K [0x00000000c0000000, 0x00000000c3f00000, 0x00000000eab00000)
  object space 64512K, 6% used [0x00000000c0000000,0x00000000c0421268,0x00000000c3f00000)
 Metaspace       used 5925K, capacity 6896K, committed 7040K, reserved 1056768K
  class space    used 586K, capacity 616K, committed 640K, reserved 1048576K
}
Event: 5.246 GC heap before
{Heap before GC invocations=3 (full 0):
 PSYoungGen      total 28160K, used 28135K [0x00000000eab00000, 0x00000000ee200000, 0x0000000100000000)
  eden space 24576K, 100% used [0x00000000eab00000,0x00000000ec300000,0x00000000ec300000)
  from space 3584K, 99% used [0x00000000ec680000,0x00000000ec9f9c78,0x00000000eca00000)
  to   space 3584K, 0% used [0x00000000ec300000,0x00000000ec300000,0x00000000ec680000)
 ParOldGen       total 64512K, used 4228K [0x00000000c0000000, 0x00000000c3f00000, 0x00000000eab00000)
  object space 64512K, 6% used [0x00000000c0000000,0x00000000c0421268,0x00000000c3f00000)
 Metaspace       used 6011K, capacity 6960K, committed 7040K, reserved 1056768K
  class space    used 587K, capacity 616K, committed 640K, reserved 1048576K
Event: 5.324 GC heap after
Heap after GC invocations=3 (full 0):
 PSYoungGen      total 28160K, used 3572K [0x00000000eab00000, 0x00000000ee200000, 0x0000000100000000)
  eden space 24576K, 0% used [0x00000000eab00000,0x00000000eab00000,0x00000000ec300000)
  from space 3584K, 99% used [0x00000000ec300000,0x00000000ec67d238,0x00000000ec680000)
  to   space 3584K, 0% used [0x00000000ede80000,0x00000000ede80000,0x00000000ee200000)
 ParOldGen       total 64512K, used 8802K [0x00000000c0000000, 0x00000000c3f00000, 0x00000000eab00000)
  object space 64512K, 13% used [0x00000000c0000000,0x00000000c0898888,0x00000000c3f00000)
 Metaspace       used 6011K, capacity 6960K, committed 7040K, reserved 1056768K
  class space    used 587K, capacity 616K, committed 640K, reserved 1048576K
}
Event: 5.900 GC heap before
{Heap before GC invocations=4 (full 0):
 PSYoungGen      total 28160K, used 28148K [0x00000000eab00000, 0x00000000ee200000, 0x0000000100000000)
  eden space 24576K, 100% used [0x00000000eab00000,0x00000000ec300000,0x00000000ec300000)
  from space 3584K, 99% used [0x00000000ec300000,0x00000000ec67d238,0x00000000ec680000)
  to   space 3584K, 0% used [0x00000000ede80000,0x00000000ede80000,0x00000000ee200000)
 ParOldGen       total 64512K, used 8802K [0x00000000c0000000, 0x00000000c3f00000, 0x00000000eab00000)
  object space 64512K, 13% used [0x00000000c0000000,0x00000000c0898888,0x00000000c3f00000)
 Metaspace       used 6020K, capacity 6960K, committed 7040K, reserved 1056768K
  class space    used 587K, capacity 616K, committed 640K, reserved 1048576K
Event: 5.964 GC heap after
Heap after GC invocations=4 (full 0):
 PSYoungGen      total 52736K, used 3572K [0x00000000eab00000, 0x00000000ee200000, 0x0000000100000000)
  eden space 49152K, 0% used [0x00000000eab00000,0x00000000eab00000,0x00000000edb00000)
  from space 3584K, 99% used [0x00000000ede80000,0x00000000ee1fd238,0x00000000ee200000)
  to   space 3584K, 0% used [0x00000000edb00000,0x00000000edb00000,0x00000000ede80000)
 ParOldGen       total 64512K, used 13085K [0x00000000c0000000, 0x00000000c3f00000, 0x00000000eab00000)
  object space 64512K, 20% used [0x00000000c0000000,0x00000000c0cc77c8,0x00000000c3f00000)
 Metaspace       used 6020K, capacity 6960K, committed 7040K, reserved 1056768K
  class space    used 587K, capacity 616K, committed 640K, reserved 1048576K
}
Event: 7.128 GC heap before
{Heap before GC invocations=5 (full 0):
 PSYoungGen      total 52736K, used 52724K [0x00000000eab00000, 0x00000000ee200000, 0x0000000100000000)
  eden space 49152K, 100% used [0x00000000eab00000,0x00000000edb00000,0x00000000edb00000)
  from space 3584K, 99% used [0x00000000ede80000,0x00000000ee1fd238,0x00000000ee200000)
  to   space 3584K, 0% used [0x00000000edb00000,0x00000000edb00000,0x00000000ede80000)
 ParOldGen       total 64512K, used 13085K [0x00000000c0000000, 0x00000000c3f00000, 0x00000000eab00000)
  object space 64512K, 20% used [0x00000000c0000000,0x00000000c0cc77c8,0x00000000c3f00000)
 Metaspace       used 6041K, capacity 7024K, committed 7296K, reserved 1056768K
  class space    used 587K, capacity 616K, committed 640K, reserved 1048576K

Deoptimization events (10 events):
Event: 2.736 Thread 0x00007f190800a000 Uncommon trap: reason=class_check action=maybe_recompile pc=0x00007f18f8193724 method=com.android.dx.rop.type.Type.equals(Ljava/lang/Object;)Z @ 8
Event: 2.820 Thread 0x00007f190814f800 Uncommon trap: reason=class_check action=maybe_recompile pc=0x00007f18f8193724 method=com.android.dx.rop.type.Type.equals(Ljava/lang/Object;)Z @ 8
Event: 2.820 Thread 0x00007f190814f800 Uncommon trap: reason=class_check action=maybe_recompile pc=0x00007f18f8193724 method=com.android.dx.rop.type.Type.equals(Ljava/lang/Object;)Z @ 8
Event: 5.016 Thread 0x00007f1908147000 Uncommon trap: reason=unstable_if action=reinterpret pc=0x00007f18f828cd7c method=com.android.dx.ssa.SsaMethod.updateOneDefinition(Lcom/android/dx/ssa/SsaInsn;Lcom/android/dx/rop/code/RegisterSpec;)V @ 4
Event: 5.050 Thread 0x00007f190814f800 Uncommon trap: reason=class_check action=maybe_recompile pc=0x00007f18f816f88c method=com.android.dx.rop.type.Type.equals(Ljava/lang/Object;)Z @ 8
Event: 5.479 Thread 0x00007f190814c800 Uncommon trap: reason=bimorphic action=maybe_recompile pc=0x00007f18f8355eac method=java.util.HashMap.getNode(ILjava/lang/Object;)Ljava/util/HashMap$Node; @ 126
Event: 6.509 Thread 0x00007f190814f800 Uncommon trap: reason=unloaded action=reinterpret pc=0x00007f18f81f5c04 method=com.android.dx.ssa.SsaRenamer$BlockRenamer.visitMoveInsn(Lcom/android/dx/ssa/NormalSsaInsn;)V @ 208
Event: 6.510 Thread 0x00007f190814f800 Uncommon trap: reason=unstable_if action=reinterpret pc=0x00007f18f8258cf8 method=com.android.dx.ssa.NormalSsaInsn.getLocalAssignment()Lcom/android/dx/rop/code/RegisterSpec; @ 12
Event: 6.510 Thread 0x00007f190814f800 Uncommon trap: reason=unstable_if action=reinterpret pc=0x00007f18f821e8ec method=com.android.dx.ssa.NormalSsaInsn.getLocalAssignment()Lcom/android/dx/rop/code/RegisterSpec; @ 12
Event: 6.510 Thread 0x00007f190814f800 Uncommon trap: reason=unstable_if action=reinterpret pc=0x00007f18f821f710 method=com.android.dx.ssa.NormalSsaInsn.getLocalAssignment()Lcom/android/dx/rop/code/RegisterSpec; @ 12

Internal exceptions (2 events):
Event: 0.147 Thread 0x00007f190800a000 Exception <a 'java/lang/NoSuchMethodError': Method sun.misc.Unsafe.defineClass(Ljava/lang/String;[BII)Ljava/lang/Class; name or signature does not match> (0x00000000eab07cc0) thrown at [/HUDSON/workspace/8-2-build-linux-amd64/jdk8u91/6644/hotspot/src/shar
Event: 0.147 Thread 0x00007f190800a000 Exception <a 'java/lang/NoSuchMethodError': Method sun.misc.Unsafe.prefetchRead(Ljava/lang/Object;J)V name or signature does not match> (0x00000000eab07fa8) thrown at [/HUDSON/workspace/8-2-build-linux-amd64/jdk8u91/6644/hotspot/src/share/vm/prims/jni.cpp

Events (10 events):
Event: 6.769 Thread 0x00007f190800a000 DEOPT UNPACKING pc=0x00007f18f7fa9633 sp=0x00007f190df3c728 mode 0
Event: 6.871 Thread 0x00007f190814a800 DEOPT PACKING pc=0x00007f18f82a1c27 sp=0x00007f18ee9fe120
Event: 6.871 Thread 0x00007f190814a800 DEOPT UNPACKING pc=0x00007f18f7fa9633 sp=0x00007f18ee9fdf10 mode 0
Event: 6.935 Thread 0x00007f1908147000 DEOPT PACKING pc=0x00007f18f832616c sp=0x00007f18eec00030
Event: 6.935 Thread 0x00007f1908147000 DEOPT UNPACKING pc=0x00007f18f7fa9633 sp=0x00007f18eebffd30 mode 0
Event: 6.944 Thread 0x00007f190814c800 DEOPT PACKING pc=0x00007f18f8217cf8 sp=0x00007f18ee8fcd20
Event: 6.944 Thread 0x00007f190814c800 DEOPT UNPACKING pc=0x00007f18f7fa9633 sp=0x00007f18ee8fcb20 mode 0
Event: 7.078 Thread 0x00007f190814f800 DEOPT PACKING pc=0x00007f18f83595f0 sp=0x00007f18ee7fbe80
Event: 7.078 Thread 0x00007f190814f800 DEOPT UNPACKING pc=0x00007f18f7fa9633 sp=0x00007f18ee7fbc90 mode 0
Event: 7.117 Executing VM operation: ParallelGCFailedAllocation


Dynamic libraries:
00400000-00401000 r-xp 00000000 08:01 3016174                            /usr/lib/jvm/java-8-oracle/bin/java
00600000-00601000 rw-p 00000000 08:01 3016174                            /usr/lib/jvm/java-8-oracle/bin/java
01a27000-01a48000 rw-p 00000000 00:00 0                                  [heap]
c0000000-c3f00000 rw-p 00000000 00:00 0 
c3f00000-eab00000 ---p 00000000 00:00 0 
eab00000-ee200000 rw-p 00000000 00:00 0 
ee200000-100000000 ---p 00000000 00:00 0 
100000000-1000a0000 rw-p 00000000 00:00 0 
1000a0000-140000000 ---p 00000000 00:00 0 
7f18a0000000-7f18a002e000 rw-p 00000000 00:00 0 
7f18a002e000-7f18a4000000 ---p 00000000 00:00 0 
7f18a8000000-7f18a8022000 rw-p 00000000 00:00 0 
7f18a8022000-7f18ac000000 ---p 00000000 00:00 0 
7f18ac000000-7f18ac02d000 rw-p 00000000 00:00 0 
7f18ac02d000-7f18b0000000 ---p 00000000 00:00 0 
7f18b0000000-7f18b0022000 rw-p 00000000 00:00 0 
7f18b0022000-7f18b4000000 ---p 00000000 00:00 0 
7f18b4000000-7f18b4021000 rw-p 00000000 00:00 0 
7f18b4021000-7f18b8000000 ---p 00000000 00:00 0 
7f18b8000000-7f18b8021000 rw-p 00000000 00:00 0 
7f18b8021000-7f18bc000000 ---p 00000000 00:00 0 
7f18bc000000-7f18bc021000 rw-p 00000000 00:00 0 
7f18bc021000-7f18c0000000 ---p 00000000 00:00 0 
7f18c0000000-7f18c06d8000 rw-p 00000000 00:00 0 
7f18c06d8000-7f18c4000000 ---p 00000000 00:00 0 
7f18c4000000-7f18c48b5000 rw-p 00000000 00:00 0 
7f18c48b5000-7f18c8000000 ---p 00000000 00:00 0 
7f18c8000000-7f18c8021000 rw-p 00000000 00:00 0 
7f18c8021000-7f18cc000000 ---p 00000000 00:00 0 
7f18cc000000-7f18cc864000 rw-p 00000000 00:00 0 
7f18cc864000-7f18d0000000 ---p 00000000 00:00 0 
7f18d0000000-7f18d0021000 rw-p 00000000 00:00 0 
7f18d0021000-7f18d4000000 ---p 00000000 00:00 0 
7f18d4000000-7f18d4021000 rw-p 00000000 00:00 0 
7f18d4021000-7f18d8000000 ---p 00000000 00:00 0 
7f18d8000000-7f18d8021000 rw-p 00000000 00:00 0 
7f18d8021000-7f18dc000000 ---p 00000000 00:00 0 
7f18dc000000-7f18dc021000 rw-p 00000000 00:00 0 
7f18dc021000-7f18e0000000 ---p 00000000 00:00 0 
7f18e0000000-7f18e028c000 rw-p 00000000 00:00 0 
7f18e028c000-7f18e4000000 ---p 00000000 00:00 0 
7f18e8000000-7f18e8021000 rw-p 00000000 00:00 0 
7f18e8021000-7f18ec000000 ---p 00000000 00:00 0 
7f18ee6fd000-7f18ee700000 ---p 00000000 00:00 0 
7f18ee700000-7f18ee7fe000 rw-p 00000000 00:00 0 
7f18ee7fe000-7f18ee801000 ---p 00000000 00:00 0 
7f18ee801000-7f18ee8ff000 rw-p 00000000 00:00 0 
7f18ee8ff000-7f18ee902000 ---p 00000000 00:00 0 
7f18ee902000-7f18eea00000 rw-p 00000000 00:00 0 
7f18eea00000-7f18eea03000 ---p 00000000 00:00 0 
7f18eea03000-7f18eeb01000 rw-p 00000000 00:00 0 
7f18eeb01000-7f18eeb04000 ---p 00000000 00:00 0 
7f18eeb04000-7f18eec02000 rw-p 00000000 00:00 0 
7f18eec02000-7f18eec03000 ---p 00000000 00:00 0 
7f18eec03000-7f18eed03000 rw-p 00000000 00:00 0 
7f18eed03000-7f18eed06000 ---p 00000000 00:00 0 
7f18eed06000-7f18eee04000 rw-p 00000000 00:00 0 
7f18eee04000-7f18eee07000 ---p 00000000 00:00 0 
7f18eee07000-7f18eef05000 rw-p 00000000 00:00 0 
7f18eef05000-7f18eef08000 ---p 00000000 00:00 0 
7f18eef08000-7f18ef006000 rw-p 00000000 00:00 0 
7f18ef006000-7f18ef009000 ---p 00000000 00:00 0 
7f18ef009000-7f18ef107000 rw-p 00000000 00:00 0 
7f18ef107000-7f18ef10a000 ---p 00000000 00:00 0 
7f18ef10a000-7f18ef208000 rw-p 00000000 00:00 0 
7f18ef208000-7f18ef4f5000 r--p 00000000 08:01 2884254                    /usr/lib/locale/locale-archive
7f18ef4f5000-7f18ef4f8000 ---p 00000000 00:00 0 
7f18ef4f8000-7f18ef5f6000 rw-p 00000000 00:00 0 
7f18ef5f6000-7f18ef5f9000 ---p 00000000 00:00 0 
7f18ef5f9000-7f18ef6f7000 rw-p 00000000 00:00 0 
7f18ef6f7000-7f18ef6f8000 ---p 00000000 00:00 0 
7f18ef6f8000-7f18f0000000 rw-p 00000000 00:00 0 
7f18f0000000-7f18f0021000 rw-p 00000000 00:00 0 
7f18f0021000-7f18f4000000 ---p 00000000 00:00 0 
7f18f408e000-7f18f47f8000 rw-p 00000000 00:00 0 
7f18f47f8000-7f18f49d1000 r--s 03d1f000 08:01 3149907                    /usr/lib/jvm/java-8-oracle/jre/lib/rt.jar
7f18f49d1000-7f18f50c7000 rw-p 00000000 00:00 0 
7f18f50c7000-7f18f5247000 ---p 00000000 00:00 0 
7f18f5247000-7f18f7447000 rw-p 00000000 00:00 0 
7f18f7447000-7f18f7448000 ---p 00000000 00:00 0 
7f18f7448000-7f18f7548000 rw-p 00000000 00:00 0 
7f18f7548000-7f18f7549000 ---p 00000000 00:00 0 
7f18f7549000-7f18f7649000 rw-p 00000000 00:00 0 
7f18f7649000-7f18f764a000 ---p 00000000 00:00 0 
7f18f764a000-7f18f774a000 rw-p 00000000 00:00 0 
7f18f774a000-7f18f774b000 ---p 00000000 00:00 0 
7f18f774b000-7f18f786b000 rw-p 00000000 00:00 0 
7f18f786b000-7f18f79a1000 ---p 00000000 00:00 0 
7f18f79a1000-7f18f79c1000 rw-p 00000000 00:00 0 
7f18f79c1000-7f18f7af6000 ---p 00000000 00:00 0 
7f18f7af6000-7f18f7b12000 rw-p 00000000 00:00 0 
7f18f7b12000-7f18f7ba1000 ---p 00000000 00:00 0 
7f18f7ba1000-7f18f7bb6000 rw-p 00000000 00:00 0 
7f18f7bb6000-7f18f7f62000 ---p 00000000 00:00 0 
7f18f7f62000-7f18f8442000 rwxp 00000000 00:00 0 
7f18f8442000-7f1906f62000 ---p 00000000 00:00 0 
7f1906f62000-7f1906f7c000 r-xp 00000000 08:01 3284666                    /usr/lib/jvm/java-8-oracle/jre/lib/amd64/libzip.so
7f1906f7c000-7f190717c000 ---p 0001a000 08:01 3284666                    /usr/lib/jvm/java-8-oracle/jre/lib/amd64/libzip.so
7f190717c000-7f190717d000 rw-p 0001a000 08:01 3284666                    /usr/lib/jvm/java-8-oracle/jre/lib/amd64/libzip.so
7f190717d000-7f1907188000 r-xp 00000000 08:01 7999875                    /lib/x86_64-linux-gnu/libnss_files-2.23.so
7f1907188000-7f1907387000 ---p 0000b000 08:01 7999875                    /lib/x86_64-linux-gnu/libnss_files-2.23.so
7f1907387000-7f1907388000 r--p 0000a000 08:01 7999875                    /lib/x86_64-linux-gnu/libnss_files-2.23.so
7f1907388000-7f1907389000 rw-p 0000b000 08:01 7999875                    /lib/x86_64-linux-gnu/libnss_files-2.23.so
7f1907389000-7f190738f000 rw-p 00000000 00:00 0 
7f190738f000-7f190739a000 r-xp 00000000 08:01 7999868                    /lib/x86_64-linux-gnu/libnss_nis-2.23.so
7f190739a000-7f1907599000 ---p 0000b000 08:01 7999868                    /lib/x86_64-linux-gnu/libnss_nis-2.23.so
7f1907599000-7f190759a000 r--p 0000a000 08:01 7999868                    /lib/x86_64-linux-gnu/libnss_nis-2.23.so
7f190759a000-7f190759b000 rw-p 0000b000 08:01 7999868                    /lib/x86_64-linux-gnu/libnss_nis-2.23.so
7f190759b000-7f19075b1000 r-xp 00000000 08:01 7999864                    /lib/x86_64-linux-gnu/libnsl-2.23.so
7f19075b1000-7f19077b0000 ---p 00016000 08:01 7999864                    /lib/x86_64-linux-gnu/libnsl-2.23.so
7f19077b0000-7f19077b1000 r--p 00015000 08:01 7999864                    /lib/x86_64-linux-gnu/libnsl-2.23.so
7f19077b1000-7f19077b2000 rw-p 00016000 08:01 7999864                    /lib/x86_64-linux-gnu/libnsl-2.23.so
7f19077b2000-7f19077b4000 rw-p 00000000 00:00 0 
7f19077b4000-7f19077bc000 r-xp 00000000 08:01 7999507                    /lib/x86_64-linux-gnu/libnss_compat-2.23.so
7f19077bc000-7f19079bb000 ---p 00008000 08:01 7999507                    /lib/x86_64-linux-gnu/libnss_compat-2.23.so
7f19079bb000-7f19079bc000 r--p 00007000 08:01 7999507                    /lib/x86_64-linux-gnu/libnss_compat-2.23.so
7f19079bc000-7f19079bd000 rw-p 00008000 08:01 7999507                    /lib/x86_64-linux-gnu/libnss_compat-2.23.so
7f19079bd000-7f19079e7000 r-xp 00000000 08:01 3284615                    /usr/lib/jvm/java-8-oracle/jre/lib/amd64/libjava.so
7f19079e7000-7f1907be7000 ---p 0002a000 08:01 3284615                    /usr/lib/jvm/java-8-oracle/jre/lib/amd64/libjava.so
7f1907be7000-7f1907be9000 rw-p 0002a000 08:01 3284615                    /usr/lib/jvm/java-8-oracle/jre/lib/amd64/libjava.so
7f1907be9000-7f1907bf6000 r-xp 00000000 08:01 3284672                    /usr/lib/jvm/java-8-oracle/jre/lib/amd64/libverify.so
7f1907bf6000-7f1907df6000 ---p 0000d000 08:01 3284672                    /usr/lib/jvm/java-8-oracle/jre/lib/amd64/libverify.so
7f1907df6000-7f1907df8000 rw-p 0000d000 08:01 3284672                    /usr/lib/jvm/java-8-oracle/jre/lib/amd64/libverify.so
7f1907df8000-7f1907dff000 r-xp 00000000 08:01 7999892                    /lib/x86_64-linux-gnu/librt-2.23.so
7f1907dff000-7f1907ffe000 ---p 00007000 08:01 7999892                    /lib/x86_64-linux-gnu/librt-2.23.so
7f1907ffe000-7f1907fff000 r--p 00006000 08:01 7999892                    /lib/x86_64-linux-gnu/librt-2.23.so
7f1907fff000-7f1908000000 rw-p 00007000 08:01 7999892                    /lib/x86_64-linux-gnu/librt-2.23.so
7f1908000000-7f19083a1000 rw-p 00000000 00:00 0 
7f19083a1000-7f190c000000 ---p 00000000 00:00 0 
7f190c001000-7f190c010000 r--s 000df000 08:01 3938513                    /home/ahmed/Android/Sdk/build-tools/23.0.3/lib/dx.jar
7f190c010000-7f190c05f000 rw-p 00000000 00:00 0 
7f190c05f000-7f190c167000 r-xp 00000000 08:01 7999886                    /lib/x86_64-linux-gnu/libm-2.23.so
7f190c167000-7f190c366000 ---p 00108000 08:01 7999886                    /lib/x86_64-linux-gnu/libm-2.23.so
7f190c366000-7f190c367000 r--p 00107000 08:01 7999886                    /lib/x86_64-linux-gnu/libm-2.23.so
7f190c367000-7f190c368000 rw-p 00108000 08:01 7999886                    /lib/x86_64-linux-gnu/libm-2.23.so
7f190c368000-7f190d028000 r-xp 00000000 08:01 3284648                    /usr/lib/jvm/java-8-oracle/jre/lib/amd64/server/libjvm.so
7f190d028000-7f190d228000 ---p 00cc0000 08:01 3284648                    /usr/lib/jvm/java-8-oracle/jre/lib/amd64/server/libjvm.so
7f190d228000-7f190d300000 rw-p 00cc0000 08:01 3284648                    /usr/lib/jvm/java-8-oracle/jre/lib/amd64/server/libjvm.so
7f190d300000-7f190d34b000 rw-p 00000000 00:00 0 
7f190d34b000-7f190d50b000 r-xp 00000000 08:01 7999902                    /lib/x86_64-linux-gnu/libc-2.23.so
7f190d50b000-7f190d70a000 ---p 001c0000 08:01 7999902                    /lib/x86_64-linux-gnu/libc-2.23.so
7f190d70a000-7f190d70e000 r--p 001bf000 08:01 7999902                    /lib/x86_64-linux-gnu/libc-2.23.so
7f190d70e000-7f190d710000 rw-p 001c3000 08:01 7999902                    /lib/x86_64-linux-gnu/libc-2.23.so
7f190d710000-7f190d714000 rw-p 00000000 00:00 0 
7f190d714000-7f190d717000 r-xp 00000000 08:01 7999904                    /lib/x86_64-linux-gnu/libdl-2.23.so
7f190d717000-7f190d916000 ---p 00003000 08:01 7999904                    /lib/x86_64-linux-gnu/libdl-2.23.so
7f190d916000-7f190d917000 r--p 00002000 08:01 7999904                    /lib/x86_64-linux-gnu/libdl-2.23.so
7f190d917000-7f190d918000 rw-p 00003000 08:01 7999904                    /lib/x86_64-linux-gnu/libdl-2.23.so
7f190d918000-7f190d92d000 r-xp 00000000 08:01 4079274                    /usr/lib/jvm/java-8-oracle/lib/amd64/jli/libjli.so
7f190d92d000-7f190db2d000 ---p 00015000 08:01 4079274                    /usr/lib/jvm/java-8-oracle/lib/amd64/jli/libjli.so
7f190db2d000-7f190db2e000 rw-p 00015000 08:01 4079274                    /usr/lib/jvm/java-8-oracle/lib/amd64/jli/libjli.so
7f190db2e000-7f190db46000 r-xp 00000000 08:01 7999900                    /lib/x86_64-linux-gnu/libpthread-2.23.so
7f190db46000-7f190dd45000 ---p 00018000 08:01 7999900                    /lib/x86_64-linux-gnu/libpthread-2.23.so
7f190dd45000-7f190dd46000 r--p 00017000 08:01 7999900                    /lib/x86_64-linux-gnu/libpthread-2.23.so
7f190dd46000-7f190dd47000 rw-p 00018000 08:01 7999900                    /lib/x86_64-linux-gnu/libpthread-2.23.so
7f190dd47000-7f190dd4b000 rw-p 00000000 00:00 0 
7f190dd4b000-7f190dd71000 r-xp 00000000 08:01 7999894                    /lib/x86_64-linux-gnu/ld-2.23.so
7f190dd79000-7f190de3e000 rw-p 00000000 00:00 0 
7f190de3e000-7f190de41000 ---p 00000000 00:00 0 
7f190de41000-7f190df43000 rw-p 00000000 00:00 0 
7f190df44000-7f190df50000 r--s 00062000 08:01 4233866                    /home/ahmed/AndroidStudioProjects/MyApplication/app/build/intermediates/exploded-aar/com.google.android.gms/play-services-drive/8.3.0/jars/classes.jar
7f190df50000-7f190df64000 rw-p 00000000 00:00 0 
7f190df64000-7f190df6c000 rw-s 00000000 08:01 12860089                   /tmp/hsperfdata_ahmed/28351
7f190df6c000-7f190df6d000 rw-p 00000000 00:00 0 
7f190df6d000-7f190df6e000 ---p 00000000 00:00 0 
7f190df6e000-7f190df70000 rw-p 00000000 00:00 0 
7f190df70000-7f190df71000 r--p 00025000 08:01 7999894                    /lib/x86_64-linux-gnu/ld-2.23.so
7f190df71000-7f190df72000 rw-p 00026000 08:01 7999894                    /lib/x86_64-linux-gnu/ld-2.23.so
7f190df72000-7f190df73000 rw-p 00000000 00:00 0 
7ffc9e416000-7ffc9e437000 rw-p 00000000 00:00 0                          [stack]
7ffc9e580000-7ffc9e582000 r--p 00000000 00:00 0                          [vvar]
7ffc9e582000-7ffc9e584000 r-xp 00000000 00:00 0                          [vdso]
ffffffffff600000-ffffffffff601000 r-xp 00000000 00:00 0                  [vsyscall]

VM Arguments:
jvm_args: -Djava.awt.headless=true -Xmx1024M -Dfile.encoding=UTF-8 -Duser.country=US -Duser.language=en -Duser.variant 
java_command: com.android.dx.command.Main --dex --force-jumbo --num-threads=4 --multi-dex --output /home/ahmed/AndroidStudioProjects/MyApplication/app/build/intermediates/transforms/dex/debug/folders/1000/10/com.google.android.gms-play-services-drive-8.3.0_9ed9d4ad71281062a6e271faa00fe8377258af50 /home/ahmed/AndroidStudioProjects/MyApplication/app/build/intermediates/exploded-aar/com.google.android.gms/play-services-drive/8.3.0/jars/classes.jar
java_class_path (initial): /home/ahmed/Android/Sdk/build-tools/23.0.3/lib/dx.jar
Launcher Type: SUN_STANDARD

Environment Variables:
JAVA_HOME=/usr/lib/jvm/java-8-oracle
PATH=/usr/local/sbin:/usr/local/bin:/usr/sbin:/usr/bin:/sbin:/bin:/usr/games:/usr/local/games:/snap/bin
LD_LIBRARY_PATH=/home/ahmed/myData/android-studio/bin:
SHELL=/bin/bash
DISPLAY=:0

Signal Handlers:
SIGSEGV: [libjvm.so+0xabca10], sa_mask[0]=11111111011111111101111111111110, sa_flags=SA_RESTART|SA_SIGINFO
SIGBUS: [libjvm.so+0xabca10], sa_mask[0]=11111111011111111101111111111110, sa_flags=SA_RESTART|SA_SIGINFO
SIGFPE: [libjvm.so+0x919a20], sa_mask[0]=11111111011111111101111111111110, sa_flags=SA_RESTART|SA_SIGINFO
SIGPIPE: [libjvm.so+0x919a20], sa_mask[0]=11111111011111111101111111111110, sa_flags=SA_RESTART|SA_SIGINFO
SIGXFSZ: [libjvm.so+0x919a20], sa_mask[0]=11111111011111111101111111111110, sa_flags=SA_RESTART|SA_SIGINFO
SIGILL: [libjvm.so+0x919a20], sa_mask[0]=11111111011111111101111111111110, sa_flags=SA_RESTART|SA_SIGINFO
SIGUSR1: SIG_DFL, sa_mask[0]=00000000000000000000000000000000, sa_flags=none
SIGUSR2: [libjvm.so+0x91b050], sa_mask[0]=00100000000000000000000000000000, sa_flags=SA_RESTART|SA_SIGINFO
SIGHUP: [libjvm.so+0x91c450], sa_mask[0]=11111111011111111101111111111110, sa_flags=SA_RESTART|SA_SIGINFO
SIGINT: [libjvm.so+0x91c450], sa_mask[0]=11111111011111111101111111111110, sa_flags=SA_RESTART|SA_SIGINFO
SIGTERM: [libjvm.so+0x91c450], sa_mask[0]=11111111011111111101111111111110, sa_flags=SA_RESTART|SA_SIGINFO
SIGQUIT: [libjvm.so+0x91c450], sa_mask[0]=11111111011111111101111111111110, sa_flags=SA_RESTART|SA_SIGINFO


---------------  S Y S T E M  ---------------

OS:DISTRIB_ID=Ubuntu
DISTRIB_RELEASE=16.04
DISTRIB_CODENAME=xenial
DISTRIB_DESCRIPTION="Ubuntu 16.04.1 LTS"

uname:Linux 4.4.0-38-generic #57-Ubuntu SMP Tue Sep 6 15:42:33 UTC 2016 x86_64
libc:glibc 2.23 NPTL 2.23 
rlimit: STACK 8192k, CORE 0k, NPROC 23444, NOFILE 65536, AS infinity
load average:12.44 4.20 3.64

/proc/meminfo:
MemTotal:        6039136 kB
MemFree:          148484 kB
MemAvailable:     608516 kB
Buffers:           58024 kB
Cached:           844844 kB
SwapCached:       106648 kB
Active:          4428532 kB
Inactive:        1228760 kB
Active(anon):    4009520 kB
Inactive(anon):  1004004 kB
Active(file):     419012 kB
Inactive(file):   224756 kB
Unevictable:          48 kB
Mlocked:              48 kB
SwapTotal:       6213628 kB
SwapFree:        5133164 kB
Dirty:              2320 kB
Writeback:             0 kB
AnonPages:       4740228 kB
Mapped:           305740 kB
Shmem:            259100 kB
Slab:             106068 kB
SReclaimable:      58112 kB
SUnreclaim:        47956 kB
KernelStack:       15024 kB
PageTables:        59116 kB
NFS_Unstable:          0 kB
Bounce:                0 kB
WritebackTmp:          0 kB
CommitLimit:     9233196 kB
Committed_AS:   12050296 kB
VmallocTotal:   34359738367 kB
VmallocUsed:           0 kB
VmallocChunk:          0 kB
HardwareCorrupted:     0 kB
AnonHugePages:   3129344 kB
CmaTotal:              0 kB
CmaFree:               0 kB
HugePages_Total:       0
HugePages_Free:        0
HugePages_Rsvd:        0
HugePages_Surp:        0
Hugepagesize:       2048 kB
DirectMap4k:      197680 kB
DirectMap2M:     6023168 kB


CPU:total 4 (2 cores per cpu, 2 threads per core) family 6 model 42 stepping 7, cmov, cx8, fxsr, mmx, sse, sse2, sse3, ssse3, sse4.1, sse4.2, popcnt, avx, clmul, ht, tsc, tscinvbit

/proc/cpuinfo:
processor	: 0
vendor_id	: GenuineIntel
cpu family	: 6
model		: 42
model name	: Intel(R) Core(TM) i3-2310M CPU @ 2.10GHz
stepping	: 7
microcode	: 0x14
cpu MHz		: 2099.917
cache size	: 3072 KB
physical id	: 0
siblings	: 4
core id		: 0
cpu cores	: 2
apicid		: 0
initial apicid	: 0
fpu		: yes
fpu_exception	: yes
cpuid level	: 13
wp		: yes
flags		: fpu vme de pse tsc msr pae mce cx8 apic sep mtrr pge mca cmov pat pse36 clflush dts acpi mmx fxsr sse sse2 ss ht tm pbe syscall nx rdtscp lm constant_tsc arch_perfmon pebs bts rep_good nopl xtopology nonstop_tsc aperfmperf eagerfpu pni pclmulqdq dtes64 monitor ds_cpl vmx est tm2 ssse3 cx16 xtpr pdcm pcid sse4_1 sse4_2 x2apic popcnt tsc_deadline_timer xsave avx lahf_lm epb tpr_shadow vnmi flexpriority ept vpid xsaveopt dtherm arat pln pts
bugs		:
bogomips	: 4190.58
clflush size	: 64
cache_alignment	: 64
address sizes	: 36 bits physical, 48 bits virtual
power management:

processor	: 1
vendor_id	: GenuineIntel
cpu family	: 6
model		: 42
model name	: Intel(R) Core(TM) i3-2310M CPU @ 2.10GHz
stepping	: 7
microcode	: 0x14
cpu MHz		: 2099.917
cache size	: 3072 KB
physical id	: 0
siblings	: 4
core id		: 0
cpu cores	: 2
apicid		: 1
initial apicid	: 1
fpu		: yes
fpu_exception	: yes
cpuid level	: 13
wp		: yes
flags		: fpu vme de pse tsc msr pae mce cx8 apic sep mtrr pge mca cmov pat pse36 clflush dts acpi mmx fxsr sse sse2 ss ht tm pbe syscall nx rdtscp lm constant_tsc arch_perfmon pebs bts rep_good nopl xtopology nonstop_tsc aperfmperf eagerfpu pni pclmulqdq dtes64 monitor ds_cpl vmx est tm2 ssse3 cx16 xtpr pdcm pcid sse4_1 sse4_2 x2apic popcnt tsc_deadline_timer xsave avx lahf_lm epb tpr_shadow vnmi flexpriority ept vpid xsaveopt dtherm arat pln pts
bugs		:
bogomips	: 4190.58
clflush size	: 64
cache_alignment	: 64
address sizes	: 36 bits physical, 48 bits virtual
power management:

processor	: 2
vendor_id	: GenuineIntel
cpu family	: 6
model		: 42
model name	: Intel(R) Core(TM) i3-2310M CPU @ 2.10GHz
stepping	: 7
microcode	: 0x14
cpu MHz		: 2100.000
cache size	: 3072 KB
physical id	: 0
siblings	: 4
core id		: 1
cpu cores	: 2
apicid		: 2
initial apicid	: 2
fpu		: yes
fpu_exception	: yes
cpuid level	: 13
wp		: yes
flags		: fpu vme de pse tsc msr pae mce cx8 apic sep mtrr pge mca cmov pat pse36 clflush dts acpi mmx fxsr sse sse2 ss ht tm pbe syscall nx rdtscp lm constant_tsc arch_perfmon pebs bts rep_good nopl xtopology nonstop_tsc aperfmperf eagerfpu pni pclmulqdq dtes64 monitor ds_cpl vmx est tm2 ssse3 cx16 xtpr pdcm pcid sse4_1 sse4_2 x2apic popcnt tsc_deadline_timer xsave avx lahf_lm epb tpr_shadow vnmi flexpriority ept vpid xsaveopt dtherm arat pln pts
bugs		:
bogomips	: 4190.58
clflush size	: 64
cache_alignment	: 64
address sizes	: 36 bits physical, 48 bits virtual
power management:

processor	: 3
vendor_id	: GenuineIntel
cpu family	: 6
model		: 42
model name	: Intel(R) Core(TM) i3-2310M CPU @ 2.10GHz
stepping	: 7
microcode	: 0x14
cpu MHz		: 2099.917
cache size	: 3072 KB
physical id	: 0
siblings	: 4
core id		: 1
cpu cores	: 2
apicid		: 3
initial apicid	: 3
fpu		: yes
fpu_exception	: yes
cpuid level	: 13
wp		: yes
flags		: fpu vme de pse tsc msr pae mce cx8 apic sep mtrr pge mca cmov pat pse36 clflush dts acpi mmx fxsr sse sse2 ss ht tm pbe syscall nx rdtscp lm constant_tsc arch_perfmon pebs bts rep_good nopl xtopology nonstop_tsc aperfmperf eagerfpu pni pclmulqdq dtes64 monitor ds_cpl vmx est tm2 ssse3 cx16 xtpr pdcm pcid sse4_1 sse4_2 x2apic popcnt tsc_deadline_timer xsave avx lahf_lm epb tpr_shadow vnmi flexpriority ept vpid xsaveopt dtherm arat pln pts
bugs		:
bogomips	: 4190.58
clflush size	: 64
cache_alignment	: 64
address sizes	: 36 bits physical, 48 bits virtual
power management:



Memory: 4k page, physical 6039136k(148484k free), swap 6213628k(5133164k free)

vm_info: Java HotSpot(TM) 64-Bit Server VM (25.91-b14) for linux-amd64 JRE (1.8.0_91-b14), built on Apr  1 2016 00:57:21 by "java_re" with gcc 4.3.0 20080428 (Red Hat 4.3.0-8)

time: Thu Oct 13 14:35:38 2016
elapsed time: 7 seconds (0d 0h 0m 7s)

