#
# A fatal error has been detected by the Java Runtime Environment:
#
#  SIGSEGV (0xb) at pc=0x00007f7d8f12b323, pid=12783, tid=140177212618496
#
# JRE version: Java(TM) SE Runtime Environment (8.0_91-b14) (build 1.8.0_91-b14)
# Java VM: Java HotSpot(TM) 64-Bit Server VM (25.91-b14 mixed mode linux-amd64 compressed oops)
# Problematic frame:
# V  [libjvm.so+0x3fe323]  CardTableExtension::scavenge_contents_parallel(ObjectStartArray*, MutableSpace*, HeapWord*, PSPromotionManager*, unsigned int, unsigned int)+0x573
#
# Failed to write core dump. Core dumps have been disabled. To enable core dumping, try "ulimit -c unlimited" before starting Java again
#
# If you would like to submit a bug report, please visit:
#   http://bugreport.java.com/bugreport/crash.jsp
#

---------------  T H R E A D  ---------------

Current thread (0x00007f7d88024800):  GCTaskThread [stack: 0x00007f7d8ce6b000,0x00007f7d8cf6c000] [id=12791]

siginfo: si_signo: 11 (SIGSEGV), si_code: 2 (SEGV_ACCERR), si_addr: 0x0000000102082d68

Registers:
RAX=0x00007f7d8fcb0490, RBX=0x00000000c0787a08, RCX=0x0000000000000003, RDX=0x00007f7d8fcd4879
RSP=0x00007f7d8cf6ab10, RBP=0x00007f7d8cf6abc0, RSI=0x0000000000000020, RDI=0x0000000102082d60
R8 =0x00007f7d8d3c8c80, R9 =0x00007f7d8fce3ed0, R10=0x00007f7d8cf6aab0, R11=0x00007f7d8cf6aac0
R12=0x00000000c0790008, R13=0x00007f7d8d3c8c81, R14=0x00007f7d88017ce0, R15=0x00007f7d8d3c8c81
RIP=0x00007f7d8f12b323, EFLAGS=0x0000000000010206, CSGSFS=0x0000000000000033, ERR=0x0000000000000004
  TRAPNO=0x000000000000000e

Top of Stack: (sp=0x00007f7d8cf6ab10)
0x00007f7d8cf6ab10:   00007f7d8801ed00 00007f7d8d3c8c80
0x00007f7d8cf6ab20:   00007f7d8d3c8c01 00007f7d8fcd4879
0x00007f7d8cf6ab30:   00007f7d88075500 00000000c53d20f8
0x00007f7d8cf6ab40:   00007f7d88017a20 00007f7d8d3eee91
0x00007f7d8cf6ab50:   00000000c0750018 0000000000000200
0x00007f7d8cf6ab60:   00000000c0790008 00007f7d8d3c8c00
0x00007f7d8cf6ab70:   0000000000000240 00007f7d8d3c8e00
0x00007f7d8cf6ab80:   00007f7d8d3c8e00 00007f7d8d3c8c81
0x00007f7d8cf6ab90:   00007f7d8d3c8c00 00007f7d88026e90
0x00007f7d8cf6aba0:   00007f7d88075500 0000000000000001
0x00007f7d8cf6abb0:   00007f7d88024df0 00007f7d8f87316c
0x00007f7d8cf6abc0:   00007f7d8cf6abf0 00007f7d8f6b66cb
0x00007f7d8cf6abd0:   00007f7d00000004 0000000000000002
0x00007f7d8cf6abe0:   00007f7d88026e90 00007f7d88024800
0x00007f7d8cf6abf0:   00007f7d8cf6ad00 00007f7d8f30284f
0x00007f7d8cf6ac00:   0000000000000000 00007f7d8cf6ac40
0x00007f7d8cf6ac10:   00007f7d8cf6acc0 0000000000000000
0x00007f7d8cf6ac20:   00007f7d88024e30 00007f7d88024e40
0x00007f7d8cf6ac30:   00007f7d88025218 00000000000003d8
0x00007f7d8cf6ac40:   00007f7d88024800 00007f7d88025220
0x00007f7d8cf6ac50:   00007f7d88025260 00007f7d88025270
0x00007f7d8cf6ac60:   00007f7d88025348 00000000000000d8
0x00007f7d8cf6ac70:   00007f7d8cf6ac80 00007f7d8f606247
0x00007f7d8cf6ac80:   00007f7d88024800 00007f7d88025220
0x00007f7d8cf6ac90:   00007f7d88025260 00007f7d88025270
0x00007f7d8cf6aca0:   00007f7d88025348 00000000000000d8
0x00007f7d8cf6acb0:   00007f7d88025480 00007f7d8f606b06
0x00007f7d8cf6acc0:   0000000000000000 00007f7d88024800
0x00007f7d8cf6acd0:   00007f7d8cf6ad00 0000000000000000
0x00007f7d8cf6ace0:   00007f7d88025df0 00007f7d88025d00
0x00007f7d8cf6acf0:   00007f7d88024800 0000000000000000
0x00007f7d8cf6ad00:   00007f7d8cf6af50 00007f7d8f64bf78 

Instructions: (pc=0x00007f7d8f12b323)
0x00007f7d8f12b303:   04 00 00 48 98 48 89 45 b0 eb 6d 66 90 48 8b 05
0x00007f7d8f12b313:   91 61 b6 00 8b 7b 08 8b 48 08 48 d3 e7 48 03 38
0x00007f7d8f12b323:   81 7f 08 ff ff ff bf 76 70 48 8b 8d 68 ff ff ff
0x00007f7d8f12b333:   0f b6 11 84 d2 0f 84 22 04 00 00 48 8b 05 63 61 

Register to memory mapping:

RAX=0x00007f7d8fcb0490: <offset 0xf83490> in /usr/lib/jvm/java-8-oracle/jre/lib/amd64/server/libjvm.so at 0x00007f7d8ed2d000
RBX=
[error occurred during error reporting (printing register info), id 0xb]

Stack: [0x00007f7d8ce6b000,0x00007f7d8cf6c000],  sp=0x00007f7d8cf6ab10,  free space=1022k
Native frames: (J=compiled Java code, j=interpreted, Vv=VM code, C=native code)
V  [libjvm.so+0x3fe323]  CardTableExtension::scavenge_contents_parallel(ObjectStartArray*, MutableSpace*, HeapWord*, PSPromotionManager*, unsigned int, unsigned int)+0x573
V  [libjvm.so+0x9896cb]  OldToYoungRootsTask::do_it(GCTaskManager*, unsigned int)+0x4b
V  [libjvm.so+0x5d584f]  GCTaskThread::run()+0x12f
V  [libjvm.so+0x91ef78]  java_start(Thread*)+0x108


---------------  P R O C E S S  ---------------

Java Threads: ( => current thread )
  0x00007f7d88153000 JavaThread "pool-2-thread-4" [_thread_blocked, id=12813, stack(0x00007f7d750f7000,0x00007f7d751f8000)]
  0x00007f7d88151000 JavaThread "pool-2-thread-3" [_thread_blocked, id=12812, stack(0x00007f7d751f8000,0x00007f7d752f9000)]
  0x00007f7d8814f800 JavaThread "pool-2-thread-2" [_thread_blocked, id=12811, stack(0x00007f7d752f9000,0x00007f7d753fa000)]
  0x00007f7d8814b000 JavaThread "pool-3-thread-1" [_thread_blocked, id=12810, stack(0x00007f7d753fa000,0x00007f7d754fb000)]
  0x00007f7d88149000 JavaThread "pool-2-thread-1" [_thread_blocked, id=12809, stack(0x00007f7d754fb000,0x00007f7d755fc000)]
  0x00007f7d880d3800 JavaThread "Service Thread" daemon [_thread_blocked, id=12800, stack(0x00007f7d756fd000,0x00007f7d757fe000)]
  0x00007f7d880be000 JavaThread "C1 CompilerThread2" daemon [_thread_in_native, id=12799, stack(0x00007f7d757fe000,0x00007f7d758ff000)]
  0x00007f7d880bc800 JavaThread "C2 CompilerThread1" daemon [_thread_in_native, id=12798, stack(0x00007f7d758ff000,0x00007f7d75a00000)]
  0x00007f7d880b9800 JavaThread "C2 CompilerThread0" daemon [_thread_in_native, id=12797, stack(0x00007f7d75a00000,0x00007f7d75b01000)]
  0x00007f7d880b8000 JavaThread "Signal Dispatcher" daemon [_thread_blocked, id=12796, stack(0x00007f7d75b01000,0x00007f7d75c02000)]
  0x00007f7d88084000 JavaThread "Finalizer" daemon [_thread_blocked, id=12794, stack(0x00007f7d75eef000,0x00007f7d75ff0000)]
  0x00007f7d8807f800 JavaThread "Reference Handler" daemon [_thread_blocked, id=12793, stack(0x00007f7d75ff0000,0x00007f7d760f1000)]
  0x00007f7d8800a000 JavaThread "main" [_thread_in_native_trans, id=12786, stack(0x00007f7d90803000,0x00007f7d90904000)]

Other Threads:
  0x00007f7d88078000 VMThread [stack: 0x00007f7d760f1000,0x00007f7d761f2000] [id=12792]
  0x00007f7d880d6000 WatcherThread [stack: 0x00007f7d755fc000,0x00007f7d756fd000] [id=12801]

=>0x00007f7d88024800 (exited) GCTaskThread [stack: 0x00007f7d8ce6b000,0x00007f7d8cf6c000] [id=12791]

VM state:at safepoint (normal execution)

VM Mutex/Monitor currently owned by a thread:  ([mutex/lock_event])
[0x00007f7d88006570] Threads_lock - owner thread: 0x00007f7d88078000
[0x00007f7d88006a70] Heap_lock - owner thread: 0x00007f7d88153000

Heap:
 PSYoungGen      total 189440K, used 172936K [0x00000000eab00000, 0x00000000fdb00000, 0x0000000100000000)
  eden space 164352K, 100% used [0x00000000eab00000,0x00000000f4b80000,0x00000000f4b80000)
  from space 25088K, 34% used [0x00000000f8380000,0x00000000f8be2028,0x00000000f9c00000)
  to   space 57344K, 0% used [0x00000000f4b80000,0x00000000f4b80000,0x00000000f8380000)
 ParOldGen       total 166400K, used 85832K [0x00000000c0000000, 0x00000000ca280000, 0x00000000eab00000)
  object space 166400K, 51% used [0x00000000c0000000,0x00000000c53d20f8,0x00000000ca280000)
 Metaspace       used 6160K, capacity 7064K, committed 7424K, reserved 1056768K
  class space    used 609K, capacity 656K, committed 768K, reserved 1048576K

Card table byte_map: [0x00007f7d8d3c5000,0x00007f7d8d5c6000] byte_map_base: 0x00007f7d8cdc5000

Marking Bits: (ParMarkBitMap*) 0x00007f7d8fce3d60
 Begin Bits: [0x00007f7d77000000, 0x00007f7d78000000)
 End Bits:   [0x00007f7d78000000, 0x00007f7d79000000)

Polling page: 0x00007f7d90932000

CodeCache: size=245760Kb used=5863Kb max_used=5863Kb free=239896Kb
 bounds [0x00007f7d79000000, 0x00007f7d795d0000, 0x00007f7d88000000]
 total_blobs=1831 nmethods=1563 adapters=182
 compilation: enabled

Compilation events (10 events):
Event: 17.541 Thread 0x00007f7d880be000 nmethod 1892 0x00007f7d7959f890 code [0x00007f7d7959fa40, 0x00007f7d7959ff68]
Event: 17.623 Thread 0x00007f7d880be000 1900       2       com.android.dx.util.ListIntSet::<init> (23 bytes)
Event: 17.623 Thread 0x00007f7d880be000 nmethod 1900 0x00007f7d7954a690 code [0x00007f7d7954a840, 0x00007f7d7954abb8]
Event: 17.626 Thread 0x00007f7d880be000 1902 %     3       com.android.dx.ssa.DomFront::calcDomFronts @ 10 (154 bytes)
Event: 17.627 Thread 0x00007f7d880be000 nmethod 1902% 0x00007f7d795aa410 code [0x00007f7d795aa660, 0x00007f7d795ab248]
Event: 17.640 Thread 0x00007f7d880be000 1903       3       com.android.dx.ssa.DomFront::calcDomFronts (154 bytes)
Event: 17.641 Thread 0x00007f7d880be000 nmethod 1903 0x00007f7d795a8dd0 code [0x00007f7d795a9020, 0x00007f7d795a9b68]
Event: 17.644 Thread 0x00007f7d880be000 1904 %     2       com.android.dx.ssa.SsaConverter::placePhiFunctions @ 131 (394 bytes)
Event: 17.653 Thread 0x00007f7d880be000 nmethod 1904% 0x00007f7d795a4710 code [0x00007f7d795a4b00, 0x00007f7d795a6408]
Event: 17.668 Thread 0x00007f7d880be000 1905 %     2       com.android.dx.ssa.SsaConverter::placePhiFunctions @ 103 (394 bytes)

GC Heap History (10 events):
Event: 5.582 GC heap after
Heap after GC invocations=3 (full 0):
 PSYoungGen      total 52736K, used 3552K [0x00000000eab00000, 0x00000000f1200000, 0x0000000100000000)
  eden space 49152K, 0% used [0x00000000eab00000,0x00000000eab00000,0x00000000edb00000)
  from space 3584K, 99% used [0x00000000edb00000,0x00000000ede78030,0x00000000ede80000)
  to   space 3584K, 0% used [0x00000000f0e80000,0x00000000f0e80000,0x00000000f1200000)
 ParOldGen       total 64512K, used 9135K [0x00000000c0000000, 0x00000000c3f00000, 0x00000000eab00000)
  object space 64512K, 14% used [0x00000000c0000000,0x00000000c08ebda8,0x00000000c3f00000)
 Metaspace       used 5872K, capacity 6832K, committed 7040K, reserved 1056768K
  class space    used 588K, capacity 616K, committed 640K, reserved 1048576K
}
Event: 6.615 GC heap before
{Heap before GC invocations=4 (full 0):
 PSYoungGen      total 52736K, used 52704K [0x00000000eab00000, 0x00000000f1200000, 0x0000000100000000)
  eden space 49152K, 100% used [0x00000000eab00000,0x00000000edb00000,0x00000000edb00000)
  from space 3584K, 99% used [0x00000000edb00000,0x00000000ede78030,0x00000000ede80000)
  to   space 3584K, 0% used [0x00000000f0e80000,0x00000000f0e80000,0x00000000f1200000)
 ParOldGen       total 64512K, used 9135K [0x00000000c0000000, 0x00000000c3f00000, 0x00000000eab00000)
  object space 64512K, 14% used [0x00000000c0000000,0x00000000c08ebda8,0x00000000c3f00000)
 Metaspace       used 5997K, capacity 6936K, committed 7168K, reserved 1056768K
  class space    used 608K, capacity 656K, committed 768K, reserved 1048576K
Event: 6.706 GC heap after
Heap after GC invocations=4 (full 0):
 PSYoungGen      total 101888K, used 3568K [0x00000000eab00000, 0x00000000f1200000, 0x0000000100000000)
  eden space 98304K, 0% used [0x00000000eab00000,0x00000000eab00000,0x00000000f0b00000)
  from space 3584K, 99% used [0x00000000f0e80000,0x00000000f11fc020,0x00000000f1200000)
  to   space 3584K, 0% used [0x00000000f0b00000,0x00000000f0b00000,0x00000000f0e80000)
 ParOldGen       total 64512K, used 16269K [0x00000000c0000000, 0x00000000c3f00000, 0x00000000eab00000)
  object space 64512K, 25% used [0x00000000c0000000,0x00000000c0fe3478,0x00000000c3f00000)
 Metaspace       used 5997K, capacity 6936K, committed 7168K, reserved 1056768K
  class space    used 608K, capacity 656K, committed 768K, reserved 1048576K
}
Event: 8.204 GC heap before
{Heap before GC invocations=5 (full 0):
 PSYoungGen      total 101888K, used 101872K [0x00000000eab00000, 0x00000000f1200000, 0x0000000100000000)
  eden space 98304K, 100% used [0x00000000eab00000,0x00000000f0b00000,0x00000000f0b00000)
  from space 3584K, 99% used [0x00000000f0e80000,0x00000000f11fc020,0x00000000f1200000)
  to   space 3584K, 0% used [0x00000000f0b00000,0x00000000f0b00000,0x00000000f0e80000)
 ParOldGen       total 64512K, used 16269K [0x00000000c0000000, 0x00000000c3f00000, 0x00000000eab00000)
  object space 64512K, 25% used [0x00000000c0000000,0x00000000c0fe3478,0x00000000c3f00000)
 Metaspace       used 6148K, capacity 7064K, committed 7424K, reserved 1056768K
  class space    used 608K, capacity 656K, committed 768K, reserved 1048576K
Event: 8.331 GC heap after
Heap after GC invocations=5 (full 0):
 PSYoungGen      total 101888K, used 3554K [0x00000000eab00000, 0x00000000f9c00000, 0x0000000100000000)
  eden space 98304K, 0% used [0x00000000eab00000,0x00000000eab00000,0x00000000f0b00000)
  from space 3584K, 99% used [0x00000000f0b00000,0x00000000f0e78a98,0x00000000f0e80000)
  to   space 25088K, 0% used [0x00000000f8380000,0x00000000f8380000,0x00000000f9c00000)
 ParOldGen       total 64512K, used 37426K [0x00000000c0000000, 0x00000000c3f00000, 0x00000000eab00000)
  object space 64512K, 58% used [0x00000000c0000000,0x00000000c248c938,0x00000000c3f00000)
 Metaspace       used 6148K, capacity 7064K, committed 7424K, reserved 1056768K
  class space    used 608K, capacity 656K, committed 768K, reserved 1048576K
}
Event: 15.756 GC heap before
{Heap before GC invocations=6 (full 0):
 PSYoungGen      total 101888K, used 101858K [0x00000000eab00000, 0x00000000f9c00000, 0x0000000100000000)
  eden space 98304K, 100% used [0x00000000eab00000,0x00000000f0b00000,0x00000000f0b00000)
  from space 3584K, 99% used [0x00000000f0b00000,0x00000000f0e78a98,0x00000000f0e80000)
  to   space 25088K, 0% used [0x00000000f8380000,0x00000000f8380000,0x00000000f9c00000)
 ParOldGen       total 64512K, used 37426K [0x00000000c0000000, 0x00000000c3f00000, 0x00000000eab00000)
  object space 64512K, 58% used [0x00000000c0000000,0x00000000c248c938,0x00000000c3f00000)
 Metaspace       used 6155K, capacity 7064K, committed 7424K, reserved 1056768K
  class space    used 608K, capacity 656K, committed 768K, reserved 1048576K
Event: 16.095 GC heap after
Heap after GC invocations=6 (full 0):
 PSYoungGen      total 189440K, used 25082K [0x00000000eab00000, 0x00000000fdb00000, 0x0000000100000000)
  eden space 164352K, 0% used [0x00000000eab00000,0x00000000eab00000,0x00000000f4b80000)
  from space 25088K, 99% used [0x00000000f8380000,0x00000000f9bfe8f0,0x00000000f9c00000)
  to   space 57344K, 0% used [0x00000000f4b80000,0x00000000f4b80000,0x00000000f8380000)
 ParOldGen       total 86016K, used 84130K [0x00000000c0000000, 0x00000000c5400000, 0x00000000eab00000)
  object space 86016K, 97% used [0x00000000c0000000,0x00000000c5228900,0x00000000c5400000)
 Metaspace       used 6155K, capacity 7064K, committed 7424K, reserved 1056768K
  class space    used 608K, capacity 656K, committed 768K, reserved 1048576K
}
Event: 16.095 GC heap before
{Heap before GC invocations=7 (full 1):
 PSYoungGen      total 189440K, used 25082K [0x00000000eab00000, 0x00000000fdb00000, 0x0000000100000000)
  eden space 164352K, 0% used [0x00000000eab00000,0x00000000eab00000,0x00000000f4b80000)
  from space 25088K, 99% used [0x00000000f8380000,0x00000000f9bfe8f0,0x00000000f9c00000)
  to   space 57344K, 0% used [0x00000000f4b80000,0x00000000f4b80000,0x00000000f8380000)
 ParOldGen       total 86016K, used 84130K [0x00000000c0000000, 0x00000000c5400000, 0x00000000eab00000)
  object space 86016K, 97% used [0x00000000c0000000,0x00000000c5228900,0x00000000c5400000)
 Metaspace       used 6155K, capacity 7064K, committed 7424K, reserved 1056768K
  class space    used 608K, capacity 656K, committed 768K, reserved 1048576K
Event: 17.396 GC heap after
Heap after GC invocations=7 (full 1):
 PSYoungGen      total 189440K, used 8584K [0x00000000eab00000, 0x00000000fdb00000, 0x0000000100000000)
  eden space 164352K, 0% used [0x00000000eab00000,0x00000000eab00000,0x00000000f4b80000)
  from space 25088K, 34% used [0x00000000f8380000,0x00000000f8be2028,0x00000000f9c00000)
  to   space 57344K, 0% used [0x00000000f4b80000,0x00000000f4b80000,0x00000000f8380000)
 ParOldGen       total 166400K, used 85832K [0x00000000c0000000, 0x00000000ca280000, 0x00000000eab00000)
  object space 166400K, 51% used [0x00000000c0000000,0x00000000c53d20f8,0x00000000ca280000)
 Metaspace       used 6155K, capacity 7064K, committed 7424K, reserved 1056768K
  class space    used 608K, capacity 656K, committed 768K, reserved 1048576K
}
Event: 17.672 GC heap before
{Heap before GC invocations=8 (full 1):
 PSYoungGen      total 189440K, used 172936K [0x00000000eab00000, 0x00000000fdb00000, 0x0000000100000000)
  eden space 164352K, 100% used [0x00000000eab00000,0x00000000f4b80000,0x00000000f4b80000)
  from space 25088K, 34% used [0x00000000f8380000,0x00000000f8be2028,0x00000000f9c00000)
  to   space 57344K, 0% used [0x00000000f4b80000,0x00000000f4b80000,0x00000000f8380000)
 ParOldGen       total 166400K, used 85832K [0x00000000c0000000, 0x00000000ca280000, 0x00000000eab00000)
  object space 166400K, 51% used [0x00000000c0000000,0x00000000c53d20f8,0x00000000ca280000)
 Metaspace       used 6160K, capacity 7064K, committed 7424K, reserved 1056768K
  class space    used 609K, capacity 656K, committed 768K, reserved 1048576K

Deoptimization events (10 events):
Event: 3.267 Thread 0x00007f7d8814f800 Uncommon trap: reason=class_check action=maybe_recompile pc=0x00007f7d79216c84 method=com.android.dx.ssa.NormalSsaInsn.accept(Lcom/android/dx/ssa/SsaInsn$Visitor;)V @ 9
Event: 3.267 Thread 0x00007f7d8814f800 Uncommon trap: reason=class_check action=maybe_recompile pc=0x00007f7d79217390 method=com.android.dx.ssa.NormalSsaInsn.accept(Lcom/android/dx/ssa/SsaInsn$Visitor;)V @ 9
Event: 3.267 Thread 0x00007f7d8814f800 Uncommon trap: reason=class_check action=maybe_recompile pc=0x00007f7d79217390 method=com.android.dx.ssa.NormalSsaInsn.accept(Lcom/android/dx/ssa/SsaInsn$Visitor;)V @ 9
Event: 3.335 Thread 0x00007f7d8814f800 Uncommon trap: reason=class_check action=maybe_recompile pc=0x00007f7d79216c84 method=com.android.dx.ssa.NormalSsaInsn.accept(Lcom/android/dx/ssa/SsaInsn$Visitor;)V @ 9
Event: 4.139 Thread 0x00007f7d88153000 Uncommon trap: reason=unstable_if action=reinterpret pc=0x00007f7d792dcf4c method=com.android.dx.rop.code.RegisterSpecSet.put(Lcom/android/dx/rop/code/RegisterSpec;)V @ 77
Event: 4.473 Thread 0x00007f7d88153000 Uncommon trap: reason=bimorphic action=maybe_recompile pc=0x00007f7d792040c8 method=java.util.HashMap.getNode(ILjava/lang/Object;)Ljava/util/HashMap$Node; @ 126
Event: 4.672 Thread 0x00007f7d88151000 Uncommon trap: reason=bimorphic action=maybe_recompile pc=0x00007f7d792040c8 method=java.util.HashMap.getNode(ILjava/lang/Object;)Ljava/util/HashMap$Node; @ 126
Event: 6.049 Thread 0x00007f7d88153000 Uncommon trap: reason=unstable_if action=reinterpret pc=0x00007f7d79271274 method=java.util.HashMap.putVal(ILjava/lang/Object;Ljava/lang/Object;ZZ)Ljava/lang/Object; @ 162
Event: 6.091 Thread 0x00007f7d88153000 Uncommon trap: reason=unstable_if action=reinterpret pc=0x00007f7d792040ac method=java.util.HashMap.getNode(ILjava/lang/Object;)Ljava/util/HashMap$Node; @ 84
Event: 6.092 Thread 0x00007f7d88153000 Uncommon trap: reason=unstable_if action=reinterpret pc=0x00007f7d791f6e78 method=java.util.HashMap.getNode(ILjava/lang/Object;)Ljava/util/HashMap$Node; @ 84

Internal exceptions (5 events):
Event: 0.176 Thread 0x00007f7d8800a000 Exception <a 'java/lang/NoSuchMethodError': Method sun.misc.Unsafe.defineClass(Ljava/lang/String;[BII)Ljava/lang/Class; name or signature does not match> (0x00000000eab07cc0) thrown at [/HUDSON/workspace/8-2-build-linux-amd64/jdk8u91/6644/hotspot/src/shar
Event: 0.177 Thread 0x00007f7d8800a000 Exception <a 'java/lang/NoSuchMethodError': Method sun.misc.Unsafe.prefetchRead(Ljava/lang/Object;J)V name or signature does not match> (0x00000000eab07fa8) thrown at [/HUDSON/workspace/8-2-build-linux-amd64/jdk8u91/6644/hotspot/src/share/vm/prims/jni.cpp
Event: 6.062 Thread 0x00007f7d88153000 Exception <a 'java/lang/ArrayIndexOutOfBoundsException': 18> (0x00000000ebf2f280) thrown at [/HUDSON/workspace/8-2-build-linux-amd64/jdk8u91/6644/hotspot/src/share/vm/interpreter/interpreterRuntime.cpp, line 366]
Event: 6.062 Thread 0x00007f7d88153000 Exception <a 'java/lang/ArrayIndexOutOfBoundsException': 145> (0x00000000ebf30e00) thrown at [/HUDSON/workspace/8-2-build-linux-amd64/jdk8u91/6644/hotspot/src/share/vm/interpreter/interpreterRuntime.cpp, line 366]
Event: 6.063 Thread 0x00007f7d88153000 Exception <a 'java/lang/ArrayIndexOutOfBoundsException': 40> (0x00000000ebf320e8) thrown at [/HUDSON/workspace/8-2-build-linux-amd64/jdk8u91/6644/hotspot/src/share/vm/interpreter/interpreterRuntime.cpp, line 366]

Events (10 events):
Event: 17.654 Thread 0x00007f7d8800a000 DEOPT UNPACKING pc=0x00007f7d79047633 sp=0x00007f7d909015f8 mode 0
Event: 17.655 Thread 0x00007f7d8800a000 DEOPT PACKING pc=0x00007f7d793178d9 sp=0x00007f7d909018c0
Event: 17.655 Thread 0x00007f7d8800a000 DEOPT UNPACKING pc=0x00007f7d79047633 sp=0x00007f7d909015f8 mode 0
Event: 17.664 Thread 0x00007f7d88149000 DEOPT PACKING pc=0x00007f7d793178d9 sp=0x00007f7d755fa060
Event: 17.664 Thread 0x00007f7d88149000 DEOPT UNPACKING pc=0x00007f7d79047633 sp=0x00007f7d755f9d98 mode 0
Event: 17.666 Thread 0x00007f7d88149000 DEOPT PACKING pc=0x00007f7d793178d9 sp=0x00007f7d755fa060
Event: 17.666 Thread 0x00007f7d88149000 DEOPT UNPACKING pc=0x00007f7d79047633 sp=0x00007f7d755f9d98 mode 0
Event: 17.667 Thread 0x00007f7d88149000 DEOPT PACKING pc=0x00007f7d793178d9 sp=0x00007f7d755fa060
Event: 17.667 Thread 0x00007f7d88149000 DEOPT UNPACKING pc=0x00007f7d79047633 sp=0x00007f7d755f9d98 mode 0
Event: 17.672 Executing VM operation: ParallelGCFailedAllocation


Dynamic libraries:
00400000-00401000 r-xp 00000000 08:01 3016174                            /usr/lib/jvm/java-8-oracle/bin/java
00600000-00601000 rw-p 00000000 08:01 3016174                            /usr/lib/jvm/java-8-oracle/bin/java
00d10000-00d31000 rw-p 00000000 00:00 0                                  [heap]
c0000000-ca280000 rw-p 00000000 00:00 0 
ca280000-eab00000 ---p 00000000 00:00 0 
eab00000-fdb00000 rw-p 00000000 00:00 0 
fdb00000-100000000 ---p 00000000 00:00 0 
100000000-1000c0000 rw-p 00000000 00:00 0 
1000c0000-140000000 ---p 00000000 00:00 0 
7f7d28000000-7f7d2810e000 rw-p 00000000 00:00 0 
7f7d2810e000-7f7d2c000000 ---p 00000000 00:00 0 
7f7d30000000-7f7d30127000 rw-p 00000000 00:00 0 
7f7d30127000-7f7d34000000 ---p 00000000 00:00 0 
7f7d34000000-7f7d340cf000 rw-p 00000000 00:00 0 
7f7d340cf000-7f7d38000000 ---p 00000000 00:00 0 
7f7d38000000-7f7d380f9000 rw-p 00000000 00:00 0 
7f7d380f9000-7f7d3c000000 ---p 00000000 00:00 0 
7f7d3c000000-7f7d3c021000 rw-p 00000000 00:00 0 
7f7d3c021000-7f7d40000000 ---p 00000000 00:00 0 
7f7d40000000-7f7d40021000 rw-p 00000000 00:00 0 
7f7d40021000-7f7d44000000 ---p 00000000 00:00 0 
7f7d44000000-7f7d44021000 rw-p 00000000 00:00 0 
7f7d44021000-7f7d48000000 ---p 00000000 00:00 0 
7f7d48000000-7f7d48c44000 rw-p 00000000 00:00 0 
7f7d48c44000-7f7d4c000000 ---p 00000000 00:00 0 
7f7d4c000000-7f7d4c744000 rw-p 00000000 00:00 0 
7f7d4c744000-7f7d50000000 ---p 00000000 00:00 0 
7f7d50000000-7f7d50021000 rw-p 00000000 00:00 0 
7f7d50021000-7f7d54000000 ---p 00000000 00:00 0 
7f7d54000000-7f7d54a1a000 rw-p 00000000 00:00 0 
7f7d54a1a000-7f7d58000000 ---p 00000000 00:00 0 
7f7d58000000-7f7d58021000 rw-p 00000000 00:00 0 
7f7d58021000-7f7d5c000000 ---p 00000000 00:00 0 
7f7d5c000000-7f7d5c021000 rw-p 00000000 00:00 0 
7f7d5c021000-7f7d60000000 ---p 00000000 00:00 0 
7f7d60000000-7f7d6028c000 rw-p 00000000 00:00 0 
7f7d6028c000-7f7d64000000 ---p 00000000 00:00 0 
7f7d64000000-7f7d64021000 rw-p 00000000 00:00 0 
7f7d64021000-7f7d68000000 ---p 00000000 00:00 0 
7f7d68000000-7f7d68021000 rw-p 00000000 00:00 0 
7f7d68021000-7f7d6c000000 ---p 00000000 00:00 0 
7f7d6c000000-7f7d6c021000 rw-p 00000000 00:00 0 
7f7d6c021000-7f7d70000000 ---p 00000000 00:00 0 
7f7d70000000-7f7d70021000 rw-p 00000000 00:00 0 
7f7d70021000-7f7d74000000 ---p 00000000 00:00 0 
7f7d750f7000-7f7d750fa000 ---p 00000000 00:00 0 
7f7d750fa000-7f7d751f8000 rw-p 00000000 00:00 0 
7f7d751f8000-7f7d751fb000 ---p 00000000 00:00 0 
7f7d751fb000-7f7d752f9000 rw-p 00000000 00:00 0 
7f7d752f9000-7f7d752fc000 ---p 00000000 00:00 0 
7f7d752fc000-7f7d753fa000 rw-p 00000000 00:00 0 
7f7d753fa000-7f7d753fd000 ---p 00000000 00:00 0 
7f7d753fd000-7f7d754fb000 rw-p 00000000 00:00 0 
7f7d754fb000-7f7d754fe000 ---p 00000000 00:00 0 
7f7d754fe000-7f7d755fc000 rw-p 00000000 00:00 0 
7f7d755fc000-7f7d755fd000 ---p 00000000 00:00 0 
7f7d755fd000-7f7d756fd000 rw-p 00000000 00:00 0 
7f7d756fd000-7f7d75700000 ---p 00000000 00:00 0 
7f7d75700000-7f7d757fe000 rw-p 00000000 00:00 0 
7f7d757fe000-7f7d75801000 ---p 00000000 00:00 0 
7f7d75801000-7f7d758ff000 rw-p 00000000 00:00 0 
7f7d758ff000-7f7d75902000 ---p 00000000 00:00 0 
7f7d75902000-7f7d75a00000 rw-p 00000000 00:00 0 
7f7d75a00000-7f7d75a03000 ---p 00000000 00:00 0 
7f7d75a03000-7f7d75b01000 rw-p 00000000 00:00 0 
7f7d75b01000-7f7d75b04000 ---p 00000000 00:00 0 
7f7d75b04000-7f7d75c02000 rw-p 00000000 00:00 0 
7f7d75c02000-7f7d75eef000 r--p 00000000 08:01 2884254                    /usr/lib/locale/locale-archive
7f7d75eef000-7f7d75ef2000 ---p 00000000 00:00 0 
7f7d75ef2000-7f7d75ff0000 rw-p 00000000 00:00 0 
7f7d75ff0000-7f7d75ff3000 ---p 00000000 00:00 0 
7f7d75ff3000-7f7d760f1000 rw-p 00000000 00:00 0 
7f7d760f1000-7f7d760f2000 ---p 00000000 00:00 0 
7f7d760f2000-7f7d79000000 rw-p 00000000 00:00 0 
7f7d79000000-7f7d795d0000 rwxp 00000000 00:00 0 
7f7d795d0000-7f7d88000000 ---p 00000000 00:00 0 
7f7d88000000-7f7d883a1000 rw-p 00000000 00:00 0 
7f7d883a1000-7f7d8c000000 ---p 00000000 00:00 0 
7f7d8c042000-7f7d8c05a000 r--s 000e7000 08:01 4232789                    /home/ahmed/AndroidStudioProjects/MyApplication/app/build/intermediates/exploded-aar/com.google.android.gms/play-services-ads/8.3.0/jars/classes.jar
7f7d8c05a000-7f7d8c069000 r--s 000df000 08:01 3938513                    /home/ahmed/Android/Sdk/build-tools/23.0.3/lib/dx.jar
7f7d8c069000-7f7d8c21c000 rw-p 00000000 00:00 0 
7f7d8c21c000-7f7d8c3f5000 r--s 03d1f000 08:01 3149907                    /usr/lib/jvm/java-8-oracle/jre/lib/rt.jar
7f7d8c3f5000-7f7d8caeb000 rw-p 00000000 00:00 0 
7f7d8caeb000-7f7d8cc6b000 ---p 00000000 00:00 0 
7f7d8cc6b000-7f7d8ce6b000 rw-p 00000000 00:00 0 
7f7d8ce6b000-7f7d8ce6c000 ---p 00000000 00:00 0 
7f7d8ce6c000-7f7d8cf6c000 rw-p 00000000 00:00 0 
7f7d8cf6c000-7f7d8cf6d000 ---p 00000000 00:00 0 
7f7d8cf6d000-7f7d8d06d000 rw-p 00000000 00:00 0 
7f7d8d06d000-7f7d8d06e000 ---p 00000000 00:00 0 
7f7d8d06e000-7f7d8d16e000 rw-p 00000000 00:00 0 
7f7d8d16e000-7f7d8d16f000 ---p 00000000 00:00 0 
7f7d8d16f000-7f7d8d2c1000 rw-p 00000000 00:00 0 
7f7d8d2c1000-7f7d8d3c5000 ---p 00000000 00:00 0 
7f7d8d3c5000-7f7d8d417000 rw-p 00000000 00:00 0 
7f7d8d417000-7f7d8d51a000 ---p 00000000 00:00 0 
7f7d8d51a000-7f7d8d5b3000 rw-p 00000000 00:00 0 
7f7d8d5b3000-7f7d8d5c5000 ---p 00000000 00:00 0 
7f7d8d5c5000-7f7d8d5de000 rw-p 00000000 00:00 0 
7f7d8d5de000-7f7d8d986000 ---p 00000000 00:00 0 
7f7d8d986000-7f7d8d9a0000 r-xp 00000000 08:01 3284666                    /usr/lib/jvm/java-8-oracle/jre/lib/amd64/libzip.so
7f7d8d9a0000-7f7d8dba0000 ---p 0001a000 08:01 3284666                    /usr/lib/jvm/java-8-oracle/jre/lib/amd64/libzip.so
7f7d8dba0000-7f7d8dba1000 rw-p 0001a000 08:01 3284666                    /usr/lib/jvm/java-8-oracle/jre/lib/amd64/libzip.so
7f7d8dba1000-7f7d8dbac000 r-xp 00000000 08:01 7999875                    /lib/x86_64-linux-gnu/libnss_files-2.23.so
7f7d8dbac000-7f7d8ddab000 ---p 0000b000 08:01 7999875                    /lib/x86_64-linux-gnu/libnss_files-2.23.so
7f7d8ddab000-7f7d8ddac000 r--p 0000a000 08:01 7999875                    /lib/x86_64-linux-gnu/libnss_files-2.23.so
7f7d8ddac000-7f7d8ddad000 rw-p 0000b000 08:01 7999875                    /lib/x86_64-linux-gnu/libnss_files-2.23.so
7f7d8ddad000-7f7d8ddb3000 rw-p 00000000 00:00 0 
7f7d8ddb3000-7f7d8ddbe000 r-xp 00000000 08:01 7999868                    /lib/x86_64-linux-gnu/libnss_nis-2.23.so
7f7d8ddbe000-7f7d8dfbd000 ---p 0000b000 08:01 7999868                    /lib/x86_64-linux-gnu/libnss_nis-2.23.so
7f7d8dfbd000-7f7d8dfbe000 r--p 0000a000 08:01 7999868                    /lib/x86_64-linux-gnu/libnss_nis-2.23.so
7f7d8dfbe000-7f7d8dfbf000 rw-p 0000b000 08:01 7999868                    /lib/x86_64-linux-gnu/libnss_nis-2.23.so
7f7d8dfbf000-7f7d8dfd5000 r-xp 00000000 08:01 7999864                    /lib/x86_64-linux-gnu/libnsl-2.23.so
7f7d8dfd5000-7f7d8e1d4000 ---p 00016000 08:01 7999864                    /lib/x86_64-linux-gnu/libnsl-2.23.so
7f7d8e1d4000-7f7d8e1d5000 r--p 00015000 08:01 7999864                    /lib/x86_64-linux-gnu/libnsl-2.23.so
7f7d8e1d5000-7f7d8e1d6000 rw-p 00016000 08:01 7999864                    /lib/x86_64-linux-gnu/libnsl-2.23.so
7f7d8e1d6000-7f7d8e1d8000 rw-p 00000000 00:00 0 
7f7d8e1d8000-7f7d8e1e0000 r-xp 00000000 08:01 7999507                    /lib/x86_64-linux-gnu/libnss_compat-2.23.so
7f7d8e1e0000-7f7d8e3df000 ---p 00008000 08:01 7999507                    /lib/x86_64-linux-gnu/libnss_compat-2.23.so
7f7d8e3df000-7f7d8e3e0000 r--p 00007000 08:01 7999507                    /lib/x86_64-linux-gnu/libnss_compat-2.23.so
7f7d8e3e0000-7f7d8e3e1000 rw-p 00008000 08:01 7999507                    /lib/x86_64-linux-gnu/libnss_compat-2.23.so
7f7d8e3e1000-7f7d8e40b000 r-xp 00000000 08:01 3284615                    /usr/lib/jvm/java-8-oracle/jre/lib/amd64/libjava.so
7f7d8e40b000-7f7d8e60b000 ---p 0002a000 08:01 3284615                    /usr/lib/jvm/java-8-oracle/jre/lib/amd64/libjava.so
7f7d8e60b000-7f7d8e60d000 rw-p 0002a000 08:01 3284615                    /usr/lib/jvm/java-8-oracle/jre/lib/amd64/libjava.so
7f7d8e60d000-7f7d8e61a000 r-xp 00000000 08:01 3284672                    /usr/lib/jvm/java-8-oracle/jre/lib/amd64/libverify.so
7f7d8e61a000-7f7d8e81a000 ---p 0000d000 08:01 3284672                    /usr/lib/jvm/java-8-oracle/jre/lib/amd64/libverify.so
7f7d8e81a000-7f7d8e81c000 rw-p 0000d000 08:01 3284672                    /usr/lib/jvm/java-8-oracle/jre/lib/amd64/libverify.so
7f7d8e81c000-7f7d8e823000 r-xp 00000000 08:01 7999892                    /lib/x86_64-linux-gnu/librt-2.23.so
7f7d8e823000-7f7d8ea22000 ---p 00007000 08:01 7999892                    /lib/x86_64-linux-gnu/librt-2.23.so
7f7d8ea22000-7f7d8ea23000 r--p 00006000 08:01 7999892                    /lib/x86_64-linux-gnu/librt-2.23.so
7f7d8ea23000-7f7d8ea24000 rw-p 00007000 08:01 7999892                    /lib/x86_64-linux-gnu/librt-2.23.so
7f7d8ea24000-7f7d8eb2c000 r-xp 00000000 08:01 7999886                    /lib/x86_64-linux-gnu/libm-2.23.so
7f7d8eb2c000-7f7d8ed2b000 ---p 00108000 08:01 7999886                    /lib/x86_64-linux-gnu/libm-2.23.so
7f7d8ed2b000-7f7d8ed2c000 r--p 00107000 08:01 7999886                    /lib/x86_64-linux-gnu/libm-2.23.so
7f7d8ed2c000-7f7d8ed2d000 rw-p 00108000 08:01 7999886                    /lib/x86_64-linux-gnu/libm-2.23.so
7f7d8ed2d000-7f7d8f9ed000 r-xp 00000000 08:01 3284648                    /usr/lib/jvm/java-8-oracle/jre/lib/amd64/server/libjvm.so
7f7d8f9ed000-7f7d8fbed000 ---p 00cc0000 08:01 3284648                    /usr/lib/jvm/java-8-oracle/jre/lib/amd64/server/libjvm.so
7f7d8fbed000-7f7d8fcc5000 rw-p 00cc0000 08:01 3284648                    /usr/lib/jvm/java-8-oracle/jre/lib/amd64/server/libjvm.so
7f7d8fcc5000-7f7d8fd10000 rw-p 00000000 00:00 0 
7f7d8fd10000-7f7d8fed0000 r-xp 00000000 08:01 7999902                    /lib/x86_64-linux-gnu/libc-2.23.so
7f7d8fed0000-7f7d900cf000 ---p 001c0000 08:01 7999902                    /lib/x86_64-linux-gnu/libc-2.23.so
7f7d900cf000-7f7d900d3000 r--p 001bf000 08:01 7999902                    /lib/x86_64-linux-gnu/libc-2.23.so
7f7d900d3000-7f7d900d5000 rw-p 001c3000 08:01 7999902                    /lib/x86_64-linux-gnu/libc-2.23.so
7f7d900d5000-7f7d900d9000 rw-p 00000000 00:00 0 
7f7d900d9000-7f7d900dc000 r-xp 00000000 08:01 7999904                    /lib/x86_64-linux-gnu/libdl-2.23.so
7f7d900dc000-7f7d902db000 ---p 00003000 08:01 7999904                    /lib/x86_64-linux-gnu/libdl-2.23.so
7f7d902db000-7f7d902dc000 r--p 00002000 08:01 7999904                    /lib/x86_64-linux-gnu/libdl-2.23.so
7f7d902dc000-7f7d902dd000 rw-p 00003000 08:01 7999904                    /lib/x86_64-linux-gnu/libdl-2.23.so
7f7d902dd000-7f7d902f2000 r-xp 00000000 08:01 4079274                    /usr/lib/jvm/java-8-oracle/lib/amd64/jli/libjli.so
7f7d902f2000-7f7d904f2000 ---p 00015000 08:01 4079274                    /usr/lib/jvm/java-8-oracle/lib/amd64/jli/libjli.so
7f7d904f2000-7f7d904f3000 rw-p 00015000 08:01 4079274                    /usr/lib/jvm/java-8-oracle/lib/amd64/jli/libjli.so
7f7d904f3000-7f7d9050b000 r-xp 00000000 08:01 7999900                    /lib/x86_64-linux-gnu/libpthread-2.23.so
7f7d9050b000-7f7d9070a000 ---p 00018000 08:01 7999900                    /lib/x86_64-linux-gnu/libpthread-2.23.so
7f7d9070a000-7f7d9070b000 r--p 00017000 08:01 7999900                    /lib/x86_64-linux-gnu/libpthread-2.23.so
7f7d9070b000-7f7d9070c000 rw-p 00018000 08:01 7999900                    /lib/x86_64-linux-gnu/libpthread-2.23.so
7f7d9070c000-7f7d90710000 rw-p 00000000 00:00 0 
7f7d90710000-7f7d90736000 r-xp 00000000 08:01 7999894                    /lib/x86_64-linux-gnu/ld-2.23.so
7f7d9073e000-7f7d90803000 rw-p 00000000 00:00 0 
7f7d90803000-7f7d90806000 ---p 00000000 00:00 0 
7f7d90806000-7f7d90908000 rw-p 00000000 00:00 0 
7f7d90915000-7f7d90929000 rw-p 00000000 00:00 0 
7f7d90929000-7f7d90931000 rw-s 00000000 08:01 12860006                   /tmp/hsperfdata_ahmed/12783
7f7d90931000-7f7d90932000 rw-p 00000000 00:00 0 
7f7d90932000-7f7d90933000 ---p 00000000 00:00 0 
7f7d90933000-7f7d90935000 rw-p 00000000 00:00 0 
7f7d90935000-7f7d90936000 r--p 00025000 08:01 7999894                    /lib/x86_64-linux-gnu/ld-2.23.so
7f7d90936000-7f7d90937000 rw-p 00026000 08:01 7999894                    /lib/x86_64-linux-gnu/ld-2.23.so
7f7d90937000-7f7d90938000 rw-p 00000000 00:00 0 
7ffc01bbb000-7ffc01bdc000 rw-p 00000000 00:00 0                          [stack]
7ffc01bde000-7ffc01be0000 r--p 00000000 00:00 0                          [vvar]
7ffc01be0000-7ffc01be2000 r-xp 00000000 00:00 0                          [vdso]
ffffffffff600000-ffffffffff601000 r-xp 00000000 00:00 0                  [vsyscall]

VM Arguments:
jvm_args: -Djava.awt.headless=true -Xmx1024M -Dfile.encoding=UTF-8 -Duser.country=US -Duser.language=en -Duser.variant 
java_command: com.android.dx.command.Main --dex --force-jumbo --num-threads=4 --multi-dex --output /home/ahmed/AndroidStudioProjects/MyApplication/app/build/intermediates/transforms/dex/debug/folders/1000/10/com.google.android.gms-play-services-ads-8.3.0_6244b2899265e8c56433c5e9191e2c91030aa19d /home/ahmed/AndroidStudioProjects/MyApplication/app/build/intermediates/exploded-aar/com.google.android.gms/play-services-ads/8.3.0/jars/classes.jar
java_class_path (initial): /home/ahmed/Android/Sdk/build-tools/23.0.3/lib/dx.jar
Launcher Type: SUN_STANDARD

Environment Variables:
JAVA_HOME=/usr/lib/jvm/java-8-oracle
PATH=/usr/local/sbin:/usr/local/bin:/usr/sbin:/usr/bin:/sbin:/bin:/usr/games:/usr/local/games:/snap/bin
LD_LIBRARY_PATH=/home/ahmed/myData/android-studio/bin:
SHELL=/bin/bash
DISPLAY=:0

Signal Handlers:
SIGSEGV: [libjvm.so+0xabca10], sa_mask[0]=11111111011111111101111111111110, sa_flags=SA_RESTART|SA_SIGINFO
SIGBUS: [libjvm.so+0xabca10], sa_mask[0]=11111111011111111101111111111110, sa_flags=SA_RESTART|SA_SIGINFO
SIGFPE: [libjvm.so+0x919a20], sa_mask[0]=11111111011111111101111111111110, sa_flags=SA_RESTART|SA_SIGINFO
SIGPIPE: [libjvm.so+0x919a20], sa_mask[0]=11111111011111111101111111111110, sa_flags=SA_RESTART|SA_SIGINFO
SIGXFSZ: [libjvm.so+0x919a20], sa_mask[0]=11111111011111111101111111111110, sa_flags=SA_RESTART|SA_SIGINFO
SIGILL: [libjvm.so+0x919a20], sa_mask[0]=11111111011111111101111111111110, sa_flags=SA_RESTART|SA_SIGINFO
SIGUSR1: SIG_DFL, sa_mask[0]=00000000000000000000000000000000, sa_flags=none
SIGUSR2: [libjvm.so+0x91b050], sa_mask[0]=00100000000000000000000000000000, sa_flags=SA_RESTART|SA_SIGINFO
SIGHUP: [libjvm.so+0x91c450], sa_mask[0]=11111111011111111101111111111110, sa_flags=SA_RESTART|SA_SIGINFO
SIGINT: [libjvm.so+0x91c450], sa_mask[0]=11111111011111111101111111111110, sa_flags=SA_RESTART|SA_SIGINFO
SIGTERM: [libjvm.so+0x91c450], sa_mask[0]=11111111011111111101111111111110, sa_flags=SA_RESTART|SA_SIGINFO
SIGQUIT: [libjvm.so+0x91c450], sa_mask[0]=11111111011111111101111111111110, sa_flags=SA_RESTART|SA_SIGINFO


---------------  S Y S T E M  ---------------

OS:DISTRIB_ID=Ubuntu
DISTRIB_RELEASE=16.04
DISTRIB_CODENAME=xenial
DISTRIB_DESCRIPTION="Ubuntu 16.04.1 LTS"

uname:Linux 4.4.0-38-generic #57-Ubuntu SMP Tue Sep 6 15:42:33 UTC 2016 x86_64
libc:glibc 2.23 NPTL 2.23 
rlimit: STACK 8192k, CORE 0k, NPROC 23444, NOFILE 65536, AS infinity
load average:15.02 9.23 4.75

/proc/meminfo:
MemTotal:        6039136 kB
MemFree:          592004 kB
MemAvailable:     775392 kB
Buffers:           38068 kB
Cached:           712380 kB
SwapCached:        89256 kB
Active:          3977928 kB
Inactive:        1225504 kB
Active(anon):    3733316 kB
Inactive(anon):  1099448 kB
Active(file):     244612 kB
Inactive(file):   126056 kB
Unevictable:          48 kB
Mlocked:              48 kB
SwapTotal:       6213628 kB
SwapFree:        5023756 kB
Dirty:             39716 kB
Writeback:             0 kB
AnonPages:       4421048 kB
Mapped:           419024 kB
Shmem:            379780 kB
Slab:              99756 kB
SReclaimable:      51020 kB
SUnreclaim:        48736 kB
KernelStack:       16160 kB
PageTables:        67904 kB
NFS_Unstable:          0 kB
Bounce:                0 kB
WritebackTmp:          0 kB
CommitLimit:     9233196 kB
Committed_AS:   13553828 kB
VmallocTotal:   34359738367 kB
VmallocUsed:           0 kB
VmallocChunk:          0 kB
HardwareCorrupted:     0 kB
AnonHugePages:   2562048 kB
CmaTotal:              0 kB
CmaFree:               0 kB
HugePages_Total:       0
HugePages_Free:        0
HugePages_Rsvd:        0
HugePages_Surp:        0
Hugepagesize:       2048 kB
DirectMap4k:      193584 kB
DirectMap2M:     6027264 kB


CPU:total 4 (2 cores per cpu, 2 threads per core) family 6 model 42 stepping 7, cmov, cx8, fxsr, mmx, sse, sse2, sse3, ssse3, sse4.1, sse4.2, popcnt, avx, clmul, ht, tsc, tscinvbit

/proc/cpuinfo:
processor	: 0
vendor_id	: GenuineIntel
cpu family	: 6
model		: 42
model name	: Intel(R) Core(TM) i3-2310M CPU @ 2.10GHz
stepping	: 7
microcode	: 0x14
cpu MHz		: 2099.917
cache size	: 3072 KB
physical id	: 0
siblings	: 4
core id		: 0
cpu cores	: 2
apicid		: 0
initial apicid	: 0
fpu		: yes
fpu_exception	: yes
cpuid level	: 13
wp		: yes
flags		: fpu vme de pse tsc msr pae mce cx8 apic sep mtrr pge mca cmov pat pse36 clflush dts acpi mmx fxsr sse sse2 ss ht tm pbe syscall nx rdtscp lm constant_tsc arch_perfmon pebs bts rep_good nopl xtopology nonstop_tsc aperfmperf eagerfpu pni pclmulqdq dtes64 monitor ds_cpl vmx est tm2 ssse3 cx16 xtpr pdcm pcid sse4_1 sse4_2 x2apic popcnt tsc_deadline_timer xsave avx lahf_lm epb tpr_shadow vnmi flexpriority ept vpid xsaveopt dtherm arat pln pts
bugs		:
bogomips	: 4190.58
clflush size	: 64
cache_alignment	: 64
address sizes	: 36 bits physical, 48 bits virtual
power management:

processor	: 1
vendor_id	: GenuineIntel
cpu family	: 6
model		: 42
model name	: Intel(R) Core(TM) i3-2310M CPU @ 2.10GHz
stepping	: 7
microcode	: 0x14
cpu MHz		: 2099.917
cache size	: 3072 KB
physical id	: 0
siblings	: 4
core id		: 0
cpu cores	: 2
apicid		: 1
initial apicid	: 1
fpu		: yes
fpu_exception	: yes
cpuid level	: 13
wp		: yes
flags		: fpu vme de pse tsc msr pae mce cx8 apic sep mtrr pge mca cmov pat pse36 clflush dts acpi mmx fxsr sse sse2 ss ht tm pbe syscall nx rdtscp lm constant_tsc arch_perfmon pebs bts rep_good nopl xtopology nonstop_tsc aperfmperf eagerfpu pni pclmulqdq dtes64 monitor ds_cpl vmx est tm2 ssse3 cx16 xtpr pdcm pcid sse4_1 sse4_2 x2apic popcnt tsc_deadline_timer xsave avx lahf_lm epb tpr_shadow vnmi flexpriority ept vpid xsaveopt dtherm arat pln pts
bugs		:
bogomips	: 4190.58
clflush size	: 64
cache_alignment	: 64
address sizes	: 36 bits physical, 48 bits virtual
power management:

processor	: 2
vendor_id	: GenuineIntel
cpu family	: 6
model		: 42
model name	: Intel(R) Core(TM) i3-2310M CPU @ 2.10GHz
stepping	: 7
microcode	: 0x14
cpu MHz		: 2099.917
cache size	: 3072 KB
physical id	: 0
siblings	: 4
core id		: 1
cpu cores	: 2
apicid		: 2
initial apicid	: 2
fpu		: yes
fpu_exception	: yes
cpuid level	: 13
wp		: yes
flags		: fpu vme de pse tsc msr pae mce cx8 apic sep mtrr pge mca cmov pat pse36 clflush dts acpi mmx fxsr sse sse2 ss ht tm pbe syscall nx rdtscp lm constant_tsc arch_perfmon pebs bts rep_good nopl xtopology nonstop_tsc aperfmperf eagerfpu pni pclmulqdq dtes64 monitor ds_cpl vmx est tm2 ssse3 cx16 xtpr pdcm pcid sse4_1 sse4_2 x2apic popcnt tsc_deadline_timer xsave avx lahf_lm epb tpr_shadow vnmi flexpriority ept vpid xsaveopt dtherm arat pln pts
bugs		:
bogomips	: 4190.58
clflush size	: 64
cache_alignment	: 64
address sizes	: 36 bits physical, 48 bits virtual
power management:

processor	: 3
vendor_id	: GenuineIntel
cpu family	: 6
model		: 42
model name	: Intel(R) Core(TM) i3-2310M CPU @ 2.10GHz
stepping	: 7
microcode	: 0x14
cpu MHz		: 2100.000
cache size	: 3072 KB
physical id	: 0
siblings	: 4
core id		: 1
cpu cores	: 2
apicid		: 3
initial apicid	: 3
fpu		: yes
fpu_exception	: yes
cpuid level	: 13
wp		: yes
flags		: fpu vme de pse tsc msr pae mce cx8 apic sep mtrr pge mca cmov pat pse36 clflush dts acpi mmx fxsr sse sse2 ss ht tm pbe syscall nx rdtscp lm constant_tsc arch_perfmon pebs bts rep_good nopl xtopology nonstop_tsc aperfmperf eagerfpu pni pclmulqdq dtes64 monitor ds_cpl vmx est tm2 ssse3 cx16 xtpr pdcm pcid sse4_1 sse4_2 x2apic popcnt tsc_deadline_timer xsave avx lahf_lm epb tpr_shadow vnmi flexpriority ept vpid xsaveopt dtherm arat pln pts
bugs		:
bogomips	: 4190.58
clflush size	: 64
cache_alignment	: 64
address sizes	: 36 bits physical, 48 bits virtual
power management:



Memory: 4k page, physical 6039136k(592004k free), swap 6213628k(5023756k free)

vm_info: Java HotSpot(TM) 64-Bit Server VM (25.91-b14) for linux-amd64 JRE (1.8.0_91-b14), built on Apr  1 2016 00:57:21 by "java_re" with gcc 4.3.0 20080428 (Red Hat 4.3.0-8)

time: Thu Oct 13 13:08:13 2016
elapsed time: 17 seconds (0d 0h 0m 17s)

