#
# A fatal error has been detected by the Java Runtime Environment:
#
#  SIGSEGV (0xb) at pc=0x00007f88fd58b583, pid=30954, tid=140225985210112
#
# JRE version: Java(TM) SE Runtime Environment (8.0_91-b14) (build 1.8.0_91-b14)
# Java VM: Java HotSpot(TM) 64-Bit Server VM (25.91-b14 mixed mode linux-amd64 compressed oops)
# Problematic frame:
# V  [libjvm.so+0x986583]  oopDesc* PSPromotionManager::copy_to_survivor_space<false>(oopDesc*)+0x143
#
# Failed to write core dump. Core dumps have been disabled. To enable core dumping, try "ulimit -c unlimited" before starting Java again
#
# If you would like to submit a bug report, please visit:
#   http://bugreport.java.com/bugreport/crash.jsp
#

---------------  T H R E A D  ---------------

Current thread (0x00007f88f801f000):  GCTaskThread [stack: 0x00007f88e7f96000,0x00007f88e8097000] [id=30959]

siginfo: si_signo: 11 (SIGSEGV), si_code: 2 (SEGV_ACCERR), si_addr: 0x0000000102094280

Registers:
RAX=0x00007f88fdb88490, RBX=0x00000000c12040c8, RCX=0x0000000000000003, RDX=0x0000000000000001
RSP=0x00007f88e8095b30, RBP=0x00007f88e8095ba0, RSI=0x00000000ebf87a08, RDI=0x0000000102094278
R8 =0x00000000c12041e8, R9 =0x00007f88fdbbbed0, R10=0x00007f88fdbac879, R11=0x00007f88e8095ae0
R12=0x00000000ebf87a08, R13=0x0000000000000005, R14=0x0000000000000000, R15=0x00007f88f8074fa8
RIP=0x00007f88fd58b583, EFLAGS=0x0000000000010206, CSGSFS=0x0000000000000033, ERR=0x0000000000000004
  TRAPNO=0x000000000000000e

Top of Stack: (sp=0x00007f88e8095b30)
0x00007f88e8095b30:   00007f88e8095c10 00007f88fdbac879
0x00007f88e8095b40:   00007f88f8074f68 00007f88f8074f40
0x00007f88e8095b50:   00000000c1203eb8 0000000000000400
0x00007f88e8095b60:   00000000ebe27c72 00007f88e8095b90
0x00007f88e8095b70:   00007f88e8095ba0 00000000c12040c8
0x00007f88e8095b80:   00007f88f8074f40 00007f88fdb88480
0x00007f88e8095b90:   0000000000000000 00007f88f8074fa8
0x00007f88e8095ba0:   00007f88e8095c90 00007f88fd58ae08
0x00007f88e8095bb0:   00007f88e8095c10 00007f88e8095c20
0x00007f88e8095bc0:   00007f88e8095c30 00007f88e8095bf0
0x00007f88e8095bd0:   00007f88e8095c00 00007f88e8095c50
0x00007f88e8095be0:   01007f88f801f990 00007f88f8074fd8
0x00007f88e8095bf0:   00000000eaba7670 0000000000000005
0x00007f88e8095c00:   0000000000000001 0000000000000005
0x00007f88e8095c10:   00007f88e8095c90 00007f88fd58b9ae
0x00007f88e8095c20:   00000259000001bc 00007f88fd74b13b
0x00007f88e8095c30:   00000268000000bd 00007f88f8074f40
0x00007f88e8095c40:   000000d500000150 00007f88fd74b14f
0x00007f88e8095c50:   00000000c12040c9 00007f88e8095c00
0x00007f88e8095c60:   00007f88e8095c80 00000000c105e0bc
0x00007f88e8095c70:   00007f88fdb88480 0000000000000000
0x00007f88e8095c80:   00007f88e8095cb0 00007f88e8095cbc
0x00007f88e8095c90:   00007f88e8095cf0 00007f88fd58ec0e
0x00007f88e8095ca0:   00007f88b4777110 00007f88f8074f40
0x00007f88e8095cb0:   00000000c105e0bd 74551fe3fd1d9b57
0x00007f88e8095cc0:   00007f88e8095cf0 00007f88b4777110
0x00007f88e8095cd0:   00007f88f801f000 0000000000000001
0x00007f88e8095ce0:   00007f88f801f990 00007f88fd74b161
0x00007f88e8095cf0:   00007f88e8095e00 00007f88fd1da84f
0x00007f88e8095d00:   0000000000000000 00007f88e8095d40
0x00007f88e8095d10:   00007f88e8095dc0 0000000000000000
0x00007f88e8095d20:   00007f88f801f9d0 00007f88f801f9e0 

Instructions: (pc=0x00007f88fd58b583)
0x00007f88fd58b563:   83 e0 07 48 83 f8 05 75 d3 31 db eb d6 48 8b 05
0x00007f88fd58b573:   31 df 5d 00 8b 7e 08 8b 48 08 48 d3 e7 48 03 38
0x00007f88fd58b583:   8b 77 08 83 fe 00 0f 8f 0a ff ff ff 0f 85 4b 02
0x00007f88fd58b593:   00 00 0f 1f 00 48 8b 07 4c 89 e6 4c 89 55 98 ff 

Register to memory mapping:

RAX=0x00007f88fdb88490: <offset 0xf83490> in /usr/lib/jvm/java-8-oracle/jre/lib/amd64/server/libjvm.so at 0x00007f88fcc05000
RBX=0x00000000c12040c8 is pointing into object: 0x00000000c1204078
[Ljava.lang.Object; 
 - klass: 'java/lang/Object'[]
 - length: 29
RCX=0x0000000000000003 is an unknown value
RDX=0x0000000000000001 is an unknown value
RSP=0x00007f88e8095b30 is an unknown value
RBP=0x00007f88e8095ba0 is an unknown value
RSI=0x00000000ebf87a08 is an oop

[error occurred during error reporting (printing register info), id 0xb]

Stack: [0x00007f88e7f96000,0x00007f88e8097000],  sp=0x00007f88e8095b30,  free space=1022k
Native frames: (J=compiled Java code, j=interpreted, Vv=VM code, C=native code)
V  [libjvm.so+0x986583]  oopDesc* PSPromotionManager::copy_to_survivor_space<false>(oopDesc*)+0x143
V  [libjvm.so+0x985e08]  PSPromotionManager::drain_stacks_depth(bool)+0x7e8
V  [libjvm.so+0x989c0e]  StealTask::do_it(GCTaskManager*, unsigned int)+0x19e
V  [libjvm.so+0x5d584f]  GCTaskThread::run()+0x12f
V  [libjvm.so+0x91ef78]  java_start(Thread*)+0x108


---------------  P R O C E S S  ---------------

Java Threads: ( => current thread )
  0x00007f88f817c800 JavaThread "pool-2-thread-4" [_thread_blocked, id=30983, stack(0x00007f88df006000,0x00007f88df107000)]
  0x00007f88f817b000 JavaThread "pool-2-thread-3" [_thread_blocked, id=30982, stack(0x00007f88df107000,0x00007f88df208000)]
  0x00007f88f8179000 JavaThread "pool-2-thread-2" [_thread_blocked, id=30981, stack(0x00007f88df208000,0x00007f88df309000)]
  0x00007f88f8173000 JavaThread "pool-3-thread-1" [_thread_blocked, id=30980, stack(0x00007f88df309000,0x00007f88df40a000)]
  0x00007f88f8171000 JavaThread "pool-2-thread-1" [_thread_blocked, id=30979, stack(0x00007f88df40a000,0x00007f88df50b000)]
  0x00007f88f80d3000 JavaThread "Service Thread" daemon [_thread_blocked, id=30976, stack(0x00007f88df60c000,0x00007f88df70d000)]
  0x00007f88f80be000 JavaThread "C1 CompilerThread2" daemon [_thread_blocked, id=30975, stack(0x00007f88df70d000,0x00007f88df80e000)]
  0x00007f88f80bc800 JavaThread "C2 CompilerThread1" daemon [_thread_blocked, id=30974, stack(0x00007f88df80e000,0x00007f88df90f000)]
  0x00007f88f80b9800 JavaThread "C2 CompilerThread0" daemon [_thread_blocked, id=30973, stack(0x00007f88df90f000,0x00007f88dfa10000)]
  0x00007f88f80b8000 JavaThread "Signal Dispatcher" daemon [_thread_blocked, id=30972, stack(0x00007f88dfa10000,0x00007f88dfb11000)]
  0x00007f88f8084000 JavaThread "Finalizer" daemon [_thread_blocked, id=30966, stack(0x00007f88dfdfe000,0x00007f88dfeff000)]
  0x00007f88f807f800 JavaThread "Reference Handler" daemon [_thread_blocked, id=30965, stack(0x00007f88dfeff000,0x00007f88e0000000)]
  0x00007f88f800a000 JavaThread "main" [_thread_blocked, id=30956, stack(0x00007f88fe6db000,0x00007f88fe7dc000)]

Other Threads:
  0x00007f88f8078000 VMThread [stack: 0x00007f88e4019000,0x00007f88e411a000] [id=30964]
  0x00007f88f80d6000 WatcherThread [stack: 0x00007f88df50b000,0x00007f88df60c000] [id=30977]

=>0x00007f88f801f000 (exited) GCTaskThread [stack: 0x00007f88e7f96000,0x00007f88e8097000] [id=30959]

VM state:at safepoint (normal execution)

VM Mutex/Monitor currently owned by a thread:  ([mutex/lock_event])
[0x00007f88f8006510] Threads_lock - owner thread: 0x00007f88f8078000
[0x00007f88f8006a10] Heap_lock - owner thread: 0x00007f88f8179000

Heap:
 PSYoungGen      total 52736K, used 52723K [0x00000000eab00000, 0x00000000f1200000, 0x0000000100000000)
  eden space 49152K, 100% used [0x00000000eab00000,0x00000000edb00000,0x00000000edb00000)
  from space 3584K, 99% used [0x00000000edb00000,0x00000000ede7cc98,0x00000000ede80000)
  to   space 3584K, 99% used [0x00000000f0e80000,0x00000000f11f8068,0x00000000f1200000)
 ParOldGen       total 64512K, used 20647K [0x00000000c0000000, 0x00000000c3f00000, 0x00000000eab00000)
  object space 64512K, 32% used [0x00000000c0000000,0x00000000c1429eb8,0x00000000c3f00000)
 Metaspace       used 6022K, capacity 6936K, committed 7168K, reserved 1056768K
  class space    used 609K, capacity 656K, committed 768K, reserved 1048576K

Card table byte_map: [0x00007f88e81ed000,0x00007f88e83ee000] byte_map_base: 0x00007f88e7bed000

Marking Bits: (ParMarkBitMap*) 0x00007f88fdbbbd60
 Begin Bits: [0x00007f88e5c93000, 0x00007f88e6c93000)
 End Bits:   [0x00007f88e6c93000, 0x00007f88e7c93000)

Polling page: 0x00007f88fe80a000

CodeCache: size=245760Kb used=4934Kb max_used=4934Kb free=240825Kb
 bounds [0x00007f88e87ae000, 0x00007f88e8c8e000, 0x00007f88f77ae000]
 total_blobs=1497 nmethods=1227 adapters=182
 compilation: enabled

Compilation events (10 events):
Event: 8.919 Thread 0x00007f88f80bc800 nmethod 869 0x00007f88e8c777d0 code [0x00007f88e8c779e0, 0x00007f88e8c785f8]
Event: 8.919 Thread 0x00007f88f80bc800 1528       4       com.android.dx.util.LabeledList::addLabelIndex (43 bytes)
Event: 8.921 Thread 0x00007f88f80be000 nmethod 1558 0x00007f88e8c76cd0 code [0x00007f88e8c76e80, 0x00007f88e8c773c8]
Event: 8.921 Thread 0x00007f88f80be000 1578       3       com.android.dx.ssa.SCCP::run (298 bytes)
Event: 8.951 Thread 0x00007f88f80be000 nmethod 1578 0x00007f88e8c79690 code [0x00007f88e8c79a60, 0x00007f88e8c7b9a8]
Event: 8.951 Thread 0x00007f88f80be000 1579       3       com.android.dx.cf.code.LocalVariableList::pcAndIndexToLocal (51 bytes)
Event: 8.952 Thread 0x00007f88f80be000 nmethod 1579 0x00007f88e8c762d0 code [0x00007f88e8c76480, 0x00007f88e8c76ae8]
Event: 8.952 Thread 0x00007f88f80be000 1580       3       com.android.dx.ssa.back.IdenticalBlockCombiner::process (323 bytes)
Event: 8.988 Thread 0x00007f88f80be000 nmethod 1580 0x00007f88e8c7c650 code [0x00007f88e8c7ca00, 0x00007f88e8c7ee58]
Event: 8.988 Thread 0x00007f88f80be000 1582 %     3       com.android.dx.ssa.SsaConverter::edgeSplitSuccessors @ 45 (98 bytes)

GC Heap History (7 events):
Event: 3.775 GC heap before
{Heap before GC invocations=1 (full 0):
 PSYoungGen      total 28160K, used 24576K [0x00000000eab00000, 0x00000000eca00000, 0x0000000100000000)
  eden space 24576K, 100% used [0x00000000eab00000,0x00000000ec300000,0x00000000ec300000)
  from space 3584K, 0% used [0x00000000ec680000,0x00000000ec680000,0x00000000eca00000)
  to   space 3584K, 0% used [0x00000000ec300000,0x00000000ec300000,0x00000000ec680000)
 ParOldGen       total 64512K, used 0K [0x00000000c0000000, 0x00000000c3f00000, 0x00000000eab00000)
  object space 64512K, 0% used [0x00000000c0000000,0x00000000c0000000,0x00000000c3f00000)
 Metaspace       used 5704K, capacity 6704K, committed 6784K, reserved 1056768K
  class space    used 588K, capacity 616K, committed 640K, reserved 1048576K
Event: 3.835 GC heap after
Heap after GC invocations=1 (full 0):
 PSYoungGen      total 28160K, used 3562K [0x00000000eab00000, 0x00000000ee200000, 0x0000000100000000)
  eden space 24576K, 0% used [0x00000000eab00000,0x00000000eab00000,0x00000000ec300000)
  from space 3584K, 99% used [0x00000000ec300000,0x00000000ec67ab08,0x00000000ec680000)
  to   space 3584K, 0% used [0x00000000ede80000,0x00000000ede80000,0x00000000ee200000)
 ParOldGen       total 64512K, used 1792K [0x00000000c0000000, 0x00000000c3f00000, 0x00000000eab00000)
  object space 64512K, 2% used [0x00000000c0000000,0x00000000c01c0310,0x00000000c3f00000)
 Metaspace       used 5704K, capacity 6704K, committed 6784K, reserved 1056768K
  class space    used 588K, capacity 616K, committed 640K, reserved 1048576K
}
Event: 5.575 GC heap before
{Heap before GC invocations=2 (full 0):
 PSYoungGen      total 28160K, used 28138K [0x00000000eab00000, 0x00000000ee200000, 0x0000000100000000)
  eden space 24576K, 100% used [0x00000000eab00000,0x00000000ec300000,0x00000000ec300000)
  from space 3584K, 99% used [0x00000000ec300000,0x00000000ec67ab08,0x00000000ec680000)
  to   space 3584K, 0% used [0x00000000ede80000,0x00000000ede80000,0x00000000ee200000)
 ParOldGen       total 64512K, used 1792K [0x00000000c0000000, 0x00000000c3f00000, 0x00000000eab00000)
  object space 64512K, 2% used [0x00000000c0000000,0x00000000c01c0310,0x00000000c3f00000)
 Metaspace       used 5817K, capacity 6832K, committed 7040K, reserved 1056768K
  class space    used 589K, capacity 616K, committed 640K, reserved 1048576K
Event: 5.648 GC heap after
Heap after GC invocations=2 (full 0):
 PSYoungGen      total 52736K, used 3565K [0x00000000eab00000, 0x00000000ee200000, 0x0000000100000000)
  eden space 49152K, 0% used [0x00000000eab00000,0x00000000eab00000,0x00000000edb00000)
  from space 3584K, 99% used [0x00000000ede80000,0x00000000ee1fb718,0x00000000ee200000)
  to   space 3584K, 0% used [0x00000000edb00000,0x00000000edb00000,0x00000000ede80000)
 ParOldGen       total 64512K, used 5486K [0x00000000c0000000, 0x00000000c3f00000, 0x00000000eab00000)
  object space 64512K, 8% used [0x00000000c0000000,0x00000000c055b840,0x00000000c3f00000)
 Metaspace       used 5817K, capacity 6832K, committed 7040K, reserved 1056768K
  class space    used 589K, capacity 616K, committed 640K, reserved 1048576K
}
Event: 7.431 GC heap before
{Heap before GC invocations=3 (full 0):
 PSYoungGen      total 52736K, used 52717K [0x00000000eab00000, 0x00000000ee200000, 0x0000000100000000)
  eden space 49152K, 100% used [0x00000000eab00000,0x00000000edb00000,0x00000000edb00000)
  from space 3584K, 99% used [0x00000000ede80000,0x00000000ee1fb718,0x00000000ee200000)
  to   space 3584K, 0% used [0x00000000edb00000,0x00000000edb00000,0x00000000ede80000)
 ParOldGen       total 64512K, used 5486K [0x00000000c0000000, 0x00000000c3f00000, 0x00000000eab00000)
  object space 64512K, 8% used [0x00000000c0000000,0x00000000c055b840,0x00000000c3f00000)
 Metaspace       used 6005K, capacity 6936K, committed 7168K, reserved 1056768K
  class space    used 609K, capacity 656K, committed 768K, reserved 1048576K
Event: 7.557 GC heap after
Heap after GC invocations=3 (full 0):
 PSYoungGen      total 52736K, used 3571K [0x00000000eab00000, 0x00000000f1200000, 0x0000000100000000)
  eden space 49152K, 0% used [0x00000000eab00000,0x00000000eab00000,0x00000000edb00000)
  from space 3584K, 99% used [0x00000000edb00000,0x00000000ede7cc98,0x00000000ede80000)
  to   space 3584K, 0% used [0x00000000f0e80000,0x00000000f0e80000,0x00000000f1200000)
 ParOldGen       total 64512K, used 12578K [0x00000000c0000000, 0x00000000c3f00000, 0x00000000eab00000)
  object space 64512K, 19% used [0x00000000c0000000,0x00000000c0c48a68,0x00000000c3f00000)
 Metaspace       used 6005K, capacity 6936K, committed 7168K, reserved 1056768K
  class space    used 609K, capacity 656K, committed 768K, reserved 1048576K
}
Event: 9.012 GC heap before
{Heap before GC invocations=4 (full 0):
 PSYoungGen      total 52736K, used 52723K [0x00000000eab00000, 0x00000000f1200000, 0x0000000100000000)
  eden space 49152K, 100% used [0x00000000eab00000,0x00000000edb00000,0x00000000edb00000)
  from space 3584K, 99% used [0x00000000edb00000,0x00000000ede7cc98,0x00000000ede80000)
  to   space 3584K, 0% used [0x00000000f0e80000,0x00000000f0e80000,0x00000000f1200000)
 ParOldGen       total 64512K, used 12578K [0x00000000c0000000, 0x00000000c3f00000, 0x00000000eab00000)
  object space 64512K, 19% used [0x00000000c0000000,0x00000000c0c48a68,0x00000000c3f00000)
 Metaspace       used 6022K, capacity 6936K, committed 7168K, reserved 1056768K
  class space    used 609K, capacity 656K, committed 768K, reserved 1048576K

Deoptimization events (10 events):
Event: 3.202 Thread 0x00007f88f817c800 Uncommon trap: reason=unstable_if action=reinterpret pc=0x00007f88e89c7e38 method=java.util.BitSet.ensureCapacity(I)V @ 6
Event: 3.202 Thread 0x00007f88f817c800 Uncommon trap: reason=unstable_if action=reinterpret pc=0x00007f88e89d46cc method=java.util.BitSet.ensureCapacity(I)V @ 6
Event: 3.210 Thread 0x00007f88f817b000 Uncommon trap: reason=unstable_if action=reinterpret pc=0x00007f88e89d325c method=com.android.dx.rop.cst.Constant.compareTo(Lcom/android/dx/rop/cst/Constant;)I @ 12
Event: 4.954 Thread 0x00007f88f817b000 Uncommon trap: reason=null_check action=make_not_entrant pc=0x00007f88e8a83398 method=com.android.dx.ssa.SsaRenamer.getLocalForNewReg(I)Lcom/android/dx/rop/code/LocalItem; @ 19
Event: 5.051 Thread 0x00007f88f817c800 Uncommon trap: reason=unstable_if action=reinterpret pc=0x00007f88e89abdd8 method=java.util.HashMap.getNode(ILjava/lang/Object;)Ljava/util/HashMap$Node; @ 62
Event: 5.332 Thread 0x00007f88f8179000 Uncommon trap: reason=null_check action=make_not_entrant pc=0x00007f88e8ac5118 method=com.android.dx.ssa.SsaRenamer.getLocalForNewReg(I)Lcom/android/dx/rop/code/LocalItem; @ 19
Event: 5.651 Thread 0x00007f88f817c800 Uncommon trap: reason=bimorphic action=maybe_recompile pc=0x00007f88e8a75098 method=java.util.HashMap.getNode(ILjava/lang/Object;)Ljava/util/HashMap$Node; @ 126
Event: 6.560 Thread 0x00007f88f817b000 Uncommon trap: reason=unstable_if action=reinterpret pc=0x00007f88e8a75078 method=java.util.HashMap.getNode(ILjava/lang/Object;)Ljava/util/HashMap$Node; @ 84
Event: 8.184 Thread 0x00007f88f8171000 Uncommon trap: reason=unstable_if action=reinterpret pc=0x00007f88e8c14868 method=com.android.dx.ssa.SsaRenamer$BlockRenamer.visitMoveInsn(Lcom/android/dx/ssa/NormalSsaInsn;)V @ 104
Event: 8.184 Thread 0x00007f88f8171000 Uncommon trap: reason=unstable_if action=reinterpret pc=0x00007f88e8be8ebc method=com.android.dx.ssa.SsaRenamer$BlockRenamer.visitMoveInsn(Lcom/android/dx/ssa/NormalSsaInsn;)V @ 104

Internal exceptions (7 events):
Event: 0.188 Thread 0x00007f88f800a000 Exception <a 'java/lang/NoSuchMethodError': Method sun.misc.Unsafe.defineClass(Ljava/lang/String;[BII)Ljava/lang/Class; name or signature does not match> (0x00000000eab07cc0) thrown at [/HUDSON/workspace/8-2-build-linux-amd64/jdk8u91/6644/hotspot/src/shar
Event: 0.188 Thread 0x00007f88f800a000 Exception <a 'java/lang/NoSuchMethodError': Method sun.misc.Unsafe.prefetchRead(Ljava/lang/Object;J)V name or signature does not match> (0x00000000eab07fa8) thrown at [/HUDSON/workspace/8-2-build-linux-amd64/jdk8u91/6644/hotspot/src/share/vm/prims/jni.cpp
Event: 4.954 Thread 0x00007f88f817b000 Implicit null exception at 0x00007f88e8a807c7 to 0x00007f88e8a83375
Event: 5.332 Thread 0x00007f88f8179000 Implicit null exception at 0x00007f88e8ac2680 to 0x00007f88e8ac50dd
Event: 6.530 Thread 0x00007f88f817b000 Exception <a 'java/lang/ArrayIndexOutOfBoundsException': 18> (0x00000000ebfb7f50) thrown at [/HUDSON/workspace/8-2-build-linux-amd64/jdk8u91/6644/hotspot/src/share/vm/interpreter/interpreterRuntime.cpp, line 366]
Event: 6.530 Thread 0x00007f88f817b000 Exception <a 'java/lang/ArrayIndexOutOfBoundsException': 145> (0x00000000ebfb9ad0) thrown at [/HUDSON/workspace/8-2-build-linux-amd64/jdk8u91/6644/hotspot/src/share/vm/interpreter/interpreterRuntime.cpp, line 366]
Event: 6.540 Thread 0x00007f88f817b000 Exception <a 'java/lang/ArrayIndexOutOfBoundsException': 40> (0x00000000ebfbadb8) thrown at [/HUDSON/workspace/8-2-build-linux-amd64/jdk8u91/6644/hotspot/src/share/vm/interpreter/interpreterRuntime.cpp, line 366]

Events (10 events):
Event: 8.785 Thread 0x00007f88f817c800 DEOPT UNPACKING pc=0x00007f88e87f5633 sp=0x00007f88df104da8 mode 0
Event: 8.841 Thread 0x00007f88f800a000 DEOPT PACKING pc=0x00007f88e8b0e430 sp=0x00007f88fe7d98e0
Event: 8.841 Thread 0x00007f88f800a000 DEOPT UNPACKING pc=0x00007f88e87f5633 sp=0x00007f88fe7d96f0 mode 0
Event: 8.918 Thread 0x00007f88f8171000 DEOPT PACKING pc=0x00007f88e8b7ff34 sp=0x00007f88df508e90
Event: 8.918 Thread 0x00007f88f8171000 DEOPT UNPACKING pc=0x00007f88e87f5633 sp=0x00007f88df508c48 mode 0
Event: 8.933 Thread 0x00007f88f8179000 DEOPT PACKING pc=0x00007f88e8b7b89f sp=0x00007f88df306f60
Event: 8.933 Thread 0x00007f88f8179000 DEOPT UNPACKING pc=0x00007f88e87f5633 sp=0x00007f88df306ce8 mode 0
Event: 8.993 Thread 0x00007f88f817c800 DEOPT PACKING pc=0x00007f88e89d4cf4 sp=0x00007f88df105060
Event: 8.993 Thread 0x00007f88f817c800 DEOPT UNPACKING pc=0x00007f88e87f5633 sp=0x00007f88df104db0 mode 0
Event: 8.995 Executing VM operation: ParallelGCFailedAllocation


Dynamic libraries:
00400000-00401000 r-xp 00000000 08:01 3016174                            /usr/lib/jvm/java-8-oracle/bin/java
00600000-00601000 rw-p 00000000 08:01 3016174                            /usr/lib/jvm/java-8-oracle/bin/java
017ee000-0180f000 rw-p 00000000 00:00 0                                  [heap]
c0000000-c3f00000 rw-p 00000000 00:00 0 
c3f00000-eab00000 ---p 00000000 00:00 0 
eab00000-f1200000 rw-p 00000000 00:00 0 
f1200000-100000000 ---p 00000000 00:00 0 
100000000-1000c0000 rw-p 00000000 00:00 0 
1000c0000-140000000 ---p 00000000 00:00 0 
7f8890000000-7f8890029000 rw-p 00000000 00:00 0 
7f8890029000-7f8894000000 ---p 00000000 00:00 0 
7f8898000000-7f8898021000 rw-p 00000000 00:00 0 
7f8898021000-7f889c000000 ---p 00000000 00:00 0 
7f889c000000-7f889c02b000 rw-p 00000000 00:00 0 
7f889c02b000-7f88a0000000 ---p 00000000 00:00 0 
7f88a0000000-7f88a0030000 rw-p 00000000 00:00 0 
7f88a0030000-7f88a4000000 ---p 00000000 00:00 0 
7f88a4000000-7f88a4021000 rw-p 00000000 00:00 0 
7f88a4021000-7f88a8000000 ---p 00000000 00:00 0 
7f88a8000000-7f88a8021000 rw-p 00000000 00:00 0 
7f88a8021000-7f88ac000000 ---p 00000000 00:00 0 
7f88ac000000-7f88ac021000 rw-p 00000000 00:00 0 
7f88ac021000-7f88b0000000 ---p 00000000 00:00 0 
7f88b0000000-7f88b094f000 rw-p 00000000 00:00 0 
7f88b094f000-7f88b4000000 ---p 00000000 00:00 0 
7f88b4000000-7f88b48df000 rw-p 00000000 00:00 0 
7f88b48df000-7f88b8000000 ---p 00000000 00:00 0 
7f88b8000000-7f88b8021000 rw-p 00000000 00:00 0 
7f88b8021000-7f88bc000000 ---p 00000000 00:00 0 
7f88bc000000-7f88bc7c5000 rw-p 00000000 00:00 0 
7f88bc7c5000-7f88c0000000 ---p 00000000 00:00 0 
7f88c0000000-7f88c0021000 rw-p 00000000 00:00 0 
7f88c0021000-7f88c4000000 ---p 00000000 00:00 0 
7f88c4000000-7f88c4021000 rw-p 00000000 00:00 0 
7f88c4021000-7f88c8000000 ---p 00000000 00:00 0 
7f88c8000000-7f88c8021000 rw-p 00000000 00:00 0 
7f88c8021000-7f88cc000000 ---p 00000000 00:00 0 
7f88cc000000-7f88cc021000 rw-p 00000000 00:00 0 
7f88cc021000-7f88d0000000 ---p 00000000 00:00 0 
7f88d0000000-7f88d0021000 rw-p 00000000 00:00 0 
7f88d0021000-7f88d4000000 ---p 00000000 00:00 0 
7f88d8000000-7f88d8021000 rw-p 00000000 00:00 0 
7f88d8021000-7f88dc000000 ---p 00000000 00:00 0 
7f88df006000-7f88df009000 ---p 00000000 00:00 0 
7f88df009000-7f88df107000 rw-p 00000000 00:00 0 
7f88df107000-7f88df10a000 ---p 00000000 00:00 0 
7f88df10a000-7f88df208000 rw-p 00000000 00:00 0 
7f88df208000-7f88df20b000 ---p 00000000 00:00 0 
7f88df20b000-7f88df309000 rw-p 00000000 00:00 0 
7f88df309000-7f88df30c000 ---p 00000000 00:00 0 
7f88df30c000-7f88df40a000 rw-p 00000000 00:00 0 
7f88df40a000-7f88df40d000 ---p 00000000 00:00 0 
7f88df40d000-7f88df50b000 rw-p 00000000 00:00 0 
7f88df50b000-7f88df50c000 ---p 00000000 00:00 0 
7f88df50c000-7f88df60c000 rw-p 00000000 00:00 0 
7f88df60c000-7f88df60f000 ---p 00000000 00:00 0 
7f88df60f000-7f88df70d000 rw-p 00000000 00:00 0 
7f88df70d000-7f88df710000 ---p 00000000 00:00 0 
7f88df710000-7f88df80e000 rw-p 00000000 00:00 0 
7f88df80e000-7f88df811000 ---p 00000000 00:00 0 
7f88df811000-7f88df90f000 rw-p 00000000 00:00 0 
7f88df90f000-7f88df912000 ---p 00000000 00:00 0 
7f88df912000-7f88dfa10000 rw-p 00000000 00:00 0 
7f88dfa10000-7f88dfa13000 ---p 00000000 00:00 0 
7f88dfa13000-7f88dfb11000 rw-p 00000000 00:00 0 
7f88dfb11000-7f88dfdfe000 r--p 00000000 08:01 2884254                    /usr/lib/locale/locale-archive
7f88dfdfe000-7f88dfe01000 ---p 00000000 00:00 0 
7f88dfe01000-7f88dfeff000 rw-p 00000000 00:00 0 
7f88dfeff000-7f88dff02000 ---p 00000000 00:00 0 
7f88dff02000-7f88e0000000 rw-p 00000000 00:00 0 
7f88e0000000-7f88e0298000 rw-p 00000000 00:00 0 
7f88e0298000-7f88e4000000 ---p 00000000 00:00 0 
7f88e4019000-7f88e401a000 ---p 00000000 00:00 0 
7f88e401a000-7f88e50ba000 rw-p 00000000 00:00 0 
7f88e50ba000-7f88e5293000 r--s 03d1f000 08:01 3149907                    /usr/lib/jvm/java-8-oracle/jre/lib/rt.jar
7f88e5293000-7f88e58d3000 rw-p 00000000 00:00 0 
7f88e58d3000-7f88e5a93000 ---p 00000000 00:00 0 
7f88e5a93000-7f88e7c93000 rw-p 00000000 00:00 0 
7f88e7c93000-7f88e7c94000 ---p 00000000 00:00 0 
7f88e7c94000-7f88e7d94000 rw-p 00000000 00:00 0 
7f88e7d94000-7f88e7d95000 ---p 00000000 00:00 0 
7f88e7d95000-7f88e7e95000 rw-p 00000000 00:00 0 
7f88e7e95000-7f88e7e96000 ---p 00000000 00:00 0 
7f88e7e96000-7f88e7f96000 rw-p 00000000 00:00 0 
7f88e7f96000-7f88e7f97000 ---p 00000000 00:00 0 
7f88e7f97000-7f88e80b7000 rw-p 00000000 00:00 0 
7f88e80b7000-7f88e81ed000 ---p 00000000 00:00 0 
7f88e81ed000-7f88e820d000 rw-p 00000000 00:00 0 
7f88e820d000-7f88e8342000 ---p 00000000 00:00 0 
7f88e8342000-7f88e8376000 rw-p 00000000 00:00 0 
7f88e8376000-7f88e83ed000 ---p 00000000 00:00 0 
7f88e83ed000-7f88e8402000 rw-p 00000000 00:00 0 
7f88e8402000-7f88e87ae000 ---p 00000000 00:00 0 
7f88e87ae000-7f88e8c8e000 rwxp 00000000 00:00 0 
7f88e8c8e000-7f88f77ae000 ---p 00000000 00:00 0 
7f88f77ae000-7f88f77c8000 r-xp 00000000 08:01 3284666                    /usr/lib/jvm/java-8-oracle/jre/lib/amd64/libzip.so
7f88f77c8000-7f88f79c8000 ---p 0001a000 08:01 3284666                    /usr/lib/jvm/java-8-oracle/jre/lib/amd64/libzip.so
7f88f79c8000-7f88f79c9000 rw-p 0001a000 08:01 3284666                    /usr/lib/jvm/java-8-oracle/jre/lib/amd64/libzip.so
7f88f79c9000-7f88f79d4000 r-xp 00000000 08:01 7999875                    /lib/x86_64-linux-gnu/libnss_files-2.23.so
7f88f79d4000-7f88f7bd3000 ---p 0000b000 08:01 7999875                    /lib/x86_64-linux-gnu/libnss_files-2.23.so
7f88f7bd3000-7f88f7bd4000 r--p 0000a000 08:01 7999875                    /lib/x86_64-linux-gnu/libnss_files-2.23.so
7f88f7bd4000-7f88f7bd5000 rw-p 0000b000 08:01 7999875                    /lib/x86_64-linux-gnu/libnss_files-2.23.so
7f88f7bd5000-7f88f7bdb000 rw-p 00000000 00:00 0 
7f88f7bdb000-7f88f7be6000 r-xp 00000000 08:01 7999868                    /lib/x86_64-linux-gnu/libnss_nis-2.23.so
7f88f7be6000-7f88f7de5000 ---p 0000b000 08:01 7999868                    /lib/x86_64-linux-gnu/libnss_nis-2.23.so
7f88f7de5000-7f88f7de6000 r--p 0000a000 08:01 7999868                    /lib/x86_64-linux-gnu/libnss_nis-2.23.so
7f88f7de6000-7f88f7de7000 rw-p 0000b000 08:01 7999868                    /lib/x86_64-linux-gnu/libnss_nis-2.23.so
7f88f7de7000-7f88f7dfd000 r-xp 00000000 08:01 7999864                    /lib/x86_64-linux-gnu/libnsl-2.23.so
7f88f7dfd000-7f88f7ffc000 ---p 00016000 08:01 7999864                    /lib/x86_64-linux-gnu/libnsl-2.23.so
7f88f7ffc000-7f88f7ffd000 r--p 00015000 08:01 7999864                    /lib/x86_64-linux-gnu/libnsl-2.23.so
7f88f7ffd000-7f88f7ffe000 rw-p 00016000 08:01 7999864                    /lib/x86_64-linux-gnu/libnsl-2.23.so
7f88f7ffe000-7f88f8000000 rw-p 00000000 00:00 0 
7f88f8000000-7f88f83a1000 rw-p 00000000 00:00 0 
7f88f83a1000-7f88fc000000 ---p 00000000 00:00 0 
7f88fc00a000-7f88fc019000 r--s 000df000 08:01 3938513                    /home/ahmed/Android/Sdk/build-tools/23.0.3/lib/dx.jar
7f88fc019000-7f88fc0b0000 rw-p 00000000 00:00 0 
7f88fc0b0000-7f88fc0b8000 r-xp 00000000 08:01 7999507                    /lib/x86_64-linux-gnu/libnss_compat-2.23.so
7f88fc0b8000-7f88fc2b7000 ---p 00008000 08:01 7999507                    /lib/x86_64-linux-gnu/libnss_compat-2.23.so
7f88fc2b7000-7f88fc2b8000 r--p 00007000 08:01 7999507                    /lib/x86_64-linux-gnu/libnss_compat-2.23.so
7f88fc2b8000-7f88fc2b9000 rw-p 00008000 08:01 7999507                    /lib/x86_64-linux-gnu/libnss_compat-2.23.so
7f88fc2b9000-7f88fc2e3000 r-xp 00000000 08:01 3284615                    /usr/lib/jvm/java-8-oracle/jre/lib/amd64/libjava.so
7f88fc2e3000-7f88fc4e3000 ---p 0002a000 08:01 3284615                    /usr/lib/jvm/java-8-oracle/jre/lib/amd64/libjava.so
7f88fc4e3000-7f88fc4e5000 rw-p 0002a000 08:01 3284615                    /usr/lib/jvm/java-8-oracle/jre/lib/amd64/libjava.so
7f88fc4e5000-7f88fc4f2000 r-xp 00000000 08:01 3284672                    /usr/lib/jvm/java-8-oracle/jre/lib/amd64/libverify.so
7f88fc4f2000-7f88fc6f2000 ---p 0000d000 08:01 3284672                    /usr/lib/jvm/java-8-oracle/jre/lib/amd64/libverify.so
7f88fc6f2000-7f88fc6f4000 rw-p 0000d000 08:01 3284672                    /usr/lib/jvm/java-8-oracle/jre/lib/amd64/libverify.so
7f88fc6f4000-7f88fc6fb000 r-xp 00000000 08:01 7999892                    /lib/x86_64-linux-gnu/librt-2.23.so
7f88fc6fb000-7f88fc8fa000 ---p 00007000 08:01 7999892                    /lib/x86_64-linux-gnu/librt-2.23.so
7f88fc8fa000-7f88fc8fb000 r--p 00006000 08:01 7999892                    /lib/x86_64-linux-gnu/librt-2.23.so
7f88fc8fb000-7f88fc8fc000 rw-p 00007000 08:01 7999892                    /lib/x86_64-linux-gnu/librt-2.23.so
7f88fc8fc000-7f88fca04000 r-xp 00000000 08:01 7999886                    /lib/x86_64-linux-gnu/libm-2.23.so
7f88fca04000-7f88fcc03000 ---p 00108000 08:01 7999886                    /lib/x86_64-linux-gnu/libm-2.23.so
7f88fcc03000-7f88fcc04000 r--p 00107000 08:01 7999886                    /lib/x86_64-linux-gnu/libm-2.23.so
7f88fcc04000-7f88fcc05000 rw-p 00108000 08:01 7999886                    /lib/x86_64-linux-gnu/libm-2.23.so
7f88fcc05000-7f88fd8c5000 r-xp 00000000 08:01 3284648                    /usr/lib/jvm/java-8-oracle/jre/lib/amd64/server/libjvm.so
7f88fd8c5000-7f88fdac5000 ---p 00cc0000 08:01 3284648                    /usr/lib/jvm/java-8-oracle/jre/lib/amd64/server/libjvm.so
7f88fdac5000-7f88fdb9d000 rw-p 00cc0000 08:01 3284648                    /usr/lib/jvm/java-8-oracle/jre/lib/amd64/server/libjvm.so
7f88fdb9d000-7f88fdbe8000 rw-p 00000000 00:00 0 
7f88fdbe8000-7f88fdda8000 r-xp 00000000 08:01 7999902                    /lib/x86_64-linux-gnu/libc-2.23.so
7f88fdda8000-7f88fdfa7000 ---p 001c0000 08:01 7999902                    /lib/x86_64-linux-gnu/libc-2.23.so
7f88fdfa7000-7f88fdfab000 r--p 001bf000 08:01 7999902                    /lib/x86_64-linux-gnu/libc-2.23.so
7f88fdfab000-7f88fdfad000 rw-p 001c3000 08:01 7999902                    /lib/x86_64-linux-gnu/libc-2.23.so
7f88fdfad000-7f88fdfb1000 rw-p 00000000 00:00 0 
7f88fdfb1000-7f88fdfb4000 r-xp 00000000 08:01 7999904                    /lib/x86_64-linux-gnu/libdl-2.23.so
7f88fdfb4000-7f88fe1b3000 ---p 00003000 08:01 7999904                    /lib/x86_64-linux-gnu/libdl-2.23.so
7f88fe1b3000-7f88fe1b4000 r--p 00002000 08:01 7999904                    /lib/x86_64-linux-gnu/libdl-2.23.so
7f88fe1b4000-7f88fe1b5000 rw-p 00003000 08:01 7999904                    /lib/x86_64-linux-gnu/libdl-2.23.so
7f88fe1b5000-7f88fe1ca000 r-xp 00000000 08:01 4079274                    /usr/lib/jvm/java-8-oracle/lib/amd64/jli/libjli.so
7f88fe1ca000-7f88fe3ca000 ---p 00015000 08:01 4079274                    /usr/lib/jvm/java-8-oracle/lib/amd64/jli/libjli.so
7f88fe3ca000-7f88fe3cb000 rw-p 00015000 08:01 4079274                    /usr/lib/jvm/java-8-oracle/lib/amd64/jli/libjli.so
7f88fe3cb000-7f88fe3e3000 r-xp 00000000 08:01 7999900                    /lib/x86_64-linux-gnu/libpthread-2.23.so
7f88fe3e3000-7f88fe5e2000 ---p 00018000 08:01 7999900                    /lib/x86_64-linux-gnu/libpthread-2.23.so
7f88fe5e2000-7f88fe5e3000 r--p 00017000 08:01 7999900                    /lib/x86_64-linux-gnu/libpthread-2.23.so
7f88fe5e3000-7f88fe5e4000 rw-p 00018000 08:01 7999900                    /lib/x86_64-linux-gnu/libpthread-2.23.so
7f88fe5e4000-7f88fe5e8000 rw-p 00000000 00:00 0 
7f88fe5e8000-7f88fe60e000 r-xp 00000000 08:01 7999894                    /lib/x86_64-linux-gnu/ld-2.23.so
7f88fe616000-7f88fe6db000 rw-p 00000000 00:00 0 
7f88fe6db000-7f88fe6de000 ---p 00000000 00:00 0 
7f88fe6de000-7f88fe7e0000 rw-p 00000000 00:00 0 
7f88fe7e1000-7f88fe7ed000 r--s 00069000 08:01 12853422                   /home/ahmed/.gradle/caches/modules-2/files-2.1/com.github.bumptech.glide/glide/3.7.0/9e9eeaf9948ee4d6c3ab354e8dc14368f16994a4/glide-3.7.0.jar
7f88fe7ed000-7f88fe801000 rw-p 00000000 00:00 0 
7f88fe801000-7f88fe809000 rw-s 00000000 08:01 12860032                   /tmp/hsperfdata_ahmed/30954
7f88fe809000-7f88fe80a000 rw-p 00000000 00:00 0 
7f88fe80a000-7f88fe80b000 ---p 00000000 00:00 0 
7f88fe80b000-7f88fe80d000 rw-p 00000000 00:00 0 
7f88fe80d000-7f88fe80e000 r--p 00025000 08:01 7999894                    /lib/x86_64-linux-gnu/ld-2.23.so
7f88fe80e000-7f88fe80f000 rw-p 00026000 08:01 7999894                    /lib/x86_64-linux-gnu/ld-2.23.so
7f88fe80f000-7f88fe810000 rw-p 00000000 00:00 0 
7ffda6647000-7ffda6668000 rw-p 00000000 00:00 0                          [stack]
7ffda676f000-7ffda6771000 r--p 00000000 00:00 0                          [vvar]
7ffda6771000-7ffda6773000 r-xp 00000000 00:00 0                          [vdso]
ffffffffff600000-ffffffffff601000 r-xp 00000000 00:00 0                  [vsyscall]

VM Arguments:
jvm_args: -Djava.awt.headless=true -Xmx1024M -Dfile.encoding=UTF-8 -Duser.country=US -Duser.language=en -Duser.variant 
java_command: com.android.dx.command.Main --dex --force-jumbo --num-threads=4 --multi-dex --output /home/ahmed/AndroidStudioProjects/MyApplication/app/build/intermediates/transforms/dex/debug/folders/1000/10/glide-3.7.0_4c045f03f4d04dbf72e026494a9221d015434a93 /home/ahmed/.gradle/caches/modules-2/files-2.1/com.github.bumptech.glide/glide/3.7.0/9e9eeaf9948ee4d6c3ab354e8dc14368f16994a4/glide-3.7.0.jar
java_class_path (initial): /home/ahmed/Android/Sdk/build-tools/23.0.3/lib/dx.jar
Launcher Type: SUN_STANDARD

Environment Variables:
JAVA_HOME=/usr/lib/jvm/java-8-oracle
PATH=/usr/local/sbin:/usr/local/bin:/usr/sbin:/usr/bin:/sbin:/bin:/usr/games:/usr/local/games:/snap/bin
LD_LIBRARY_PATH=/home/ahmed/myData/android-studio/bin:
SHELL=/bin/bash
DISPLAY=:0

Signal Handlers:
SIGSEGV: [libjvm.so+0xabca10], sa_mask[0]=11111111011111111101111111111110, sa_flags=SA_RESTART|SA_SIGINFO
SIGBUS: [libjvm.so+0xabca10], sa_mask[0]=11111111011111111101111111111110, sa_flags=SA_RESTART|SA_SIGINFO
SIGFPE: [libjvm.so+0x919a20], sa_mask[0]=11111111011111111101111111111110, sa_flags=SA_RESTART|SA_SIGINFO
SIGPIPE: [libjvm.so+0x919a20], sa_mask[0]=11111111011111111101111111111110, sa_flags=SA_RESTART|SA_SIGINFO
SIGXFSZ: [libjvm.so+0x919a20], sa_mask[0]=11111111011111111101111111111110, sa_flags=SA_RESTART|SA_SIGINFO
SIGILL: [libjvm.so+0x919a20], sa_mask[0]=11111111011111111101111111111110, sa_flags=SA_RESTART|SA_SIGINFO
SIGUSR1: SIG_DFL, sa_mask[0]=00000000000000000000000000000000, sa_flags=none
SIGUSR2: [libjvm.so+0x91b050], sa_mask[0]=00100000000000000000000000000000, sa_flags=SA_RESTART|SA_SIGINFO
SIGHUP: [libjvm.so+0x91c450], sa_mask[0]=11111111011111111101111111111110, sa_flags=SA_RESTART|SA_SIGINFO
SIGINT: [libjvm.so+0x91c450], sa_mask[0]=11111111011111111101111111111110, sa_flags=SA_RESTART|SA_SIGINFO
SIGTERM: [libjvm.so+0x91c450], sa_mask[0]=11111111011111111101111111111110, sa_flags=SA_RESTART|SA_SIGINFO
SIGQUIT: [libjvm.so+0x91c450], sa_mask[0]=11111111011111111101111111111110, sa_flags=SA_RESTART|SA_SIGINFO


---------------  S Y S T E M  ---------------

OS:DISTRIB_ID=Ubuntu
DISTRIB_RELEASE=16.04
DISTRIB_CODENAME=xenial
DISTRIB_DESCRIPTION="Ubuntu 16.04.1 LTS"

uname:Linux 4.4.0-38-generic #57-Ubuntu SMP Tue Sep 6 15:42:33 UTC 2016 x86_64
libc:glibc 2.23 NPTL 2.23 
rlimit: STACK 8192k, CORE 0k, NPROC 23444, NOFILE 65536, AS infinity
load average:18.21 9.99 6.70

/proc/meminfo:
MemTotal:        6039136 kB
MemFree:          938340 kB
MemAvailable:    1048008 kB
Buffers:           26816 kB
Cached:           528368 kB
SwapCached:        97360 kB
Active:          3739128 kB
Inactive:        1131120 kB
Active(anon):    3551708 kB
Inactive(anon):  1021924 kB
Active(file):     187420 kB
Inactive(file):   109196 kB
Unevictable:          48 kB
Mlocked:              48 kB
SwapTotal:       6213628 kB
SwapFree:        5206072 kB
Dirty:              8032 kB
Writeback:             0 kB
AnonPages:       4294568 kB
Mapped:           256212 kB
Shmem:            258484 kB
Slab:              99948 kB
SReclaimable:      51684 kB
SUnreclaim:        48264 kB
KernelStack:       15136 kB
PageTables:        61312 kB
NFS_Unstable:          0 kB
Bounce:                0 kB
WritebackTmp:          0 kB
CommitLimit:     9233196 kB
Committed_AS:   11871080 kB
VmallocTotal:   34359738367 kB
VmallocUsed:           0 kB
VmallocChunk:          0 kB
HardwareCorrupted:     0 kB
AnonHugePages:   2650112 kB
CmaTotal:              0 kB
CmaFree:               0 kB
HugePages_Total:       0
HugePages_Free:        0
HugePages_Rsvd:        0
HugePages_Surp:        0
Hugepagesize:       2048 kB
DirectMap4k:      195632 kB
DirectMap2M:     6025216 kB


CPU:total 4 (2 cores per cpu, 2 threads per core) family 6 model 42 stepping 7, cmov, cx8, fxsr, mmx, sse, sse2, sse3, ssse3, sse4.1, sse4.2, popcnt, avx, clmul, ht, tsc, tscinvbit

/proc/cpuinfo:
processor	: 0
vendor_id	: GenuineIntel
cpu family	: 6
model		: 42
model name	: Intel(R) Core(TM) i3-2310M CPU @ 2.10GHz
stepping	: 7
microcode	: 0x14
cpu MHz		: 2100.000
cache size	: 3072 KB
physical id	: 0
siblings	: 4
core id		: 0
cpu cores	: 2
apicid		: 0
initial apicid	: 0
fpu		: yes
fpu_exception	: yes
cpuid level	: 13
wp		: yes
flags		: fpu vme de pse tsc msr pae mce cx8 apic sep mtrr pge mca cmov pat pse36 clflush dts acpi mmx fxsr sse sse2 ss ht tm pbe syscall nx rdtscp lm constant_tsc arch_perfmon pebs bts rep_good nopl xtopology nonstop_tsc aperfmperf eagerfpu pni pclmulqdq dtes64 monitor ds_cpl vmx est tm2 ssse3 cx16 xtpr pdcm pcid sse4_1 sse4_2 x2apic popcnt tsc_deadline_timer xsave avx lahf_lm epb tpr_shadow vnmi flexpriority ept vpid xsaveopt dtherm arat pln pts
bugs		:
bogomips	: 4190.58
clflush size	: 64
cache_alignment	: 64
address sizes	: 36 bits physical, 48 bits virtual
power management:

processor	: 1
vendor_id	: GenuineIntel
cpu family	: 6
model		: 42
model name	: Intel(R) Core(TM) i3-2310M CPU @ 2.10GHz
stepping	: 7
microcode	: 0x14
cpu MHz		: 2100.000
cache size	: 3072 KB
physical id	: 0
siblings	: 4
core id		: 0
cpu cores	: 2
apicid		: 1
initial apicid	: 1
fpu		: yes
fpu_exception	: yes
cpuid level	: 13
wp		: yes
flags		: fpu vme de pse tsc msr pae mce cx8 apic sep mtrr pge mca cmov pat pse36 clflush dts acpi mmx fxsr sse sse2 ss ht tm pbe syscall nx rdtscp lm constant_tsc arch_perfmon pebs bts rep_good nopl xtopology nonstop_tsc aperfmperf eagerfpu pni pclmulqdq dtes64 monitor ds_cpl vmx est tm2 ssse3 cx16 xtpr pdcm pcid sse4_1 sse4_2 x2apic popcnt tsc_deadline_timer xsave avx lahf_lm epb tpr_shadow vnmi flexpriority ept vpid xsaveopt dtherm arat pln pts
bugs		:
bogomips	: 4190.58
clflush size	: 64
cache_alignment	: 64
address sizes	: 36 bits physical, 48 bits virtual
power management:

processor	: 2
vendor_id	: GenuineIntel
cpu family	: 6
model		: 42
model name	: Intel(R) Core(TM) i3-2310M CPU @ 2.10GHz
stepping	: 7
microcode	: 0x14
cpu MHz		: 2099.917
cache size	: 3072 KB
physical id	: 0
siblings	: 4
core id		: 1
cpu cores	: 2
apicid		: 2
initial apicid	: 2
fpu		: yes
fpu_exception	: yes
cpuid level	: 13
wp		: yes
flags		: fpu vme de pse tsc msr pae mce cx8 apic sep mtrr pge mca cmov pat pse36 clflush dts acpi mmx fxsr sse sse2 ss ht tm pbe syscall nx rdtscp lm constant_tsc arch_perfmon pebs bts rep_good nopl xtopology nonstop_tsc aperfmperf eagerfpu pni pclmulqdq dtes64 monitor ds_cpl vmx est tm2 ssse3 cx16 xtpr pdcm pcid sse4_1 sse4_2 x2apic popcnt tsc_deadline_timer xsave avx lahf_lm epb tpr_shadow vnmi flexpriority ept vpid xsaveopt dtherm arat pln pts
bugs		:
bogomips	: 4190.58
clflush size	: 64
cache_alignment	: 64
address sizes	: 36 bits physical, 48 bits virtual
power management:

processor	: 3
vendor_id	: GenuineIntel
cpu family	: 6
model		: 42
model name	: Intel(R) Core(TM) i3-2310M CPU @ 2.10GHz
stepping	: 7
microcode	: 0x14
cpu MHz		: 2099.917
cache size	: 3072 KB
physical id	: 0
siblings	: 4
core id		: 1
cpu cores	: 2
apicid		: 3
initial apicid	: 3
fpu		: yes
fpu_exception	: yes
cpuid level	: 13
wp		: yes
flags		: fpu vme de pse tsc msr pae mce cx8 apic sep mtrr pge mca cmov pat pse36 clflush dts acpi mmx fxsr sse sse2 ss ht tm pbe syscall nx rdtscp lm constant_tsc arch_perfmon pebs bts rep_good nopl xtopology nonstop_tsc aperfmperf eagerfpu pni pclmulqdq dtes64 monitor ds_cpl vmx est tm2 ssse3 cx16 xtpr pdcm pcid sse4_1 sse4_2 x2apic popcnt tsc_deadline_timer xsave avx lahf_lm epb tpr_shadow vnmi flexpriority ept vpid xsaveopt dtherm arat pln pts
bugs		:
bogomips	: 4190.58
clflush size	: 64
cache_alignment	: 64
address sizes	: 36 bits physical, 48 bits virtual
power management:



Memory: 4k page, physical 6039136k(938108k free), swap 6213628k(5206072k free)

vm_info: Java HotSpot(TM) 64-Bit Server VM (25.91-b14) for linux-amd64 JRE (1.8.0_91-b14), built on Apr  1 2016 00:57:21 by "java_re" with gcc 4.3.0 20080428 (Red Hat 4.3.0-8)

time: Thu Oct 13 13:45:30 2016
elapsed time: 9 seconds (0d 0h 0m 9s)

