#
# A fatal error has been detected by the Java Runtime Environment:
#
#  SIGSEGV (0xb) at pc=0x00007fdc6bbd6583, pid=13308, tid=140584635918080
#
# JRE version: Java(TM) SE Runtime Environment (8.0_91-b14) (build 1.8.0_91-b14)
# Java VM: Java HotSpot(TM) 64-Bit Server VM (25.91-b14 mixed mode linux-amd64 compressed oops)
# Problematic frame:
# V  [libjvm.so+0x986583]  oopDesc* PSPromotionManager::copy_to_survivor_space<false>(oopDesc*)+0x143
#
# Failed to write core dump. Core dumps have been disabled. To enable core dumping, try "ulimit -c unlimited" before starting Java again
#
# If you would like to submit a bug report, please visit:
#   http://bugreport.java.com/bugreport/crash.jsp
#

---------------  T H R E A D  ---------------

Current thread (0x00007fdc64024800):  GCTaskThread [stack: 0x00007fdc6938e000,0x00007fdc6948f000] [id=13316]

siginfo: si_signo: 11 (SIGSEGV), si_code: 1 (SEGV_MAPERR), si_addr: 0x00000003630b7398

Registers:
RAX=0x00007fdc6c1d3490, RBX=0x00000000f1ee2860, RCX=0x0000000000000003, RDX=0x0000000000000001
RSP=0x00007fdc6948d8b0, RBP=0x00007fdc6948d920, RSI=0x00000000edf049b8, RDI=0x00000003630b7390
R8 =0x00000000f1ee2848, R9 =0x00007fdc64075598, R10=0x00007fdc6c1f7879, R11=0x00007fdc6948d860
R12=0x00000000edf049b8, R13=0x65746e692f657669, R14=0x0000000000000000, R15=0x00007fdc64075568
RIP=0x00007fdc6bbd6583, EFLAGS=0x0000000000010206, CSGSFS=0x0000000000000033, ERR=0x0000000000000004
  TRAPNO=0x000000000000000e

Top of Stack: (sp=0x00007fdc6948d8b0)
0x00007fdc6948d8b0:   00007fdc6948d920 00007fdc6c1f7879
0x00007fdc6948d8c0:   00007fdc6948d8f0 00007fdc64075500
0x00007fdc6948d8d0:   00000000c13ff800 00007fdc64075598
0x00007fdc6948d8e0:   00000000f1edc088 0000000000001000
0x00007fdc6948d8f0:   00007fdc64017ce0 00000000f1ee2860
0x00007fdc6948d900:   00007fdc64075500 00007fdc6c1d3480
0x00007fdc6948d910:   0000000000000000 00007fdc64075568
0x00007fdc6948d920:   00007fdc6948da10 00007fdc6bbd5e08
0x00007fdc6948d930:   00007fdc6948d990 00007fdc6948d9a0
0x00007fdc6948d940:   00007fdc6948d9b0 00007fdc6948d970
0x00007fdc6948d950:   00007fdc6948d980 00007fdc6948d9d0
0x00007fdc6948d960:   01000000c1480008 00007fdc64075598
0x00007fdc6948d970:   00000000eac897c0 0000000000000005
0x00007fdc6948d980:   0000000000000000 0000000000000005
0x00007fdc6948d990:   00007fdc6948da10 00007fdc6bbd69ae
0x00007fdc6948d9a0:   000001d90000029c 00007fdc6948d9d0
0x00007fdc6948d9b0:   000002b30000017a 00007fdc64075500
0x00007fdc6948d9c0:   000002b40000017a 00007fdc64075598
0x00007fdc6948d9d0:   00000000f1ee2861 0000000000000200
0x00007fdc6948d9e0:   00000000c1480008 00000000f1e61598
0x00007fdc6948d9f0:   00007fdc6c1d3480 0000000000000003
0x00007fdc6948da00:   00007fdc6948da30 00007fdc6948da3c
0x00007fdc6948da10:   00007fdc6948da70 00007fdc6bbd9c0e
0x00007fdc6948da20:   00007fdc2423a620 00007fdc64075500
0x00007fdc6948da30:   00000000f1e61599 10c052216b824b57
0x00007fdc6948da40:   00007fdc6948da70 00007fdc2423a620
0x00007fdc6948da50:   00007fdc64024800 0000000000000001
0x00007fdc6948da60:   00007fdc64024df0 00007fdc6bd96161
0x00007fdc6948da70:   00007fdc6948db80 00007fdc6b82584f
0x00007fdc6948da80:   0000000000000000 00007fdc6948dac0
0x00007fdc6948da90:   00007fdc6948db40 0000000000000000
0x00007fdc6948daa0:   00007fdc64024e30 00007fdc64024e40 

Instructions: (pc=0x00007fdc6bbd6583)
0x00007fdc6bbd6563:   83 e0 07 48 83 f8 05 75 d3 31 db eb d6 48 8b 05
0x00007fdc6bbd6573:   31 df 5d 00 8b 7e 08 8b 48 08 48 d3 e7 48 03 38
0x00007fdc6bbd6583:   8b 77 08 83 fe 00 0f 8f 0a ff ff ff 0f 85 4b 02
0x00007fdc6bbd6593:   00 00 0f 1f 00 48 8b 07 4c 89 e6 4c 89 55 98 ff 

Register to memory mapping:

RAX=0x00007fdc6c1d3490: <offset 0xf83490> in /usr/lib/jvm/java-8-oracle/jre/lib/amd64/server/libjvm.so at 0x00007fdc6b250000
RBX=0x00000000f1ee2860 is an oop

[error occurred during error reporting (printing register info), id 0xb]

Stack: [0x00007fdc6938e000,0x00007fdc6948f000],  sp=0x00007fdc6948d8b0,  free space=1022k
Native frames: (J=compiled Java code, j=interpreted, Vv=VM code, C=native code)
V  [libjvm.so+0x986583]  oopDesc* PSPromotionManager::copy_to_survivor_space<false>(oopDesc*)+0x143
V  [libjvm.so+0x985e08]  PSPromotionManager::drain_stacks_depth(bool)+0x7e8
V  [libjvm.so+0x989c0e]  StealTask::do_it(GCTaskManager*, unsigned int)+0x19e
V  [libjvm.so+0x5d584f]  GCTaskThread::run()+0x12f
V  [libjvm.so+0x91ef78]  java_start(Thread*)+0x108


---------------  P R O C E S S  ---------------

Java Threads: ( => current thread )
  0x00007fdc64146000 JavaThread "pool-2-thread-4" [_thread_blocked, id=13342, stack(0x00007fdc515fc000,0x00007fdc516fd000)]
  0x00007fdc64144800 JavaThread "pool-2-thread-3" [_thread_blocked, id=13341, stack(0x00007fdc516fd000,0x00007fdc517fe000)]
  0x00007fdc64142800 JavaThread "pool-2-thread-2" [_thread_blocked, id=13340, stack(0x00007fdc517fe000,0x00007fdc518ff000)]
  0x00007fdc64141800 JavaThread "pool-3-thread-1" [_thread_blocked, id=13339, stack(0x00007fdc518ff000,0x00007fdc51a00000)]
  0x00007fdc6413f800 JavaThread "pool-2-thread-1" [_thread_blocked, id=13338, stack(0x00007fdc51a00000,0x00007fdc51b01000)]
  0x00007fdc640c1000 JavaThread "Service Thread" daemon [_thread_blocked, id=13324, stack(0x00007fdc51c02000,0x00007fdc51d03000)]
  0x00007fdc640be000 JavaThread "C1 CompilerThread2" daemon [_thread_blocked, id=13323, stack(0x00007fdc51d03000,0x00007fdc51e04000)]
  0x00007fdc640bc800 JavaThread "C2 CompilerThread1" daemon [_thread_in_native, id=13322, stack(0x00007fdc51e04000,0x00007fdc51f05000)]
  0x00007fdc640b9800 JavaThread "C2 CompilerThread0" daemon [_thread_in_native, id=13321, stack(0x00007fdc51f05000,0x00007fdc52006000)]
  0x00007fdc640b8000 JavaThread "Signal Dispatcher" daemon [_thread_blocked, id=13320, stack(0x00007fdc52006000,0x00007fdc52107000)]
  0x00007fdc64084000 JavaThread "Finalizer" daemon [_thread_blocked, id=13319, stack(0x00007fdc523f4000,0x00007fdc524f5000)]
  0x00007fdc6407f800 JavaThread "Reference Handler" daemon [_thread_blocked, id=13318, stack(0x00007fdc524f5000,0x00007fdc525f6000)]
  0x00007fdc6400a000 JavaThread "main" [_thread_blocked, id=13310, stack(0x00007fdc6cd26000,0x00007fdc6ce27000)]

Other Threads:
  0x00007fdc64078000 VMThread [stack: 0x00007fdc525f6000,0x00007fdc526f7000] [id=13317]
  0x00007fdc640c4000 WatcherThread [stack: 0x00007fdc51b01000,0x00007fdc51c02000] [id=13325]

=>0x00007fdc64024800 (exited) GCTaskThread [stack: 0x00007fdc6938e000,0x00007fdc6948f000] [id=13316]

VM state:at safepoint (normal execution)

VM Mutex/Monitor currently owned by a thread:  ([mutex/lock_event])
[0x00007fdc64006570] Threads_lock - owner thread: 0x00007fdc64078000
[0x00007fdc64006a70] Heap_lock - owner thread: 0x00007fdc64146000

Heap:
 PSYoungGen      total 52736K, used 52736K [0x00000000eab00000, 0x00000000f2300000, 0x0000000100000000)
  eden space 49152K, 100% used [0x00000000eab00000,0x00000000edb00000,0x00000000edb00000)
  from space 3584K, 100% used [0x00000000edb00000,0x00000000ede80000,0x00000000ede80000)
  to   space 12288K, 72% used [0x00000000f1700000,0x00000000f1fbc088,0x00000000f2300000)
 ParOldGen       total 64512K, used 21182K [0x00000000c0000000, 0x00000000c3f00000, 0x00000000eab00000)
  object space 64512K, 32% used [0x00000000c0000000,0x00000000c14af800,0x00000000c3f00000)
 Metaspace       used 6008K, capacity 6960K, committed 7040K, reserved 1056768K
  class space    used 587K, capacity 616K, committed 640K, reserved 1048576K

Card table byte_map: [0x00007fdc698e8000,0x00007fdc69ae9000] byte_map_base: 0x00007fdc692e8000

Marking Bits: (ParMarkBitMap*) 0x00007fdc6c206d60
 Begin Bits: [0x00007fdc53000000, 0x00007fdc54000000)
 End Bits:   [0x00007fdc54000000, 0x00007fdc55000000)

Polling page: 0x00007fdc6ce55000

CodeCache: size=245760Kb used=5190Kb max_used=5190Kb free=240569Kb
 bounds [0x00007fdc55000000, 0x00007fdc55520000, 0x00007fdc64000000]
 total_blobs=1622 nmethods=1354 adapters=182
 compilation: enabled

Compilation events (10 events):
Event: 9.259 Thread 0x00007fdc640be000 nmethod 1710 0x00007fdc5550d090 code [0x00007fdc5550d360, 0x00007fdc5550e6f8]
Event: 9.259 Thread 0x00007fdc640be000 1707 %     3       com.android.dx.cf.code.BytecodeArray::processWorkSet @ 14 (50 bytes)
Event: 9.276 Thread 0x00007fdc640be000 nmethod 1707% 0x00007fdc5550f190 code [0x00007fdc5550f360, 0x00007fdc5550f978]
Event: 9.276 Thread 0x00007fdc640be000 1713   !   3       com.android.dx.cf.code.Ropper::doit (126 bytes)
Event: 9.278 Thread 0x00007fdc640be000 nmethod 1713 0x00007fdc5550fc90 code [0x00007fdc5550ff80, 0x00007fdc555113b8]
Event: 9.278 Thread 0x00007fdc640be000 1724 %     3       com.android.dx.ssa.LocalVariableExtractor::doit @ 18 (59 bytes)
Event: 9.279 Thread 0x00007fdc640be000 nmethod 1724% 0x00007fdc55512010 code [0x00007fdc555121c0, 0x00007fdc55512748]
Event: 9.279 Thread 0x00007fdc640be000 1720       2       com.android.dx.ssa.PhiTypeResolver::resolveResultType (308 bytes)
Event: 9.305 Thread 0x00007fdc640be000 nmethod 1720 0x00007fdc55512990 code [0x00007fdc55512c80, 0x00007fdc55513ad8]
Event: 9.305 Thread 0x00007fdc640be000 1736       3       com.android.dx.ssa.ConstCollector::getConstsSortedByCountUse (386 bytes)

GC Heap History (10 events):
Event: 3.192 GC heap after
Heap after GC invocations=1 (full 0):
 PSYoungGen      total 28160K, used 3572K [0x00000000eab00000, 0x00000000eca00000, 0x0000000100000000)
  eden space 24576K, 0% used [0x00000000eab00000,0x00000000eab00000,0x00000000ec300000)
  from space 3584K, 99% used [0x00000000ec300000,0x00000000ec67d1a8,0x00000000ec680000)
  to   space 3584K, 0% used [0x00000000ec680000,0x00000000ec680000,0x00000000eca00000)
 ParOldGen       total 64512K, used 1111K [0x00000000c0000000, 0x00000000c3f00000, 0x00000000eab00000)
  object space 64512K, 1% used [0x00000000c0000000,0x00000000c0115e58,0x00000000c3f00000)
 Metaspace       used 5683K, capacity 6704K, committed 6784K, reserved 1056768K
  class space    used 586K, capacity 616K, committed 640K, reserved 1048576K
}
Event: 4.537 GC heap before
{Heap before GC invocations=2 (full 0):
 PSYoungGen      total 28160K, used 28148K [0x00000000eab00000, 0x00000000eca00000, 0x0000000100000000)
  eden space 24576K, 100% used [0x00000000eab00000,0x00000000ec300000,0x00000000ec300000)
  from space 3584K, 99% used [0x00000000ec300000,0x00000000ec67d1a8,0x00000000ec680000)
  to   space 3584K, 0% used [0x00000000ec680000,0x00000000ec680000,0x00000000eca00000)
 ParOldGen       total 64512K, used 1111K [0x00000000c0000000, 0x00000000c3f00000, 0x00000000eab00000)
  object space 64512K, 1% used [0x00000000c0000000,0x00000000c0115e58,0x00000000c3f00000)
 Metaspace       used 5809K, capacity 6768K, committed 7040K, reserved 1056768K
  class space    used 586K, capacity 616K, committed 640K, reserved 1048576K
Event: 4.582 GC heap after
Heap after GC invocations=2 (full 0):
 PSYoungGen      total 28160K, used 3559K [0x00000000eab00000, 0x00000000ee200000, 0x0000000100000000)
  eden space 24576K, 0% used [0x00000000eab00000,0x00000000eab00000,0x00000000ec300000)
  from space 3584K, 99% used [0x00000000ec680000,0x00000000ec9f9c78,0x00000000eca00000)
  to   space 3584K, 0% used [0x00000000ec300000,0x00000000ec300000,0x00000000ec680000)
 ParOldGen       total 64512K, used 4392K [0x00000000c0000000, 0x00000000c3f00000, 0x00000000eab00000)
  object space 64512K, 6% used [0x00000000c0000000,0x00000000c044a340,0x00000000c3f00000)
 Metaspace       used 5809K, capacity 6768K, committed 7040K, reserved 1056768K
  class space    used 586K, capacity 616K, committed 640K, reserved 1048576K
}
Event: 5.403 GC heap before
{Heap before GC invocations=3 (full 0):
 PSYoungGen      total 28160K, used 28135K [0x00000000eab00000, 0x00000000ee200000, 0x0000000100000000)
  eden space 24576K, 100% used [0x00000000eab00000,0x00000000ec300000,0x00000000ec300000)
  from space 3584K, 99% used [0x00000000ec680000,0x00000000ec9f9c78,0x00000000eca00000)
  to   space 3584K, 0% used [0x00000000ec300000,0x00000000ec300000,0x00000000ec680000)
 ParOldGen       total 64512K, used 4392K [0x00000000c0000000, 0x00000000c3f00000, 0x00000000eab00000)
  object space 64512K, 6% used [0x00000000c0000000,0x00000000c044a340,0x00000000c3f00000)
 Metaspace       used 5867K, capacity 6832K, committed 7040K, reserved 1056768K
  class space    used 587K, capacity 616K, committed 640K, reserved 1048576K
Event: 5.459 GC heap after
Heap after GC invocations=3 (full 0):
 PSYoungGen      total 28160K, used 3552K [0x00000000eab00000, 0x00000000ee200000, 0x0000000100000000)
  eden space 24576K, 0% used [0x00000000eab00000,0x00000000eab00000,0x00000000ec300000)
  from space 3584K, 99% used [0x00000000ec300000,0x00000000ec678028,0x00000000ec680000)
  to   space 3584K, 0% used [0x00000000ede80000,0x00000000ede80000,0x00000000ee200000)
 ParOldGen       total 64512K, used 9153K [0x00000000c0000000, 0x00000000c3f00000, 0x00000000eab00000)
  object space 64512K, 14% used [0x00000000c0000000,0x00000000c08f0718,0x00000000c3f00000)
 Metaspace       used 5867K, capacity 6832K, committed 7040K, reserved 1056768K
  class space    used 587K, capacity 616K, committed 640K, reserved 1048576K
}
Event: 6.303 GC heap before
{Heap before GC invocations=4 (full 0):
 PSYoungGen      total 28160K, used 28128K [0x00000000eab00000, 0x00000000ee200000, 0x0000000100000000)
  eden space 24576K, 100% used [0x00000000eab00000,0x00000000ec300000,0x00000000ec300000)
  from space 3584K, 99% used [0x00000000ec300000,0x00000000ec678028,0x00000000ec680000)
  to   space 3584K, 0% used [0x00000000ede80000,0x00000000ede80000,0x00000000ee200000)
 ParOldGen       total 64512K, used 9153K [0x00000000c0000000, 0x00000000c3f00000, 0x00000000eab00000)
  object space 64512K, 14% used [0x00000000c0000000,0x00000000c08f0718,0x00000000c3f00000)
 Metaspace       used 5886K, capacity 6896K, committed 7040K, reserved 1056768K
  class space    used 587K, capacity 616K, committed 640K, reserved 1048576K
Event: 6.409 GC heap after
Heap after GC invocations=4 (full 0):
 PSYoungGen      total 52736K, used 3552K [0x00000000eab00000, 0x00000000ee200000, 0x0000000100000000)
  eden space 49152K, 0% used [0x00000000eab00000,0x00000000eab00000,0x00000000edb00000)
  from space 3584K, 99% used [0x00000000ede80000,0x00000000ee1f8028,0x00000000ee200000)
  to   space 3584K, 0% used [0x00000000edb00000,0x00000000edb00000,0x00000000ede80000)
 ParOldGen       total 64512K, used 13233K [0x00000000c0000000, 0x00000000c3f00000, 0x00000000eab00000)
  object space 64512K, 20% used [0x00000000c0000000,0x00000000c0cec5c0,0x00000000c3f00000)
 Metaspace       used 5886K, capacity 6896K, committed 7040K, reserved 1056768K
  class space    used 587K, capacity 616K, committed 640K, reserved 1048576K
}
Event: 7.890 GC heap before
{Heap before GC invocations=5 (full 0):
 PSYoungGen      total 52736K, used 52704K [0x00000000eab00000, 0x00000000ee200000, 0x0000000100000000)
  eden space 49152K, 100% used [0x00000000eab00000,0x00000000edb00000,0x00000000edb00000)
  from space 3584K, 99% used [0x00000000ede80000,0x00000000ee1f8028,0x00000000ee200000)
  to   space 3584K, 0% used [0x00000000edb00000,0x00000000edb00000,0x00000000ede80000)
 ParOldGen       total 64512K, used 13233K [0x00000000c0000000, 0x00000000c3f00000, 0x00000000eab00000)
  object space 64512K, 20% used [0x00000000c0000000,0x00000000c0cec5c0,0x00000000c3f00000)
 Metaspace       used 5946K, capacity 6896K, committed 7040K, reserved 1056768K
  class space    used 587K, capacity 616K, committed 640K, reserved 1048576K
Event: 8.014 GC heap after
Heap after GC invocations=5 (full 0):
 PSYoungGen      total 52736K, used 3584K [0x00000000eab00000, 0x00000000f2300000, 0x0000000100000000)
  eden space 49152K, 0% used [0x00000000eab00000,0x00000000eab00000,0x00000000edb00000)
  from space 3584K, 100% used [0x00000000edb00000,0x00000000ede80000,0x00000000ede80000)
  to   space 12288K, 0% used [0x00000000f1700000,0x00000000f1700000,0x00000000f2300000)
 ParOldGen       total 64512K, used 21182K [0x00000000c0000000, 0x00000000c3f00000, 0x00000000eab00000)
  object space 64512K, 32% used [0x00000000c0000000,0x00000000c14af800,0x00000000c3f00000)
 Metaspace       used 5946K, capacity 6896K, committed 7040K, reserved 1056768K
  class space    used 587K, capacity 616K, committed 640K, reserved 1048576K
}
Event: 9.334 GC heap before
{Heap before GC invocations=6 (full 0):
 PSYoungGen      total 52736K, used 52736K [0x00000000eab00000, 0x00000000f2300000, 0x0000000100000000)
  eden space 49152K, 100% used [0x00000000eab00000,0x00000000edb00000,0x00000000edb00000)
  from space 3584K, 100% used [0x00000000edb00000,0x00000000ede80000,0x00000000ede80000)
  to   space 12288K, 0% used [0x00000000f1700000,0x00000000f1700000,0x00000000f2300000)
 ParOldGen       total 64512K, used 21182K [0x00000000c0000000, 0x00000000c3f00000, 0x00000000eab00000)
  object space 64512K, 32% used [0x00000000c0000000,0x00000000c14af800,0x00000000c3f00000)
 Metaspace       used 6008K, capacity 6960K, committed 7040K, reserved 1056768K
  class space    used 587K, capacity 616K, committed 640K, reserved 1048576K

Deoptimization events (10 events):
Event: 2.934 Thread 0x00007fdc64144800 Uncommon trap: reason=class_check action=maybe_recompile pc=0x00007fdc5520e500 method=com.android.dx.rop.type.Type.equals(Ljava/lang/Object;)Z @ 8
Event: 2.938 Thread 0x00007fdc64144800 Uncommon trap: reason=class_check action=maybe_recompile pc=0x00007fdc5520e500 method=com.android.dx.rop.type.Type.equals(Ljava/lang/Object;)Z @ 8
Event: 5.042 Thread 0x00007fdc6400a000 Uncommon trap: reason=unstable_if action=reinterpret pc=0x00007fdc5535047c method=com.android.dx.ssa.SsaMethod.updateOneDefinition(Lcom/android/dx/ssa/SsaInsn;Lcom/android/dx/rop/code/RegisterSpec;)V @ 4
Event: 5.270 Thread 0x00007fdc64144800 Uncommon trap: reason=class_check action=maybe_recompile pc=0x00007fdc5520d088 method=com.android.dx.rop.type.Type.equals(Ljava/lang/Object;)Z @ 8
Event: 5.747 Thread 0x00007fdc64142800 Uncommon trap: reason=bimorphic action=maybe_recompile pc=0x00007fdc552a20ec method=java.util.HashMap.getNode(ILjava/lang/Object;)Ljava/util/HashMap$Node; @ 126
Event: 7.150 Thread 0x00007fdc64142800 Uncommon trap: reason=unloaded action=reinterpret pc=0x00007fdc552872c8 method=com.android.dx.ssa.SsaRenamer$BlockRenamer.visitMoveInsn(Lcom/android/dx/ssa/NormalSsaInsn;)V @ 208
Event: 7.151 Thread 0x00007fdc64142800 Uncommon trap: reason=unstable_if action=reinterpret pc=0x00007fdc553335b8 method=com.android.dx.ssa.NormalSsaInsn.getLocalAssignment()Lcom/android/dx/rop/code/RegisterSpec; @ 12
Event: 7.151 Thread 0x00007fdc64142800 Uncommon trap: reason=unstable_if action=reinterpret pc=0x00007fdc5531d2ac method=com.android.dx.ssa.NormalSsaInsn.getLocalAssignment()Lcom/android/dx/rop/code/RegisterSpec; @ 12
Event: 7.151 Thread 0x00007fdc64142800 Uncommon trap: reason=unstable_if action=reinterpret pc=0x00007fdc552de750 method=com.android.dx.ssa.NormalSsaInsn.getLocalAssignment()Lcom/android/dx/rop/code/RegisterSpec; @ 12
Event: 7.206 Thread 0x00007fdc6413f800 Uncommon trap: reason=unloaded action=reinterpret pc=0x00007fdc55268338 method=com.android.dx.ssa.SsaRenamer$BlockRenamer.visitMoveInsn(Lcom/android/dx/ssa/NormalSsaInsn;)V @ 208

Internal exceptions (2 events):
Event: 0.203 Thread 0x00007fdc6400a000 Exception <a 'java/lang/NoSuchMethodError': Method sun.misc.Unsafe.defineClass(Ljava/lang/String;[BII)Ljava/lang/Class; name or signature does not match> (0x00000000eab07cc0) thrown at [/HUDSON/workspace/8-2-build-linux-amd64/jdk8u91/6644/hotspot/src/shar
Event: 0.203 Thread 0x00007fdc6400a000 Exception <a 'java/lang/NoSuchMethodError': Method sun.misc.Unsafe.prefetchRead(Ljava/lang/Object;J)V name or signature does not match> (0x00000000eab07fa8) thrown at [/HUDSON/workspace/8-2-build-linux-amd64/jdk8u91/6644/hotspot/src/share/vm/prims/jni.cpp

Events (10 events):
Event: 9.106 Thread 0x00007fdc64142800 DEOPT UNPACKING pc=0x00007fdc55047633 sp=0x00007fdc518fce98 mode 0
Event: 9.116 Thread 0x00007fdc64146000 DEOPT PACKING pc=0x00007fdc553d61f4 sp=0x00007fdc516fae10
Event: 9.116 Thread 0x00007fdc64146000 DEOPT UNPACKING pc=0x00007fdc55047633 sp=0x00007fdc516fabd0 mode 0
Event: 9.151 Thread 0x00007fdc64142800 DEOPT PACKING pc=0x00007fdc553eb719 sp=0x00007fdc518fd000
Event: 9.151 Thread 0x00007fdc64142800 DEOPT UNPACKING pc=0x00007fdc55047633 sp=0x00007fdc518fce10 mode 0
Event: 9.283 Thread 0x00007fdc64146000 DEOPT PACKING pc=0x00007fdc5537d9e6 sp=0x00007fdc516faa10
Event: 9.283 Thread 0x00007fdc64146000 DEOPT UNPACKING pc=0x00007fdc55047633 sp=0x00007fdc516fa750 mode 0
Event: 9.299 Thread 0x00007fdc64142800 DEOPT PACKING pc=0x00007fdc55413309 sp=0x00007fdc518fcf00
Event: 9.299 Thread 0x00007fdc64142800 DEOPT UNPACKING pc=0x00007fdc55047633 sp=0x00007fdc518fcd40 mode 0
Event: 9.319 Executing VM operation: ParallelGCFailedAllocation


Dynamic libraries:
00400000-00401000 r-xp 00000000 08:01 3016174                            /usr/lib/jvm/java-8-oracle/bin/java
00600000-00601000 rw-p 00000000 08:01 3016174                            /usr/lib/jvm/java-8-oracle/bin/java
01a5d000-01a7e000 rw-p 00000000 00:00 0                                  [heap]
c0000000-c3f00000 rw-p 00000000 00:00 0 
c3f00000-eab00000 ---p 00000000 00:00 0 
eab00000-f2300000 rw-p 00000000 00:00 0 
f2300000-100000000 ---p 00000000 00:00 0 
100000000-1000a0000 rw-p 00000000 00:00 0 
1000a0000-140000000 ---p 00000000 00:00 0 
7fdc04000000-7fdc04021000 rw-p 00000000 00:00 0 
7fdc04021000-7fdc08000000 ---p 00000000 00:00 0 
7fdc0c000000-7fdc0c028000 rw-p 00000000 00:00 0 
7fdc0c028000-7fdc10000000 ---p 00000000 00:00 0 
7fdc10000000-7fdc10021000 rw-p 00000000 00:00 0 
7fdc10021000-7fdc14000000 ---p 00000000 00:00 0 
7fdc14000000-7fdc14023000 rw-p 00000000 00:00 0 
7fdc14023000-7fdc18000000 ---p 00000000 00:00 0 
7fdc18000000-7fdc18021000 rw-p 00000000 00:00 0 
7fdc18021000-7fdc1c000000 ---p 00000000 00:00 0 
7fdc1c000000-7fdc1c021000 rw-p 00000000 00:00 0 
7fdc1c021000-7fdc20000000 ---p 00000000 00:00 0 
7fdc20000000-7fdc20021000 rw-p 00000000 00:00 0 
7fdc20021000-7fdc24000000 ---p 00000000 00:00 0 
7fdc24000000-7fdc250fe000 rw-p 00000000 00:00 0 
7fdc250fe000-7fdc28000000 ---p 00000000 00:00 0 
7fdc28000000-7fdc28c83000 rw-p 00000000 00:00 0 
7fdc28c83000-7fdc2c000000 ---p 00000000 00:00 0 
7fdc2c000000-7fdc2c021000 rw-p 00000000 00:00 0 
7fdc2c021000-7fdc30000000 ---p 00000000 00:00 0 
7fdc30000000-7fdc30d24000 rw-p 00000000 00:00 0 
7fdc30d24000-7fdc34000000 ---p 00000000 00:00 0 
7fdc34000000-7fdc34021000 rw-p 00000000 00:00 0 
7fdc34021000-7fdc38000000 ---p 00000000 00:00 0 
7fdc38000000-7fdc38021000 rw-p 00000000 00:00 0 
7fdc38021000-7fdc3c000000 ---p 00000000 00:00 0 
7fdc3c000000-7fdc3c295000 rw-p 00000000 00:00 0 
7fdc3c295000-7fdc40000000 ---p 00000000 00:00 0 
7fdc40000000-7fdc40021000 rw-p 00000000 00:00 0 
7fdc40021000-7fdc44000000 ---p 00000000 00:00 0 
7fdc44000000-7fdc44021000 rw-p 00000000 00:00 0 
7fdc44021000-7fdc48000000 ---p 00000000 00:00 0 
7fdc48000000-7fdc48021000 rw-p 00000000 00:00 0 
7fdc48021000-7fdc4c000000 ---p 00000000 00:00 0 
7fdc4c000000-7fdc4c021000 rw-p 00000000 00:00 0 
7fdc4c021000-7fdc50000000 ---p 00000000 00:00 0 
7fdc515fc000-7fdc515ff000 ---p 00000000 00:00 0 
7fdc515ff000-7fdc516fd000 rw-p 00000000 00:00 0 
7fdc516fd000-7fdc51700000 ---p 00000000 00:00 0 
7fdc51700000-7fdc517fe000 rw-p 00000000 00:00 0 
7fdc517fe000-7fdc51801000 ---p 00000000 00:00 0 
7fdc51801000-7fdc518ff000 rw-p 00000000 00:00 0 
7fdc518ff000-7fdc51902000 ---p 00000000 00:00 0 
7fdc51902000-7fdc51a00000 rw-p 00000000 00:00 0 
7fdc51a00000-7fdc51a03000 ---p 00000000 00:00 0 
7fdc51a03000-7fdc51b01000 rw-p 00000000 00:00 0 
7fdc51b01000-7fdc51b02000 ---p 00000000 00:00 0 
7fdc51b02000-7fdc51c02000 rw-p 00000000 00:00 0 
7fdc51c02000-7fdc51c05000 ---p 00000000 00:00 0 
7fdc51c05000-7fdc51d03000 rw-p 00000000 00:00 0 
7fdc51d03000-7fdc51d06000 ---p 00000000 00:00 0 
7fdc51d06000-7fdc51e04000 rw-p 00000000 00:00 0 
7fdc51e04000-7fdc51e07000 ---p 00000000 00:00 0 
7fdc51e07000-7fdc51f05000 rw-p 00000000 00:00 0 
7fdc51f05000-7fdc51f08000 ---p 00000000 00:00 0 
7fdc51f08000-7fdc52006000 rw-p 00000000 00:00 0 
7fdc52006000-7fdc52009000 ---p 00000000 00:00 0 
7fdc52009000-7fdc52107000 rw-p 00000000 00:00 0 
7fdc52107000-7fdc523f4000 r--p 00000000 08:01 2884254                    /usr/lib/locale/locale-archive
7fdc523f4000-7fdc523f7000 ---p 00000000 00:00 0 
7fdc523f7000-7fdc524f5000 rw-p 00000000 00:00 0 
7fdc524f5000-7fdc524f8000 ---p 00000000 00:00 0 
7fdc524f8000-7fdc525f6000 rw-p 00000000 00:00 0 
7fdc525f6000-7fdc525f7000 ---p 00000000 00:00 0 
7fdc525f7000-7fdc55000000 rw-p 00000000 00:00 0 
7fdc55000000-7fdc55520000 rwxp 00000000 00:00 0 
7fdc55520000-7fdc64000000 ---p 00000000 00:00 0 
7fdc64000000-7fdc64391000 rw-p 00000000 00:00 0 
7fdc64391000-7fdc68000000 ---p 00000000 00:00 0 
7fdc68078000-7fdc68087000 r--s 000df000 08:01 3938513                    /home/ahmed/Android/Sdk/build-tools/23.0.3/lib/dx.jar
7fdc68087000-7fdc6873f000 rw-p 00000000 00:00 0 
7fdc6873f000-7fdc68918000 r--s 03d1f000 08:01 3149907                    /usr/lib/jvm/java-8-oracle/jre/lib/rt.jar
7fdc68918000-7fdc68fce000 rw-p 00000000 00:00 0 
7fdc68fce000-7fdc6918e000 ---p 00000000 00:00 0 
7fdc6918e000-7fdc6938e000 rw-p 00000000 00:00 0 
7fdc6938e000-7fdc6938f000 ---p 00000000 00:00 0 
7fdc6938f000-7fdc6948f000 rw-p 00000000 00:00 0 
7fdc6948f000-7fdc69490000 ---p 00000000 00:00 0 
7fdc69490000-7fdc69590000 rw-p 00000000 00:00 0 
7fdc69590000-7fdc69591000 ---p 00000000 00:00 0 
7fdc69591000-7fdc69691000 rw-p 00000000 00:00 0 
7fdc69691000-7fdc69692000 ---p 00000000 00:00 0 
7fdc69692000-7fdc697b2000 rw-p 00000000 00:00 0 
7fdc697b2000-7fdc698e8000 ---p 00000000 00:00 0 
7fdc698e8000-7fdc69908000 rw-p 00000000 00:00 0 
7fdc69908000-7fdc69a3d000 ---p 00000000 00:00 0 
7fdc69a3d000-7fdc69a7a000 rw-p 00000000 00:00 0 
7fdc69a7a000-7fdc69ae8000 ---p 00000000 00:00 0 
7fdc69ae8000-7fdc69afe000 rw-p 00000000 00:00 0 
7fdc69afe000-7fdc69ea9000 ---p 00000000 00:00 0 
7fdc69ea9000-7fdc69ec3000 r-xp 00000000 08:01 3284666                    /usr/lib/jvm/java-8-oracle/jre/lib/amd64/libzip.so
7fdc69ec3000-7fdc6a0c3000 ---p 0001a000 08:01 3284666                    /usr/lib/jvm/java-8-oracle/jre/lib/amd64/libzip.so
7fdc6a0c3000-7fdc6a0c4000 rw-p 0001a000 08:01 3284666                    /usr/lib/jvm/java-8-oracle/jre/lib/amd64/libzip.so
7fdc6a0c4000-7fdc6a0cf000 r-xp 00000000 08:01 7999875                    /lib/x86_64-linux-gnu/libnss_files-2.23.so
7fdc6a0cf000-7fdc6a2ce000 ---p 0000b000 08:01 7999875                    /lib/x86_64-linux-gnu/libnss_files-2.23.so
7fdc6a2ce000-7fdc6a2cf000 r--p 0000a000 08:01 7999875                    /lib/x86_64-linux-gnu/libnss_files-2.23.so
7fdc6a2cf000-7fdc6a2d0000 rw-p 0000b000 08:01 7999875                    /lib/x86_64-linux-gnu/libnss_files-2.23.so
7fdc6a2d0000-7fdc6a2d6000 rw-p 00000000 00:00 0 
7fdc6a2d6000-7fdc6a2e1000 r-xp 00000000 08:01 7999868                    /lib/x86_64-linux-gnu/libnss_nis-2.23.so
7fdc6a2e1000-7fdc6a4e0000 ---p 0000b000 08:01 7999868                    /lib/x86_64-linux-gnu/libnss_nis-2.23.so
7fdc6a4e0000-7fdc6a4e1000 r--p 0000a000 08:01 7999868                    /lib/x86_64-linux-gnu/libnss_nis-2.23.so
7fdc6a4e1000-7fdc6a4e2000 rw-p 0000b000 08:01 7999868                    /lib/x86_64-linux-gnu/libnss_nis-2.23.so
7fdc6a4e2000-7fdc6a4f8000 r-xp 00000000 08:01 7999864                    /lib/x86_64-linux-gnu/libnsl-2.23.so
7fdc6a4f8000-7fdc6a6f7000 ---p 00016000 08:01 7999864                    /lib/x86_64-linux-gnu/libnsl-2.23.so
7fdc6a6f7000-7fdc6a6f8000 r--p 00015000 08:01 7999864                    /lib/x86_64-linux-gnu/libnsl-2.23.so
7fdc6a6f8000-7fdc6a6f9000 rw-p 00016000 08:01 7999864                    /lib/x86_64-linux-gnu/libnsl-2.23.so
7fdc6a6f9000-7fdc6a6fb000 rw-p 00000000 00:00 0 
7fdc6a6fb000-7fdc6a703000 r-xp 00000000 08:01 7999507                    /lib/x86_64-linux-gnu/libnss_compat-2.23.so
7fdc6a703000-7fdc6a902000 ---p 00008000 08:01 7999507                    /lib/x86_64-linux-gnu/libnss_compat-2.23.so
7fdc6a902000-7fdc6a903000 r--p 00007000 08:01 7999507                    /lib/x86_64-linux-gnu/libnss_compat-2.23.so
7fdc6a903000-7fdc6a904000 rw-p 00008000 08:01 7999507                    /lib/x86_64-linux-gnu/libnss_compat-2.23.so
7fdc6a904000-7fdc6a92e000 r-xp 00000000 08:01 3284615                    /usr/lib/jvm/java-8-oracle/jre/lib/amd64/libjava.so
7fdc6a92e000-7fdc6ab2e000 ---p 0002a000 08:01 3284615                    /usr/lib/jvm/java-8-oracle/jre/lib/amd64/libjava.so
7fdc6ab2e000-7fdc6ab30000 rw-p 0002a000 08:01 3284615                    /usr/lib/jvm/java-8-oracle/jre/lib/amd64/libjava.so
7fdc6ab30000-7fdc6ab3d000 r-xp 00000000 08:01 3284672                    /usr/lib/jvm/java-8-oracle/jre/lib/amd64/libverify.so
7fdc6ab3d000-7fdc6ad3d000 ---p 0000d000 08:01 3284672                    /usr/lib/jvm/java-8-oracle/jre/lib/amd64/libverify.so
7fdc6ad3d000-7fdc6ad3f000 rw-p 0000d000 08:01 3284672                    /usr/lib/jvm/java-8-oracle/jre/lib/amd64/libverify.so
7fdc6ad3f000-7fdc6ad46000 r-xp 00000000 08:01 7999892                    /lib/x86_64-linux-gnu/librt-2.23.so
7fdc6ad46000-7fdc6af45000 ---p 00007000 08:01 7999892                    /lib/x86_64-linux-gnu/librt-2.23.so
7fdc6af45000-7fdc6af46000 r--p 00006000 08:01 7999892                    /lib/x86_64-linux-gnu/librt-2.23.so
7fdc6af46000-7fdc6af47000 rw-p 00007000 08:01 7999892                    /lib/x86_64-linux-gnu/librt-2.23.so
7fdc6af47000-7fdc6b04f000 r-xp 00000000 08:01 7999886                    /lib/x86_64-linux-gnu/libm-2.23.so
7fdc6b04f000-7fdc6b24e000 ---p 00108000 08:01 7999886                    /lib/x86_64-linux-gnu/libm-2.23.so
7fdc6b24e000-7fdc6b24f000 r--p 00107000 08:01 7999886                    /lib/x86_64-linux-gnu/libm-2.23.so
7fdc6b24f000-7fdc6b250000 rw-p 00108000 08:01 7999886                    /lib/x86_64-linux-gnu/libm-2.23.so
7fdc6b250000-7fdc6bf10000 r-xp 00000000 08:01 3284648                    /usr/lib/jvm/java-8-oracle/jre/lib/amd64/server/libjvm.so
7fdc6bf10000-7fdc6c110000 ---p 00cc0000 08:01 3284648                    /usr/lib/jvm/java-8-oracle/jre/lib/amd64/server/libjvm.so
7fdc6c110000-7fdc6c1e8000 rw-p 00cc0000 08:01 3284648                    /usr/lib/jvm/java-8-oracle/jre/lib/amd64/server/libjvm.so
7fdc6c1e8000-7fdc6c233000 rw-p 00000000 00:00 0 
7fdc6c233000-7fdc6c3f3000 r-xp 00000000 08:01 7999902                    /lib/x86_64-linux-gnu/libc-2.23.so
7fdc6c3f3000-7fdc6c5f2000 ---p 001c0000 08:01 7999902                    /lib/x86_64-linux-gnu/libc-2.23.so
7fdc6c5f2000-7fdc6c5f6000 r--p 001bf000 08:01 7999902                    /lib/x86_64-linux-gnu/libc-2.23.so
7fdc6c5f6000-7fdc6c5f8000 rw-p 001c3000 08:01 7999902                    /lib/x86_64-linux-gnu/libc-2.23.so
7fdc6c5f8000-7fdc6c5fc000 rw-p 00000000 00:00 0 
7fdc6c5fc000-7fdc6c5ff000 r-xp 00000000 08:01 7999904                    /lib/x86_64-linux-gnu/libdl-2.23.so
7fdc6c5ff000-7fdc6c7fe000 ---p 00003000 08:01 7999904                    /lib/x86_64-linux-gnu/libdl-2.23.so
7fdc6c7fe000-7fdc6c7ff000 r--p 00002000 08:01 7999904                    /lib/x86_64-linux-gnu/libdl-2.23.so
7fdc6c7ff000-7fdc6c800000 rw-p 00003000 08:01 7999904                    /lib/x86_64-linux-gnu/libdl-2.23.so
7fdc6c800000-7fdc6c815000 r-xp 00000000 08:01 4079274                    /usr/lib/jvm/java-8-oracle/lib/amd64/jli/libjli.so
7fdc6c815000-7fdc6ca15000 ---p 00015000 08:01 4079274                    /usr/lib/jvm/java-8-oracle/lib/amd64/jli/libjli.so
7fdc6ca15000-7fdc6ca16000 rw-p 00015000 08:01 4079274                    /usr/lib/jvm/java-8-oracle/lib/amd64/jli/libjli.so
7fdc6ca16000-7fdc6ca2e000 r-xp 00000000 08:01 7999900                    /lib/x86_64-linux-gnu/libpthread-2.23.so
7fdc6ca2e000-7fdc6cc2d000 ---p 00018000 08:01 7999900                    /lib/x86_64-linux-gnu/libpthread-2.23.so
7fdc6cc2d000-7fdc6cc2e000 r--p 00017000 08:01 7999900                    /lib/x86_64-linux-gnu/libpthread-2.23.so
7fdc6cc2e000-7fdc6cc2f000 rw-p 00018000 08:01 7999900                    /lib/x86_64-linux-gnu/libpthread-2.23.so
7fdc6cc2f000-7fdc6cc33000 rw-p 00000000 00:00 0 
7fdc6cc33000-7fdc6cc59000 r-xp 00000000 08:01 7999894                    /lib/x86_64-linux-gnu/ld-2.23.so
7fdc6cc61000-7fdc6cd26000 rw-p 00000000 00:00 0 
7fdc6cd26000-7fdc6cd29000 ---p 00000000 00:00 0 
7fdc6cd29000-7fdc6ce2b000 rw-p 00000000 00:00 0 
7fdc6ce2c000-7fdc6ce38000 r--s 00062000 08:01 4233852                    /home/ahmed/AndroidStudioProjects/MyApplication/app/build/intermediates/exploded-aar/com.google.android.gms/play-services-drive/8.3.0/jars/classes.jar
7fdc6ce38000-7fdc6ce4c000 rw-p 00000000 00:00 0 
7fdc6ce4c000-7fdc6ce54000 rw-s 00000000 08:01 12860007                   /tmp/hsperfdata_ahmed/13308
7fdc6ce54000-7fdc6ce55000 rw-p 00000000 00:00 0 
7fdc6ce55000-7fdc6ce56000 ---p 00000000 00:00 0 
7fdc6ce56000-7fdc6ce58000 rw-p 00000000 00:00 0 
7fdc6ce58000-7fdc6ce59000 r--p 00025000 08:01 7999894                    /lib/x86_64-linux-gnu/ld-2.23.so
7fdc6ce59000-7fdc6ce5a000 rw-p 00026000 08:01 7999894                    /lib/x86_64-linux-gnu/ld-2.23.so
7fdc6ce5a000-7fdc6ce5b000 rw-p 00000000 00:00 0 
7fffa1f69000-7fffa1f8a000 rw-p 00000000 00:00 0                          [stack]
7fffa1f8f000-7fffa1f91000 r--p 00000000 00:00 0                          [vvar]
7fffa1f91000-7fffa1f93000 r-xp 00000000 00:00 0                          [vdso]
ffffffffff600000-ffffffffff601000 r-xp 00000000 00:00 0                  [vsyscall]

VM Arguments:
jvm_args: -Djava.awt.headless=true -Xmx1024M -Dfile.encoding=UTF-8 -Duser.country=US -Duser.language=en -Duser.variant 
java_command: com.android.dx.command.Main --dex --force-jumbo --num-threads=4 --multi-dex --output /home/ahmed/AndroidStudioProjects/MyApplication/app/build/intermediates/transforms/dex/debug/folders/1000/10/com.google.android.gms-play-services-drive-8.3.0_9ed9d4ad71281062a6e271faa00fe8377258af50 /home/ahmed/AndroidStudioProjects/MyApplication/app/build/intermediates/exploded-aar/com.google.android.gms/play-services-drive/8.3.0/jars/classes.jar
java_class_path (initial): /home/ahmed/Android/Sdk/build-tools/23.0.3/lib/dx.jar
Launcher Type: SUN_STANDARD

Environment Variables:
JAVA_HOME=/usr/lib/jvm/java-8-oracle
PATH=/usr/local/sbin:/usr/local/bin:/usr/sbin:/usr/bin:/sbin:/bin:/usr/games:/usr/local/games:/snap/bin
LD_LIBRARY_PATH=/home/ahmed/myData/android-studio/bin:
SHELL=/bin/bash
DISPLAY=:0

Signal Handlers:
SIGSEGV: [libjvm.so+0xabca10], sa_mask[0]=11111111011111111101111111111110, sa_flags=SA_RESTART|SA_SIGINFO
SIGBUS: [libjvm.so+0xabca10], sa_mask[0]=11111111011111111101111111111110, sa_flags=SA_RESTART|SA_SIGINFO
SIGFPE: [libjvm.so+0x919a20], sa_mask[0]=11111111011111111101111111111110, sa_flags=SA_RESTART|SA_SIGINFO
SIGPIPE: [libjvm.so+0x919a20], sa_mask[0]=11111111011111111101111111111110, sa_flags=SA_RESTART|SA_SIGINFO
SIGXFSZ: [libjvm.so+0x919a20], sa_mask[0]=11111111011111111101111111111110, sa_flags=SA_RESTART|SA_SIGINFO
SIGILL: [libjvm.so+0x919a20], sa_mask[0]=11111111011111111101111111111110, sa_flags=SA_RESTART|SA_SIGINFO
SIGUSR1: SIG_DFL, sa_mask[0]=00000000000000000000000000000000, sa_flags=none
SIGUSR2: [libjvm.so+0x91b050], sa_mask[0]=00100000000000000000000000000000, sa_flags=SA_RESTART|SA_SIGINFO
SIGHUP: [libjvm.so+0x91c450], sa_mask[0]=11111111011111111101111111111110, sa_flags=SA_RESTART|SA_SIGINFO
SIGINT: [libjvm.so+0x91c450], sa_mask[0]=11111111011111111101111111111110, sa_flags=SA_RESTART|SA_SIGINFO
SIGTERM: [libjvm.so+0x91c450], sa_mask[0]=11111111011111111101111111111110, sa_flags=SA_RESTART|SA_SIGINFO
SIGQUIT: [libjvm.so+0x91c450], sa_mask[0]=11111111011111111101111111111110, sa_flags=SA_RESTART|SA_SIGINFO


---------------  S Y S T E M  ---------------

OS:DISTRIB_ID=Ubuntu
DISTRIB_RELEASE=16.04
DISTRIB_CODENAME=xenial
DISTRIB_DESCRIPTION="Ubuntu 16.04.1 LTS"

uname:Linux 4.4.0-38-generic #57-Ubuntu SMP Tue Sep 6 15:42:33 UTC 2016 x86_64
libc:glibc 2.23 NPTL 2.23 
rlimit: STACK 8192k, CORE 0k, NPROC 23444, NOFILE 65536, AS infinity
load average:17.86 10.57 5.36

/proc/meminfo:
MemTotal:        6039136 kB
MemFree:          541272 kB
MemAvailable:     721024 kB
Buffers:           38456 kB
Cached:           710160 kB
SwapCached:        88464 kB
Active:          4031428 kB
Inactive:        1224124 kB
Active(anon):    3781592 kB
Inactive(anon):  1106712 kB
Active(file):     249836 kB
Inactive(file):   117412 kB
Unevictable:          48 kB
Mlocked:              48 kB
SwapTotal:       6213628 kB
SwapFree:        5030260 kB
Dirty:              5564 kB
Writeback:             0 kB
AnonPages:       4473692 kB
Mapped:           420708 kB
Shmem:            381368 kB
Slab:              99168 kB
SReclaimable:      50588 kB
SUnreclaim:        48580 kB
KernelStack:       16352 kB
PageTables:        68116 kB
NFS_Unstable:          0 kB
Bounce:                0 kB
WritebackTmp:          0 kB
CommitLimit:     9233196 kB
Committed_AS:   13449620 kB
VmallocTotal:   34359738367 kB
VmallocUsed:           0 kB
VmallocChunk:          0 kB
HardwareCorrupted:     0 kB
AnonHugePages:   2553856 kB
CmaTotal:              0 kB
CmaFree:               0 kB
HugePages_Total:       0
HugePages_Free:        0
HugePages_Rsvd:        0
HugePages_Surp:        0
Hugepagesize:       2048 kB
DirectMap4k:      193584 kB
DirectMap2M:     6027264 kB


CPU:total 4 (2 cores per cpu, 2 threads per core) family 6 model 42 stepping 7, cmov, cx8, fxsr, mmx, sse, sse2, sse3, ssse3, sse4.1, sse4.2, popcnt, avx, clmul, ht, tsc, tscinvbit

/proc/cpuinfo:
processor	: 0
vendor_id	: GenuineIntel
cpu family	: 6
model		: 42
model name	: Intel(R) Core(TM) i3-2310M CPU @ 2.10GHz
stepping	: 7
microcode	: 0x14
cpu MHz		: 2100.000
cache size	: 3072 KB
physical id	: 0
siblings	: 4
core id		: 0
cpu cores	: 2
apicid		: 0
initial apicid	: 0
fpu		: yes
fpu_exception	: yes
cpuid level	: 13
wp		: yes
flags		: fpu vme de pse tsc msr pae mce cx8 apic sep mtrr pge mca cmov pat pse36 clflush dts acpi mmx fxsr sse sse2 ss ht tm pbe syscall nx rdtscp lm constant_tsc arch_perfmon pebs bts rep_good nopl xtopology nonstop_tsc aperfmperf eagerfpu pni pclmulqdq dtes64 monitor ds_cpl vmx est tm2 ssse3 cx16 xtpr pdcm pcid sse4_1 sse4_2 x2apic popcnt tsc_deadline_timer xsave avx lahf_lm epb tpr_shadow vnmi flexpriority ept vpid xsaveopt dtherm arat pln pts
bugs		:
bogomips	: 4190.58
clflush size	: 64
cache_alignment	: 64
address sizes	: 36 bits physical, 48 bits virtual
power management:

processor	: 1
vendor_id	: GenuineIntel
cpu family	: 6
model		: 42
model name	: Intel(R) Core(TM) i3-2310M CPU @ 2.10GHz
stepping	: 7
microcode	: 0x14
cpu MHz		: 2100.000
cache size	: 3072 KB
physical id	: 0
siblings	: 4
core id		: 0
cpu cores	: 2
apicid		: 1
initial apicid	: 1
fpu		: yes
fpu_exception	: yes
cpuid level	: 13
wp		: yes
flags		: fpu vme de pse tsc msr pae mce cx8 apic sep mtrr pge mca cmov pat pse36 clflush dts acpi mmx fxsr sse sse2 ss ht tm pbe syscall nx rdtscp lm constant_tsc arch_perfmon pebs bts rep_good nopl xtopology nonstop_tsc aperfmperf eagerfpu pni pclmulqdq dtes64 monitor ds_cpl vmx est tm2 ssse3 cx16 xtpr pdcm pcid sse4_1 sse4_2 x2apic popcnt tsc_deadline_timer xsave avx lahf_lm epb tpr_shadow vnmi flexpriority ept vpid xsaveopt dtherm arat pln pts
bugs		:
bogomips	: 4190.58
clflush size	: 64
cache_alignment	: 64
address sizes	: 36 bits physical, 48 bits virtual
power management:

processor	: 2
vendor_id	: GenuineIntel
cpu family	: 6
model		: 42
model name	: Intel(R) Core(TM) i3-2310M CPU @ 2.10GHz
stepping	: 7
microcode	: 0x14
cpu MHz		: 2100.000
cache size	: 3072 KB
physical id	: 0
siblings	: 4
core id		: 1
cpu cores	: 2
apicid		: 2
initial apicid	: 2
fpu		: yes
fpu_exception	: yes
cpuid level	: 13
wp		: yes
flags		: fpu vme de pse tsc msr pae mce cx8 apic sep mtrr pge mca cmov pat pse36 clflush dts acpi mmx fxsr sse sse2 ss ht tm pbe syscall nx rdtscp lm constant_tsc arch_perfmon pebs bts rep_good nopl xtopology nonstop_tsc aperfmperf eagerfpu pni pclmulqdq dtes64 monitor ds_cpl vmx est tm2 ssse3 cx16 xtpr pdcm pcid sse4_1 sse4_2 x2apic popcnt tsc_deadline_timer xsave avx lahf_lm epb tpr_shadow vnmi flexpriority ept vpid xsaveopt dtherm arat pln pts
bugs		:
bogomips	: 4190.58
clflush size	: 64
cache_alignment	: 64
address sizes	: 36 bits physical, 48 bits virtual
power management:

processor	: 3
vendor_id	: GenuineIntel
cpu family	: 6
model		: 42
model name	: Intel(R) Core(TM) i3-2310M CPU @ 2.10GHz
stepping	: 7
microcode	: 0x14
cpu MHz		: 2099.917
cache size	: 3072 KB
physical id	: 0
siblings	: 4
core id		: 1
cpu cores	: 2
apicid		: 3
initial apicid	: 3
fpu		: yes
fpu_exception	: yes
cpuid level	: 13
wp		: yes
flags		: fpu vme de pse tsc msr pae mce cx8 apic sep mtrr pge mca cmov pat pse36 clflush dts acpi mmx fxsr sse sse2 ss ht tm pbe syscall nx rdtscp lm constant_tsc arch_perfmon pebs bts rep_good nopl xtopology nonstop_tsc aperfmperf eagerfpu pni pclmulqdq dtes64 monitor ds_cpl vmx est tm2 ssse3 cx16 xtpr pdcm pcid sse4_1 sse4_2 x2apic popcnt tsc_deadline_timer xsave avx lahf_lm epb tpr_shadow vnmi flexpriority ept vpid xsaveopt dtherm arat pln pts
bugs		:
bogomips	: 4190.58
clflush size	: 64
cache_alignment	: 64
address sizes	: 36 bits physical, 48 bits virtual
power management:



Memory: 4k page, physical 6039136k(541272k free), swap 6213628k(5030260k free)

vm_info: Java HotSpot(TM) 64-Bit Server VM (25.91-b14) for linux-amd64 JRE (1.8.0_91-b14), built on Apr  1 2016 00:57:21 by "java_re" with gcc 4.3.0 20080428 (Red Hat 4.3.0-8)

time: Thu Oct 13 13:08:45 2016
elapsed time: 9 seconds (0d 0h 0m 9s)

