#
# A fatal error has been detected by the Java Runtime Environment:
#
#  SIGSEGV (0xb) at pc=0x00007fd2817f6583, pid=1620, tid=140542068397824
#
# JRE version: Java(TM) SE Runtime Environment (8.0_91-b14) (build 1.8.0_91-b14)
# Java VM: Java HotSpot(TM) 64-Bit Server VM (25.91-b14 mixed mode linux-amd64 compressed oops)
# Problematic frame:
# V  [libjvm.so+0x986583]  oopDesc* PSPromotionManager::copy_to_survivor_space<false>(oopDesc*)+0x143
#
# Failed to write core dump. Core dumps have been disabled. To enable core dumping, try "ulimit -c unlimited" before starting Java again
#
# If you would like to submit a bug report, please visit:
#   http://bugreport.java.com/bugreport/crash.jsp
#

---------------  T H R E A D  ---------------

Current thread (0x00007fd27c01f000):  GCTaskThread [stack: 0x00007fd280001000,0x00007fd280102000] [id=1627]

siginfo: si_signo: 11 (SIGSEGV), si_code: 1 (SEGV_MAPERR), si_addr: 0x0000000000000008

Registers:
RAX=0x00007fd281df3490, RBX=0x00000000edfcfbb0, RCX=0x0000000000000003, RDX=0x0000000000000001
RSP=0x00007fd2801009a0, RBP=0x00007fd280100a10, RSI=0x00000000ec71d258, RDI=0x0000000000000000
R8 =0x00000000edfcfbd0, R9 =0x00007fd27c074f58, R10=0x00007fd281e17879, R11=0x00007fd280100950
R12=0x00000000ec71d258, R13=0x0000000000000000, R14=0x0000000000000000, R15=0x00007fd27c074f28
RIP=0x00007fd2817f6583, EFLAGS=0x0000000000010246, CSGSFS=0x0000000000000033, ERR=0x0000000000000004
  TRAPNO=0x000000000000000e

Top of Stack: (sp=0x00007fd2801009a0)
0x00007fd2801009a0:   00007fd280100a20 00007fd281e17879
0x00007fd2801009b0:   000000010007f370 00007fd27c074ec0
0x00007fd2801009c0:   00000000edfc2d31 00007fd2814b5d8c
0x00007fd2801009d0:   00000000ebf95262 0000000000001000
0x00007fd2801009e0:   00000000ec5a2905 00000000edfcfbb0
0x00007fd2801009f0:   00007fd27c074ec0 00007fd281df3480
0x00007fd280100a00:   0000000000000000 00007fd27c074f28
0x00007fd280100a10:   00007fd280100b00 00007fd2817f5e50
0x00007fd280100a20:   00007fd280100aa0 00007fd280100a90
0x00007fd280100a30:   00007fd280100aa0 00007fd280100a60
0x00007fd280100a40:   00007fd280100a70 00007fd280100ac0
0x00007fd280100a50:   00000000ec5a9f99 00007fd27c074f58
0x00007fd280100a60:   00007fd27c020528 0000000000000000
0x00007fd280100a70:   00007fd28264153f 00000000ec5a40ec
0x00007fd280100a80:   00007fd280100b00 00007fd281769e8f
0x00007fd280100a90:   000000010006b750 00000000c002db0c
0x00007fd280100aa0:   00007fd280100b00 00007fd2814b5b90
0x00007fd280100ab0:   00000000c002cd9d 00007fd281e26ed0
0x00007fd280100ac0:   00000000edfcfbb1 00007fd27c074f20
0x00007fd280100ad0:   0000000000000000 00000000c0031690
0x00007fd280100ae0:   00000000c0031600 00007fd26c40618b
0x00007fd280100af0:   00007fd27c017c00 00007fd26c40618c
0x00007fd280100b00:   00007fd280100bc0 00007fd28126e8ae
0x00007fd280100b10:   00007fd27c01ec20 00007fd26c40618b
0x00007fd280100b20:   00007fd26c406101 00007fd281e17879
0x00007fd280100b30:   00007fd27c074ec0 00000000c02ebc80
0x00007fd280100b40:   00007fd27c017940 00007fd26c40775f
0x00007fd280100b50:   00000000c0020008 0000000000000200
0x00007fd280100b60:   00000000c0031690 00007fd26c406100
0x00007fd280100b70:   0000000000000240 00007fd26c406200
0x00007fd280100b80:   00007fd26c406300 00007fd26c40618b
0x00007fd280100b90:   00007fd26c406100 00007fd27c026e30 

Instructions: (pc=0x00007fd2817f6583)
0x00007fd2817f6563:   83 e0 07 48 83 f8 05 75 d3 31 db eb d6 48 8b 05
0x00007fd2817f6573:   31 df 5d 00 8b 7e 08 8b 48 08 48 d3 e7 48 03 38
0x00007fd2817f6583:   8b 77 08 83 fe 00 0f 8f 0a ff ff ff 0f 85 4b 02
0x00007fd2817f6593:   00 00 0f 1f 00 48 8b 07 4c 89 e6 4c 89 55 98 ff 

Register to memory mapping:

RAX=0x00007fd281df3490: <offset 0xf83490> in /usr/lib/jvm/java-8-oracle/jre/lib/amd64/server/libjvm.so at 0x00007fd280e70000
RBX=0x00000000edfcfbb0 is an oop

[error occurred during error reporting (printing register info), id 0xb]

Stack: [0x00007fd280001000,0x00007fd280102000],  sp=0x00007fd2801009a0,  free space=1022k
Native frames: (J=compiled Java code, j=interpreted, Vv=VM code, C=native code)
V  [libjvm.so+0x986583]  oopDesc* PSPromotionManager::copy_to_survivor_space<false>(oopDesc*)+0x143
V  [libjvm.so+0x985e50]  PSPromotionManager::drain_stacks_depth(bool)+0x830
V  [libjvm.so+0x3fe8ae]  CardTableExtension::scavenge_contents_parallel(ObjectStartArray*, MutableSpace*, HeapWord*, PSPromotionManager*, unsigned int, unsigned int)+0xafe
V  [libjvm.so+0x9896cb]  OldToYoungRootsTask::do_it(GCTaskManager*, unsigned int)+0x4b
V  [libjvm.so+0x5d584f]  GCTaskThread::run()+0x12f
V  [libjvm.so+0x91ef78]  java_start(Thread*)+0x108


---------------  P R O C E S S  ---------------

Java Threads: ( => current thread )
  0x00007fd27c132800 JavaThread "pool-2-thread-4" [_thread_blocked, id=1660, stack(0x00007fd253208000,0x00007fd253309000)]
  0x00007fd27c12f000 JavaThread "pool-2-thread-3" [_thread_blocked, id=1659, stack(0x00007fd253309000,0x00007fd25340a000)]
  0x00007fd27c12d000 JavaThread "pool-2-thread-2" [_thread_blocked, id=1658, stack(0x00007fd25340a000,0x00007fd25350b000)]
  0x00007fd27c125000 JavaThread "pool-3-thread-1" [_thread_blocked, id=1657, stack(0x00007fd25350b000,0x00007fd25360c000)]
  0x00007fd27c123000 JavaThread "pool-2-thread-1" [_thread_blocked, id=1656, stack(0x00007fd25360c000,0x00007fd25370d000)]
  0x00007fd27c0c1800 JavaThread "Service Thread" daemon [_thread_blocked, id=1648, stack(0x00007fd25380e000,0x00007fd25390f000)]
  0x00007fd27c0be000 JavaThread "C1 CompilerThread2" daemon [_thread_blocked, id=1647, stack(0x00007fd25390f000,0x00007fd253a10000)]
  0x00007fd27c0bc800 JavaThread "C2 CompilerThread1" daemon [_thread_in_native, id=1646, stack(0x00007fd253a10000,0x00007fd253b11000)]
  0x00007fd27c0b9800 JavaThread "C2 CompilerThread0" daemon [_thread_blocked, id=1644, stack(0x00007fd253b11000,0x00007fd253c12000)]
  0x00007fd27c0b8000 JavaThread "Signal Dispatcher" daemon [_thread_blocked, id=1642, stack(0x00007fd253c12000,0x00007fd253d13000)]
  0x00007fd27c084000 JavaThread "Finalizer" daemon [_thread_blocked, id=1639, stack(0x00007fd26809a000,0x00007fd26819b000)]
  0x00007fd27c07f800 JavaThread "Reference Handler" daemon [_thread_blocked, id=1637, stack(0x00007fd26819b000,0x00007fd26829c000)]
  0x00007fd27c00a000 JavaThread "main" [_thread_blocked, id=1623, stack(0x00007fd282946000,0x00007fd282a47000)]

Other Threads:
  0x00007fd27c077800 VMThread [stack: 0x00007fd26829c000,0x00007fd26839d000] [id=1635]
  0x00007fd27c0c4000 WatcherThread [stack: 0x00007fd25370d000,0x00007fd25380e000] [id=1649]

=>0x00007fd27c01f000 (exited) GCTaskThread [stack: 0x00007fd280001000,0x00007fd280102000] [id=1627]

VM state:at safepoint (normal execution)

VM Mutex/Monitor currently owned by a thread:  ([mutex/lock_event])
[0x00007fd27c006490] Threads_lock - owner thread: 0x00007fd27c077800
[0x00007fd27c006990] Heap_lock - owner thread: 0x00007fd27c12d000

Heap:
 PSYoungGen      total 28160K, used 28152K [0x00000000eab00000, 0x00000000ee200000, 0x0000000100000000)
  eden space 24576K, 100% used [0x00000000eab00000,0x00000000ec300000,0x00000000ec300000)
  from space 3584K, 99% used [0x00000000ec300000,0x00000000ec67e0e0,0x00000000ec680000)
  to   space 3584K, 88% used [0x00000000ede80000,0x00000000ee19bb68,0x00000000ee200000)
 ParOldGen       total 64512K, used 2991K [0x00000000c0000000, 0x00000000c3f00000, 0x00000000eab00000)
  object space 64512K, 4% used [0x00000000c0000000,0x00000000c02ebc80,0x00000000c3f00000)
 Metaspace       used 5600K, capacity 6768K, committed 7040K, reserved 1056768K
  class space    used 570K, capacity 616K, committed 640K, reserved 1048576K

Card table byte_map: [0x00007fd26c406000,0x00007fd26c607000] byte_map_base: 0x00007fd26be06000

Marking Bits: (ParMarkBitMap*) 0x00007fd281e26d60
 Begin Bits: [0x00007fd269fad000, 0x00007fd26afad000)
 End Bits:   [0x00007fd26afad000, 0x00007fd26bfad000)

Polling page: 0x00007fd282a75000

CodeCache: size=245760Kb used=3491Kb max_used=3491Kb free=242268Kb
 bounds [0x00007fd26c9c7000, 0x00007fd26cd37000, 0x00007fd27b9c7000]
 total_blobs=1202 nmethods=938 adapters=175
 compilation: enabled

Compilation events (10 events):
Event: 6.489 Thread 0x00007fd27c0be000 1141       3       java.util.ArrayList::clear (39 bytes)
Event: 6.489 Thread 0x00007fd27c0be000 nmethod 1141 0x00007fd26cd1ea10 code [0x00007fd26cd1eba0, 0x00007fd26cd1ef10]
Event: 6.798 Thread 0x00007fd27c0be000 1143       2       com.android.dx.rop.type.Type::getInitializedType (42 bytes)
Event: 6.799 Thread 0x00007fd27c0be000 nmethod 1143 0x00007fd26cd1dd10 code [0x00007fd26cd1dec0, 0x00007fd26cd1e298]
Event: 6.864 Thread 0x00007fd27c0be000 1144       2       com.android.dx.cf.code.Ropper::addExceptionSetupBlocks (203 bytes)
Event: 6.867 Thread 0x00007fd27c0be000 nmethod 1144 0x00007fd26cd308d0 code [0x00007fd26cd30bc0, 0x00007fd26cd318e8]
Event: 6.875 Thread 0x00007fd27c0be000 1146       2       com.android.dx.cf.code.Ropper::getRopMethod (64 bytes)
Event: 6.877 Thread 0x00007fd27c0be000 nmethod 1146 0x00007fd26cd1cf90 code [0x00007fd26cd1d160, 0x00007fd26cd1d6b8]
Event: 6.884 Thread 0x00007fd27c0be000 1147       2       com.android.dx.rop.code.BasicBlockList$RegCountVisitor::visitThrowingInsn (6 bytes)
Event: 6.885 Thread 0x00007fd27c0be000 nmethod 1147 0x00007fd26cd11710 code [0x00007fd26cd11880, 0x00007fd26cd119e8]

GC Heap History (3 events):
Event: 3.429 GC heap before
{Heap before GC invocations=1 (full 0):
 PSYoungGen      total 28160K, used 24576K [0x00000000eab00000, 0x00000000eca00000, 0x0000000100000000)
  eden space 24576K, 100% used [0x00000000eab00000,0x00000000ec300000,0x00000000ec300000)
  from space 3584K, 0% used [0x00000000ec680000,0x00000000ec680000,0x00000000eca00000)
  to   space 3584K, 0% used [0x00000000ec300000,0x00000000ec300000,0x00000000ec680000)
 ParOldGen       total 64512K, used 0K [0x00000000c0000000, 0x00000000c3f00000, 0x00000000eab00000)
  object space 64512K, 0% used [0x00000000c0000000,0x00000000c0000000,0x00000000c3f00000)
 Metaspace       used 5460K, capacity 6640K, committed 6784K, reserved 1056768K
  class space    used 569K, capacity 616K, committed 640K, reserved 1048576K
Event: 3.464 GC heap after
Heap after GC invocations=1 (full 0):
 PSYoungGen      total 28160K, used 3576K [0x00000000eab00000, 0x00000000ee200000, 0x0000000100000000)
  eden space 24576K, 0% used [0x00000000eab00000,0x00000000eab00000,0x00000000ec300000)
  from space 3584K, 99% used [0x00000000ec300000,0x00000000ec67e0e0,0x00000000ec680000)
  to   space 3584K, 0% used [0x00000000ede80000,0x00000000ede80000,0x00000000ee200000)
 ParOldGen       total 64512K, used 2991K [0x00000000c0000000, 0x00000000c3f00000, 0x00000000eab00000)
  object space 64512K, 4% used [0x00000000c0000000,0x00000000c02ebc80,0x00000000c3f00000)
 Metaspace       used 5460K, capacity 6640K, committed 6784K, reserved 1056768K
  class space    used 569K, capacity 616K, committed 640K, reserved 1048576K
}
Event: 6.889 GC heap before
{Heap before GC invocations=2 (full 0):
 PSYoungGen      total 28160K, used 28152K [0x00000000eab00000, 0x00000000ee200000, 0x0000000100000000)
  eden space 24576K, 100% used [0x00000000eab00000,0x00000000ec300000,0x00000000ec300000)
  from space 3584K, 99% used [0x00000000ec300000,0x00000000ec67e0e0,0x00000000ec680000)
  to   space 3584K, 0% used [0x00000000ede80000,0x00000000ede80000,0x00000000ee200000)
 ParOldGen       total 64512K, used 2991K [0x00000000c0000000, 0x00000000c3f00000, 0x00000000eab00000)
  object space 64512K, 4% used [0x00000000c0000000,0x00000000c02ebc80,0x00000000c3f00000)
 Metaspace       used 5600K, capacity 6768K, committed 7040K, reserved 1056768K
  class space    used 570K, capacity 616K, committed 640K, reserved 1048576K

Deoptimization events (4 events):
Event: 0.920 Thread 0x00007fd27c00a000 Uncommon trap: reason=unstable_if action=reinterpret pc=0x00007fd26cb0b208 method=java.lang.String.indexOf(II)I @ 49
Event: 1.764 Thread 0x00007fd27c123000 Uncommon trap: reason=unstable_if action=reinterpret pc=0x00007fd26cb761e4 method=java.util.HashMap.getNode(ILjava/lang/Object;)Ljava/util/HashMap$Node; @ 62
Event: 2.456 Thread 0x00007fd27c12f000 Uncommon trap: reason=unstable_if action=reinterpret pc=0x00007fd26cbbbdec method=java.util.BitSet.nextSetBit(I)I @ 87
Event: 2.513 Thread 0x00007fd27c123000 Uncommon trap: reason=unstable_if action=reinterpret pc=0x00007fd26cbbdbe4 method=com.android.dx.rop.code.RegisterSpec.equals(ILcom/android/dx/rop/type/TypeBearer;Lcom/android/dx/rop/code/LocalItem;)Z @ 16

Internal exceptions (2 events):
Event: 0.129 Thread 0x00007fd27c00a000 Exception <a 'java/lang/NoSuchMethodError': Method sun.misc.Unsafe.defineClass(Ljava/lang/String;[BII)Ljava/lang/Class; name or signature does not match> (0x00000000eab07cc0) thrown at [/HUDSON/workspace/8-2-build-linux-amd64/jdk8u91/6644/hotspot/src/shar
Event: 0.129 Thread 0x00007fd27c00a000 Exception <a 'java/lang/NoSuchMethodError': Method sun.misc.Unsafe.prefetchRead(Ljava/lang/Object;J)V name or signature does not match> (0x00000000eab07fa8) thrown at [/HUDSON/workspace/8-2-build-linux-amd64/jdk8u91/6644/hotspot/src/share/vm/prims/jni.cpp

Events (10 events):
Event: 3.550 Thread 0x00007fd27c00a000 DEOPT UNPACKING pc=0x00007fd26ca0e633 sp=0x00007fd282a44678 mode 0
Event: 4.427 Executing VM operation: EnableBiasedLocking
Event: 4.429 Executing VM operation: EnableBiasedLocking done
Event: 4.915 loading class com/android/dx/dex/file/FieldAnnotationStruct
Event: 4.915 loading class com/android/dx/dex/file/FieldAnnotationStruct done
Event: 5.701 Thread 0x00007fd27c00a000 DEOPT PACKING pc=0x00007fd26cbf10af sp=0x00007fd282a44490
Event: 5.701 Thread 0x00007fd27c00a000 DEOPT UNPACKING pc=0x00007fd26ca0e633 sp=0x00007fd282a44270 mode 0
Event: 6.489 Thread 0x00007fd27c123000 DEOPT PACKING pc=0x00007fd26cc61a66 sp=0x00007fd25370af80
Event: 6.489 Thread 0x00007fd27c123000 DEOPT UNPACKING pc=0x00007fd26ca0e633 sp=0x00007fd25370acc0 mode 0
Event: 6.887 Executing VM operation: ParallelGCFailedAllocation


Dynamic libraries:
00400000-00401000 r-xp 00000000 08:01 3016174                            /usr/lib/jvm/java-8-oracle/bin/java
00600000-00601000 rw-p 00000000 08:01 3016174                            /usr/lib/jvm/java-8-oracle/bin/java
021c7000-021e8000 rw-p 00000000 00:00 0                                  [heap]
c0000000-c3f00000 rw-p 00000000 00:00 0 
c3f00000-eab00000 ---p 00000000 00:00 0 
eab00000-ee200000 rw-p 00000000 00:00 0 
ee200000-100000000 ---p 00000000 00:00 0 
100000000-1000a0000 rw-p 00000000 00:00 0 
1000a0000-140000000 ---p 00000000 00:00 0 
7fd218000000-7fd218034000 rw-p 00000000 00:00 0 
7fd218034000-7fd21c000000 ---p 00000000 00:00 0 
7fd220000000-7fd220053000 rw-p 00000000 00:00 0 
7fd220053000-7fd224000000 ---p 00000000 00:00 0 
7fd224000000-7fd22403c000 rw-p 00000000 00:00 0 
7fd22403c000-7fd228000000 ---p 00000000 00:00 0 
7fd228000000-7fd228056000 rw-p 00000000 00:00 0 
7fd228056000-7fd22c000000 ---p 00000000 00:00 0 
7fd22c000000-7fd22c021000 rw-p 00000000 00:00 0 
7fd22c021000-7fd230000000 ---p 00000000 00:00 0 
7fd230000000-7fd230021000 rw-p 00000000 00:00 0 
7fd230021000-7fd234000000 ---p 00000000 00:00 0 
7fd234000000-7fd234021000 rw-p 00000000 00:00 0 
7fd234021000-7fd238000000 ---p 00000000 00:00 0 
7fd238000000-7fd238f8d000 rw-p 00000000 00:00 0 
7fd238f8d000-7fd23c000000 ---p 00000000 00:00 0 
7fd23c000000-7fd23c8f3000 rw-p 00000000 00:00 0 
7fd23c8f3000-7fd240000000 ---p 00000000 00:00 0 
7fd240000000-7fd240021000 rw-p 00000000 00:00 0 
7fd240021000-7fd244000000 ---p 00000000 00:00 0 
7fd244000000-7fd244dcb000 rw-p 00000000 00:00 0 
7fd244dcb000-7fd248000000 ---p 00000000 00:00 0 
7fd248000000-7fd248021000 rw-p 00000000 00:00 0 
7fd248021000-7fd24c000000 ---p 00000000 00:00 0 
7fd24c000000-7fd24c021000 rw-p 00000000 00:00 0 
7fd24c021000-7fd250000000 ---p 00000000 00:00 0 
7fd253208000-7fd25320b000 ---p 00000000 00:00 0 
7fd25320b000-7fd253309000 rw-p 00000000 00:00 0 
7fd253309000-7fd25330c000 ---p 00000000 00:00 0 
7fd25330c000-7fd25340a000 rw-p 00000000 00:00 0 
7fd25340a000-7fd25340d000 ---p 00000000 00:00 0 
7fd25340d000-7fd25350b000 rw-p 00000000 00:00 0 
7fd25350b000-7fd25350e000 ---p 00000000 00:00 0 
7fd25350e000-7fd25360c000 rw-p 00000000 00:00 0 
7fd25360c000-7fd25360f000 ---p 00000000 00:00 0 
7fd25360f000-7fd25370d000 rw-p 00000000 00:00 0 
7fd25370d000-7fd25370e000 ---p 00000000 00:00 0 
7fd25370e000-7fd25380e000 rw-p 00000000 00:00 0 
7fd25380e000-7fd253811000 ---p 00000000 00:00 0 
7fd253811000-7fd25390f000 rw-p 00000000 00:00 0 
7fd25390f000-7fd253912000 ---p 00000000 00:00 0 
7fd253912000-7fd253a10000 rw-p 00000000 00:00 0 
7fd253a10000-7fd253a13000 ---p 00000000 00:00 0 
7fd253a13000-7fd253b11000 rw-p 00000000 00:00 0 
7fd253b11000-7fd253b14000 ---p 00000000 00:00 0 
7fd253b14000-7fd253c12000 rw-p 00000000 00:00 0 
7fd253c12000-7fd253c15000 ---p 00000000 00:00 0 
7fd253c15000-7fd253d13000 rw-p 00000000 00:00 0 
7fd253d13000-7fd254000000 r--p 00000000 08:01 2884254                    /usr/lib/locale/locale-archive
7fd254000000-7fd254021000 rw-p 00000000 00:00 0 
7fd254021000-7fd258000000 ---p 00000000 00:00 0 
7fd258000000-7fd258021000 rw-p 00000000 00:00 0 
7fd258021000-7fd25c000000 ---p 00000000 00:00 0 
7fd25c000000-7fd25c021000 rw-p 00000000 00:00 0 
7fd25c021000-7fd260000000 ---p 00000000 00:00 0 
7fd260000000-7fd260021000 rw-p 00000000 00:00 0 
7fd260021000-7fd264000000 ---p 00000000 00:00 0 
7fd264000000-7fd264293000 rw-p 00000000 00:00 0 
7fd264293000-7fd268000000 ---p 00000000 00:00 0 
7fd26808b000-7fd26809a000 r--s 000df000 08:01 3938513                    /home/ahmed/Android/Sdk/build-tools/23.0.3/lib/dx.jar
7fd26809a000-7fd26809d000 ---p 00000000 00:00 0 
7fd26809d000-7fd26819b000 rw-p 00000000 00:00 0 
7fd26819b000-7fd26819e000 ---p 00000000 00:00 0 
7fd26819e000-7fd26829c000 rw-p 00000000 00:00 0 
7fd26829c000-7fd26829d000 ---p 00000000 00:00 0 
7fd26829d000-7fd26935e000 rw-p 00000000 00:00 0 
7fd26935e000-7fd269537000 r--s 03d1f000 08:01 3149907                    /usr/lib/jvm/java-8-oracle/jre/lib/rt.jar
7fd269537000-7fd269bed000 rw-p 00000000 00:00 0 
7fd269bed000-7fd269dad000 ---p 00000000 00:00 0 
7fd269dad000-7fd26bfad000 rw-p 00000000 00:00 0 
7fd26bfad000-7fd26bfae000 ---p 00000000 00:00 0 
7fd26bfae000-7fd26c0ae000 rw-p 00000000 00:00 0 
7fd26c0ae000-7fd26c0af000 ---p 00000000 00:00 0 
7fd26c0af000-7fd26c1af000 rw-p 00000000 00:00 0 
7fd26c1af000-7fd26c1b0000 ---p 00000000 00:00 0 
7fd26c1b0000-7fd26c2d0000 rw-p 00000000 00:00 0 
7fd26c2d0000-7fd26c406000 ---p 00000000 00:00 0 
7fd26c406000-7fd26c426000 rw-p 00000000 00:00 0 
7fd26c426000-7fd26c55b000 ---p 00000000 00:00 0 
7fd26c55b000-7fd26c577000 rw-p 00000000 00:00 0 
7fd26c577000-7fd26c606000 ---p 00000000 00:00 0 
7fd26c606000-7fd26c615000 rw-p 00000000 00:00 0 
7fd26c615000-7fd26c9c7000 ---p 00000000 00:00 0 
7fd26c9c7000-7fd26cd37000 rwxp 00000000 00:00 0 
7fd26cd37000-7fd27b9c7000 ---p 00000000 00:00 0 
7fd27b9c7000-7fd27b9e1000 r-xp 00000000 08:01 3284666                    /usr/lib/jvm/java-8-oracle/jre/lib/amd64/libzip.so
7fd27b9e1000-7fd27bbe1000 ---p 0001a000 08:01 3284666                    /usr/lib/jvm/java-8-oracle/jre/lib/amd64/libzip.so
7fd27bbe1000-7fd27bbe2000 rw-p 0001a000 08:01 3284666                    /usr/lib/jvm/java-8-oracle/jre/lib/amd64/libzip.so
7fd27bbe2000-7fd27bbed000 r-xp 00000000 08:01 7999875                    /lib/x86_64-linux-gnu/libnss_files-2.23.so
7fd27bbed000-7fd27bdec000 ---p 0000b000 08:01 7999875                    /lib/x86_64-linux-gnu/libnss_files-2.23.so
7fd27bdec000-7fd27bded000 r--p 0000a000 08:01 7999875                    /lib/x86_64-linux-gnu/libnss_files-2.23.so
7fd27bded000-7fd27bdee000 rw-p 0000b000 08:01 7999875                    /lib/x86_64-linux-gnu/libnss_files-2.23.so
7fd27bdee000-7fd27bdf4000 rw-p 00000000 00:00 0 
7fd27bdf4000-7fd27bdff000 r-xp 00000000 08:01 7999868                    /lib/x86_64-linux-gnu/libnss_nis-2.23.so
7fd27bdff000-7fd27bffe000 ---p 0000b000 08:01 7999868                    /lib/x86_64-linux-gnu/libnss_nis-2.23.so
7fd27bffe000-7fd27bfff000 r--p 0000a000 08:01 7999868                    /lib/x86_64-linux-gnu/libnss_nis-2.23.so
7fd27bfff000-7fd27c000000 rw-p 0000b000 08:01 7999868                    /lib/x86_64-linux-gnu/libnss_nis-2.23.so
7fd27c000000-7fd27c391000 rw-p 00000000 00:00 0 
7fd27c391000-7fd280000000 ---p 00000000 00:00 0 
7fd280001000-7fd280002000 ---p 00000000 00:00 0 
7fd280002000-7fd280102000 rw-p 00000000 00:00 0 
7fd280102000-7fd280118000 r-xp 00000000 08:01 7999864                    /lib/x86_64-linux-gnu/libnsl-2.23.so
7fd280118000-7fd280317000 ---p 00016000 08:01 7999864                    /lib/x86_64-linux-gnu/libnsl-2.23.so
7fd280317000-7fd280318000 r--p 00015000 08:01 7999864                    /lib/x86_64-linux-gnu/libnsl-2.23.so
7fd280318000-7fd280319000 rw-p 00016000 08:01 7999864                    /lib/x86_64-linux-gnu/libnsl-2.23.so
7fd280319000-7fd28031b000 rw-p 00000000 00:00 0 
7fd28031b000-7fd280323000 r-xp 00000000 08:01 7999507                    /lib/x86_64-linux-gnu/libnss_compat-2.23.so
7fd280323000-7fd280522000 ---p 00008000 08:01 7999507                    /lib/x86_64-linux-gnu/libnss_compat-2.23.so
7fd280522000-7fd280523000 r--p 00007000 08:01 7999507                    /lib/x86_64-linux-gnu/libnss_compat-2.23.so
7fd280523000-7fd280524000 rw-p 00008000 08:01 7999507                    /lib/x86_64-linux-gnu/libnss_compat-2.23.so
7fd280524000-7fd28054e000 r-xp 00000000 08:01 3284615                    /usr/lib/jvm/java-8-oracle/jre/lib/amd64/libjava.so
7fd28054e000-7fd28074e000 ---p 0002a000 08:01 3284615                    /usr/lib/jvm/java-8-oracle/jre/lib/amd64/libjava.so
7fd28074e000-7fd280750000 rw-p 0002a000 08:01 3284615                    /usr/lib/jvm/java-8-oracle/jre/lib/amd64/libjava.so
7fd280750000-7fd28075d000 r-xp 00000000 08:01 3284672                    /usr/lib/jvm/java-8-oracle/jre/lib/amd64/libverify.so
7fd28075d000-7fd28095d000 ---p 0000d000 08:01 3284672                    /usr/lib/jvm/java-8-oracle/jre/lib/amd64/libverify.so
7fd28095d000-7fd28095f000 rw-p 0000d000 08:01 3284672                    /usr/lib/jvm/java-8-oracle/jre/lib/amd64/libverify.so
7fd28095f000-7fd280966000 r-xp 00000000 08:01 7999892                    /lib/x86_64-linux-gnu/librt-2.23.so
7fd280966000-7fd280b65000 ---p 00007000 08:01 7999892                    /lib/x86_64-linux-gnu/librt-2.23.so
7fd280b65000-7fd280b66000 r--p 00006000 08:01 7999892                    /lib/x86_64-linux-gnu/librt-2.23.so
7fd280b66000-7fd280b67000 rw-p 00007000 08:01 7999892                    /lib/x86_64-linux-gnu/librt-2.23.so
7fd280b67000-7fd280c6f000 r-xp 00000000 08:01 7999886                    /lib/x86_64-linux-gnu/libm-2.23.so
7fd280c6f000-7fd280e6e000 ---p 00108000 08:01 7999886                    /lib/x86_64-linux-gnu/libm-2.23.so
7fd280e6e000-7fd280e6f000 r--p 00107000 08:01 7999886                    /lib/x86_64-linux-gnu/libm-2.23.so
7fd280e6f000-7fd280e70000 rw-p 00108000 08:01 7999886                    /lib/x86_64-linux-gnu/libm-2.23.so
7fd280e70000-7fd281b30000 r-xp 00000000 08:01 3284648                    /usr/lib/jvm/java-8-oracle/jre/lib/amd64/server/libjvm.so
7fd281b30000-7fd281d30000 ---p 00cc0000 08:01 3284648                    /usr/lib/jvm/java-8-oracle/jre/lib/amd64/server/libjvm.so
7fd281d30000-7fd281e08000 rw-p 00cc0000 08:01 3284648                    /usr/lib/jvm/java-8-oracle/jre/lib/amd64/server/libjvm.so
7fd281e08000-7fd281e53000 rw-p 00000000 00:00 0 
7fd281e53000-7fd282013000 r-xp 00000000 08:01 7999902                    /lib/x86_64-linux-gnu/libc-2.23.so
7fd282013000-7fd282212000 ---p 001c0000 08:01 7999902                    /lib/x86_64-linux-gnu/libc-2.23.so
7fd282212000-7fd282216000 r--p 001bf000 08:01 7999902                    /lib/x86_64-linux-gnu/libc-2.23.so
7fd282216000-7fd282218000 rw-p 001c3000 08:01 7999902                    /lib/x86_64-linux-gnu/libc-2.23.so
7fd282218000-7fd28221c000 rw-p 00000000 00:00 0 
7fd28221c000-7fd28221f000 r-xp 00000000 08:01 7999904                    /lib/x86_64-linux-gnu/libdl-2.23.so
7fd28221f000-7fd28241e000 ---p 00003000 08:01 7999904                    /lib/x86_64-linux-gnu/libdl-2.23.so
7fd28241e000-7fd28241f000 r--p 00002000 08:01 7999904                    /lib/x86_64-linux-gnu/libdl-2.23.so
7fd28241f000-7fd282420000 rw-p 00003000 08:01 7999904                    /lib/x86_64-linux-gnu/libdl-2.23.so
7fd282420000-7fd282435000 r-xp 00000000 08:01 4079274                    /usr/lib/jvm/java-8-oracle/lib/amd64/jli/libjli.so
7fd282435000-7fd282635000 ---p 00015000 08:01 4079274                    /usr/lib/jvm/java-8-oracle/lib/amd64/jli/libjli.so
7fd282635000-7fd282636000 rw-p 00015000 08:01 4079274                    /usr/lib/jvm/java-8-oracle/lib/amd64/jli/libjli.so
7fd282636000-7fd28264e000 r-xp 00000000 08:01 7999900                    /lib/x86_64-linux-gnu/libpthread-2.23.so
7fd28264e000-7fd28284d000 ---p 00018000 08:01 7999900                    /lib/x86_64-linux-gnu/libpthread-2.23.so
7fd28284d000-7fd28284e000 r--p 00017000 08:01 7999900                    /lib/x86_64-linux-gnu/libpthread-2.23.so
7fd28284e000-7fd28284f000 rw-p 00018000 08:01 7999900                    /lib/x86_64-linux-gnu/libpthread-2.23.so
7fd28284f000-7fd282853000 rw-p 00000000 00:00 0 
7fd282853000-7fd282879000 r-xp 00000000 08:01 7999894                    /lib/x86_64-linux-gnu/ld-2.23.so
7fd282881000-7fd282946000 rw-p 00000000 00:00 0 
7fd282946000-7fd282949000 ---p 00000000 00:00 0 
7fd282949000-7fd282a4b000 rw-p 00000000 00:00 0 
7fd282a58000-7fd282a6c000 rw-p 00000000 00:00 0 
7fd282a6c000-7fd282a74000 rw-s 00000000 08:01 12860031                   /tmp/hsperfdata_ahmed/1620
7fd282a74000-7fd282a75000 rw-p 00000000 00:00 0 
7fd282a75000-7fd282a76000 ---p 00000000 00:00 0 
7fd282a76000-7fd282a78000 rw-p 00000000 00:00 0 
7fd282a78000-7fd282a79000 r--p 00025000 08:01 7999894                    /lib/x86_64-linux-gnu/ld-2.23.so
7fd282a79000-7fd282a7a000 rw-p 00026000 08:01 7999894                    /lib/x86_64-linux-gnu/ld-2.23.so
7fd282a7a000-7fd282a7b000 rw-p 00000000 00:00 0 
7fff03889000-7fff038aa000 rw-p 00000000 00:00 0                          [stack]
7fff0398c000-7fff0398e000 r--p 00000000 00:00 0                          [vvar]
7fff0398e000-7fff03990000 r-xp 00000000 00:00 0                          [vdso]
ffffffffff600000-ffffffffff601000 r-xp 00000000 00:00 0                  [vsyscall]

VM Arguments:
jvm_args: -Djava.awt.headless=true -Xmx1024M -Dfile.encoding=UTF-8 -Duser.country=US -Duser.language=en -Duser.variant 
java_command: com.android.dx.command.Main --dex --force-jumbo --num-threads=4 --multi-dex --output /home/ahmed/AndroidStudioProjects/MyApplication/app/build/intermediates/transforms/dex/debug/folders/1000/5/slice_5 /home/ahmed/AndroidStudioProjects/MyApplication/app/build/intermediates/transforms/instantRunSlicer/debug/folders/1/5/slice_5
java_class_path (initial): /home/ahmed/Android/Sdk/build-tools/23.0.3/lib/dx.jar
Launcher Type: SUN_STANDARD

Environment Variables:
JAVA_HOME=/usr/lib/jvm/java-8-oracle
PATH=/usr/local/sbin:/usr/local/bin:/usr/sbin:/usr/bin:/sbin:/bin:/usr/games:/usr/local/games:/snap/bin
LD_LIBRARY_PATH=/home/ahmed/myData/android-studio/bin:
SHELL=/bin/bash
DISPLAY=:0

Signal Handlers:
SIGSEGV: [libjvm.so+0xabca10], sa_mask[0]=11111111011111111101111111111110, sa_flags=SA_RESTART|SA_SIGINFO
SIGBUS: [libjvm.so+0xabca10], sa_mask[0]=11111111011111111101111111111110, sa_flags=SA_RESTART|SA_SIGINFO
SIGFPE: [libjvm.so+0x919a20], sa_mask[0]=11111111011111111101111111111110, sa_flags=SA_RESTART|SA_SIGINFO
SIGPIPE: [libjvm.so+0x919a20], sa_mask[0]=11111111011111111101111111111110, sa_flags=SA_RESTART|SA_SIGINFO
SIGXFSZ: [libjvm.so+0x919a20], sa_mask[0]=11111111011111111101111111111110, sa_flags=SA_RESTART|SA_SIGINFO
SIGILL: [libjvm.so+0x919a20], sa_mask[0]=11111111011111111101111111111110, sa_flags=SA_RESTART|SA_SIGINFO
SIGUSR1: SIG_DFL, sa_mask[0]=00000000000000000000000000000000, sa_flags=none
SIGUSR2: [libjvm.so+0x91b050], sa_mask[0]=00100000000000000000000000000000, sa_flags=SA_RESTART|SA_SIGINFO
SIGHUP: [libjvm.so+0x91c450], sa_mask[0]=11111111011111111101111111111110, sa_flags=SA_RESTART|SA_SIGINFO
SIGINT: [libjvm.so+0x91c450], sa_mask[0]=11111111011111111101111111111110, sa_flags=SA_RESTART|SA_SIGINFO
SIGTERM: [libjvm.so+0x91c450], sa_mask[0]=11111111011111111101111111111110, sa_flags=SA_RESTART|SA_SIGINFO
SIGQUIT: [libjvm.so+0x91c450], sa_mask[0]=11111111011111111101111111111110, sa_flags=SA_RESTART|SA_SIGINFO


---------------  S Y S T E M  ---------------

OS:DISTRIB_ID=Ubuntu
DISTRIB_RELEASE=16.04
DISTRIB_CODENAME=xenial
DISTRIB_DESCRIPTION="Ubuntu 16.04.1 LTS"

uname:Linux 4.4.0-38-generic #57-Ubuntu SMP Tue Sep 6 15:42:33 UTC 2016 x86_64
libc:glibc 2.23 NPTL 2.23 
rlimit: STACK 8192k, CORE 0k, NPROC 23444, NOFILE 65536, AS infinity
load average:20.76 13.81 8.60

/proc/meminfo:
MemTotal:        6039136 kB
MemFree:          884968 kB
MemAvailable:    1058316 kB
Buffers:           28668 kB
Cached:           578004 kB
SwapCached:        87256 kB
Active:          3773348 kB
Inactive:        1149176 kB
Active(anon):    3495256 kB
Inactive(anon):  1066704 kB
Active(file):     278092 kB
Inactive(file):    82472 kB
Unevictable:          48 kB
Mlocked:              48 kB
SwapTotal:       6213628 kB
SwapFree:        5186408 kB
Dirty:             38360 kB
Writeback:             0 kB
AnonPages:       4305320 kB
Mapped:           254184 kB
Shmem:            246104 kB
Slab:              99456 kB
SReclaimable:      51148 kB
SUnreclaim:        48308 kB
KernelStack:       15216 kB
PageTables:        61660 kB
NFS_Unstable:          0 kB
Bounce:                0 kB
WritebackTmp:          0 kB
CommitLimit:     9233196 kB
Committed_AS:   12061876 kB
VmallocTotal:   34359738367 kB
VmallocUsed:           0 kB
VmallocChunk:          0 kB
HardwareCorrupted:     0 kB
AnonHugePages:   2525184 kB
CmaTotal:              0 kB
CmaFree:               0 kB
HugePages_Total:       0
HugePages_Free:        0
HugePages_Rsvd:        0
HugePages_Surp:        0
Hugepagesize:       2048 kB
DirectMap4k:      195632 kB
DirectMap2M:     6025216 kB


CPU:total 4 (2 cores per cpu, 2 threads per core) family 6 model 42 stepping 7, cmov, cx8, fxsr, mmx, sse, sse2, sse3, ssse3, sse4.1, sse4.2, popcnt, avx, clmul, ht, tsc, tscinvbit

/proc/cpuinfo:
processor	: 0
vendor_id	: GenuineIntel
cpu family	: 6
model		: 42
model name	: Intel(R) Core(TM) i3-2310M CPU @ 2.10GHz
stepping	: 7
microcode	: 0x14
cpu MHz		: 2100.000
cache size	: 3072 KB
physical id	: 0
siblings	: 4
core id		: 0
cpu cores	: 2
apicid		: 0
initial apicid	: 0
fpu		: yes
fpu_exception	: yes
cpuid level	: 13
wp		: yes
flags		: fpu vme de pse tsc msr pae mce cx8 apic sep mtrr pge mca cmov pat pse36 clflush dts acpi mmx fxsr sse sse2 ss ht tm pbe syscall nx rdtscp lm constant_tsc arch_perfmon pebs bts rep_good nopl xtopology nonstop_tsc aperfmperf eagerfpu pni pclmulqdq dtes64 monitor ds_cpl vmx est tm2 ssse3 cx16 xtpr pdcm pcid sse4_1 sse4_2 x2apic popcnt tsc_deadline_timer xsave avx lahf_lm epb tpr_shadow vnmi flexpriority ept vpid xsaveopt dtherm arat pln pts
bugs		:
bogomips	: 4190.58
clflush size	: 64
cache_alignment	: 64
address sizes	: 36 bits physical, 48 bits virtual
power management:

processor	: 1
vendor_id	: GenuineIntel
cpu family	: 6
model		: 42
model name	: Intel(R) Core(TM) i3-2310M CPU @ 2.10GHz
stepping	: 7
microcode	: 0x14
cpu MHz		: 2099.917
cache size	: 3072 KB
physical id	: 0
siblings	: 4
core id		: 0
cpu cores	: 2
apicid		: 1
initial apicid	: 1
fpu		: yes
fpu_exception	: yes
cpuid level	: 13
wp		: yes
flags		: fpu vme de pse tsc msr pae mce cx8 apic sep mtrr pge mca cmov pat pse36 clflush dts acpi mmx fxsr sse sse2 ss ht tm pbe syscall nx rdtscp lm constant_tsc arch_perfmon pebs bts rep_good nopl xtopology nonstop_tsc aperfmperf eagerfpu pni pclmulqdq dtes64 monitor ds_cpl vmx est tm2 ssse3 cx16 xtpr pdcm pcid sse4_1 sse4_2 x2apic popcnt tsc_deadline_timer xsave avx lahf_lm epb tpr_shadow vnmi flexpriority ept vpid xsaveopt dtherm arat pln pts
bugs		:
bogomips	: 4190.58
clflush size	: 64
cache_alignment	: 64
address sizes	: 36 bits physical, 48 bits virtual
power management:

processor	: 2
vendor_id	: GenuineIntel
cpu family	: 6
model		: 42
model name	: Intel(R) Core(TM) i3-2310M CPU @ 2.10GHz
stepping	: 7
microcode	: 0x14
cpu MHz		: 2099.917
cache size	: 3072 KB
physical id	: 0
siblings	: 4
core id		: 1
cpu cores	: 2
apicid		: 2
initial apicid	: 2
fpu		: yes
fpu_exception	: yes
cpuid level	: 13
wp		: yes
flags		: fpu vme de pse tsc msr pae mce cx8 apic sep mtrr pge mca cmov pat pse36 clflush dts acpi mmx fxsr sse sse2 ss ht tm pbe syscall nx rdtscp lm constant_tsc arch_perfmon pebs bts rep_good nopl xtopology nonstop_tsc aperfmperf eagerfpu pni pclmulqdq dtes64 monitor ds_cpl vmx est tm2 ssse3 cx16 xtpr pdcm pcid sse4_1 sse4_2 x2apic popcnt tsc_deadline_timer xsave avx lahf_lm epb tpr_shadow vnmi flexpriority ept vpid xsaveopt dtherm arat pln pts
bugs		:
bogomips	: 4190.58
clflush size	: 64
cache_alignment	: 64
address sizes	: 36 bits physical, 48 bits virtual
power management:

processor	: 3
vendor_id	: GenuineIntel
cpu family	: 6
model		: 42
model name	: Intel(R) Core(TM) i3-2310M CPU @ 2.10GHz
stepping	: 7
microcode	: 0x14
cpu MHz		: 2099.917
cache size	: 3072 KB
physical id	: 0
siblings	: 4
core id		: 1
cpu cores	: 2
apicid		: 3
initial apicid	: 3
fpu		: yes
fpu_exception	: yes
cpuid level	: 13
wp		: yes
flags		: fpu vme de pse tsc msr pae mce cx8 apic sep mtrr pge mca cmov pat pse36 clflush dts acpi mmx fxsr sse sse2 ss ht tm pbe syscall nx rdtscp lm constant_tsc arch_perfmon pebs bts rep_good nopl xtopology nonstop_tsc aperfmperf eagerfpu pni pclmulqdq dtes64 monitor ds_cpl vmx est tm2 ssse3 cx16 xtpr pdcm pcid sse4_1 sse4_2 x2apic popcnt tsc_deadline_timer xsave avx lahf_lm epb tpr_shadow vnmi flexpriority ept vpid xsaveopt dtherm arat pln pts
bugs		:
bogomips	: 4190.58
clflush size	: 64
cache_alignment	: 64
address sizes	: 36 bits physical, 48 bits virtual
power management:



Memory: 4k page, physical 6039136k(884968k free), swap 6213628k(5186408k free)

vm_info: Java HotSpot(TM) 64-Bit Server VM (25.91-b14) for linux-amd64 JRE (1.8.0_91-b14), built on Apr  1 2016 00:57:21 by "java_re" with gcc 4.3.0 20080428 (Red Hat 4.3.0-8)

time: Thu Oct 13 13:48:01 2016
elapsed time: 6 seconds (0d 0h 0m 6s)

