#
# A fatal error has been detected by the Java Runtime Environment:
#
#  SIGSEGV (0xb) at pc=0x00007fd18fee9583, pid=13156, tid=140538000586496
#
# JRE version: Java(TM) SE Runtime Environment (8.0_91-b14) (build 1.8.0_91-b14)
# Java VM: Java HotSpot(TM) 64-Bit Server VM (25.91-b14 mixed mode linux-amd64 compressed oops)
# Problematic frame:
# V  [libjvm.so+0x986583]  oopDesc* PSPromotionManager::copy_to_survivor_space<false>(oopDesc*)+0x143
#
# Failed to write core dump. Core dumps have been disabled. To enable core dumping, try "ulimit -c unlimited" before starting Java again
#
# If you would like to submit a bug report, please visit:
#   http://bugreport.java.com/bugreport/crash.jsp
#

---------------  T H R E A D  ---------------

Current thread (0x00007fd188021000):  GCTaskThread [stack: 0x00007fd18d8a3000,0x00007fd18d9a4000] [id=13162]

siginfo: si_signo: 11 (SIGSEGV), si_code: 2 (SEGV_ACCERR), si_addr: 0x0000000102011798

Registers:
RAX=0x00007fd1904e6490, RBX=0x00000000c02e04f0, RCX=0x0000000000000003, RDX=0x0000000000000001
RSP=0x00007fd18d9a2950, RBP=0x00007fd18d9a29c0, RSI=0x00000000ead87a08, RDI=0x0000000102011790
R8 =0x00000000c02e04e0, R9 =0x00007fd190519ed0, R10=0x00007fd19050a879, R11=0x00007fd18d9a2900
R12=0x00000000ead87a08, R13=0x0000000000000001, R14=0x0000000000000000, R15=0x00007fd1880750e8
RIP=0x00007fd18fee9583, EFLAGS=0x0000000000010206, CSGSFS=0x0000000000000033, ERR=0x0000000000000004
  TRAPNO=0x000000000000000e

Top of Stack: (sp=0x00007fd18d9a2950)
0x00007fd18d9a2950:   00000000ee0fc379 00007fd19050a879
0x00007fd18d9a2960:   00007fd1880750a8 00007fd188075080
0x00007fd18d9a2970:   00000000c02dffa9 0000000000000400
0x00007fd18d9a2980:   00000000ead8c6e2 0000000000001000
0x00007fd18d9a2990:   0000000000000000 00000000c02e04f0
0x00007fd18d9a29a0:   00007fd188075080 00007fd1904e6480
0x00007fd18d9a29b0:   0000000000000000 00007fd1880750e8
0x00007fd18d9a29c0:   00007fd18d9a2ab0 00007fd18fee8e50
0x00007fd18d9a29d0:   00000000ee0eb158 00007fd18d9a2a40
0x00007fd18d9a29e0:   00007fd18d9a2a50 00007fd18d9a2a10
0x00007fd18d9a29f0:   00007fd18d9a2a20 00007fd18d9a2a70
0x00007fd18d9a2a00:   00007fd18d9a2a30 00007fd188075118
0x00007fd18d9a2a10:   00007fd18d9a2b20 00007fd18d9a2ae0
0x00007fd18d9a2a20:   00007fd18d9a2a50 00007fd18feed9bf
0x00007fd18d9a2a30:   00007fd18d9a2a50 00007fd18d9a2ad0
0x00007fd18d9a2a40:   00007fd188026980 00007fd18d9a2ad0
0x00007fd18d9a2a50:   00007fd18d9a2a70 00007fd18feececb
0x00007fd18d9a2a60:   00007fd18d9a2b20 0000000100000028
0x00007fd18d9a2a70:   00000000c02e04f1 00007fd18f9cbac4
0x00007fd18d9a2a80:   00007fd188021510 00007fd154281420
0x00007fd18d9a2a90:   00007fd188075080 0000000000000001
0x00007fd18d9a2aa0:   00007fd188021510 00007fd1900a913b
0x00007fd18d9a2ab0:   00007fd18d9a2b70 00007fd18feec892
0x00007fd18d9a2ac0:   0000000000000000 00007fd1900a914f
0x00007fd18d9a2ad0:   00007fd1904bda20 00007fd18d9a2b00
0x00007fd18d9a2ae0:   00007fd1904bda50 00007fd188075000
0x00007fd18d9a2af0:   00007fd188075080 0000000000000000
0x00007fd18d9a2b00:   00007fd1904bd9f0 0000000000000000
0x00007fd18d9a2b10:   00007fd188075080 00007fd18fe3afbb
0x00007fd18d9a2b20:   00007fd1904bd870 00007fd18801eb00
0x00007fd18d9a2b30:   00007fd188075080 00007fd18fb37b57
0x00007fd18d9a2b40:   00007fd18d9a2b70 00007fd154281420 

Instructions: (pc=0x00007fd18fee9583)
0x00007fd18fee9563:   83 e0 07 48 83 f8 05 75 d3 31 db eb d6 48 8b 05
0x00007fd18fee9573:   31 df 5d 00 8b 7e 08 8b 48 08 48 d3 e7 48 03 38
0x00007fd18fee9583:   8b 77 08 83 fe 00 0f 8f 0a ff ff ff 0f 85 4b 02
0x00007fd18fee9593:   00 00 0f 1f 00 48 8b 07 4c 89 e6 4c 89 55 98 ff 

Register to memory mapping:

RAX=0x00007fd1904e6490: <offset 0xf83490> in /usr/lib/jvm/java-8-oracle/jre/lib/amd64/server/libjvm.so at 0x00007fd18f563000
RBX=0x00000000c02e04f0 is pointing into object: 0x00000000c02e04e0
com.android.dx.rop.code.RegisterSpecList 
 - klass: 'com/android/dx/rop/code/RegisterSpecList'
RCX=0x0000000000000003 is an unknown value
RDX=0x0000000000000001 is an unknown value
RSP=0x00007fd18d9a2950 is an unknown value
RBP=0x00007fd18d9a29c0 is an unknown value
RSI=0x00000000ead87a08 is an oop

[error occurred during error reporting (printing register info), id 0xb]

Stack: [0x00007fd18d8a3000,0x00007fd18d9a4000],  sp=0x00007fd18d9a2950,  free space=1022k
Native frames: (J=compiled Java code, j=interpreted, Vv=VM code, C=native code)
V  [libjvm.so+0x986583]  oopDesc* PSPromotionManager::copy_to_survivor_space<false>(oopDesc*)+0x143
V  [libjvm.so+0x985e50]  PSPromotionManager::drain_stacks_depth(bool)+0x830
V  [libjvm.so+0x989892]  ScavengeRootsTask::do_it(GCTaskManager*, unsigned int)+0x82
V  [libjvm.so+0x5d584f]  GCTaskThread::run()+0x12f
V  [libjvm.so+0x91ef78]  java_start(Thread*)+0x108


---------------  P R O C E S S  ---------------

Java Threads: ( => current thread )
  0x00007fd188129800 JavaThread "pool-2-thread-4" [_thread_blocked, id=13186, stack(0x00007fd1758ff000,0x00007fd175a00000)]
  0x00007fd188128000 JavaThread "pool-2-thread-3" [_thread_blocked, id=13185, stack(0x00007fd175a00000,0x00007fd175b01000)]
  0x00007fd188126000 JavaThread "pool-2-thread-2" [_thread_blocked, id=13184, stack(0x00007fd175b01000,0x00007fd175c02000)]
  0x00007fd188125000 JavaThread "pool-3-thread-1" [_thread_blocked, id=13183, stack(0x00007fd175c02000,0x00007fd175d03000)]
  0x00007fd188122800 JavaThread "pool-2-thread-1" [_thread_blocked, id=13182, stack(0x00007fd175d03000,0x00007fd175e04000)]
  0x00007fd1880c1000 JavaThread "Service Thread" daemon [_thread_blocked, id=13178, stack(0x00007fd175f05000,0x00007fd176006000)]
  0x00007fd1880be000 JavaThread "C1 CompilerThread2" daemon [_thread_blocked, id=13177, stack(0x00007fd176006000,0x00007fd176107000)]
  0x00007fd1880bc800 JavaThread "C2 CompilerThread1" daemon [_thread_in_native, id=13175, stack(0x00007fd176107000,0x00007fd176208000)]
  0x00007fd1880b9800 JavaThread "C2 CompilerThread0" daemon [_thread_blocked, id=13174, stack(0x00007fd176208000,0x00007fd176309000)]
  0x00007fd1880b8000 JavaThread "Signal Dispatcher" daemon [_thread_blocked, id=13173, stack(0x00007fd176309000,0x00007fd17640a000)]
  0x00007fd188084000 JavaThread "Finalizer" daemon [_thread_blocked, id=13172, stack(0x00007fd1766f7000,0x00007fd1767f8000)]
  0x00007fd18807f800 JavaThread "Reference Handler" daemon [_thread_blocked, id=13171, stack(0x00007fd1767f8000,0x00007fd1768f9000)]
  0x00007fd18800a000 JavaThread "main" [_thread_blocked, id=13158, stack(0x00007fd191039000,0x00007fd19113a000)]

Other Threads:
  0x00007fd188077800 VMThread [stack: 0x00007fd1768f9000,0x00007fd1769fa000] [id=13168]
  0x00007fd1880c4000 WatcherThread [stack: 0x00007fd175e04000,0x00007fd175f05000] [id=13179]

=>0x00007fd188021000 (exited) GCTaskThread [stack: 0x00007fd18d8a3000,0x00007fd18d9a4000] [id=13162]

VM state:at safepoint (normal execution)

VM Mutex/Monitor currently owned by a thread:  ([mutex/lock_event])
[0x00007fd188006490] Threads_lock - owner thread: 0x00007fd188077800
[0x00007fd188006990] Heap_lock - owner thread: 0x00007fd188122800

Heap:
 PSYoungGen      total 28160K, used 28149K [0x00000000eab00000, 0x00000000ee200000, 0x0000000100000000)
  eden space 24576K, 100% used [0x00000000eab00000,0x00000000ec300000,0x00000000ec300000)
  from space 3584K, 99% used [0x00000000ec300000,0x00000000ec67d600,0x00000000ec680000)
  to   space 3584K, 99% used [0x00000000ede80000,0x00000000ee1ff168,0x00000000ee200000)
 ParOldGen       total 64512K, used 5071K [0x00000000c0000000, 0x00000000c3f00000, 0x00000000eab00000)
  object space 64512K, 7% used [0x00000000c0000000,0x00000000c04f3e80,0x00000000c3f00000)
 Metaspace       used 5513K, capacity 6704K, committed 6784K, reserved 1056768K
  class space    used 569K, capacity 616K, committed 640K, reserved 1048576K

Card table byte_map: [0x00007fd18dbfb000,0x00007fd18ddfc000] byte_map_base: 0x00007fd18d5fb000

Marking Bits: (ParMarkBitMap*) 0x00007fd190519d60
 Begin Bits: [0x00007fd177000000, 0x00007fd178000000)
 End Bits:   [0x00007fd178000000, 0x00007fd179000000)

Polling page: 0x00007fd191168000

CodeCache: size=245760Kb used=2923Kb max_used=2923Kb free=242836Kb
 bounds [0x00007fd179000000, 0x00007fd1792e0000, 0x00007fd188000000]
 total_blobs=1025 nmethods=764 adapters=175
 compilation: enabled

Compilation events (10 events):
Event: 4.549 Thread 0x00007fd1880be000 nmethod 969 0x00007fd1792dac10 code [0x00007fd1792dad80, 0x00007fd1792daf38]
Event: 4.549 Thread 0x00007fd1880be000  458       1       com.android.dx.rop.cst.CstKnownNull::hashCode (3 bytes)
Event: 4.549 Thread 0x00007fd1880be000 nmethod 458 0x00007fd1792db0d0 code [0x00007fd1792db220, 0x00007fd1792db330]
Event: 4.549 Thread 0x00007fd1880be000  980       2       com.android.dx.rop.code.Rop::hashCode (54 bytes)
Event: 4.550 Thread 0x00007fd1880be000 nmethod 980 0x00007fd1792db390 code [0x00007fd1792db520, 0x00007fd1792db748]
Event: 4.550 Thread 0x00007fd1880be000  714       2       com.android.dx.rop.cst.CstString::getType (4 bytes)
Event: 4.550 Thread 0x00007fd1880be000 nmethod 714 0x00007fd1792db890 code [0x00007fd1792db9e0, 0x00007fd1792dbb30]
Event: 4.550 Thread 0x00007fd1880be000  978       2       com.android.dx.rop.code.LocalVariableInfo::mergeStarts (75 bytes)
Event: 4.551 Thread 0x00007fd1880be000 nmethod 978 0x00007fd1792dbbd0 code [0x00007fd1792dbda0, 0x00007fd1792dc178]
Event: 4.551 Thread 0x00007fd1880be000  961       2       com.android.dx.dex.code.RopTranslator::outputBlock (202 bytes)

GC Heap History (3 events):
Event: 3.302 GC heap before
{Heap before GC invocations=1 (full 0):
 PSYoungGen      total 28160K, used 24576K [0x00000000eab00000, 0x00000000eca00000, 0x0000000100000000)
  eden space 24576K, 100% used [0x00000000eab00000,0x00000000ec300000,0x00000000ec300000)
  from space 3584K, 0% used [0x00000000ec680000,0x00000000ec680000,0x00000000eca00000)
  to   space 3584K, 0% used [0x00000000ec300000,0x00000000ec300000,0x00000000ec680000)
 ParOldGen       total 64512K, used 0K [0x00000000c0000000, 0x00000000c3f00000, 0x00000000eab00000)
  object space 64512K, 0% used [0x00000000c0000000,0x00000000c0000000,0x00000000c3f00000)
 Metaspace       used 5453K, capacity 6704K, committed 6784K, reserved 1056768K
  class space    used 569K, capacity 616K, committed 640K, reserved 1048576K
Event: 3.364 GC heap after
Heap after GC invocations=1 (full 0):
 PSYoungGen      total 28160K, used 3573K [0x00000000eab00000, 0x00000000ee200000, 0x0000000100000000)
  eden space 24576K, 0% used [0x00000000eab00000,0x00000000eab00000,0x00000000ec300000)
  from space 3584K, 99% used [0x00000000ec300000,0x00000000ec67d600,0x00000000ec680000)
  to   space 3584K, 0% used [0x00000000ede80000,0x00000000ede80000,0x00000000ee200000)
 ParOldGen       total 64512K, used 2075K [0x00000000c0000000, 0x00000000c3f00000, 0x00000000eab00000)
  object space 64512K, 3% used [0x00000000c0000000,0x00000000c0206e08,0x00000000c3f00000)
 Metaspace       used 5453K, capacity 6704K, committed 6784K, reserved 1056768K
  class space    used 569K, capacity 616K, committed 640K, reserved 1048576K
}
Event: 4.600 GC heap before
{Heap before GC invocations=2 (full 0):
 PSYoungGen      total 28160K, used 28149K [0x00000000eab00000, 0x00000000ee200000, 0x0000000100000000)
  eden space 24576K, 100% used [0x00000000eab00000,0x00000000ec300000,0x00000000ec300000)
  from space 3584K, 99% used [0x00000000ec300000,0x00000000ec67d600,0x00000000ec680000)
  to   space 3584K, 0% used [0x00000000ede80000,0x00000000ede80000,0x00000000ee200000)
 ParOldGen       total 64512K, used 2075K [0x00000000c0000000, 0x00000000c3f00000, 0x00000000eab00000)
  object space 64512K, 3% used [0x00000000c0000000,0x00000000c0206e08,0x00000000c3f00000)
 Metaspace       used 5513K, capacity 6704K, committed 6784K, reserved 1056768K
  class space    used 569K, capacity 616K, committed 640K, reserved 1048576K

Deoptimization events (10 events):
Event: 2.368 Thread 0x00007fd188122800 Uncommon trap: reason=class_check action=maybe_recompile pc=0x00007fd17917b574 method=com.android.dx.rop.cst.CstMemberRef.compareTo0(Lcom/android/dx/rop/cst/Constant;)I @ 1
Event: 2.368 Thread 0x00007fd188129800 Uncommon trap: reason=class_check action=maybe_recompile pc=0x00007fd17917b574 method=com.android.dx.rop.cst.CstMemberRef.compareTo0(Lcom/android/dx/rop/cst/Constant;)I @ 1
Event: 2.369 Thread 0x00007fd188129800 Uncommon trap: reason=class_check action=maybe_recompile pc=0x00007fd17917b574 method=com.android.dx.rop.cst.CstMemberRef.compareTo0(Lcom/android/dx/rop/cst/Constant;)I @ 1
Event: 2.375 Thread 0x00007fd18800a000 Uncommon trap: reason=class_check action=maybe_recompile pc=0x00007fd17917b574 method=com.android.dx.rop.cst.CstMemberRef.compareTo0(Lcom/android/dx/rop/cst/Constant;)I @ 1
Event: 2.480 Thread 0x00007fd18800a000 Uncommon trap: reason=unstable_if action=reinterpret pc=0x00007fd1791d3d2c method=java.util.BitSet.nextSetBit(I)I @ 87
Event: 2.576 Thread 0x00007fd188126000 Uncommon trap: reason=unstable_if action=reinterpret pc=0x00007fd1791d56e0 method=java.util.HashMap.getNode(ILjava/lang/Object;)Ljava/util/HashMap$Node; @ 129
Event: 2.622 Thread 0x00007fd188129800 Uncommon trap: reason=unstable_if action=reinterpret pc=0x00007fd179188798 method=com.android.dx.rop.cst.CstFieldRef.compareTo0(Lcom/android/dx/rop/cst/Constant;)I @ 7
Event: 2.851 Thread 0x00007fd18800a000 Uncommon trap: reason=unstable_if action=reinterpret pc=0x00007fd17917cf00 method=java.lang.String.<init>([CII)V @ 18
Event: 3.150 Thread 0x00007fd188129800 Uncommon trap: reason=null_check action=make_not_entrant pc=0x00007fd17924e134 method=com.android.dx.rop.code.LocalItem.equals(Ljava/lang/Object;)Z @ 1
Event: 3.446 Thread 0x00007fd188128000 Uncommon trap: reason=null_check action=make_not_entrant pc=0x00007fd179269d24 method=com.android.dx.rop.code.LocalItem.equals(Ljava/lang/Object;)Z @ 1

Internal exceptions (2 events):
Event: 0.228 Thread 0x00007fd18800a000 Exception <a 'java/lang/NoSuchMethodError': Method sun.misc.Unsafe.defineClass(Ljava/lang/String;[BII)Ljava/lang/Class; name or signature does not match> (0x00000000eab07cc0) thrown at [/HUDSON/workspace/8-2-build-linux-amd64/jdk8u91/6644/hotspot/src/shar
Event: 0.228 Thread 0x00007fd18800a000 Exception <a 'java/lang/NoSuchMethodError': Method sun.misc.Unsafe.prefetchRead(Ljava/lang/Object;J)V name or signature does not match> (0x00000000eab07fa8) thrown at [/HUDSON/workspace/8-2-build-linux-amd64/jdk8u91/6644/hotspot/src/share/vm/prims/jni.cpp

Events (10 events):
Event: 3.446 Thread 0x00007fd188128000 Uncommon trap: trap_request=0xfffffff4 fr.pc=0x00007fd179269d24
Event: 3.446 Thread 0x00007fd188128000 DEOPT PACKING pc=0x00007fd179269d24 sp=0x00007fd175afee10
Event: 3.446 Thread 0x00007fd188128000 DEOPT UNPACKING pc=0x00007fd179005229 sp=0x00007fd175afec00 mode 2
Event: 3.469 loading class com/android/dx/dex/file/MethodAnnotationStruct
Event: 3.469 loading class com/android/dx/dex/file/MethodAnnotationStruct done
Event: 3.651 Thread 0x00007fd18800a000 DEOPT PACKING pc=0x00007fd17911e1ca sp=0x00007fd191137660
Event: 3.652 Thread 0x00007fd18800a000 DEOPT UNPACKING pc=0x00007fd179047633 sp=0x00007fd1911373d8 mode 0
Event: 4.429 Thread 0x00007fd18800a000 DEOPT PACKING pc=0x00007fd17911e1ca sp=0x00007fd191137580
Event: 4.429 Thread 0x00007fd18800a000 DEOPT UNPACKING pc=0x00007fd179047633 sp=0x00007fd1911372f8 mode 0
Event: 4.566 Executing VM operation: ParallelGCFailedAllocation


Dynamic libraries:
00400000-00401000 r-xp 00000000 08:01 3016174                            /usr/lib/jvm/java-8-oracle/bin/java
00600000-00601000 rw-p 00000000 08:01 3016174                            /usr/lib/jvm/java-8-oracle/bin/java
00c22000-00c43000 rw-p 00000000 00:00 0                                  [heap]
c0000000-c3f00000 rw-p 00000000 00:00 0 
c3f00000-eab00000 ---p 00000000 00:00 0 
eab00000-ee200000 rw-p 00000000 00:00 0 
ee200000-100000000 ---p 00000000 00:00 0 
100000000-1000a0000 rw-p 00000000 00:00 0 
1000a0000-140000000 ---p 00000000 00:00 0 
7fd128000000-7fd128027000 rw-p 00000000 00:00 0 
7fd128027000-7fd12c000000 ---p 00000000 00:00 0 
7fd130000000-7fd130021000 rw-p 00000000 00:00 0 
7fd130021000-7fd134000000 ---p 00000000 00:00 0 
7fd134000000-7fd134021000 rw-p 00000000 00:00 0 
7fd134021000-7fd138000000 ---p 00000000 00:00 0 
7fd138000000-7fd138030000 rw-p 00000000 00:00 0 
7fd138030000-7fd13c000000 ---p 00000000 00:00 0 
7fd13c000000-7fd13c021000 rw-p 00000000 00:00 0 
7fd13c021000-7fd140000000 ---p 00000000 00:00 0 
7fd140000000-7fd140021000 rw-p 00000000 00:00 0 
7fd140021000-7fd144000000 ---p 00000000 00:00 0 
7fd144000000-7fd144021000 rw-p 00000000 00:00 0 
7fd144021000-7fd148000000 ---p 00000000 00:00 0 
7fd148000000-7fd148837000 rw-p 00000000 00:00 0 
7fd148837000-7fd14c000000 ---p 00000000 00:00 0 
7fd14c000000-7fd14c6ba000 rw-p 00000000 00:00 0 
7fd14c6ba000-7fd150000000 ---p 00000000 00:00 0 
7fd150000000-7fd150021000 rw-p 00000000 00:00 0 
7fd150021000-7fd154000000 ---p 00000000 00:00 0 
7fd154000000-7fd1545ab000 rw-p 00000000 00:00 0 
7fd1545ab000-7fd158000000 ---p 00000000 00:00 0 
7fd158000000-7fd158021000 rw-p 00000000 00:00 0 
7fd158021000-7fd15c000000 ---p 00000000 00:00 0 
7fd15c000000-7fd15c021000 rw-p 00000000 00:00 0 
7fd15c021000-7fd160000000 ---p 00000000 00:00 0 
7fd160000000-7fd160021000 rw-p 00000000 00:00 0 
7fd160021000-7fd164000000 ---p 00000000 00:00 0 
7fd164000000-7fd164021000 rw-p 00000000 00:00 0 
7fd164021000-7fd168000000 ---p 00000000 00:00 0 
7fd168000000-7fd168297000 rw-p 00000000 00:00 0 
7fd168297000-7fd16c000000 ---p 00000000 00:00 0 
7fd16c000000-7fd16c021000 rw-p 00000000 00:00 0 
7fd16c021000-7fd170000000 ---p 00000000 00:00 0 
7fd170000000-7fd170021000 rw-p 00000000 00:00 0 
7fd170021000-7fd174000000 ---p 00000000 00:00 0 
7fd1758ff000-7fd175902000 ---p 00000000 00:00 0 
7fd175902000-7fd175a00000 rw-p 00000000 00:00 0 
7fd175a00000-7fd175a03000 ---p 00000000 00:00 0 
7fd175a03000-7fd175b01000 rw-p 00000000 00:00 0 
7fd175b01000-7fd175b04000 ---p 00000000 00:00 0 
7fd175b04000-7fd175c02000 rw-p 00000000 00:00 0 
7fd175c02000-7fd175c05000 ---p 00000000 00:00 0 
7fd175c05000-7fd175d03000 rw-p 00000000 00:00 0 
7fd175d03000-7fd175d06000 ---p 00000000 00:00 0 
7fd175d06000-7fd175e04000 rw-p 00000000 00:00 0 
7fd175e04000-7fd175e05000 ---p 00000000 00:00 0 
7fd175e05000-7fd175f05000 rw-p 00000000 00:00 0 
7fd175f05000-7fd175f08000 ---p 00000000 00:00 0 
7fd175f08000-7fd176006000 rw-p 00000000 00:00 0 
7fd176006000-7fd176009000 ---p 00000000 00:00 0 
7fd176009000-7fd176107000 rw-p 00000000 00:00 0 
7fd176107000-7fd17610a000 ---p 00000000 00:00 0 
7fd17610a000-7fd176208000 rw-p 00000000 00:00 0 
7fd176208000-7fd17620b000 ---p 00000000 00:00 0 
7fd17620b000-7fd176309000 rw-p 00000000 00:00 0 
7fd176309000-7fd17630c000 ---p 00000000 00:00 0 
7fd17630c000-7fd17640a000 rw-p 00000000 00:00 0 
7fd17640a000-7fd1766f7000 r--p 00000000 08:01 2884254                    /usr/lib/locale/locale-archive
7fd1766f7000-7fd1766fa000 ---p 00000000 00:00 0 
7fd1766fa000-7fd1767f8000 rw-p 00000000 00:00 0 
7fd1767f8000-7fd1767fb000 ---p 00000000 00:00 0 
7fd1767fb000-7fd1768f9000 rw-p 00000000 00:00 0 
7fd1768f9000-7fd1768fa000 ---p 00000000 00:00 0 
7fd1768fa000-7fd179000000 rw-p 00000000 00:00 0 
7fd179000000-7fd1792e0000 rwxp 00000000 00:00 0 
7fd1792e0000-7fd188000000 ---p 00000000 00:00 0 
7fd188000000-7fd188391000 rw-p 00000000 00:00 0 
7fd188391000-7fd18c000000 ---p 00000000 00:00 0 
7fd18c088000-7fd18c097000 r--s 000df000 08:01 3938513                    /home/ahmed/Android/Sdk/build-tools/23.0.3/lib/dx.jar
7fd18c097000-7fd18ca52000 rw-p 00000000 00:00 0 
7fd18ca52000-7fd18cc2b000 r--s 03d1f000 08:01 3149907                    /usr/lib/jvm/java-8-oracle/jre/lib/rt.jar
7fd18cc2b000-7fd18d2a1000 rw-p 00000000 00:00 0 
7fd18d2a1000-7fd18d4a1000 ---p 00000000 00:00 0 
7fd18d4a1000-7fd18d6a1000 rw-p 00000000 00:00 0 
7fd18d6a1000-7fd18d6a2000 ---p 00000000 00:00 0 
7fd18d6a2000-7fd18d7a2000 rw-p 00000000 00:00 0 
7fd18d7a2000-7fd18d7a3000 ---p 00000000 00:00 0 
7fd18d7a3000-7fd18d8a3000 rw-p 00000000 00:00 0 
7fd18d8a3000-7fd18d8a4000 ---p 00000000 00:00 0 
7fd18d8a4000-7fd18d9a4000 rw-p 00000000 00:00 0 
7fd18d9a4000-7fd18d9a5000 ---p 00000000 00:00 0 
7fd18d9a5000-7fd18dac5000 rw-p 00000000 00:00 0 
7fd18dac5000-7fd18dbfb000 ---p 00000000 00:00 0 
7fd18dbfb000-7fd18dc1b000 rw-p 00000000 00:00 0 
7fd18dc1b000-7fd18dd50000 ---p 00000000 00:00 0 
7fd18dd50000-7fd18dd6c000 rw-p 00000000 00:00 0 
7fd18dd6c000-7fd18ddfb000 ---p 00000000 00:00 0 
7fd18ddfb000-7fd18de08000 rw-p 00000000 00:00 0 
7fd18de08000-7fd18e1bc000 ---p 00000000 00:00 0 
7fd18e1bc000-7fd18e1d6000 r-xp 00000000 08:01 3284666                    /usr/lib/jvm/java-8-oracle/jre/lib/amd64/libzip.so
7fd18e1d6000-7fd18e3d6000 ---p 0001a000 08:01 3284666                    /usr/lib/jvm/java-8-oracle/jre/lib/amd64/libzip.so
7fd18e3d6000-7fd18e3d7000 rw-p 0001a000 08:01 3284666                    /usr/lib/jvm/java-8-oracle/jre/lib/amd64/libzip.so
7fd18e3d7000-7fd18e3e2000 r-xp 00000000 08:01 7999875                    /lib/x86_64-linux-gnu/libnss_files-2.23.so
7fd18e3e2000-7fd18e5e1000 ---p 0000b000 08:01 7999875                    /lib/x86_64-linux-gnu/libnss_files-2.23.so
7fd18e5e1000-7fd18e5e2000 r--p 0000a000 08:01 7999875                    /lib/x86_64-linux-gnu/libnss_files-2.23.so
7fd18e5e2000-7fd18e5e3000 rw-p 0000b000 08:01 7999875                    /lib/x86_64-linux-gnu/libnss_files-2.23.so
7fd18e5e3000-7fd18e5e9000 rw-p 00000000 00:00 0 
7fd18e5e9000-7fd18e5f4000 r-xp 00000000 08:01 7999868                    /lib/x86_64-linux-gnu/libnss_nis-2.23.so
7fd18e5f4000-7fd18e7f3000 ---p 0000b000 08:01 7999868                    /lib/x86_64-linux-gnu/libnss_nis-2.23.so
7fd18e7f3000-7fd18e7f4000 r--p 0000a000 08:01 7999868                    /lib/x86_64-linux-gnu/libnss_nis-2.23.so
7fd18e7f4000-7fd18e7f5000 rw-p 0000b000 08:01 7999868                    /lib/x86_64-linux-gnu/libnss_nis-2.23.so
7fd18e7f5000-7fd18e80b000 r-xp 00000000 08:01 7999864                    /lib/x86_64-linux-gnu/libnsl-2.23.so
7fd18e80b000-7fd18ea0a000 ---p 00016000 08:01 7999864                    /lib/x86_64-linux-gnu/libnsl-2.23.so
7fd18ea0a000-7fd18ea0b000 r--p 00015000 08:01 7999864                    /lib/x86_64-linux-gnu/libnsl-2.23.so
7fd18ea0b000-7fd18ea0c000 rw-p 00016000 08:01 7999864                    /lib/x86_64-linux-gnu/libnsl-2.23.so
7fd18ea0c000-7fd18ea0e000 rw-p 00000000 00:00 0 
7fd18ea0e000-7fd18ea16000 r-xp 00000000 08:01 7999507                    /lib/x86_64-linux-gnu/libnss_compat-2.23.so
7fd18ea16000-7fd18ec15000 ---p 00008000 08:01 7999507                    /lib/x86_64-linux-gnu/libnss_compat-2.23.so
7fd18ec15000-7fd18ec16000 r--p 00007000 08:01 7999507                    /lib/x86_64-linux-gnu/libnss_compat-2.23.so
7fd18ec16000-7fd18ec17000 rw-p 00008000 08:01 7999507                    /lib/x86_64-linux-gnu/libnss_compat-2.23.so
7fd18ec17000-7fd18ec41000 r-xp 00000000 08:01 3284615                    /usr/lib/jvm/java-8-oracle/jre/lib/amd64/libjava.so
7fd18ec41000-7fd18ee41000 ---p 0002a000 08:01 3284615                    /usr/lib/jvm/java-8-oracle/jre/lib/amd64/libjava.so
7fd18ee41000-7fd18ee43000 rw-p 0002a000 08:01 3284615                    /usr/lib/jvm/java-8-oracle/jre/lib/amd64/libjava.so
7fd18ee43000-7fd18ee50000 r-xp 00000000 08:01 3284672                    /usr/lib/jvm/java-8-oracle/jre/lib/amd64/libverify.so
7fd18ee50000-7fd18f050000 ---p 0000d000 08:01 3284672                    /usr/lib/jvm/java-8-oracle/jre/lib/amd64/libverify.so
7fd18f050000-7fd18f052000 rw-p 0000d000 08:01 3284672                    /usr/lib/jvm/java-8-oracle/jre/lib/amd64/libverify.so
7fd18f052000-7fd18f059000 r-xp 00000000 08:01 7999892                    /lib/x86_64-linux-gnu/librt-2.23.so
7fd18f059000-7fd18f258000 ---p 00007000 08:01 7999892                    /lib/x86_64-linux-gnu/librt-2.23.so
7fd18f258000-7fd18f259000 r--p 00006000 08:01 7999892                    /lib/x86_64-linux-gnu/librt-2.23.so
7fd18f259000-7fd18f25a000 rw-p 00007000 08:01 7999892                    /lib/x86_64-linux-gnu/librt-2.23.so
7fd18f25a000-7fd18f362000 r-xp 00000000 08:01 7999886                    /lib/x86_64-linux-gnu/libm-2.23.so
7fd18f362000-7fd18f561000 ---p 00108000 08:01 7999886                    /lib/x86_64-linux-gnu/libm-2.23.so
7fd18f561000-7fd18f562000 r--p 00107000 08:01 7999886                    /lib/x86_64-linux-gnu/libm-2.23.so
7fd18f562000-7fd18f563000 rw-p 00108000 08:01 7999886                    /lib/x86_64-linux-gnu/libm-2.23.so
7fd18f563000-7fd190223000 r-xp 00000000 08:01 3284648                    /usr/lib/jvm/java-8-oracle/jre/lib/amd64/server/libjvm.so
7fd190223000-7fd190423000 ---p 00cc0000 08:01 3284648                    /usr/lib/jvm/java-8-oracle/jre/lib/amd64/server/libjvm.so
7fd190423000-7fd1904fb000 rw-p 00cc0000 08:01 3284648                    /usr/lib/jvm/java-8-oracle/jre/lib/amd64/server/libjvm.so
7fd1904fb000-7fd190546000 rw-p 00000000 00:00 0 
7fd190546000-7fd190706000 r-xp 00000000 08:01 7999902                    /lib/x86_64-linux-gnu/libc-2.23.so
7fd190706000-7fd190905000 ---p 001c0000 08:01 7999902                    /lib/x86_64-linux-gnu/libc-2.23.so
7fd190905000-7fd190909000 r--p 001bf000 08:01 7999902                    /lib/x86_64-linux-gnu/libc-2.23.so
7fd190909000-7fd19090b000 rw-p 001c3000 08:01 7999902                    /lib/x86_64-linux-gnu/libc-2.23.so
7fd19090b000-7fd19090f000 rw-p 00000000 00:00 0 
7fd19090f000-7fd190912000 r-xp 00000000 08:01 7999904                    /lib/x86_64-linux-gnu/libdl-2.23.so
7fd190912000-7fd190b11000 ---p 00003000 08:01 7999904                    /lib/x86_64-linux-gnu/libdl-2.23.so
7fd190b11000-7fd190b12000 r--p 00002000 08:01 7999904                    /lib/x86_64-linux-gnu/libdl-2.23.so
7fd190b12000-7fd190b13000 rw-p 00003000 08:01 7999904                    /lib/x86_64-linux-gnu/libdl-2.23.so
7fd190b13000-7fd190b28000 r-xp 00000000 08:01 4079274                    /usr/lib/jvm/java-8-oracle/lib/amd64/jli/libjli.so
7fd190b28000-7fd190d28000 ---p 00015000 08:01 4079274                    /usr/lib/jvm/java-8-oracle/lib/amd64/jli/libjli.so
7fd190d28000-7fd190d29000 rw-p 00015000 08:01 4079274                    /usr/lib/jvm/java-8-oracle/lib/amd64/jli/libjli.so
7fd190d29000-7fd190d41000 r-xp 00000000 08:01 7999900                    /lib/x86_64-linux-gnu/libpthread-2.23.so
7fd190d41000-7fd190f40000 ---p 00018000 08:01 7999900                    /lib/x86_64-linux-gnu/libpthread-2.23.so
7fd190f40000-7fd190f41000 r--p 00017000 08:01 7999900                    /lib/x86_64-linux-gnu/libpthread-2.23.so
7fd190f41000-7fd190f42000 rw-p 00018000 08:01 7999900                    /lib/x86_64-linux-gnu/libpthread-2.23.so
7fd190f42000-7fd190f46000 rw-p 00000000 00:00 0 
7fd190f46000-7fd190f6c000 r-xp 00000000 08:01 7999894                    /lib/x86_64-linux-gnu/ld-2.23.so
7fd190f74000-7fd191039000 rw-p 00000000 00:00 0 
7fd191039000-7fd19103c000 ---p 00000000 00:00 0 
7fd19103c000-7fd19113e000 rw-p 00000000 00:00 0 
7fd19114b000-7fd19115f000 rw-p 00000000 00:00 0 
7fd19115f000-7fd191167000 rw-s 00000000 08:01 12860042                   /tmp/hsperfdata_ahmed/13156
7fd191167000-7fd191168000 rw-p 00000000 00:00 0 
7fd191168000-7fd191169000 ---p 00000000 00:00 0 
7fd191169000-7fd19116b000 rw-p 00000000 00:00 0 
7fd19116b000-7fd19116c000 r--p 00025000 08:01 7999894                    /lib/x86_64-linux-gnu/ld-2.23.so
7fd19116c000-7fd19116d000 rw-p 00026000 08:01 7999894                    /lib/x86_64-linux-gnu/ld-2.23.so
7fd19116d000-7fd19116e000 rw-p 00000000 00:00 0 
7ffd70c1f000-7ffd70c40000 rw-p 00000000 00:00 0                          [stack]
7ffd70ce8000-7ffd70cea000 r--p 00000000 00:00 0                          [vvar]
7ffd70cea000-7ffd70cec000 r-xp 00000000 00:00 0                          [vdso]
ffffffffff600000-ffffffffff601000 r-xp 00000000 00:00 0                  [vsyscall]

VM Arguments:
jvm_args: -Djava.awt.headless=true -Xmx1024M -Dfile.encoding=UTF-8 -Duser.country=US -Duser.language=en -Duser.variant 
java_command: com.android.dx.command.Main --dex --force-jumbo --num-threads=4 --multi-dex --output /home/ahmed/AndroidStudioProjects/MyApplication/app/build/intermediates/transforms/dex/debug/folders/1000/5/slice_4 /home/ahmed/AndroidStudioProjects/MyApplication/app/build/intermediates/transforms/instantRunSlicer/debug/folders/1/5/slice_4
java_class_path (initial): /home/ahmed/Android/Sdk/build-tools/23.0.3/lib/dx.jar
Launcher Type: SUN_STANDARD

Environment Variables:
JAVA_HOME=/usr/lib/jvm/java-8-oracle
PATH=/usr/local/sbin:/usr/local/bin:/usr/sbin:/usr/bin:/sbin:/bin:/usr/games:/usr/local/games:/snap/bin
LD_LIBRARY_PATH=/home/ahmed/myData/android-studio/bin:
SHELL=/bin/bash
DISPLAY=:0

Signal Handlers:
SIGSEGV: [libjvm.so+0xabca10], sa_mask[0]=11111111011111111101111111111110, sa_flags=SA_RESTART|SA_SIGINFO
SIGBUS: [libjvm.so+0xabca10], sa_mask[0]=11111111011111111101111111111110, sa_flags=SA_RESTART|SA_SIGINFO
SIGFPE: [libjvm.so+0x919a20], sa_mask[0]=11111111011111111101111111111110, sa_flags=SA_RESTART|SA_SIGINFO
SIGPIPE: [libjvm.so+0x919a20], sa_mask[0]=11111111011111111101111111111110, sa_flags=SA_RESTART|SA_SIGINFO
SIGXFSZ: [libjvm.so+0x919a20], sa_mask[0]=11111111011111111101111111111110, sa_flags=SA_RESTART|SA_SIGINFO
SIGILL: [libjvm.so+0x919a20], sa_mask[0]=11111111011111111101111111111110, sa_flags=SA_RESTART|SA_SIGINFO
SIGUSR1: SIG_DFL, sa_mask[0]=00000000000000000000000000000000, sa_flags=none
SIGUSR2: [libjvm.so+0x91b050], sa_mask[0]=00100000000000000000000000000000, sa_flags=SA_RESTART|SA_SIGINFO
SIGHUP: [libjvm.so+0x91c450], sa_mask[0]=11111111011111111101111111111110, sa_flags=SA_RESTART|SA_SIGINFO
SIGINT: [libjvm.so+0x91c450], sa_mask[0]=11111111011111111101111111111110, sa_flags=SA_RESTART|SA_SIGINFO
SIGTERM: [libjvm.so+0x91c450], sa_mask[0]=11111111011111111101111111111110, sa_flags=SA_RESTART|SA_SIGINFO
SIGQUIT: [libjvm.so+0x91c450], sa_mask[0]=11111111011111111101111111111110, sa_flags=SA_RESTART|SA_SIGINFO


---------------  S Y S T E M  ---------------

OS:DISTRIB_ID=Ubuntu
DISTRIB_RELEASE=16.04
DISTRIB_CODENAME=xenial
DISTRIB_DESCRIPTION="Ubuntu 16.04.1 LTS"

uname:Linux 4.4.0-38-generic #57-Ubuntu SMP Tue Sep 6 15:42:33 UTC 2016 x86_64
libc:glibc 2.23 NPTL 2.23 
rlimit: STACK 8192k, CORE 0k, NPROC 23444, NOFILE 65536, AS infinity
load average:17.79 13.83 10.58

/proc/meminfo:
MemTotal:        6039136 kB
MemFree:         1095448 kB
MemAvailable:    1301548 kB
Buffers:           34720 kB
Cached:           573476 kB
SwapCached:        94052 kB
Active:          3495924 kB
Inactive:        1212328 kB
Active(anon):    3256460 kB
Inactive(anon):  1058664 kB
Active(file):     239464 kB
Inactive(file):   153664 kB
Unevictable:          48 kB
Mlocked:              48 kB
SwapTotal:       6213628 kB
SwapFree:        4971636 kB
Dirty:              3868 kB
Writeback:             0 kB
AnonPages:       4084860 kB
Mapped:           254424 kB
Shmem:            215068 kB
Slab:              99816 kB
SReclaimable:      51524 kB
SUnreclaim:        48292 kB
KernelStack:       15024 kB
PageTables:        61424 kB
NFS_Unstable:          0 kB
Bounce:                0 kB
WritebackTmp:          0 kB
CommitLimit:     9233196 kB
Committed_AS:   11993000 kB
VmallocTotal:   34359738367 kB
VmallocUsed:           0 kB
VmallocChunk:          0 kB
HardwareCorrupted:     0 kB
AnonHugePages:   2516992 kB
CmaTotal:              0 kB
CmaFree:               0 kB
HugePages_Total:       0
HugePages_Free:        0
HugePages_Rsvd:        0
HugePages_Surp:        0
Hugepagesize:       2048 kB
DirectMap4k:      197680 kB
DirectMap2M:     6023168 kB


CPU:total 4 (2 cores per cpu, 2 threads per core) family 6 model 42 stepping 7, cmov, cx8, fxsr, mmx, sse, sse2, sse3, ssse3, sse4.1, sse4.2, popcnt, avx, clmul, ht, tsc, tscinvbit

/proc/cpuinfo:
processor	: 0
vendor_id	: GenuineIntel
cpu family	: 6
model		: 42
model name	: Intel(R) Core(TM) i3-2310M CPU @ 2.10GHz
stepping	: 7
microcode	: 0x14
cpu MHz		: 1799.929
cache size	: 3072 KB
physical id	: 0
siblings	: 4
core id		: 0
cpu cores	: 2
apicid		: 0
initial apicid	: 0
fpu		: yes
fpu_exception	: yes
cpuid level	: 13
wp		: yes
flags		: fpu vme de pse tsc msr pae mce cx8 apic sep mtrr pge mca cmov pat pse36 clflush dts acpi mmx fxsr sse sse2 ss ht tm pbe syscall nx rdtscp lm constant_tsc arch_perfmon pebs bts rep_good nopl xtopology nonstop_tsc aperfmperf eagerfpu pni pclmulqdq dtes64 monitor ds_cpl vmx est tm2 ssse3 cx16 xtpr pdcm pcid sse4_1 sse4_2 x2apic popcnt tsc_deadline_timer xsave avx lahf_lm epb tpr_shadow vnmi flexpriority ept vpid xsaveopt dtherm arat pln pts
bugs		:
bogomips	: 4190.58
clflush size	: 64
cache_alignment	: 64
address sizes	: 36 bits physical, 48 bits virtual
power management:

processor	: 1
vendor_id	: GenuineIntel
cpu family	: 6
model		: 42
model name	: Intel(R) Core(TM) i3-2310M CPU @ 2.10GHz
stepping	: 7
microcode	: 0x14
cpu MHz		: 1799.929
cache size	: 3072 KB
physical id	: 0
siblings	: 4
core id		: 0
cpu cores	: 2
apicid		: 1
initial apicid	: 1
fpu		: yes
fpu_exception	: yes
cpuid level	: 13
wp		: yes
flags		: fpu vme de pse tsc msr pae mce cx8 apic sep mtrr pge mca cmov pat pse36 clflush dts acpi mmx fxsr sse sse2 ss ht tm pbe syscall nx rdtscp lm constant_tsc arch_perfmon pebs bts rep_good nopl xtopology nonstop_tsc aperfmperf eagerfpu pni pclmulqdq dtes64 monitor ds_cpl vmx est tm2 ssse3 cx16 xtpr pdcm pcid sse4_1 sse4_2 x2apic popcnt tsc_deadline_timer xsave avx lahf_lm epb tpr_shadow vnmi flexpriority ept vpid xsaveopt dtherm arat pln pts
bugs		:
bogomips	: 4190.58
clflush size	: 64
cache_alignment	: 64
address sizes	: 36 bits physical, 48 bits virtual
power management:

processor	: 2
vendor_id	: GenuineIntel
cpu family	: 6
model		: 42
model name	: Intel(R) Core(TM) i3-2310M CPU @ 2.10GHz
stepping	: 7
microcode	: 0x14
cpu MHz		: 1799.929
cache size	: 3072 KB
physical id	: 0
siblings	: 4
core id		: 1
cpu cores	: 2
apicid		: 2
initial apicid	: 2
fpu		: yes
fpu_exception	: yes
cpuid level	: 13
wp		: yes
flags		: fpu vme de pse tsc msr pae mce cx8 apic sep mtrr pge mca cmov pat pse36 clflush dts acpi mmx fxsr sse sse2 ss ht tm pbe syscall nx rdtscp lm constant_tsc arch_perfmon pebs bts rep_good nopl xtopology nonstop_tsc aperfmperf eagerfpu pni pclmulqdq dtes64 monitor ds_cpl vmx est tm2 ssse3 cx16 xtpr pdcm pcid sse4_1 sse4_2 x2apic popcnt tsc_deadline_timer xsave avx lahf_lm epb tpr_shadow vnmi flexpriority ept vpid xsaveopt dtherm arat pln pts
bugs		:
bogomips	: 4190.58
clflush size	: 64
cache_alignment	: 64
address sizes	: 36 bits physical, 48 bits virtual
power management:

processor	: 3
vendor_id	: GenuineIntel
cpu family	: 6
model		: 42
model name	: Intel(R) Core(TM) i3-2310M CPU @ 2.10GHz
stepping	: 7
microcode	: 0x14
cpu MHz		: 1799.929
cache size	: 3072 KB
physical id	: 0
siblings	: 4
core id		: 1
cpu cores	: 2
apicid		: 3
initial apicid	: 3
fpu		: yes
fpu_exception	: yes
cpuid level	: 13
wp		: yes
flags		: fpu vme de pse tsc msr pae mce cx8 apic sep mtrr pge mca cmov pat pse36 clflush dts acpi mmx fxsr sse sse2 ss ht tm pbe syscall nx rdtscp lm constant_tsc arch_perfmon pebs bts rep_good nopl xtopology nonstop_tsc aperfmperf eagerfpu pni pclmulqdq dtes64 monitor ds_cpl vmx est tm2 ssse3 cx16 xtpr pdcm pcid sse4_1 sse4_2 x2apic popcnt tsc_deadline_timer xsave avx lahf_lm epb tpr_shadow vnmi flexpriority ept vpid xsaveopt dtherm arat pln pts
bugs		:
bogomips	: 4190.58
clflush size	: 64
cache_alignment	: 64
address sizes	: 36 bits physical, 48 bits virtual
power management:



Memory: 4k page, physical 6039136k(1093400k free), swap 6213628k(4971636k free)

vm_info: Java HotSpot(TM) 64-Bit Server VM (25.91-b14) for linux-amd64 JRE (1.8.0_91-b14), built on Apr  1 2016 00:57:21 by "java_re" with gcc 4.3.0 20080428 (Red Hat 4.3.0-8)

time: Thu Oct 13 13:57:15 2016
elapsed time: 4 seconds (0d 0h 0m 4s)

