#
# A fatal error has been detected by the Java Runtime Environment:
#
#  SIGSEGV (0xb) at pc=0x00007fb61e59b583, pid=17284, tid=140419811768064
#
# JRE version: Java(TM) SE Runtime Environment (8.0_91-b14) (build 1.8.0_91-b14)
# Java VM: Java HotSpot(TM) 64-Bit Server VM (25.91-b14 mixed mode linux-amd64 compressed oops)
# Problematic frame:
# V  [libjvm.so+0x986583]  oopDesc* PSPromotionManager::copy_to_survivor_space<false>(oopDesc*)+0x143
#
# Failed to write core dump. Core dumps have been disabled. To enable core dumping, try "ulimit -c unlimited" before starting Java again
#
# If you would like to submit a bug report, please visit:
#   http://bugreport.java.com/bugreport/crash.jsp
#

---------------  T H R E A D  ---------------

Current thread (0x00007fb618021000):  GCTaskThread [stack: 0x00007fb608eff000,0x00007fb609000000] [id=17293]

siginfo: si_signo: 11 (SIGSEGV), si_code: 2 (SEGV_ACCERR), si_addr: 0x0000000102082d68

Registers:
RAX=0x00007fb61eb98490, RBX=0x00000000c191ff5c, RCX=0x0000000000000003, RDX=0x0000000000000001
RSP=0x00007fb608ffe920, RBP=0x00007fb608ffe990, RSI=0x00000000ec787a08, RDI=0x0000000102082d60
R8 =0x00000000c191ff40, R9 =0x00007fb61ebcbed0, R10=0x00007fb61ebbc879, R11=0x00007fb608ffe8d0
R12=0x00000000ec787a08, R13=0x0000000000000005, R14=0x0000000000000000, R15=0x00007fb6180751e8
RIP=0x00007fb61e59b583, EFLAGS=0x0000000000010206, CSGSFS=0x0000000000000033, ERR=0x0000000000000004
  TRAPNO=0x000000000000000e

Top of Stack: (sp=0x00007fb608ffe920)
0x00007fb608ffe920:   00000000f1eb1e31 00007fb61ebbc879
0x00007fb608ffe930:   00007fb6180751a8 00007fb618075180
0x00007fb608ffe940:   00000000c191e6d1 0000000000000400
0x00007fb608ffe950:   00000000ec788ed2 0000000000001000
0x00007fb608ffe960:   00007fb608ffea10 00000000c191ff5c
0x00007fb608ffe970:   00007fb618075180 00007fb61eb98480
0x00007fb608ffe980:   0000000000000000 00007fb6180751e8
0x00007fb608ffe990:   00007fb608ffea80 00007fb61e59ae50
0x00007fb608ffe9a0:   00007fb608ffea20 00007fb608ffea10
0x00007fb608ffe9b0:   00007fb608ffea20 00007fb608ffe9e0
0x00007fb608ffe9c0:   00007fb608ffe9f0 00007fb608ffea40
0x00007fb608ffe9d0:   00000000f1e975f5 00007fb618075218
0x00007fb608ffe9e0:   00007fb618022228 0000000000000000
0x00007fb608ffe9f0:   00007fb61f3e653f 00000000f1eb0d94
0x00007fb608ffea00:   00007fb608ffea80 00007fb61e50ee8f
0x00007fb608ffea10:   0000000100057c30 00000000c0318e80
0x00007fb608ffea20:   00007fb608ffea80 00007fb61e25ab90
0x00007fb608ffea30:   00000000c0315e71 00007fb61ebcbed0
0x00007fb608ffea40:   00000000c191ff5d 00007fb6180751e0
0x00007fb608ffea50:   0000000000000000 00000000c0319000
0x00007fb608ffea60:   00000000c0319000 00007fb61c2ae8c8
0x00007fb608ffea70:   00007fb618017ce0 00007fb61c2ae901
0x00007fb608ffea80:   00007fb608ffeb40 00007fb61e0138ae
0x00007fb608ffea90:   00007fb61801ed00 00007fb61c2ae900
0x00007fb608ffeaa0:   00007fb61c2ae881 00007fb61ebbc879
0x00007fb608ffeab0:   00007fb618075180 00000000c1020e00
0x00007fb608ffeac0:   00007fb618017a20 00007fb61c2b5107
0x00007fb608ffead0:   00000000c0318828 0000000000000200
0x00007fb608ffeae0:   00000000c0320000 00007fb61c2ae8c5
0x00007fb608ffeaf0:   0000000000000240 00007fb61c2aea00
0x00007fb608ffeb00:   00007fb61c2aea80 00007fb61c2ae8c8
0x00007fb608ffeb10:   00007fb61c2ae8c5 00007fb618026ed0 

Instructions: (pc=0x00007fb61e59b583)
0x00007fb61e59b563:   83 e0 07 48 83 f8 05 75 d3 31 db eb d6 48 8b 05
0x00007fb61e59b573:   31 df 5d 00 8b 7e 08 8b 48 08 48 d3 e7 48 03 38
0x00007fb61e59b583:   8b 77 08 83 fe 00 0f 8f 0a ff ff ff 0f 85 4b 02
0x00007fb61e59b593:   00 00 0f 1f 00 48 8b 07 4c 89 e6 4c 89 55 98 ff 

Register to memory mapping:

RAX=0x00007fb61eb98490: <offset 0xf83490> in /usr/lib/jvm/java-8-oracle/jre/lib/amd64/server/libjvm.so at 0x00007fb61dc15000
RBX=0x00000000c191ff5c is pointing into object: 0x00000000c191ff40
com.android.dx.dex.code.LocalSnapshot 
 - klass: 'com/android/dx/dex/code/LocalSnapshot'
RCX=0x0000000000000003 is an unknown value
RDX=0x0000000000000001 is an unknown value
RSP=0x00007fb608ffe920 is an unknown value
RBP=0x00007fb608ffe990 is an unknown value
RSI=0x00000000ec787a08 is an oop

[error occurred during error reporting (printing register info), id 0xb]

Stack: [0x00007fb608eff000,0x00007fb609000000],  sp=0x00007fb608ffe920,  free space=1022k
Native frames: (J=compiled Java code, j=interpreted, Vv=VM code, C=native code)
V  [libjvm.so+0x986583]  oopDesc* PSPromotionManager::copy_to_survivor_space<false>(oopDesc*)+0x143
V  [libjvm.so+0x985e50]  PSPromotionManager::drain_stacks_depth(bool)+0x830
V  [libjvm.so+0x3fe8ae]  CardTableExtension::scavenge_contents_parallel(ObjectStartArray*, MutableSpace*, HeapWord*, PSPromotionManager*, unsigned int, unsigned int)+0xafe
V  [libjvm.so+0x9896cb]  OldToYoungRootsTask::do_it(GCTaskManager*, unsigned int)+0x4b
V  [libjvm.so+0x5d584f]  GCTaskThread::run()+0x12f
V  [libjvm.so+0x91ef78]  java_start(Thread*)+0x108


---------------  P R O C E S S  ---------------

Java Threads: ( => current thread )
  0x00007fb61814d000 JavaThread "pool-2-thread-4" [_thread_blocked, id=17327, stack(0x00007fb60401a000,0x00007fb60411b000)]
  0x00007fb61814b000 JavaThread "pool-2-thread-3" [_thread_blocked, id=17326, stack(0x00007fb60411b000,0x00007fb60421c000)]
  0x00007fb61814a000 JavaThread "pool-2-thread-2" [_thread_blocked, id=17325, stack(0x00007fb60421c000,0x00007fb60431d000)]
  0x00007fb618144000 JavaThread "pool-3-thread-1" [_thread_blocked, id=17324, stack(0x00007fb60431d000,0x00007fb60441e000)]
  0x00007fb618142000 JavaThread "pool-2-thread-1" [_thread_blocked, id=17323, stack(0x00007fb60441e000,0x00007fb60451f000)]
  0x00007fb6180c1800 JavaThread "Service Thread" daemon [_thread_blocked, id=17304, stack(0x00007fb604647000,0x00007fb604748000)]
  0x00007fb6180be000 JavaThread "C1 CompilerThread2" daemon [_thread_blocked, id=17303, stack(0x00007fb604748000,0x00007fb604849000)]
  0x00007fb6180bc800 JavaThread "C2 CompilerThread1" daemon [_thread_in_native, id=17302, stack(0x00007fb604849000,0x00007fb60494a000)]
  0x00007fb6180b9800 JavaThread "C2 CompilerThread0" daemon [_thread_blocked, id=17301, stack(0x00007fb60494a000,0x00007fb604a4b000)]
  0x00007fb6180b8000 JavaThread "Signal Dispatcher" daemon [_thread_blocked, id=17300, stack(0x00007fb604a4b000,0x00007fb604b4c000)]
  0x00007fb618084000 JavaThread "Finalizer" daemon [_thread_blocked, id=17298, stack(0x00007fb604e39000,0x00007fb604f3a000)]
  0x00007fb61807f800 JavaThread "Reference Handler" daemon [_thread_blocked, id=17297, stack(0x00007fb604f3a000,0x00007fb60503b000)]
  0x00007fb61800a000 JavaThread "main" [_thread_blocked, id=17288, stack(0x00007fb61f6eb000,0x00007fb61f7ec000)]

Other Threads:
  0x00007fb618078000 VMThread [stack: 0x00007fb60503b000,0x00007fb60513c000] [id=17296]
  0x00007fb6180c4000 WatcherThread [stack: 0x00007fb604546000,0x00007fb604647000] [id=17305]

=>0x00007fb618021000 (exited) GCTaskThread [stack: 0x00007fb608eff000,0x00007fb609000000] [id=17293]

VM state:at safepoint (normal execution)

VM Mutex/Monitor currently owned by a thread:  ([mutex/lock_event])
[0x00007fb618006570] Threads_lock - owner thread: 0x00007fb618078000
[0x00007fb618006a70] Heap_lock - owner thread: 0x00007fb61800a000

Heap:
 PSYoungGen      total 110080K, used 107857K [0x00000000eab00000, 0x00000000f2600000, 0x0000000100000000)
  eden space 97280K, 100% used [0x00000000eab00000,0x00000000f0a00000,0x00000000f0a00000)
  from space 12800K, 82% used [0x00000000f1780000,0x00000000f21d4458,0x00000000f2400000)
  to   space 13824K, 99% used [0x00000000f0a00000,0x00000000f177a480,0x00000000f1780000)
 ParOldGen       total 64512K, used 27374K [0x00000000c0000000, 0x00000000c3f00000, 0x00000000eab00000)
  object space 64512K, 42% used [0x00000000c0000000,0x00000000c1abb8c0,0x00000000c3f00000)
 Metaspace       used 6216K, capacity 7128K, committed 7424K, reserved 1056768K
  class space    used 608K, capacity 656K, committed 768K, reserved 1048576K

Card table byte_map: [0x00007fb61c2ad000,0x00007fb61c4ae000] byte_map_base: 0x00007fb61bcad000

Marking Bits: (ParMarkBitMap*) 0x00007fb61ebcbd60
 Begin Bits: [0x00007fb606cfd000, 0x00007fb607cfd000)
 End Bits:   [0x00007fb607cfd000, 0x00007fb608cfd000)

Polling page: 0x00007fb61f81a000

CodeCache: size=245760Kb used=6100Kb max_used=6100Kb free=239659Kb
 bounds [0x00007fb609000000, 0x00007fb609600000, 0x00007fb618000000]
 total_blobs=1859 nmethods=1591 adapters=182
 compilation: enabled

Compilation events (10 events):
Event: 9.966 Thread 0x00007fb6180be000 1975       2       com.android.dx.cf.attrib.AttCode::byteLength (29 bytes)
Event: 9.967 Thread 0x00007fb6180be000 nmethod 1975 0x00007fb6095f5750 code [0x00007fb6095f58e0, 0x00007fb6095f5bd8]
Event: 9.975 Thread 0x00007fb6180be000 1976       2       com.android.dx.rop.cst.CstInterfaceMethodRef::<init> (12 bytes)
Event: 9.976 Thread 0x00007fb6180be000 nmethod 1976 0x00007fb6095f5ed0 code [0x00007fb6095f6040, 0x00007fb6095f6238]
Event: 9.976 Thread 0x00007fb6180be000 1977       2       com.android.dx.cf.attrib.RawAttribute::byteLength (11 bytes)
Event: 9.976 Thread 0x00007fb6180be000 nmethod 1977 0x00007fb6095f6390 code [0x00007fb6095f64e0, 0x00007fb6095f6630]
Event: 9.983 Thread 0x00007fb6180be000 1978       2       com.android.dx.dex.file.DexFile::internIfAppropriate (128 bytes)
Event: 9.984 Thread 0x00007fb6180be000 nmethod 1978 0x00007fb6095f66d0 code [0x00007fb6095f68e0, 0x00007fb6095f7058]
Event: 10.003 Thread 0x00007fb6180be000 1979       2       com.android.dx.dex.file.AnnotationUtils::makeSignature (251 bytes)
Event: 10.007 Thread 0x00007fb6180be000 nmethod 1979 0x00007fb6095f7490 code [0x00007fb6095f77a0, 0x00007fb6095f8848]

GC Heap History (10 events):
Event: 3.971 GC heap after
Heap after GC invocations=2 (full 0):
 PSYoungGen      total 28160K, used 3575K [0x00000000eab00000, 0x00000000ee200000, 0x0000000100000000)
  eden space 24576K, 0% used [0x00000000eab00000,0x00000000eab00000,0x00000000ec300000)
  from space 3584K, 99% used [0x00000000ec680000,0x00000000ec9fdc70,0x00000000eca00000)
  to   space 3584K, 0% used [0x00000000ec300000,0x00000000ec300000,0x00000000ec680000)
 ParOldGen       total 64512K, used 2251K [0x00000000c0000000, 0x00000000c3f00000, 0x00000000eab00000)
  object space 64512K, 3% used [0x00000000c0000000,0x00000000c0232f70,0x00000000c3f00000)
 Metaspace       used 5719K, capacity 6704K, committed 6784K, reserved 1056768K
  class space    used 587K, capacity 616K, committed 640K, reserved 1048576K
}
Event: 5.007 GC heap before
{Heap before GC invocations=3 (full 0):
 PSYoungGen      total 28160K, used 28151K [0x00000000eab00000, 0x00000000ee200000, 0x0000000100000000)
  eden space 24576K, 100% used [0x00000000eab00000,0x00000000ec300000,0x00000000ec300000)
  from space 3584K, 99% used [0x00000000ec680000,0x00000000ec9fdc70,0x00000000eca00000)
  to   space 3584K, 0% used [0x00000000ec300000,0x00000000ec300000,0x00000000ec680000)
 ParOldGen       total 64512K, used 2251K [0x00000000c0000000, 0x00000000c3f00000, 0x00000000eab00000)
  object space 64512K, 3% used [0x00000000c0000000,0x00000000c0232f70,0x00000000c3f00000)
 Metaspace       used 5765K, capacity 6768K, committed 7040K, reserved 1056768K
  class space    used 587K, capacity 616K, committed 640K, reserved 1048576K
Event: 5.067 GC heap after
Heap after GC invocations=3 (full 0):
 PSYoungGen      total 28160K, used 3559K [0x00000000eab00000, 0x00000000ee200000, 0x0000000100000000)
  eden space 24576K, 0% used [0x00000000eab00000,0x00000000eab00000,0x00000000ec300000)
  from space 3584K, 99% used [0x00000000ec300000,0x00000000ec679c60,0x00000000ec680000)
  to   space 3584K, 0% used [0x00000000ede80000,0x00000000ede80000,0x00000000ee200000)
 ParOldGen       total 64512K, used 5897K [0x00000000c0000000, 0x00000000c3f00000, 0x00000000eab00000)
  object space 64512K, 9% used [0x00000000c0000000,0x00000000c05c2668,0x00000000c3f00000)
 Metaspace       used 5765K, capacity 6768K, committed 7040K, reserved 1056768K
  class space    used 587K, capacity 616K, committed 640K, reserved 1048576K
}
Event: 5.971 GC heap before
{Heap before GC invocations=4 (full 0):
 PSYoungGen      total 28160K, used 28135K [0x00000000eab00000, 0x00000000ee200000, 0x0000000100000000)
  eden space 24576K, 100% used [0x00000000eab00000,0x00000000ec300000,0x00000000ec300000)
  from space 3584K, 99% used [0x00000000ec300000,0x00000000ec679c60,0x00000000ec680000)
  to   space 3584K, 0% used [0x00000000ede80000,0x00000000ede80000,0x00000000ee200000)
 ParOldGen       total 64512K, used 5897K [0x00000000c0000000, 0x00000000c3f00000, 0x00000000eab00000)
  object space 64512K, 9% used [0x00000000c0000000,0x00000000c05c2668,0x00000000c3f00000)
 Metaspace       used 5822K, capacity 6832K, committed 7040K, reserved 1056768K
  class space    used 588K, capacity 616K, committed 640K, reserved 1048576K
Event: 6.049 GC heap after
Heap after GC invocations=4 (full 0):
 PSYoungGen      total 52736K, used 3562K [0x00000000eab00000, 0x00000000ee200000, 0x0000000100000000)
  eden space 49152K, 0% used [0x00000000eab00000,0x00000000eab00000,0x00000000edb00000)
  from space 3584K, 99% used [0x00000000ede80000,0x00000000ee1faa90,0x00000000ee200000)
  to   space 3584K, 0% used [0x00000000edb00000,0x00000000edb00000,0x00000000ede80000)
 ParOldGen       total 64512K, used 9423K [0x00000000c0000000, 0x00000000c3f00000, 0x00000000eab00000)
  object space 64512K, 14% used [0x00000000c0000000,0x00000000c0933e18,0x00000000c3f00000)
 Metaspace       used 5822K, capacity 6832K, committed 7040K, reserved 1056768K
  class space    used 588K, capacity 616K, committed 640K, reserved 1048576K
}
Event: 6.884 GC heap before
{Heap before GC invocations=5 (full 0):
 PSYoungGen      total 52736K, used 52714K [0x00000000eab00000, 0x00000000ee200000, 0x0000000100000000)
  eden space 49152K, 100% used [0x00000000eab00000,0x00000000edb00000,0x00000000edb00000)
  from space 3584K, 99% used [0x00000000ede80000,0x00000000ee1faa90,0x00000000ee200000)
  to   space 3584K, 0% used [0x00000000edb00000,0x00000000edb00000,0x00000000ede80000)
 ParOldGen       total 64512K, used 9423K [0x00000000c0000000, 0x00000000c3f00000, 0x00000000eab00000)
  object space 64512K, 14% used [0x00000000c0000000,0x00000000c0933e18,0x00000000c3f00000)
 Metaspace       used 5956K, capacity 6872K, committed 7168K, reserved 1056768K
  class space    used 608K, capacity 656K, committed 768K, reserved 1048576K
Event: 7.002 GC heap after
Heap after GC invocations=5 (full 0):
 PSYoungGen      total 52736K, used 3584K [0x00000000eab00000, 0x00000000f2400000, 0x0000000100000000)
  eden space 49152K, 0% used [0x00000000eab00000,0x00000000eab00000,0x00000000edb00000)
  from space 3584K, 100% used [0x00000000edb00000,0x00000000ede80000,0x00000000ede80000)
  to   space 12800K, 0% used [0x00000000f1780000,0x00000000f1780000,0x00000000f2400000)
 ParOldGen       total 64512K, used 16515K [0x00000000c0000000, 0x00000000c3f00000, 0x00000000eab00000)
  object space 64512K, 25% used [0x00000000c0000000,0x00000000c1020e00,0x00000000c3f00000)
 Metaspace       used 5956K, capacity 6872K, committed 7168K, reserved 1056768K
  class space    used 608K, capacity 656K, committed 768K, reserved 1048576K
}
Event: 7.705 GC heap before
{Heap before GC invocations=6 (full 0):
 PSYoungGen      total 52736K, used 52736K [0x00000000eab00000, 0x00000000f2400000, 0x0000000100000000)
  eden space 49152K, 100% used [0x00000000eab00000,0x00000000edb00000,0x00000000edb00000)
  from space 3584K, 100% used [0x00000000edb00000,0x00000000ede80000,0x00000000ede80000)
  to   space 12800K, 0% used [0x00000000f1780000,0x00000000f1780000,0x00000000f2400000)
 ParOldGen       total 64512K, used 16515K [0x00000000c0000000, 0x00000000c3f00000, 0x00000000eab00000)
  object space 64512K, 25% used [0x00000000c0000000,0x00000000c1020e00,0x00000000c3f00000)
 Metaspace       used 6003K, capacity 6936K, committed 7168K, reserved 1056768K
  class space    used 608K, capacity 656K, committed 768K, reserved 1048576K
Event: 7.785 GC heap after
Heap after GC invocations=6 (full 0):
 PSYoungGen      total 110080K, used 10577K [0x00000000eab00000, 0x00000000f2600000, 0x0000000100000000)
  eden space 97280K, 0% used [0x00000000eab00000,0x00000000eab00000,0x00000000f0a00000)
  from space 12800K, 82% used [0x00000000f1780000,0x00000000f21d4458,0x00000000f2400000)
  to   space 13824K, 0% used [0x00000000f0a00000,0x00000000f0a00000,0x00000000f1780000)
 ParOldGen       total 64512K, used 16515K [0x00000000c0000000, 0x00000000c3f00000, 0x00000000eab00000)
  object space 64512K, 25% used [0x00000000c0000000,0x00000000c1020e00,0x00000000c3f00000)
 Metaspace       used 6003K, capacity 6936K, committed 7168K, reserved 1056768K
  class space    used 608K, capacity 656K, committed 768K, reserved 1048576K
}
Event: 10.019 GC heap before
{Heap before GC invocations=7 (full 0):
 PSYoungGen      total 110080K, used 107857K [0x00000000eab00000, 0x00000000f2600000, 0x0000000100000000)
  eden space 97280K, 100% used [0x00000000eab00000,0x00000000f0a00000,0x00000000f0a00000)
  from space 12800K, 82% used [0x00000000f1780000,0x00000000f21d4458,0x00000000f2400000)
  to   space 13824K, 0% used [0x00000000f0a00000,0x00000000f0a00000,0x00000000f1780000)
 ParOldGen       total 64512K, used 16515K [0x00000000c0000000, 0x00000000c3f00000, 0x00000000eab00000)
  object space 64512K, 25% used [0x00000000c0000000,0x00000000c1020e00,0x00000000c3f00000)
 Metaspace       used 6216K, capacity 7128K, committed 7424K, reserved 1056768K
  class space    used 608K, capacity 656K, committed 768K, reserved 1048576K

Deoptimization events (10 events):
Event: 1.343 Thread 0x00007fb61800a000 Uncommon trap: reason=unstable_if action=reinterpret pc=0x00007fb60915cd78 method=java.util.regex.Pattern$BnM.match(Ljava/util/regex/Matcher;ILjava/lang/CharSequence;)Z @ 56
Event: 1.814 Thread 0x00007fb61800a000 Uncommon trap: reason=unstable_if action=reinterpret pc=0x00007fb60914f148 method=java.lang.String.indexOf(II)I @ 49
Event: 2.762 Thread 0x00007fb61814d000 Uncommon trap: reason=unstable_if action=reinterpret pc=0x00007fb6091e1aec method=java.util.BitSet.nextSetBit(I)I @ 87
Event: 3.046 Thread 0x00007fb61800a000 Uncommon trap: reason=class_check action=maybe_recompile pc=0x00007fb60920e710 method=com.android.dx.ssa.NormalSsaInsn.accept(Lcom/android/dx/ssa/SsaInsn$Visitor;)V @ 9
Event: 4.466 Thread 0x00007fb61814a000 Uncommon trap: reason=unstable_if action=reinterpret pc=0x00007fb6092fb40c method=com.android.dx.rop.code.RegisterSpecSet.put(Lcom/android/dx/rop/code/RegisterSpec;)V @ 77
Event: 4.666 Thread 0x00007fb61800a000 Uncommon trap: reason=bimorphic action=maybe_recompile pc=0x00007fb609200a08 method=java.util.HashMap.getNode(ILjava/lang/Object;)Ljava/util/HashMap$Node; @ 126
Event: 4.874 Thread 0x00007fb61814b000 Uncommon trap: reason=bimorphic action=maybe_recompile pc=0x00007fb609200a08 method=java.util.HashMap.getNode(ILjava/lang/Object;)Ljava/util/HashMap$Node; @ 126
Event: 6.406 Thread 0x00007fb618142000 Uncommon trap: reason=unstable_if action=reinterpret pc=0x00007fb6092a5ff0 method=java.util.HashMap.putVal(ILjava/lang/Object;Ljava/lang/Object;ZZ)Ljava/lang/Object; @ 162
Event: 6.430 Thread 0x00007fb618142000 Uncommon trap: reason=unstable_if action=reinterpret pc=0x00007fb6092009ec method=java.util.HashMap.getNode(ILjava/lang/Object;)Ljava/util/HashMap$Node; @ 84
Event: 6.430 Thread 0x00007fb618142000 Uncommon trap: reason=unstable_if action=reinterpret pc=0x00007fb6091e2138 method=java.util.HashMap.getNode(ILjava/lang/Object;)Ljava/util/HashMap$Node; @ 84

Internal exceptions (5 events):
Event: 0.168 Thread 0x00007fb61800a000 Exception <a 'java/lang/NoSuchMethodError': Method sun.misc.Unsafe.defineClass(Ljava/lang/String;[BII)Ljava/lang/Class; name or signature does not match> (0x00000000eab07cc0) thrown at [/HUDSON/workspace/8-2-build-linux-amd64/jdk8u91/6644/hotspot/src/shar
Event: 0.168 Thread 0x00007fb61800a000 Exception <a 'java/lang/NoSuchMethodError': Method sun.misc.Unsafe.prefetchRead(Ljava/lang/Object;J)V name or signature does not match> (0x00000000eab07fa8) thrown at [/HUDSON/workspace/8-2-build-linux-amd64/jdk8u91/6644/hotspot/src/share/vm/prims/jni.cpp
Event: 6.428 Thread 0x00007fb618142000 Exception <a 'java/lang/ArrayIndexOutOfBoundsException': 18> (0x00000000ebf3f818) thrown at [/HUDSON/workspace/8-2-build-linux-amd64/jdk8u91/6644/hotspot/src/share/vm/interpreter/interpreterRuntime.cpp, line 366]
Event: 6.428 Thread 0x00007fb618142000 Exception <a 'java/lang/ArrayIndexOutOfBoundsException': 145> (0x00000000ebf41398) thrown at [/HUDSON/workspace/8-2-build-linux-amd64/jdk8u91/6644/hotspot/src/share/vm/interpreter/interpreterRuntime.cpp, line 366]
Event: 6.429 Thread 0x00007fb618142000 Exception <a 'java/lang/ArrayIndexOutOfBoundsException': 40> (0x00000000ebf42680) thrown at [/HUDSON/workspace/8-2-build-linux-amd64/jdk8u91/6644/hotspot/src/share/vm/interpreter/interpreterRuntime.cpp, line 366]

Events (10 events):
Event: 10.007 Thread 0x00007fb618142000 DEOPT UNPACKING pc=0x00007fb609047633 sp=0x00007fb60451ccf8 mode 0
Event: 10.008 Thread 0x00007fb618142000 DEOPT PACKING pc=0x00007fb6093228c8 sp=0x00007fb60451cf70
Event: 10.008 Thread 0x00007fb618142000 DEOPT UNPACKING pc=0x00007fb609047633 sp=0x00007fb60451ccf8 mode 0
Event: 10.009 Thread 0x00007fb618142000 DEOPT PACKING pc=0x00007fb6093228c8 sp=0x00007fb60451cf70
Event: 10.009 Thread 0x00007fb618142000 DEOPT UNPACKING pc=0x00007fb609047633 sp=0x00007fb60451ccf8 mode 0
Event: 10.010 Thread 0x00007fb618142000 DEOPT PACKING pc=0x00007fb6093228c8 sp=0x00007fb60451cf70
Event: 10.010 Thread 0x00007fb618142000 DEOPT UNPACKING pc=0x00007fb609047633 sp=0x00007fb60451ccf8 mode 0
Event: 10.011 Executing VM operation: ParallelGCFailedAllocation
Event: 9.983 Thread 0x00007fb61814b000 DEOPT PACKING pc=0x00007fb6093228c8 sp=0x00007fb604219df0
Event: 10.015 Thread 0x00007fb61814b000 DEOPT UNPACKING pc=0x00007fb609047633 sp=0x00007fb604219b78 mode 0


Dynamic libraries:
00400000-00401000 r-xp 00000000 08:01 3016174                            /usr/lib/jvm/java-8-oracle/bin/java
00600000-00601000 rw-p 00000000 08:01 3016174                            /usr/lib/jvm/java-8-oracle/bin/java
01283000-012a4000 rw-p 00000000 00:00 0                                  [heap]
c0000000-c3f00000 rw-p 00000000 00:00 0 
c3f00000-eab00000 ---p 00000000 00:00 0 
eab00000-f2600000 rw-p 00000000 00:00 0 
f2600000-100000000 ---p 00000000 00:00 0 
100000000-1000c0000 rw-p 00000000 00:00 0 
1000c0000-140000000 ---p 00000000 00:00 0 
7fb5b8000000-7fb5b8025000 rw-p 00000000 00:00 0 
7fb5b8025000-7fb5bc000000 ---p 00000000 00:00 0 
7fb5c0000000-7fb5c0041000 rw-p 00000000 00:00 0 
7fb5c0041000-7fb5c4000000 ---p 00000000 00:00 0 
7fb5c4000000-7fb5c4026000 rw-p 00000000 00:00 0 
7fb5c4026000-7fb5c8000000 ---p 00000000 00:00 0 
7fb5c8000000-7fb5c8077000 rw-p 00000000 00:00 0 
7fb5c8077000-7fb5cc000000 ---p 00000000 00:00 0 
7fb5cc000000-7fb5cc021000 rw-p 00000000 00:00 0 
7fb5cc021000-7fb5d0000000 ---p 00000000 00:00 0 
7fb5d0000000-7fb5d0021000 rw-p 00000000 00:00 0 
7fb5d0021000-7fb5d4000000 ---p 00000000 00:00 0 
7fb5d4000000-7fb5d4021000 rw-p 00000000 00:00 0 
7fb5d4021000-7fb5d8000000 ---p 00000000 00:00 0 
7fb5d8000000-7fb5d8bc6000 rw-p 00000000 00:00 0 
7fb5d8bc6000-7fb5dc000000 ---p 00000000 00:00 0 
7fb5dc000000-7fb5dc85d000 rw-p 00000000 00:00 0 
7fb5dc85d000-7fb5e0000000 ---p 00000000 00:00 0 
7fb5e0000000-7fb5e0021000 rw-p 00000000 00:00 0 
7fb5e0021000-7fb5e4000000 ---p 00000000 00:00 0 
7fb5e4000000-7fb5e4726000 rw-p 00000000 00:00 0 
7fb5e4726000-7fb5e8000000 ---p 00000000 00:00 0 
7fb5e8000000-7fb5e8021000 rw-p 00000000 00:00 0 
7fb5e8021000-7fb5ec000000 ---p 00000000 00:00 0 
7fb5ec000000-7fb5ec021000 rw-p 00000000 00:00 0 
7fb5ec021000-7fb5f0000000 ---p 00000000 00:00 0 
7fb5f0000000-7fb5f0021000 rw-p 00000000 00:00 0 
7fb5f0021000-7fb5f4000000 ---p 00000000 00:00 0 
7fb5f4000000-7fb5f4021000 rw-p 00000000 00:00 0 
7fb5f4021000-7fb5f8000000 ---p 00000000 00:00 0 
7fb5f8000000-7fb5f8293000 rw-p 00000000 00:00 0 
7fb5f8293000-7fb5fc000000 ---p 00000000 00:00 0 
7fb5fc000000-7fb5fc021000 rw-p 00000000 00:00 0 
7fb5fc021000-7fb600000000 ---p 00000000 00:00 0 
7fb600000000-7fb600021000 rw-p 00000000 00:00 0 
7fb600021000-7fb604000000 ---p 00000000 00:00 0 
7fb60401a000-7fb60401d000 ---p 00000000 00:00 0 
7fb60401d000-7fb60411b000 rw-p 00000000 00:00 0 
7fb60411b000-7fb60411e000 ---p 00000000 00:00 0 
7fb60411e000-7fb60421c000 rw-p 00000000 00:00 0 
7fb60421c000-7fb60421f000 ---p 00000000 00:00 0 
7fb60421f000-7fb60431d000 rw-p 00000000 00:00 0 
7fb60431d000-7fb604320000 ---p 00000000 00:00 0 
7fb604320000-7fb60441e000 rw-p 00000000 00:00 0 
7fb60441e000-7fb604421000 ---p 00000000 00:00 0 
7fb604421000-7fb60451f000 rw-p 00000000 00:00 0 
7fb60451f000-7fb604537000 r--s 000e7000 08:01 4232797                    /home/ahmed/AndroidStudioProjects/MyApplication/app/build/intermediates/exploded-aar/com.google.android.gms/play-services-ads/8.3.0/jars/classes.jar
7fb604537000-7fb604546000 r--s 000df000 08:01 3938513                    /home/ahmed/Android/Sdk/build-tools/23.0.3/lib/dx.jar
7fb604546000-7fb604547000 ---p 00000000 00:00 0 
7fb604547000-7fb604647000 rw-p 00000000 00:00 0 
7fb604647000-7fb60464a000 ---p 00000000 00:00 0 
7fb60464a000-7fb604748000 rw-p 00000000 00:00 0 
7fb604748000-7fb60474b000 ---p 00000000 00:00 0 
7fb60474b000-7fb604849000 rw-p 00000000 00:00 0 
7fb604849000-7fb60484c000 ---p 00000000 00:00 0 
7fb60484c000-7fb60494a000 rw-p 00000000 00:00 0 
7fb60494a000-7fb60494d000 ---p 00000000 00:00 0 
7fb60494d000-7fb604a4b000 rw-p 00000000 00:00 0 
7fb604a4b000-7fb604a4e000 ---p 00000000 00:00 0 
7fb604a4e000-7fb604b4c000 rw-p 00000000 00:00 0 
7fb604b4c000-7fb604e39000 r--p 00000000 08:01 2884254                    /usr/lib/locale/locale-archive
7fb604e39000-7fb604e3c000 ---p 00000000 00:00 0 
7fb604e3c000-7fb604f3a000 rw-p 00000000 00:00 0 
7fb604f3a000-7fb604f3d000 ---p 00000000 00:00 0 
7fb604f3d000-7fb60503b000 rw-p 00000000 00:00 0 
7fb60503b000-7fb60503c000 ---p 00000000 00:00 0 
7fb60503c000-7fb6060ae000 rw-p 00000000 00:00 0 
7fb6060ae000-7fb606287000 r--s 03d1f000 08:01 3149907                    /usr/lib/jvm/java-8-oracle/jre/lib/rt.jar
7fb606287000-7fb60697d000 rw-p 00000000 00:00 0 
7fb60697d000-7fb606afd000 ---p 00000000 00:00 0 
7fb606afd000-7fb608cfd000 rw-p 00000000 00:00 0 
7fb608cfd000-7fb608cfe000 ---p 00000000 00:00 0 
7fb608cfe000-7fb608dfe000 rw-p 00000000 00:00 0 
7fb608dfe000-7fb608dff000 ---p 00000000 00:00 0 
7fb608dff000-7fb608eff000 rw-p 00000000 00:00 0 
7fb608eff000-7fb608f00000 ---p 00000000 00:00 0 
7fb608f00000-7fb609000000 rw-p 00000000 00:00 0 
7fb609000000-7fb609600000 rwxp 00000000 00:00 0 
7fb609600000-7fb618000000 ---p 00000000 00:00 0 
7fb618000000-7fb618391000 rw-p 00000000 00:00 0 
7fb618391000-7fb61c000000 ---p 00000000 00:00 0 
7fb61c007000-7fb61c056000 rw-p 00000000 00:00 0 
7fb61c056000-7fb61c057000 ---p 00000000 00:00 0 
7fb61c057000-7fb61c177000 rw-p 00000000 00:00 0 
7fb61c177000-7fb61c2ad000 ---p 00000000 00:00 0 
7fb61c2ad000-7fb61c2cd000 rw-p 00000000 00:00 0 
7fb61c2cd000-7fb61c402000 ---p 00000000 00:00 0 
7fb61c402000-7fb61c440000 rw-p 00000000 00:00 0 
7fb61c440000-7fb61c4ad000 ---p 00000000 00:00 0 
7fb61c4ad000-7fb61c4c6000 rw-p 00000000 00:00 0 
7fb61c4c6000-7fb61c86e000 ---p 00000000 00:00 0 
7fb61c86e000-7fb61c888000 r-xp 00000000 08:01 3284666                    /usr/lib/jvm/java-8-oracle/jre/lib/amd64/libzip.so
7fb61c888000-7fb61ca88000 ---p 0001a000 08:01 3284666                    /usr/lib/jvm/java-8-oracle/jre/lib/amd64/libzip.so
7fb61ca88000-7fb61ca89000 rw-p 0001a000 08:01 3284666                    /usr/lib/jvm/java-8-oracle/jre/lib/amd64/libzip.so
7fb61ca89000-7fb61ca94000 r-xp 00000000 08:01 7999875                    /lib/x86_64-linux-gnu/libnss_files-2.23.so
7fb61ca94000-7fb61cc93000 ---p 0000b000 08:01 7999875                    /lib/x86_64-linux-gnu/libnss_files-2.23.so
7fb61cc93000-7fb61cc94000 r--p 0000a000 08:01 7999875                    /lib/x86_64-linux-gnu/libnss_files-2.23.so
7fb61cc94000-7fb61cc95000 rw-p 0000b000 08:01 7999875                    /lib/x86_64-linux-gnu/libnss_files-2.23.so
7fb61cc95000-7fb61cc9b000 rw-p 00000000 00:00 0 
7fb61cc9b000-7fb61cca6000 r-xp 00000000 08:01 7999868                    /lib/x86_64-linux-gnu/libnss_nis-2.23.so
7fb61cca6000-7fb61cea5000 ---p 0000b000 08:01 7999868                    /lib/x86_64-linux-gnu/libnss_nis-2.23.so
7fb61cea5000-7fb61cea6000 r--p 0000a000 08:01 7999868                    /lib/x86_64-linux-gnu/libnss_nis-2.23.so
7fb61cea6000-7fb61cea7000 rw-p 0000b000 08:01 7999868                    /lib/x86_64-linux-gnu/libnss_nis-2.23.so
7fb61cea7000-7fb61cebd000 r-xp 00000000 08:01 7999864                    /lib/x86_64-linux-gnu/libnsl-2.23.so
7fb61cebd000-7fb61d0bc000 ---p 00016000 08:01 7999864                    /lib/x86_64-linux-gnu/libnsl-2.23.so
7fb61d0bc000-7fb61d0bd000 r--p 00015000 08:01 7999864                    /lib/x86_64-linux-gnu/libnsl-2.23.so
7fb61d0bd000-7fb61d0be000 rw-p 00016000 08:01 7999864                    /lib/x86_64-linux-gnu/libnsl-2.23.so
7fb61d0be000-7fb61d0c0000 rw-p 00000000 00:00 0 
7fb61d0c0000-7fb61d0c8000 r-xp 00000000 08:01 7999507                    /lib/x86_64-linux-gnu/libnss_compat-2.23.so
7fb61d0c8000-7fb61d2c7000 ---p 00008000 08:01 7999507                    /lib/x86_64-linux-gnu/libnss_compat-2.23.so
7fb61d2c7000-7fb61d2c8000 r--p 00007000 08:01 7999507                    /lib/x86_64-linux-gnu/libnss_compat-2.23.so
7fb61d2c8000-7fb61d2c9000 rw-p 00008000 08:01 7999507                    /lib/x86_64-linux-gnu/libnss_compat-2.23.so
7fb61d2c9000-7fb61d2f3000 r-xp 00000000 08:01 3284615                    /usr/lib/jvm/java-8-oracle/jre/lib/amd64/libjava.so
7fb61d2f3000-7fb61d4f3000 ---p 0002a000 08:01 3284615                    /usr/lib/jvm/java-8-oracle/jre/lib/amd64/libjava.so
7fb61d4f3000-7fb61d4f5000 rw-p 0002a000 08:01 3284615                    /usr/lib/jvm/java-8-oracle/jre/lib/amd64/libjava.so
7fb61d4f5000-7fb61d502000 r-xp 00000000 08:01 3284672                    /usr/lib/jvm/java-8-oracle/jre/lib/amd64/libverify.so
7fb61d502000-7fb61d702000 ---p 0000d000 08:01 3284672                    /usr/lib/jvm/java-8-oracle/jre/lib/amd64/libverify.so
7fb61d702000-7fb61d704000 rw-p 0000d000 08:01 3284672                    /usr/lib/jvm/java-8-oracle/jre/lib/amd64/libverify.so
7fb61d704000-7fb61d70b000 r-xp 00000000 08:01 7999892                    /lib/x86_64-linux-gnu/librt-2.23.so
7fb61d70b000-7fb61d90a000 ---p 00007000 08:01 7999892                    /lib/x86_64-linux-gnu/librt-2.23.so
7fb61d90a000-7fb61d90b000 r--p 00006000 08:01 7999892                    /lib/x86_64-linux-gnu/librt-2.23.so
7fb61d90b000-7fb61d90c000 rw-p 00007000 08:01 7999892                    /lib/x86_64-linux-gnu/librt-2.23.so
7fb61d90c000-7fb61da14000 r-xp 00000000 08:01 7999886                    /lib/x86_64-linux-gnu/libm-2.23.so
7fb61da14000-7fb61dc13000 ---p 00108000 08:01 7999886                    /lib/x86_64-linux-gnu/libm-2.23.so
7fb61dc13000-7fb61dc14000 r--p 00107000 08:01 7999886                    /lib/x86_64-linux-gnu/libm-2.23.so
7fb61dc14000-7fb61dc15000 rw-p 00108000 08:01 7999886                    /lib/x86_64-linux-gnu/libm-2.23.so
7fb61dc15000-7fb61e8d5000 r-xp 00000000 08:01 3284648                    /usr/lib/jvm/java-8-oracle/jre/lib/amd64/server/libjvm.so
7fb61e8d5000-7fb61ead5000 ---p 00cc0000 08:01 3284648                    /usr/lib/jvm/java-8-oracle/jre/lib/amd64/server/libjvm.so
7fb61ead5000-7fb61ebad000 rw-p 00cc0000 08:01 3284648                    /usr/lib/jvm/java-8-oracle/jre/lib/amd64/server/libjvm.so
7fb61ebad000-7fb61ebf8000 rw-p 00000000 00:00 0 
7fb61ebf8000-7fb61edb8000 r-xp 00000000 08:01 7999902                    /lib/x86_64-linux-gnu/libc-2.23.so
7fb61edb8000-7fb61efb7000 ---p 001c0000 08:01 7999902                    /lib/x86_64-linux-gnu/libc-2.23.so
7fb61efb7000-7fb61efbb000 r--p 001bf000 08:01 7999902                    /lib/x86_64-linux-gnu/libc-2.23.so
7fb61efbb000-7fb61efbd000 rw-p 001c3000 08:01 7999902                    /lib/x86_64-linux-gnu/libc-2.23.so
7fb61efbd000-7fb61efc1000 rw-p 00000000 00:00 0 
7fb61efc1000-7fb61efc4000 r-xp 00000000 08:01 7999904                    /lib/x86_64-linux-gnu/libdl-2.23.so
7fb61efc4000-7fb61f1c3000 ---p 00003000 08:01 7999904                    /lib/x86_64-linux-gnu/libdl-2.23.so
7fb61f1c3000-7fb61f1c4000 r--p 00002000 08:01 7999904                    /lib/x86_64-linux-gnu/libdl-2.23.so
7fb61f1c4000-7fb61f1c5000 rw-p 00003000 08:01 7999904                    /lib/x86_64-linux-gnu/libdl-2.23.so
7fb61f1c5000-7fb61f1da000 r-xp 00000000 08:01 4079274                    /usr/lib/jvm/java-8-oracle/lib/amd64/jli/libjli.so
7fb61f1da000-7fb61f3da000 ---p 00015000 08:01 4079274                    /usr/lib/jvm/java-8-oracle/lib/amd64/jli/libjli.so
7fb61f3da000-7fb61f3db000 rw-p 00015000 08:01 4079274                    /usr/lib/jvm/java-8-oracle/lib/amd64/jli/libjli.so
7fb61f3db000-7fb61f3f3000 r-xp 00000000 08:01 7999900                    /lib/x86_64-linux-gnu/libpthread-2.23.so
7fb61f3f3000-7fb61f5f2000 ---p 00018000 08:01 7999900                    /lib/x86_64-linux-gnu/libpthread-2.23.so
7fb61f5f2000-7fb61f5f3000 r--p 00017000 08:01 7999900                    /lib/x86_64-linux-gnu/libpthread-2.23.so
7fb61f5f3000-7fb61f5f4000 rw-p 00018000 08:01 7999900                    /lib/x86_64-linux-gnu/libpthread-2.23.so
7fb61f5f4000-7fb61f5f8000 rw-p 00000000 00:00 0 
7fb61f5f8000-7fb61f61e000 r-xp 00000000 08:01 7999894                    /lib/x86_64-linux-gnu/ld-2.23.so
7fb61f626000-7fb61f6eb000 rw-p 00000000 00:00 0 
7fb61f6eb000-7fb61f6ee000 ---p 00000000 00:00 0 
7fb61f6ee000-7fb61f7f0000 rw-p 00000000 00:00 0 
7fb61f7fd000-7fb61f811000 rw-p 00000000 00:00 0 
7fb61f811000-7fb61f819000 rw-s 00000000 08:01 12860011                   /tmp/hsperfdata_ahmed/17284
7fb61f819000-7fb61f81a000 rw-p 00000000 00:00 0 
7fb61f81a000-7fb61f81b000 ---p 00000000 00:00 0 
7fb61f81b000-7fb61f81d000 rw-p 00000000 00:00 0 
7fb61f81d000-7fb61f81e000 r--p 00025000 08:01 7999894                    /lib/x86_64-linux-gnu/ld-2.23.so
7fb61f81e000-7fb61f81f000 rw-p 00026000 08:01 7999894                    /lib/x86_64-linux-gnu/ld-2.23.so
7fb61f81f000-7fb61f820000 rw-p 00000000 00:00 0 
7fffe7c12000-7fffe7c33000 rw-p 00000000 00:00 0                          [stack]
7fffe7ce5000-7fffe7ce7000 r--p 00000000 00:00 0                          [vvar]
7fffe7ce7000-7fffe7ce9000 r-xp 00000000 00:00 0                          [vdso]
ffffffffff600000-ffffffffff601000 r-xp 00000000 00:00 0                  [vsyscall]

VM Arguments:
jvm_args: -Djava.awt.headless=true -Xmx1024M -Dfile.encoding=UTF-8 -Duser.country=US -Duser.language=en -Duser.variant 
java_command: com.android.dx.command.Main --dex --force-jumbo --num-threads=4 --multi-dex --output /home/ahmed/AndroidStudioProjects/MyApplication/app/build/intermediates/transforms/dex/debug/folders/1000/10/com.google.android.gms-play-services-ads-8.3.0_6244b2899265e8c56433c5e9191e2c91030aa19d /home/ahmed/AndroidStudioProjects/MyApplication/app/build/intermediates/exploded-aar/com.google.android.gms/play-services-ads/8.3.0/jars/classes.jar
java_class_path (initial): /home/ahmed/Android/Sdk/build-tools/23.0.3/lib/dx.jar
Launcher Type: SUN_STANDARD

Environment Variables:
JAVA_HOME=/usr/lib/jvm/java-8-oracle
PATH=/usr/local/sbin:/usr/local/bin:/usr/sbin:/usr/bin:/sbin:/bin:/usr/games:/usr/local/games:/snap/bin
LD_LIBRARY_PATH=/home/ahmed/myData/android-studio/bin:
SHELL=/bin/bash
DISPLAY=:0

Signal Handlers:
SIGSEGV: [libjvm.so+0xabca10], sa_mask[0]=11111111011111111101111111111110, sa_flags=SA_RESTART|SA_SIGINFO
SIGBUS: [libjvm.so+0xabca10], sa_mask[0]=11111111011111111101111111111110, sa_flags=SA_RESTART|SA_SIGINFO
SIGFPE: [libjvm.so+0x919a20], sa_mask[0]=11111111011111111101111111111110, sa_flags=SA_RESTART|SA_SIGINFO
SIGPIPE: [libjvm.so+0x919a20], sa_mask[0]=11111111011111111101111111111110, sa_flags=SA_RESTART|SA_SIGINFO
SIGXFSZ: [libjvm.so+0x919a20], sa_mask[0]=11111111011111111101111111111110, sa_flags=SA_RESTART|SA_SIGINFO
SIGILL: [libjvm.so+0x919a20], sa_mask[0]=11111111011111111101111111111110, sa_flags=SA_RESTART|SA_SIGINFO
SIGUSR1: SIG_DFL, sa_mask[0]=00000000000000000000000000000000, sa_flags=none
SIGUSR2: [libjvm.so+0x91b050], sa_mask[0]=00100000000000000000000000000000, sa_flags=SA_RESTART|SA_SIGINFO
SIGHUP: [libjvm.so+0x91c450], sa_mask[0]=11111111011111111101111111111110, sa_flags=SA_RESTART|SA_SIGINFO
SIGINT: [libjvm.so+0x91c450], sa_mask[0]=11111111011111111101111111111110, sa_flags=SA_RESTART|SA_SIGINFO
SIGTERM: [libjvm.so+0x91c450], sa_mask[0]=11111111011111111101111111111110, sa_flags=SA_RESTART|SA_SIGINFO
SIGQUIT: [libjvm.so+0x91c450], sa_mask[0]=11111111011111111101111111111110, sa_flags=SA_RESTART|SA_SIGINFO


---------------  S Y S T E M  ---------------

OS:DISTRIB_ID=Ubuntu
DISTRIB_RELEASE=16.04
DISTRIB_CODENAME=xenial
DISTRIB_DESCRIPTION="Ubuntu 16.04.1 LTS"

uname:Linux 4.4.0-38-generic #57-Ubuntu SMP Tue Sep 6 15:42:33 UTC 2016 x86_64
libc:glibc 2.23 NPTL 2.23 
rlimit: STACK 8192k, CORE 0k, NPROC 23444, NOFILE 65536, AS infinity
load average:7.94 9.58 5.69

/proc/meminfo:
MemTotal:        6039136 kB
MemFree:          247964 kB
MemAvailable:     535164 kB
Buffers:           49940 kB
Cached:           803008 kB
SwapCached:        86072 kB
Active:          4328816 kB
Inactive:        1218344 kB
Active(anon):    3954428 kB
Inactive(anon):  1119316 kB
Active(file):     374388 kB
Inactive(file):    99028 kB
Unevictable:          48 kB
Mlocked:              48 kB
SwapTotal:       6213628 kB
SwapFree:        5048380 kB
Dirty:             44280 kB
Writeback:         10988 kB
AnonPages:       4665092 kB
Mapped:           421416 kB
Shmem:            379772 kB
Slab:             101776 kB
SReclaimable:      53148 kB
SUnreclaim:        48628 kB
KernelStack:       16448 kB
PageTables:        68528 kB
NFS_Unstable:          0 kB
Bounce:                0 kB
WritebackTmp:          0 kB
CommitLimit:     9233196 kB
Committed_AS:   13627912 kB
VmallocTotal:   34359738367 kB
VmallocUsed:           0 kB
VmallocChunk:          0 kB
HardwareCorrupted:     0 kB
AnonHugePages:   2682880 kB
CmaTotal:              0 kB
CmaFree:               0 kB
HugePages_Total:       0
HugePages_Free:        0
HugePages_Rsvd:        0
HugePages_Surp:        0
Hugepagesize:       2048 kB
DirectMap4k:      193584 kB
DirectMap2M:     6027264 kB


CPU:total 4 (2 cores per cpu, 2 threads per core) family 6 model 42 stepping 7, cmov, cx8, fxsr, mmx, sse, sse2, sse3, ssse3, sse4.1, sse4.2, popcnt, avx, clmul, ht, tsc, tscinvbit

/proc/cpuinfo:
processor	: 0
vendor_id	: GenuineIntel
cpu family	: 6
model		: 42
model name	: Intel(R) Core(TM) i3-2310M CPU @ 2.10GHz
stepping	: 7
microcode	: 0x14
cpu MHz		: 2099.917
cache size	: 3072 KB
physical id	: 0
siblings	: 4
core id		: 0
cpu cores	: 2
apicid		: 0
initial apicid	: 0
fpu		: yes
fpu_exception	: yes
cpuid level	: 13
wp		: yes
flags		: fpu vme de pse tsc msr pae mce cx8 apic sep mtrr pge mca cmov pat pse36 clflush dts acpi mmx fxsr sse sse2 ss ht tm pbe syscall nx rdtscp lm constant_tsc arch_perfmon pebs bts rep_good nopl xtopology nonstop_tsc aperfmperf eagerfpu pni pclmulqdq dtes64 monitor ds_cpl vmx est tm2 ssse3 cx16 xtpr pdcm pcid sse4_1 sse4_2 x2apic popcnt tsc_deadline_timer xsave avx lahf_lm epb tpr_shadow vnmi flexpriority ept vpid xsaveopt dtherm arat pln pts
bugs		:
bogomips	: 4190.58
clflush size	: 64
cache_alignment	: 64
address sizes	: 36 bits physical, 48 bits virtual
power management:

processor	: 1
vendor_id	: GenuineIntel
cpu family	: 6
model		: 42
model name	: Intel(R) Core(TM) i3-2310M CPU @ 2.10GHz
stepping	: 7
microcode	: 0x14
cpu MHz		: 2099.917
cache size	: 3072 KB
physical id	: 0
siblings	: 4
core id		: 0
cpu cores	: 2
apicid		: 1
initial apicid	: 1
fpu		: yes
fpu_exception	: yes
cpuid level	: 13
wp		: yes
flags		: fpu vme de pse tsc msr pae mce cx8 apic sep mtrr pge mca cmov pat pse36 clflush dts acpi mmx fxsr sse sse2 ss ht tm pbe syscall nx rdtscp lm constant_tsc arch_perfmon pebs bts rep_good nopl xtopology nonstop_tsc aperfmperf eagerfpu pni pclmulqdq dtes64 monitor ds_cpl vmx est tm2 ssse3 cx16 xtpr pdcm pcid sse4_1 sse4_2 x2apic popcnt tsc_deadline_timer xsave avx lahf_lm epb tpr_shadow vnmi flexpriority ept vpid xsaveopt dtherm arat pln pts
bugs		:
bogomips	: 4190.58
clflush size	: 64
cache_alignment	: 64
address sizes	: 36 bits physical, 48 bits virtual
power management:

processor	: 2
vendor_id	: GenuineIntel
cpu family	: 6
model		: 42
model name	: Intel(R) Core(TM) i3-2310M CPU @ 2.10GHz
stepping	: 7
microcode	: 0x14
cpu MHz		: 2099.917
cache size	: 3072 KB
physical id	: 0
siblings	: 4
core id		: 1
cpu cores	: 2
apicid		: 2
initial apicid	: 2
fpu		: yes
fpu_exception	: yes
cpuid level	: 13
wp		: yes
flags		: fpu vme de pse tsc msr pae mce cx8 apic sep mtrr pge mca cmov pat pse36 clflush dts acpi mmx fxsr sse sse2 ss ht tm pbe syscall nx rdtscp lm constant_tsc arch_perfmon pebs bts rep_good nopl xtopology nonstop_tsc aperfmperf eagerfpu pni pclmulqdq dtes64 monitor ds_cpl vmx est tm2 ssse3 cx16 xtpr pdcm pcid sse4_1 sse4_2 x2apic popcnt tsc_deadline_timer xsave avx lahf_lm epb tpr_shadow vnmi flexpriority ept vpid xsaveopt dtherm arat pln pts
bugs		:
bogomips	: 4190.58
clflush size	: 64
cache_alignment	: 64
address sizes	: 36 bits physical, 48 bits virtual
power management:

processor	: 3
vendor_id	: GenuineIntel
cpu family	: 6
model		: 42
model name	: Intel(R) Core(TM) i3-2310M CPU @ 2.10GHz
stepping	: 7
microcode	: 0x14
cpu MHz		: 2099.917
cache size	: 3072 KB
physical id	: 0
siblings	: 4
core id		: 1
cpu cores	: 2
apicid		: 3
initial apicid	: 3
fpu		: yes
fpu_exception	: yes
cpuid level	: 13
wp		: yes
flags		: fpu vme de pse tsc msr pae mce cx8 apic sep mtrr pge mca cmov pat pse36 clflush dts acpi mmx fxsr sse sse2 ss ht tm pbe syscall nx rdtscp lm constant_tsc arch_perfmon pebs bts rep_good nopl xtopology nonstop_tsc aperfmperf eagerfpu pni pclmulqdq dtes64 monitor ds_cpl vmx est tm2 ssse3 cx16 xtpr pdcm pcid sse4_1 sse4_2 x2apic popcnt tsc_deadline_timer xsave avx lahf_lm epb tpr_shadow vnmi flexpriority ept vpid xsaveopt dtherm arat pln pts
bugs		:
bogomips	: 4190.58
clflush size	: 64
cache_alignment	: 64
address sizes	: 36 bits physical, 48 bits virtual
power management:



Memory: 4k page, physical 6039136k(247220k free), swap 6213628k(5048380k free)

vm_info: Java HotSpot(TM) 64-Bit Server VM (25.91-b14) for linux-amd64 JRE (1.8.0_91-b14), built on Apr  1 2016 00:57:21 by "java_re" with gcc 4.3.0 20080428 (Red Hat 4.3.0-8)

time: Thu Oct 13 13:10:54 2016
elapsed time: 10 seconds (0d 0h 0m 10s)

