#
# A fatal error has been detected by the Java Runtime Environment:
#
#  SIGSEGV (0xb) at pc=0x00007fe045413583, pid=2619, tid=140601191565056
#
# JRE version: Java(TM) SE Runtime Environment (8.0_91-b14) (build 1.8.0_91-b14)
# Java VM: Java HotSpot(TM) 64-Bit Server VM (25.91-b14 mixed mode linux-amd64 compressed oops)
# Problematic frame:
# V  [libjvm.so+0x986583]  oopDesc* PSPromotionManager::copy_to_survivor_space<false>(oopDesc*)+0x143
#
# Failed to write core dump. Core dumps have been disabled. To enable core dumping, try "ulimit -c unlimited" before starting Java again
#
# If you would like to submit a bug report, please visit:
#   http://bugreport.java.com/bugreport/crash.jsp
#

---------------  T H R E A D  ---------------

Current thread (0x00007fe04001f000):  GCTaskThread [stack: 0x00007fe044040000,0x00007fe044141000] [id=2624]

siginfo: si_signo: 11 (SIGSEGV), si_code: 2 (SEGV_ACCERR), si_addr: 0x00000001020840a0

Registers:
RAX=0x00007fe045a10490, RBX=0x00000000c03c766c, RCX=0x0000000000000003, RDX=0x0000000000000001
RSP=0x00007fe04413fab0, RBP=0x00007fe04413fb20, RSI=0x00000000ec387a08, RDI=0x0000000102084098
R8 =0x00000000c03c7658, R9 =0x00007fe045a43ed0, R10=0x00007fe045a34879, R11=0x00007fe04413fa60
R12=0x00000000ec387a08, R13=0x0000000000000009, R14=0x0000000000000000, R15=0x00007fe040074fa8
RIP=0x00007fe045413583, EFLAGS=0x0000000000010202, CSGSFS=0x0000000000000033, ERR=0x0000000000000004
  TRAPNO=0x000000000000000e

Top of Stack: (sp=0x00007fe04413fab0)
0x00007fe04413fab0:   0000000000000000 00007fe045a34879
0x00007fe04413fac0:   00007fe040074f68 00007fe040074f40
0x00007fe04413fad0:   00000000c03c7245 0000000000000400
0x00007fe04413fae0:   00000000ec386e42 00007fe04413fb10
0x00007fe04413faf0:   00007fe04413fb20 00000000c03c766c
0x00007fe04413fb00:   00007fe040074f40 00007fe045a10480
0x00007fe04413fb10:   0000000000000000 00007fe040074fa8
0x00007fe04413fb20:   00007fe04413fc10 00007fe045412e08
0x00007fe04413fb30:   00007fe04413fb90 00007fe04413fba0
0x00007fe04413fb40:   00007fe04413fbb0 00007fe04413fb70
0x00007fe04413fb50:   00007fe04413fb80 00007fe04413fbd0
0x00007fe04413fb60:   01007fe04413fc20 00007fe040074fd8
0x00007fe04413fb70:   00000000ec37b918 0000000000000009
0x00007fe04413fb80:   0000000000000001 0000000000000005
0x00007fe04413fb90:   00007fe04413fc10 00007fe0454139ae
0x00007fe04413fba0:   0000009a000000d2 00007fe0455d313b
0x00007fe04413fbb0:   0000000d0000015b 00007fe040074f40
0x00007fe04413fbc0:   0000009a000000d3 00007fe0455d314f
0x00007fe04413fbd0:   00000000c03c766d 00007fe04413fc00
0x00007fe04413fbe0:   00007fe0459e7a50 00000000edff0fd8
0x00007fe04413fbf0:   00007fe045a10480 0000000000000000
0x00007fe04413fc00:   00007fe04413fc30 00007fe04413fc3c
0x00007fe04413fc10:   00007fe04413fc70 00007fe045416c0e
0x00007fe04413fc20:   00007fdffc4b7480 00007fe040074f40
0x00007fe04413fc30:   00000000edff0fd9 074d2fab45061b57
0x00007fe04413fc40:   00007fe04413fc70 00007fdffc4b7480
0x00007fe04413fc50:   00007fe04001f000 0000000000000001
0x00007fe04413fc60:   00007fe04001f970 00007fe0455d3161
0x00007fe04413fc70:   00007fe04413fd80 00007fe04506284f
0x00007fe04413fc80:   0000000000000000 00007fe04413fcc0
0x00007fe04413fc90:   00007fe04413fd40 0000000000000000
0x00007fe04413fca0:   00007fe04001f9b0 00007fe04001f9c0 

Instructions: (pc=0x00007fe045413583)
0x00007fe045413563:   83 e0 07 48 83 f8 05 75 d3 31 db eb d6 48 8b 05
0x00007fe045413573:   31 df 5d 00 8b 7e 08 8b 48 08 48 d3 e7 48 03 38
0x00007fe045413583:   8b 77 08 83 fe 00 0f 8f 0a ff ff ff 0f 85 4b 02
0x00007fe045413593:   00 00 0f 1f 00 48 8b 07 4c 89 e6 4c 89 55 98 ff 

Register to memory mapping:

RAX=0x00007fe045a10490: <offset 0xf83490> in /usr/lib/jvm/java-8-oracle/jre/lib/amd64/server/libjvm.so at 0x00007fe044a8d000
RBX=0x00000000c03c766c is pointing into object: 0x00000000c03c7658
com.android.dx.rop.code.RegisterSpecSet 
 - klass: 'com/android/dx/rop/code/RegisterSpecSet'
RCX=0x0000000000000003 is an unknown value
RDX=0x0000000000000001 is an unknown value
RSP=0x00007fe04413fab0 is an unknown value
RBP=0x00007fe04413fb20 is an unknown value
RSI=0x00000000ec387a08 is an oop

[error occurred during error reporting (printing register info), id 0xb]

Stack: [0x00007fe044040000,0x00007fe044141000],  sp=0x00007fe04413fab0,  free space=1022k
Native frames: (J=compiled Java code, j=interpreted, Vv=VM code, C=native code)
V  [libjvm.so+0x986583]  oopDesc* PSPromotionManager::copy_to_survivor_space<false>(oopDesc*)+0x143
V  [libjvm.so+0x985e08]  PSPromotionManager::drain_stacks_depth(bool)+0x7e8
V  [libjvm.so+0x989c0e]  StealTask::do_it(GCTaskManager*, unsigned int)+0x19e
V  [libjvm.so+0x5d584f]  GCTaskThread::run()+0x12f
V  [libjvm.so+0x91ef78]  java_start(Thread*)+0x108


---------------  P R O C E S S  ---------------

Java Threads: ( => current thread )
  0x00007fe040140000 JavaThread "pool-1-thread-4" [_thread_blocked, id=2664, stack(0x00007fe026e04000,0x00007fe026f05000)]
  0x00007fe04013b800 JavaThread "pool-1-thread-3" [_thread_blocked, id=2662, stack(0x00007fe026f05000,0x00007fe027006000)]
  0x00007fe04013a800 JavaThread "pool-1-thread-2" [_thread_blocked, id=2661, stack(0x00007fe027006000,0x00007fe027107000)]
  0x00007fe040136800 JavaThread "pool-2-thread-1" [_thread_blocked, id=2660, stack(0x00007fe027107000,0x00007fe027208000)]
  0x00007fe040134800 JavaThread "pool-1-thread-1" [_thread_blocked, id=2659, stack(0x00007fe027208000,0x00007fe027309000)]
  0x00007fe0400c1000 JavaThread "Service Thread" daemon [_thread_blocked, id=2651, stack(0x00007fe02740a000,0x00007fe02750b000)]
  0x00007fe0400be000 JavaThread "C1 CompilerThread2" daemon [_thread_blocked, id=2650, stack(0x00007fe02750b000,0x00007fe02760c000)]
  0x00007fe0400bc800 JavaThread "C2 CompilerThread1" daemon [_thread_blocked, id=2649, stack(0x00007fe02760c000,0x00007fe02770d000)]
  0x00007fe0400b9800 JavaThread "C2 CompilerThread0" daemon [_thread_blocked, id=2648, stack(0x00007fe02770d000,0x00007fe02780e000)]
  0x00007fe0400b8000 JavaThread "Signal Dispatcher" daemon [_thread_blocked, id=2647, stack(0x00007fe02780e000,0x00007fe02790f000)]
  0x00007fe040084000 JavaThread "Finalizer" daemon [_thread_blocked, id=2646, stack(0x00007fe027bfc000,0x00007fe027cfd000)]
  0x00007fe04007f800 JavaThread "Reference Handler" daemon [_thread_blocked, id=2645, stack(0x00007fe027cfd000,0x00007fe027dfe000)]
  0x00007fe04000a000 JavaThread "main" [_thread_blocked, id=2621, stack(0x00007fe046563000,0x00007fe046664000)]

Other Threads:
  0x00007fe040078000 VMThread [stack: 0x00007fe027dfe000,0x00007fe027eff000] [id=2644]
  0x00007fe0400c4000 WatcherThread [stack: 0x00007fe027309000,0x00007fe02740a000] [id=2652]

=>0x00007fe04001f000 (exited) GCTaskThread [stack: 0x00007fe044040000,0x00007fe044141000] [id=2624]

VM state:at safepoint (normal execution)

VM Mutex/Monitor currently owned by a thread:  ([mutex/lock_event])
[0x00007fe0400064f0] Threads_lock - owner thread: 0x00007fe040078000
[0x00007fe0400069f0] Heap_lock - owner thread: 0x00007fe04013a800

Heap:
 PSYoungGen      total 28160K, used 28139K [0x00000000eab00000, 0x00000000ee200000, 0x0000000100000000)
  eden space 24576K, 100% used [0x00000000eab00000,0x00000000ec300000,0x00000000ec300000)
  from space 3584K, 99% used [0x00000000ec300000,0x00000000ec67ad50,0x00000000ec680000)
  to   space 3584K, 99% used [0x00000000ede80000,0x00000000ee1ff128,0x00000000ee200000)
 ParOldGen       total 64512K, used 5463K [0x00000000c0000000, 0x00000000c3f00000, 0x00000000eab00000)
  object space 64512K, 8% used [0x00000000c0000000,0x00000000c0555ed8,0x00000000c3f00000)
 Metaspace       used 5815K, capacity 6832K, committed 7040K, reserved 1056768K
  class space    used 593K, capacity 616K, committed 640K, reserved 1048576K

Card table byte_map: [0x00007fe02ffe4000,0x00007fe0301e5000] byte_map_base: 0x00007fe02f9e4000

Marking Bits: (ParMarkBitMap*) 0x00007fe045a43d60
 Begin Bits: [0x00007fe02db8b000, 0x00007fe02eb8b000)
 End Bits:   [0x00007fe02eb8b000, 0x00007fe02fb8b000)

Polling page: 0x00007fe046692000

CodeCache: size=245760Kb used=3242Kb max_used=3252Kb free=242517Kb
 bounds [0x00007fe0305a5000, 0x00007fe0308e5000, 0x00007fe03f5a5000]
 total_blobs=1115 nmethods=847 adapters=182
 compilation: enabled

Compilation events (10 events):
Event: 4.786 Thread 0x00007fe0400be000 nmethod 1015 0x00007fe0308c4790 code [0x00007fe0308c4900, 0x00007fe0308c4ad0]
Event: 4.786 Thread 0x00007fe0400be000 1022       2       com.android.dx.cf.code.ByteBlock::<init> (181 bytes)
Event: 4.788 Thread 0x00007fe0400be000 nmethod 1022 0x00007fe0308c9410 code [0x00007fe0308c9660, 0x00007fe0308c9f88]
Event: 4.788 Thread 0x00007fe0400be000  957   !   2       com.android.dx.cf.code.BaseMachine::result (36 bytes)
Event: 4.788 Thread 0x00007fe0400be000 nmethod 957 0x00007fe0308c8d90 code [0x00007fe0308c8f20, 0x00007fe0308c9218]
Event: 4.788 Thread 0x00007fe0400be000  954       2       com.android.dx.cf.code.ExecutionStack::pop (54 bytes)
Event: 4.789 Thread 0x00007fe0400be000 nmethod 954 0x00007fe0308c7150 code [0x00007fe0308c7300, 0x00007fe0308c7618]
Event: 4.789 Thread 0x00007fe0400be000  996       2       com.android.dx.cf.code.Frame::<init> (52 bytes)
Event: 4.789 Thread 0x00007fe0400b9800 nmethod 889 0x00007fe0308c6a90 code [0x00007fe0308c6c00, 0x00007fe0308c6fc8]
Event: 4.789 Thread 0x00007fe0400b9800 1029       4       java.util.Arrays::equals (78 bytes)

GC Heap History (3 events):
Event: 3.485 GC heap before
{Heap before GC invocations=1 (full 0):
 PSYoungGen      total 28160K, used 24576K [0x00000000eab00000, 0x00000000eca00000, 0x0000000100000000)
  eden space 24576K, 100% used [0x00000000eab00000,0x00000000ec300000,0x00000000ec300000)
  from space 3584K, 0% used [0x00000000ec680000,0x00000000ec680000,0x00000000eca00000)
  to   space 3584K, 0% used [0x00000000ec300000,0x00000000ec300000,0x00000000ec680000)
 ParOldGen       total 64512K, used 0K [0x00000000c0000000, 0x00000000c3f00000, 0x00000000eab00000)
  object space 64512K, 0% used [0x00000000c0000000,0x00000000c0000000,0x00000000c3f00000)
 Metaspace       used 5744K, capacity 6768K, committed 7040K, reserved 1056768K
  class space    used 591K, capacity 616K, committed 640K, reserved 1048576K
Event: 3.523 GC heap after
Heap after GC invocations=1 (full 0):
 PSYoungGen      total 28160K, used 3563K [0x00000000eab00000, 0x00000000ee200000, 0x0000000100000000)
  eden space 24576K, 0% used [0x00000000eab00000,0x00000000eab00000,0x00000000ec300000)
  from space 3584K, 99% used [0x00000000ec300000,0x00000000ec67ad50,0x00000000ec680000)
  to   space 3584K, 0% used [0x00000000ede80000,0x00000000ede80000,0x00000000ee200000)
 ParOldGen       total 64512K, used 1962K [0x00000000c0000000, 0x00000000c3f00000, 0x00000000eab00000)
  object space 64512K, 3% used [0x00000000c0000000,0x00000000c01eaae8,0x00000000c3f00000)
 Metaspace       used 5744K, capacity 6768K, committed 7040K, reserved 1056768K
  class space    used 591K, capacity 616K, committed 640K, reserved 1048576K
}
Event: 4.812 GC heap before
{Heap before GC invocations=2 (full 0):
 PSYoungGen      total 28160K, used 28139K [0x00000000eab00000, 0x00000000ee200000, 0x0000000100000000)
  eden space 24576K, 100% used [0x00000000eab00000,0x00000000ec300000,0x00000000ec300000)
  from space 3584K, 99% used [0x00000000ec300000,0x00000000ec67ad50,0x00000000ec680000)
  to   space 3584K, 0% used [0x00000000ede80000,0x00000000ede80000,0x00000000ee200000)
 ParOldGen       total 64512K, used 1962K [0x00000000c0000000, 0x00000000c3f00000, 0x00000000eab00000)
  object space 64512K, 3% used [0x00000000c0000000,0x00000000c01eaae8,0x00000000c3f00000)
 Metaspace       used 5815K, capacity 6832K, committed 7040K, reserved 1056768K
  class space    used 593K, capacity 616K, committed 640K, reserved 1048576K

Deoptimization events (9 events):
Event: 1.488 Thread 0x00007fe04000a000 Uncommon trap: reason=unstable_if action=reinterpret pc=0x00007fe0306e4690 method=java.lang.String.indexOf(II)I @ 49
Event: 2.335 Thread 0x00007fe040134800 Uncommon trap: reason=unstable_if action=reinterpret pc=0x00007fe030781924 method=java.util.HashMap.getNode(ILjava/lang/Object;)Ljava/util/HashMap$Node; @ 62
Event: 2.611 Thread 0x00007fe04000a000 Uncommon trap: reason=unstable_if action=reinterpret pc=0x00007fe03078f66c method=java.util.BitSet.nextSetBit(I)I @ 87
Event: 3.198 Thread 0x00007fe04013b800 Uncommon trap: reason=unstable_if action=reinterpret pc=0x00007fe03079d7b8 method=java.util.BitSet.ensureCapacity(I)V @ 6
Event: 3.370 Thread 0x00007fe04000a000 Uncommon trap: reason=unstable_if action=reinterpret pc=0x00007fe0307c35ac method=com.android.dx.rop.code.RegisterSpec.equals(ILcom/android/dx/rop/type/TypeBearer;Lcom/android/dx/rop/code/LocalItem;)Z @ 16
Event: 3.614 Thread 0x00007fe04013a800 Uncommon trap: reason=unstable_if action=reinterpret pc=0x00007fe03079204c method=java.util.HashMap.getNode(ILjava/lang/Object;)Ljava/util/HashMap$Node; @ 62
Event: 4.229 Thread 0x00007fe040140000 Uncommon trap: reason=null_check action=make_not_entrant pc=0x00007fe03086bd58 method=com.android.dx.ssa.SsaRenamer.getLocalForNewReg(I)Lcom/android/dx/rop/code/LocalItem; @ 19
Event: 4.300 Thread 0x00007fe040140000 Uncommon trap: reason=unstable_if action=reinterpret pc=0x00007fe0307dae9c method=com.android.dx.rop.cst.Constant.compareTo(Lcom/android/dx/rop/cst/Constant;)I @ 12
Event: 4.664 Thread 0x00007fe04013b800 Uncommon trap: reason=bimorphic action=maybe_recompile pc=0x00007fe03085c364 method=java.util.HashMap.getNode(ILjava/lang/Object;)Ljava/util/HashMap$Node; @ 126

Internal exceptions (3 events):
Event: 0.186 Thread 0x00007fe04000a000 Exception <a 'java/lang/NoSuchMethodError': Method sun.misc.Unsafe.defineClass(Ljava/lang/String;[BII)Ljava/lang/Class; name or signature does not match> (0x00000000eab07cc0) thrown at [/HUDSON/workspace/8-2-build-linux-amd64/jdk8u91/6644/hotspot/src/shar
Event: 0.186 Thread 0x00007fe04000a000 Exception <a 'java/lang/NoSuchMethodError': Method sun.misc.Unsafe.prefetchRead(Ljava/lang/Object;J)V name or signature does not match> (0x00000000eab07fa8) thrown at [/HUDSON/workspace/8-2-build-linux-amd64/jdk8u91/6644/hotspot/src/share/vm/prims/jni.cpp
Event: 4.229 Thread 0x00007fe040140000 Implicit null exception at 0x00007fe030868e1b to 0x00007fe03086bd15

Events (10 events):
Event: 4.633 loading class com/android/dx/cf/code/Ropper$ExceptionHandlerSetup
Event: 4.633 loading class com/android/dx/cf/code/Ropper$ExceptionHandlerSetup done
Event: 4.634 loading class java/util/HashMap$Values
Event: 4.634 loading class java/util/HashMap$Values done
Event: 4.634 loading class java/util/HashMap$ValueIterator
Event: 4.635 loading class java/util/HashMap$ValueIterator done
Event: 4.664 Thread 0x00007fe04013b800 Uncommon trap: trap_request=0xffffffc6 fr.pc=0x00007fe03085c364
Event: 4.664 Thread 0x00007fe04013b800 DEOPT PACKING pc=0x00007fe03085c364 sp=0x00007fe027003f10
Event: 4.664 Thread 0x00007fe04013b800 DEOPT UNPACKING pc=0x00007fe0305aa229 sp=0x00007fe027003eb0 mode 2
Event: 4.800 Executing VM operation: ParallelGCFailedAllocation


Dynamic libraries:
00400000-00401000 r-xp 00000000 08:01 3016174                            /usr/lib/jvm/java-8-oracle/bin/java
00600000-00601000 rw-p 00000000 08:01 3016174                            /usr/lib/jvm/java-8-oracle/bin/java
00c19000-00c3a000 rw-p 00000000 00:00 0                                  [heap]
c0000000-c3f00000 rw-p 00000000 00:00 0 
c3f00000-eab00000 ---p 00000000 00:00 0 
eab00000-ee200000 rw-p 00000000 00:00 0 
ee200000-100000000 ---p 00000000 00:00 0 
100000000-1000a0000 rw-p 00000000 00:00 0 
1000a0000-140000000 ---p 00000000 00:00 0 
7fdfd8000000-7fdfd8021000 rw-p 00000000 00:00 0 
7fdfd8021000-7fdfdc000000 ---p 00000000 00:00 0 
7fdfe0000000-7fdfe0021000 rw-p 00000000 00:00 0 
7fdfe0021000-7fdfe4000000 ---p 00000000 00:00 0 
7fdfe4000000-7fdfe4031000 rw-p 00000000 00:00 0 
7fdfe4031000-7fdfe8000000 ---p 00000000 00:00 0 
7fdfe8000000-7fdfe802c000 rw-p 00000000 00:00 0 
7fdfe802c000-7fdfec000000 ---p 00000000 00:00 0 
7fdfec000000-7fdfec021000 rw-p 00000000 00:00 0 
7fdfec021000-7fdff0000000 ---p 00000000 00:00 0 
7fdff0000000-7fdff0021000 rw-p 00000000 00:00 0 
7fdff0021000-7fdff4000000 ---p 00000000 00:00 0 
7fdff4000000-7fdff4021000 rw-p 00000000 00:00 0 
7fdff4021000-7fdff8000000 ---p 00000000 00:00 0 
7fdff8000000-7fdff8551000 rw-p 00000000 00:00 0 
7fdff8551000-7fdffc000000 ---p 00000000 00:00 0 
7fdffc000000-7fdffc6cb000 rw-p 00000000 00:00 0 
7fdffc6cb000-7fe000000000 ---p 00000000 00:00 0 
7fe000000000-7fe000021000 rw-p 00000000 00:00 0 
7fe000021000-7fe004000000 ---p 00000000 00:00 0 
7fe004000000-7fe0043c6000 rw-p 00000000 00:00 0 
7fe0043c6000-7fe008000000 ---p 00000000 00:00 0 
7fe008000000-7fe008021000 rw-p 00000000 00:00 0 
7fe008021000-7fe00c000000 ---p 00000000 00:00 0 
7fe00c000000-7fe00c021000 rw-p 00000000 00:00 0 
7fe00c021000-7fe010000000 ---p 00000000 00:00 0 
7fe010000000-7fe010021000 rw-p 00000000 00:00 0 
7fe010021000-7fe014000000 ---p 00000000 00:00 0 
7fe014000000-7fe014021000 rw-p 00000000 00:00 0 
7fe014021000-7fe018000000 ---p 00000000 00:00 0 
7fe018000000-7fe018021000 rw-p 00000000 00:00 0 
7fe018021000-7fe01c000000 ---p 00000000 00:00 0 
7fe020000000-7fe020021000 rw-p 00000000 00:00 0 
7fe020021000-7fe024000000 ---p 00000000 00:00 0 
7fe026e04000-7fe026e07000 ---p 00000000 00:00 0 
7fe026e07000-7fe026f05000 rw-p 00000000 00:00 0 
7fe026f05000-7fe026f08000 ---p 00000000 00:00 0 
7fe026f08000-7fe027006000 rw-p 00000000 00:00 0 
7fe027006000-7fe027009000 ---p 00000000 00:00 0 
7fe027009000-7fe027107000 rw-p 00000000 00:00 0 
7fe027107000-7fe02710a000 ---p 00000000 00:00 0 
7fe02710a000-7fe027208000 rw-p 00000000 00:00 0 
7fe027208000-7fe02720b000 ---p 00000000 00:00 0 
7fe02720b000-7fe027309000 rw-p 00000000 00:00 0 
7fe027309000-7fe02730a000 ---p 00000000 00:00 0 
7fe02730a000-7fe02740a000 rw-p 00000000 00:00 0 
7fe02740a000-7fe02740d000 ---p 00000000 00:00 0 
7fe02740d000-7fe02750b000 rw-p 00000000 00:00 0 
7fe02750b000-7fe02750e000 ---p 00000000 00:00 0 
7fe02750e000-7fe02760c000 rw-p 00000000 00:00 0 
7fe02760c000-7fe02760f000 ---p 00000000 00:00 0 
7fe02760f000-7fe02770d000 rw-p 00000000 00:00 0 
7fe02770d000-7fe027710000 ---p 00000000 00:00 0 
7fe027710000-7fe02780e000 rw-p 00000000 00:00 0 
7fe02780e000-7fe027811000 ---p 00000000 00:00 0 
7fe027811000-7fe02790f000 rw-p 00000000 00:00 0 
7fe02790f000-7fe027bfc000 r--p 00000000 08:01 2884254                    /usr/lib/locale/locale-archive
7fe027bfc000-7fe027bff000 ---p 00000000 00:00 0 
7fe027bff000-7fe027cfd000 rw-p 00000000 00:00 0 
7fe027cfd000-7fe027d00000 ---p 00000000 00:00 0 
7fe027d00000-7fe027dfe000 rw-p 00000000 00:00 0 
7fe027dfe000-7fe027dff000 ---p 00000000 00:00 0 
7fe027dff000-7fe028000000 rw-p 00000000 00:00 0 
7fe028000000-7fe02829b000 rw-p 00000000 00:00 0 
7fe02829b000-7fe02c000000 ---p 00000000 00:00 0 
7fe02c09d000-7fe02cf3c000 rw-p 00000000 00:00 0 
7fe02cf3c000-7fe02d115000 r--s 03d1f000 08:01 3149907                    /usr/lib/jvm/java-8-oracle/jre/lib/rt.jar
7fe02d115000-7fe02d7cb000 rw-p 00000000 00:00 0 
7fe02d7cb000-7fe02d98b000 ---p 00000000 00:00 0 
7fe02d98b000-7fe02fb8b000 rw-p 00000000 00:00 0 
7fe02fb8b000-7fe02fb8c000 ---p 00000000 00:00 0 
7fe02fb8c000-7fe02fc8c000 rw-p 00000000 00:00 0 
7fe02fc8c000-7fe02fc8d000 ---p 00000000 00:00 0 
7fe02fc8d000-7fe02fd8d000 rw-p 00000000 00:00 0 
7fe02fd8d000-7fe02fd8e000 ---p 00000000 00:00 0 
7fe02fd8e000-7fe02feae000 rw-p 00000000 00:00 0 
7fe02feae000-7fe02ffe4000 ---p 00000000 00:00 0 
7fe02ffe4000-7fe030004000 rw-p 00000000 00:00 0 
7fe030004000-7fe030139000 ---p 00000000 00:00 0 
7fe030139000-7fe030155000 rw-p 00000000 00:00 0 
7fe030155000-7fe0301e4000 ---p 00000000 00:00 0 
7fe0301e4000-7fe0301f2000 rw-p 00000000 00:00 0 
7fe0301f2000-7fe0305a5000 ---p 00000000 00:00 0 
7fe0305a5000-7fe0308e5000 rwxp 00000000 00:00 0 
7fe0308e5000-7fe03f5a5000 ---p 00000000 00:00 0 
7fe03f5a5000-7fe03f5bf000 r-xp 00000000 08:01 3284666                    /usr/lib/jvm/java-8-oracle/jre/lib/amd64/libzip.so
7fe03f5bf000-7fe03f7bf000 ---p 0001a000 08:01 3284666                    /usr/lib/jvm/java-8-oracle/jre/lib/amd64/libzip.so
7fe03f7bf000-7fe03f7c0000 rw-p 0001a000 08:01 3284666                    /usr/lib/jvm/java-8-oracle/jre/lib/amd64/libzip.so
7fe03f7c0000-7fe03f7cb000 r-xp 00000000 08:01 7999875                    /lib/x86_64-linux-gnu/libnss_files-2.23.so
7fe03f7cb000-7fe03f9ca000 ---p 0000b000 08:01 7999875                    /lib/x86_64-linux-gnu/libnss_files-2.23.so
7fe03f9ca000-7fe03f9cb000 r--p 0000a000 08:01 7999875                    /lib/x86_64-linux-gnu/libnss_files-2.23.so
7fe03f9cb000-7fe03f9cc000 rw-p 0000b000 08:01 7999875                    /lib/x86_64-linux-gnu/libnss_files-2.23.so
7fe03f9cc000-7fe03f9d2000 rw-p 00000000 00:00 0 
7fe03f9d2000-7fe03f9dd000 r-xp 00000000 08:01 7999868                    /lib/x86_64-linux-gnu/libnss_nis-2.23.so
7fe03f9dd000-7fe03fbdc000 ---p 0000b000 08:01 7999868                    /lib/x86_64-linux-gnu/libnss_nis-2.23.so
7fe03fbdc000-7fe03fbdd000 r--p 0000a000 08:01 7999868                    /lib/x86_64-linux-gnu/libnss_nis-2.23.so
7fe03fbdd000-7fe03fbde000 rw-p 0000b000 08:01 7999868                    /lib/x86_64-linux-gnu/libnss_nis-2.23.so
7fe03fbde000-7fe03fbf4000 r-xp 00000000 08:01 7999864                    /lib/x86_64-linux-gnu/libnsl-2.23.so
7fe03fbf4000-7fe03fdf3000 ---p 00016000 08:01 7999864                    /lib/x86_64-linux-gnu/libnsl-2.23.so
7fe03fdf3000-7fe03fdf4000 r--p 00015000 08:01 7999864                    /lib/x86_64-linux-gnu/libnsl-2.23.so
7fe03fdf4000-7fe03fdf5000 rw-p 00016000 08:01 7999864                    /lib/x86_64-linux-gnu/libnsl-2.23.so
7fe03fdf5000-7fe03fdf7000 rw-p 00000000 00:00 0 
7fe03fdf7000-7fe03fdff000 r-xp 00000000 08:01 7999507                    /lib/x86_64-linux-gnu/libnss_compat-2.23.so
7fe03fdff000-7fe03fffe000 ---p 00008000 08:01 7999507                    /lib/x86_64-linux-gnu/libnss_compat-2.23.so
7fe03fffe000-7fe03ffff000 r--p 00007000 08:01 7999507                    /lib/x86_64-linux-gnu/libnss_compat-2.23.so
7fe03ffff000-7fe040000000 rw-p 00008000 08:01 7999507                    /lib/x86_64-linux-gnu/libnss_compat-2.23.so
7fe040000000-7fe04038d000 rw-p 00000000 00:00 0 
7fe04038d000-7fe044000000 ---p 00000000 00:00 0 
7fe044010000-7fe04401f000 r--s 000df000 08:01 3938513                    /home/ahmed/Android/Sdk/build-tools/23.0.3/lib/dx.jar
7fe04401f000-7fe044040000 rw-p 00000000 00:00 0 
7fe044040000-7fe044041000 ---p 00000000 00:00 0 
7fe044041000-7fe044141000 rw-p 00000000 00:00 0 
7fe044141000-7fe04416b000 r-xp 00000000 08:01 3284615                    /usr/lib/jvm/java-8-oracle/jre/lib/amd64/libjava.so
7fe04416b000-7fe04436b000 ---p 0002a000 08:01 3284615                    /usr/lib/jvm/java-8-oracle/jre/lib/amd64/libjava.so
7fe04436b000-7fe04436d000 rw-p 0002a000 08:01 3284615                    /usr/lib/jvm/java-8-oracle/jre/lib/amd64/libjava.so
7fe04436d000-7fe04437a000 r-xp 00000000 08:01 3284672                    /usr/lib/jvm/java-8-oracle/jre/lib/amd64/libverify.so
7fe04437a000-7fe04457a000 ---p 0000d000 08:01 3284672                    /usr/lib/jvm/java-8-oracle/jre/lib/amd64/libverify.so
7fe04457a000-7fe04457c000 rw-p 0000d000 08:01 3284672                    /usr/lib/jvm/java-8-oracle/jre/lib/amd64/libverify.so
7fe04457c000-7fe044583000 r-xp 00000000 08:01 7999892                    /lib/x86_64-linux-gnu/librt-2.23.so
7fe044583000-7fe044782000 ---p 00007000 08:01 7999892                    /lib/x86_64-linux-gnu/librt-2.23.so
7fe044782000-7fe044783000 r--p 00006000 08:01 7999892                    /lib/x86_64-linux-gnu/librt-2.23.so
7fe044783000-7fe044784000 rw-p 00007000 08:01 7999892                    /lib/x86_64-linux-gnu/librt-2.23.so
7fe044784000-7fe04488c000 r-xp 00000000 08:01 7999886                    /lib/x86_64-linux-gnu/libm-2.23.so
7fe04488c000-7fe044a8b000 ---p 00108000 08:01 7999886                    /lib/x86_64-linux-gnu/libm-2.23.so
7fe044a8b000-7fe044a8c000 r--p 00107000 08:01 7999886                    /lib/x86_64-linux-gnu/libm-2.23.so
7fe044a8c000-7fe044a8d000 rw-p 00108000 08:01 7999886                    /lib/x86_64-linux-gnu/libm-2.23.so
7fe044a8d000-7fe04574d000 r-xp 00000000 08:01 3284648                    /usr/lib/jvm/java-8-oracle/jre/lib/amd64/server/libjvm.so
7fe04574d000-7fe04594d000 ---p 00cc0000 08:01 3284648                    /usr/lib/jvm/java-8-oracle/jre/lib/amd64/server/libjvm.so
7fe04594d000-7fe045a25000 rw-p 00cc0000 08:01 3284648                    /usr/lib/jvm/java-8-oracle/jre/lib/amd64/server/libjvm.so
7fe045a25000-7fe045a70000 rw-p 00000000 00:00 0 
7fe045a70000-7fe045c30000 r-xp 00000000 08:01 7999902                    /lib/x86_64-linux-gnu/libc-2.23.so
7fe045c30000-7fe045e2f000 ---p 001c0000 08:01 7999902                    /lib/x86_64-linux-gnu/libc-2.23.so
7fe045e2f000-7fe045e33000 r--p 001bf000 08:01 7999902                    /lib/x86_64-linux-gnu/libc-2.23.so
7fe045e33000-7fe045e35000 rw-p 001c3000 08:01 7999902                    /lib/x86_64-linux-gnu/libc-2.23.so
7fe045e35000-7fe045e39000 rw-p 00000000 00:00 0 
7fe045e39000-7fe045e3c000 r-xp 00000000 08:01 7999904                    /lib/x86_64-linux-gnu/libdl-2.23.so
7fe045e3c000-7fe04603b000 ---p 00003000 08:01 7999904                    /lib/x86_64-linux-gnu/libdl-2.23.so
7fe04603b000-7fe04603c000 r--p 00002000 08:01 7999904                    /lib/x86_64-linux-gnu/libdl-2.23.so
7fe04603c000-7fe04603d000 rw-p 00003000 08:01 7999904                    /lib/x86_64-linux-gnu/libdl-2.23.so
7fe04603d000-7fe046052000 r-xp 00000000 08:01 4079274                    /usr/lib/jvm/java-8-oracle/lib/amd64/jli/libjli.so
7fe046052000-7fe046252000 ---p 00015000 08:01 4079274                    /usr/lib/jvm/java-8-oracle/lib/amd64/jli/libjli.so
7fe046252000-7fe046253000 rw-p 00015000 08:01 4079274                    /usr/lib/jvm/java-8-oracle/lib/amd64/jli/libjli.so
7fe046253000-7fe04626b000 r-xp 00000000 08:01 7999900                    /lib/x86_64-linux-gnu/libpthread-2.23.so
7fe04626b000-7fe04646a000 ---p 00018000 08:01 7999900                    /lib/x86_64-linux-gnu/libpthread-2.23.so
7fe04646a000-7fe04646b000 r--p 00017000 08:01 7999900                    /lib/x86_64-linux-gnu/libpthread-2.23.so
7fe04646b000-7fe04646c000 rw-p 00018000 08:01 7999900                    /lib/x86_64-linux-gnu/libpthread-2.23.so
7fe04646c000-7fe046470000 rw-p 00000000 00:00 0 
7fe046470000-7fe046496000 r-xp 00000000 08:01 7999894                    /lib/x86_64-linux-gnu/ld-2.23.so
7fe04649e000-7fe046563000 rw-p 00000000 00:00 0 
7fe046563000-7fe046566000 ---p 00000000 00:00 0 
7fe046566000-7fe046668000 rw-p 00000000 00:00 0 
7fe04666f000-7fe046675000 r--s 00041000 08:01 4217070                    /home/ahmed/AndroidStudioProjects/MyApplication/app/build/intermediates/exploded-aar/com.android.support/design/23.4.0/jars/classes.jar
7fe046675000-7fe046689000 rw-p 00000000 00:00 0 
7fe046689000-7fe046691000 rw-s 00000000 08:01 12885921                   /tmp/hsperfdata_ahmed/2619
7fe046691000-7fe046692000 rw-p 00000000 00:00 0 
7fe046692000-7fe046693000 ---p 00000000 00:00 0 
7fe046693000-7fe046695000 rw-p 00000000 00:00 0 
7fe046695000-7fe046696000 r--p 00025000 08:01 7999894                    /lib/x86_64-linux-gnu/ld-2.23.so
7fe046696000-7fe046697000 rw-p 00026000 08:01 7999894                    /lib/x86_64-linux-gnu/ld-2.23.so
7fe046697000-7fe046698000 rw-p 00000000 00:00 0 
7fffde477000-7fffde498000 rw-p 00000000 00:00 0                          [stack]
7fffde4ae000-7fffde4b0000 r--p 00000000 00:00 0                          [vvar]
7fffde4b0000-7fffde4b2000 r-xp 00000000 00:00 0                          [vdso]
ffffffffff600000-ffffffffff601000 r-xp 00000000 00:00 0                  [vsyscall]

VM Arguments:
jvm_args: -Djava.awt.headless=true -Xmx1024M -Dfile.encoding=UTF-8 -Duser.country=US -Duser.language=en -Duser.variant 
java_command: com.android.dx.command.Main --dex --force-jumbo --num-threads=4 --output /home/ahmed/AndroidStudioProjects/MyApplication/app/build/intermediates/pre-dexed/debug/com.android.support-design-23.4.0_74654d05a789e84d9d10b8b7244b39b9436b7e23.jar /home/ahmed/AndroidStudioProjects/MyApplication/app/build/intermediates/exploded-aar/com.android.support/design/23.4.0/jars/classes.jar
java_class_path (initial): /home/ahmed/Android/Sdk/build-tools/23.0.3/lib/dx.jar
Launcher Type: SUN_STANDARD

Environment Variables:
JAVA_HOME=/usr/lib/jvm/java-8-oracle
PATH=/usr/local/sbin:/usr/local/bin:/usr/sbin:/usr/bin:/sbin:/bin:/usr/games:/usr/local/games:/snap/bin
LD_LIBRARY_PATH=/home/ahmed/myData/android-studio/bin:
SHELL=/bin/bash
DISPLAY=:0

Signal Handlers:
SIGSEGV: [libjvm.so+0xabca10], sa_mask[0]=11111111011111111101111111111110, sa_flags=SA_RESTART|SA_SIGINFO
SIGBUS: [libjvm.so+0xabca10], sa_mask[0]=11111111011111111101111111111110, sa_flags=SA_RESTART|SA_SIGINFO
SIGFPE: [libjvm.so+0x919a20], sa_mask[0]=11111111011111111101111111111110, sa_flags=SA_RESTART|SA_SIGINFO
SIGPIPE: [libjvm.so+0x919a20], sa_mask[0]=11111111011111111101111111111110, sa_flags=SA_RESTART|SA_SIGINFO
SIGXFSZ: [libjvm.so+0x919a20], sa_mask[0]=11111111011111111101111111111110, sa_flags=SA_RESTART|SA_SIGINFO
SIGILL: [libjvm.so+0x919a20], sa_mask[0]=11111111011111111101111111111110, sa_flags=SA_RESTART|SA_SIGINFO
SIGUSR1: SIG_DFL, sa_mask[0]=00000000000000000000000000000000, sa_flags=none
SIGUSR2: [libjvm.so+0x91b050], sa_mask[0]=00100000000000000000000000000000, sa_flags=SA_RESTART|SA_SIGINFO
SIGHUP: [libjvm.so+0x91c450], sa_mask[0]=11111111011111111101111111111110, sa_flags=SA_RESTART|SA_SIGINFO
SIGINT: [libjvm.so+0x91c450], sa_mask[0]=11111111011111111101111111111110, sa_flags=SA_RESTART|SA_SIGINFO
SIGTERM: [libjvm.so+0x91c450], sa_mask[0]=11111111011111111101111111111110, sa_flags=SA_RESTART|SA_SIGINFO
SIGQUIT: [libjvm.so+0x91c450], sa_mask[0]=11111111011111111101111111111110, sa_flags=SA_RESTART|SA_SIGINFO


---------------  S Y S T E M  ---------------

OS:DISTRIB_ID=Ubuntu
DISTRIB_RELEASE=16.04
DISTRIB_CODENAME=xenial
DISTRIB_DESCRIPTION="Ubuntu 16.04.1 LTS"

uname:Linux 4.4.0-45-generic #66-Ubuntu SMP Wed Oct 19 14:12:37 UTC 2016 x86_64
libc:glibc 2.23 NPTL 2.23 
rlimit: STACK 8192k, CORE 0k, NPROC 23442, NOFILE 65536, AS infinity
load average:14.17 12.94 7.71

/proc/meminfo:
MemTotal:        6039132 kB
MemFree:          770188 kB
MemAvailable:     983348 kB
Buffers:           38904 kB
Cached:           733460 kB
SwapCached:        58548 kB
Active:          3799152 kB
Inactive:        1220716 kB
Active(anon):    3556160 kB
Inactive(anon):  1068032 kB
Active(file):     242992 kB
Inactive(file):   152684 kB
Unevictable:          48 kB
Mlocked:              48 kB
SwapTotal:       6213628 kB
SwapFree:        4411384 kB
Dirty:              6164 kB
Writeback:             0 kB
AnonPages:       4235208 kB
Mapped:           393876 kB
Shmem:            376688 kB
Slab:             108032 kB
SReclaimable:      60564 kB
SUnreclaim:        47468 kB
KernelStack:       16688 kB
PageTables:        64240 kB
NFS_Unstable:          0 kB
Bounce:                0 kB
WritebackTmp:          0 kB
CommitLimit:     9233192 kB
Committed_AS:   13468036 kB
VmallocTotal:   34359738367 kB
VmallocUsed:           0 kB
VmallocChunk:          0 kB
HardwareCorrupted:     0 kB
AnonHugePages:   2406400 kB
CmaTotal:              0 kB
CmaFree:               0 kB
HugePages_Total:       0
HugePages_Free:        0
HugePages_Rsvd:        0
HugePages_Surp:        0
Hugepagesize:       2048 kB
DirectMap4k:      205872 kB
DirectMap2M:     6014976 kB


CPU:total 4 (2 cores per cpu, 2 threads per core) family 6 model 42 stepping 7, cmov, cx8, fxsr, mmx, sse, sse2, sse3, ssse3, sse4.1, sse4.2, popcnt, avx, clmul, ht, tsc, tscinvbit

/proc/cpuinfo:
processor	: 0
vendor_id	: GenuineIntel
cpu family	: 6
model		: 42
model name	: Intel(R) Core(TM) i3-2310M CPU @ 2.10GHz
stepping	: 7
microcode	: 0x14
cpu MHz		: 2099.917
cache size	: 3072 KB
physical id	: 0
siblings	: 4
core id		: 0
cpu cores	: 2
apicid		: 0
initial apicid	: 0
fpu		: yes
fpu_exception	: yes
cpuid level	: 13
wp		: yes
flags		: fpu vme de pse tsc msr pae mce cx8 apic sep mtrr pge mca cmov pat pse36 clflush dts acpi mmx fxsr sse sse2 ss ht tm pbe syscall nx rdtscp lm constant_tsc arch_perfmon pebs bts rep_good nopl xtopology nonstop_tsc aperfmperf eagerfpu pni pclmulqdq dtes64 monitor ds_cpl vmx est tm2 ssse3 cx16 xtpr pdcm pcid sse4_1 sse4_2 x2apic popcnt tsc_deadline_timer xsave avx lahf_lm epb tpr_shadow vnmi flexpriority ept vpid xsaveopt dtherm arat pln pts
bugs		:
bogomips	: 4190.83
clflush size	: 64
cache_alignment	: 64
address sizes	: 36 bits physical, 48 bits virtual
power management:

processor	: 1
vendor_id	: GenuineIntel
cpu family	: 6
model		: 42
model name	: Intel(R) Core(TM) i3-2310M CPU @ 2.10GHz
stepping	: 7
microcode	: 0x14
cpu MHz		: 2099.917
cache size	: 3072 KB
physical id	: 0
siblings	: 4
core id		: 0
cpu cores	: 2
apicid		: 1
initial apicid	: 1
fpu		: yes
fpu_exception	: yes
cpuid level	: 13
wp		: yes
flags		: fpu vme de pse tsc msr pae mce cx8 apic sep mtrr pge mca cmov pat pse36 clflush dts acpi mmx fxsr sse sse2 ss ht tm pbe syscall nx rdtscp lm constant_tsc arch_perfmon pebs bts rep_good nopl xtopology nonstop_tsc aperfmperf eagerfpu pni pclmulqdq dtes64 monitor ds_cpl vmx est tm2 ssse3 cx16 xtpr pdcm pcid sse4_1 sse4_2 x2apic popcnt tsc_deadline_timer xsave avx lahf_lm epb tpr_shadow vnmi flexpriority ept vpid xsaveopt dtherm arat pln pts
bugs		:
bogomips	: 4190.83
clflush size	: 64
cache_alignment	: 64
address sizes	: 36 bits physical, 48 bits virtual
power management:

processor	: 2
vendor_id	: GenuineIntel
cpu family	: 6
model		: 42
model name	: Intel(R) Core(TM) i3-2310M CPU @ 2.10GHz
stepping	: 7
microcode	: 0x14
cpu MHz		: 2099.917
cache size	: 3072 KB
physical id	: 0
siblings	: 4
core id		: 1
cpu cores	: 2
apicid		: 2
initial apicid	: 2
fpu		: yes
fpu_exception	: yes
cpuid level	: 13
wp		: yes
flags		: fpu vme de pse tsc msr pae mce cx8 apic sep mtrr pge mca cmov pat pse36 clflush dts acpi mmx fxsr sse sse2 ss ht tm pbe syscall nx rdtscp lm constant_tsc arch_perfmon pebs bts rep_good nopl xtopology nonstop_tsc aperfmperf eagerfpu pni pclmulqdq dtes64 monitor ds_cpl vmx est tm2 ssse3 cx16 xtpr pdcm pcid sse4_1 sse4_2 x2apic popcnt tsc_deadline_timer xsave avx lahf_lm epb tpr_shadow vnmi flexpriority ept vpid xsaveopt dtherm arat pln pts
bugs		:
bogomips	: 4190.83
clflush size	: 64
cache_alignment	: 64
address sizes	: 36 bits physical, 48 bits virtual
power management:

processor	: 3
vendor_id	: GenuineIntel
cpu family	: 6
model		: 42
model name	: Intel(R) Core(TM) i3-2310M CPU @ 2.10GHz
stepping	: 7
microcode	: 0x14
cpu MHz		: 2100.000
cache size	: 3072 KB
physical id	: 0
siblings	: 4
core id		: 1
cpu cores	: 2
apicid		: 3
initial apicid	: 3
fpu		: yes
fpu_exception	: yes
cpuid level	: 13
wp		: yes
flags		: fpu vme de pse tsc msr pae mce cx8 apic sep mtrr pge mca cmov pat pse36 clflush dts acpi mmx fxsr sse sse2 ss ht tm pbe syscall nx rdtscp lm constant_tsc arch_perfmon pebs bts rep_good nopl xtopology nonstop_tsc aperfmperf eagerfpu pni pclmulqdq dtes64 monitor ds_cpl vmx est tm2 ssse3 cx16 xtpr pdcm pcid sse4_1 sse4_2 x2apic popcnt tsc_deadline_timer xsave avx lahf_lm epb tpr_shadow vnmi flexpriority ept vpid xsaveopt dtherm arat pln pts
bugs		:
bogomips	: 4190.83
clflush size	: 64
cache_alignment	: 64
address sizes	: 36 bits physical, 48 bits virtual
power management:



Memory: 4k page, physical 6039132k(770188k free), swap 6213628k(4411384k free)

vm_info: Java HotSpot(TM) 64-Bit Server VM (25.91-b14) for linux-amd64 JRE (1.8.0_91-b14), built on Apr  1 2016 00:57:21 by "java_re" with gcc 4.3.0 20080428 (Red Hat 4.3.0-8)

time: Mon Oct 24 17:15:55 2016
elapsed time: 4 seconds (0d 0h 0m 4s)

